[0.688s] DEBUG:colcon:Command line arguments: ['/usr/bin/colcon', 'build']
[0.689s] DEBUG:colcon:Parsed command line arguments: Namespace(log_base=None, log_level=None, verb_name='build', build_base='build', install_base='install', merge_install=False, symlink_install=False, test_result_base=None, continue_on_error=False, executor='parallel', parallel_workers=6, event_handlers=None, ignore_user_meta=False, metas=['./colcon.meta'], base_paths=['.'], packages_ignore=None, packages_ignore_regex=None, paths=None, packages_up_to=None, packages_up_to_regex=None, packages_above=None, packages_above_and_dependencies=None, packages_above_depth=None, packages_select_by_dep=None, packages_skip_by_dep=None, packages_skip_up_to=None, packages_select_build_failed=False, packages_skip_build_finished=False, packages_select_test_failures=False, packages_skip_test_passed=False, packages_select=None, packages_skip=None, packages_select_regex=None, packages_skip_regex=None, packages_start=None, packages_end=None, cmake_args=None, cmake_target=None, cmake_target_skip_unavailable=False, cmake_clean_cache=False, cmake_clean_first=False, cmake_force_configure=False, ament_cmake_args=None, catkin_cmake_args=None, catkin_skip_building_tests=False, verb_parser=<colcon_defaults.argument_parser.defaults.DefaultArgumentsDecorator object at 0x7f7bdf65f950>, verb_extension=<colcon_core.verb.build.BuildVerb object at 0x7f7bdf65efd0>, main=<bound method BuildVerb.main of <colcon_core.verb.build.BuildVerb object at 0x7f7bdf65efd0>>)
[1.119s] Level 1:colcon.colcon_core.package_discovery:discover_packages(colcon_meta) check parameters
[1.119s] Level 1:colcon.colcon_core.package_discovery:discover_packages(recursive) check parameters
[1.119s] Level 1:colcon.colcon_core.package_discovery:discover_packages(ignore) check parameters
[1.119s] Level 1:colcon.colcon_core.package_discovery:discover_packages(path) check parameters
[1.119s] Level 1:colcon.colcon_core.package_discovery:discover_packages(colcon_meta) discover
[1.119s] Level 1:colcon.colcon_core.package_discovery:discover_packages(recursive) discover
[1.119s] INFO:colcon.colcon_core.package_discovery:Crawling recursively for packages in '/home/petr/ros2_ws'
[1.119s] Level 1:colcon.colcon_core.package_identification:_identify(.) by extensions ['ignore', 'ignore_ament_install']
[1.119s] Level 1:colcon.colcon_core.package_identification:_identify(.) by extension 'ignore'
[1.120s] Level 1:colcon.colcon_core.package_identification:_identify(.) by extension 'ignore_ament_install'
[1.120s] Level 1:colcon.colcon_core.package_identification:_identify(.) by extensions ['colcon_pkg']
[1.120s] Level 1:colcon.colcon_core.package_identification:_identify(.) by extension 'colcon_pkg'
[1.120s] Level 1:colcon.colcon_core.package_identification:_identify(.) by extensions ['colcon_meta']
[1.120s] Level 1:colcon.colcon_core.package_identification:_identify(.) by extension 'colcon_meta'
[1.120s] Level 1:colcon.colcon_core.package_identification:_identify(.) by extensions ['ros']
[1.120s] Level 1:colcon.colcon_core.package_identification:_identify(.) by extension 'ros'
[1.180s] Level 1:colcon.colcon_core.package_identification:_identify(.) by extensions ['cmake', 'python']
[1.180s] Level 1:colcon.colcon_core.package_identification:_identify(.) by extension 'cmake'
[1.180s] Level 1:colcon.colcon_core.package_identification:_identify(.) by extension 'python'
[1.180s] Level 1:colcon.colcon_core.package_identification:_identify(.) by extensions ['python_setup_py']
[1.180s] Level 1:colcon.colcon_core.package_identification:_identify(.) by extension 'python_setup_py'
[1.181s] Level 1:colcon.colcon_core.package_identification:_identify(build) by extensions ['ignore', 'ignore_ament_install']
[1.181s] Level 1:colcon.colcon_core.package_identification:_identify(build) by extension 'ignore'
[1.181s] Level 1:colcon.colcon_core.package_identification:_identify(build) ignored
[1.181s] Level 1:colcon.colcon_core.package_identification:_identify(install) by extensions ['ignore', 'ignore_ament_install']
[1.181s] Level 1:colcon.colcon_core.package_identification:_identify(install) by extension 'ignore'
[1.181s] Level 1:colcon.colcon_core.package_identification:_identify(install) ignored
[1.182s] Level 1:colcon.colcon_core.package_identification:_identify(log) by extensions ['ignore', 'ignore_ament_install']
[1.182s] Level 1:colcon.colcon_core.package_identification:_identify(log) by extension 'ignore'
[1.182s] Level 1:colcon.colcon_core.package_identification:_identify(log) ignored
[1.182s] Level 1:colcon.colcon_core.package_identification:_identify(src) by extensions ['ignore', 'ignore_ament_install']
[1.182s] Level 1:colcon.colcon_core.package_identification:_identify(src) by extension 'ignore'
[1.182s] Level 1:colcon.colcon_core.package_identification:_identify(src) by extension 'ignore_ament_install'
[1.182s] Level 1:colcon.colcon_core.package_identification:_identify(src) by extensions ['colcon_pkg']
[1.182s] Level 1:colcon.colcon_core.package_identification:_identify(src) by extension 'colcon_pkg'
[1.182s] Level 1:colcon.colcon_core.package_identification:_identify(src) by extensions ['colcon_meta']
[1.182s] Level 1:colcon.colcon_core.package_identification:_identify(src) by extension 'colcon_meta'
[1.182s] Level 1:colcon.colcon_core.package_identification:_identify(src) by extensions ['ros']
[1.182s] Level 1:colcon.colcon_core.package_identification:_identify(src) by extension 'ros'
[1.183s] Level 1:colcon.colcon_core.package_identification:_identify(src) by extensions ['cmake', 'python']
[1.183s] Level 1:colcon.colcon_core.package_identification:_identify(src) by extension 'cmake'
[1.183s] Level 1:colcon.colcon_core.package_identification:_identify(src) by extension 'python'
[1.183s] Level 1:colcon.colcon_core.package_identification:_identify(src) by extensions ['python_setup_py']
[1.183s] Level 1:colcon.colcon_core.package_identification:_identify(src) by extension 'python_setup_py'
[1.183s] Level 1:colcon.colcon_core.package_identification:_identify(src/build) by extensions ['ignore', 'ignore_ament_install']
[1.183s] Level 1:colcon.colcon_core.package_identification:_identify(src/build) by extension 'ignore'
[1.183s] Level 1:colcon.colcon_core.package_identification:_identify(src/build) ignored
[1.183s] Level 1:colcon.colcon_core.package_identification:_identify(src/esp_miniBot) by extensions ['ignore', 'ignore_ament_install']
[1.183s] Level 1:colcon.colcon_core.package_identification:_identify(src/esp_miniBot) by extension 'ignore'
[1.183s] Level 1:colcon.colcon_core.package_identification:_identify(src/esp_miniBot) by extension 'ignore_ament_install'
[1.183s] Level 1:colcon.colcon_core.package_identification:_identify(src/esp_miniBot) by extensions ['colcon_pkg']
[1.183s] Level 1:colcon.colcon_core.package_identification:_identify(src/esp_miniBot) by extension 'colcon_pkg'
[1.184s] Level 1:colcon.colcon_core.package_identification:_identify(src/esp_miniBot) by extensions ['colcon_meta']
[1.184s] Level 1:colcon.colcon_core.package_identification:_identify(src/esp_miniBot) by extension 'colcon_meta'
[1.184s] Level 1:colcon.colcon_core.package_identification:_identify(src/esp_miniBot) by extensions ['ros']
[1.184s] Level 1:colcon.colcon_core.package_identification:_identify(src/esp_miniBot) by extension 'ros'
[1.188s] DEBUG:colcon.colcon_core.package_identification:Package 'src/esp_miniBot' with type 'ros.ament_python' and name 'esp_miniBot'
[1.188s] Level 1:colcon.colcon_core.package_identification:_identify(src/image_sender) by extensions ['ignore', 'ignore_ament_install']
[1.188s] Level 1:colcon.colcon_core.package_identification:_identify(src/image_sender) by extension 'ignore'
[1.188s] Level 1:colcon.colcon_core.package_identification:_identify(src/image_sender) by extension 'ignore_ament_install'
[1.188s] Level 1:colcon.colcon_core.package_identification:_identify(src/image_sender) by extensions ['colcon_pkg']
[1.188s] Level 1:colcon.colcon_core.package_identification:_identify(src/image_sender) by extension 'colcon_pkg'
[1.188s] Level 1:colcon.colcon_core.package_identification:_identify(src/image_sender) by extensions ['colcon_meta']
[1.189s] Level 1:colcon.colcon_core.package_identification:_identify(src/image_sender) by extension 'colcon_meta'
[1.189s] Level 1:colcon.colcon_core.package_identification:_identify(src/image_sender) by extensions ['ros']
[1.189s] Level 1:colcon.colcon_core.package_identification:_identify(src/image_sender) by extension 'ros'
[1.190s] DEBUG:colcon.colcon_core.package_identification:Package 'src/image_sender' with type 'ros.ament_python' and name 'image_sender'
[1.190s] Level 1:colcon.colcon_core.package_identification:_identify(src/install) by extensions ['ignore', 'ignore_ament_install']
[1.190s] Level 1:colcon.colcon_core.package_identification:_identify(src/install) by extension 'ignore'
[1.190s] Level 1:colcon.colcon_core.package_identification:_identify(src/install) ignored
[1.190s] Level 1:colcon.colcon_core.package_identification:_identify(src/log) by extensions ['ignore', 'ignore_ament_install']
[1.191s] Level 1:colcon.colcon_core.package_identification:_identify(src/log) by extension 'ignore'
[1.191s] Level 1:colcon.colcon_core.package_identification:_identify(src/log) ignored
[1.191s] Level 1:colcon.colcon_core.package_identification:_identify(src/web_joystick) by extensions ['ignore', 'ignore_ament_install']
[1.191s] Level 1:colcon.colcon_core.package_identification:_identify(src/web_joystick) by extension 'ignore'
[1.191s] Level 1:colcon.colcon_core.package_identification:_identify(src/web_joystick) by extension 'ignore_ament_install'
[1.191s] Level 1:colcon.colcon_core.package_identification:_identify(src/web_joystick) by extensions ['colcon_pkg']
[1.191s] Level 1:colcon.colcon_core.package_identification:_identify(src/web_joystick) by extension 'colcon_pkg'
[1.191s] Level 1:colcon.colcon_core.package_identification:_identify(src/web_joystick) by extensions ['colcon_meta']
[1.191s] Level 1:colcon.colcon_core.package_identification:_identify(src/web_joystick) by extension 'colcon_meta'
[1.191s] Level 1:colcon.colcon_core.package_identification:_identify(src/web_joystick) by extensions ['ros']
[1.191s] Level 1:colcon.colcon_core.package_identification:_identify(src/web_joystick) by extension 'ros'
[1.192s] DEBUG:colcon.colcon_core.package_identification:Package 'src/web_joystick' with type 'ros.ament_python' and name 'web_joystick'
[1.192s] Level 1:colcon.colcon_core.package_discovery:discover_packages(recursive) using defaults
[1.192s] Level 1:colcon.colcon_core.package_discovery:discover_packages(ignore) discover
[1.192s] Level 1:colcon.colcon_core.package_discovery:discover_packages(ignore) using defaults
[1.192s] Level 1:colcon.colcon_core.package_discovery:discover_packages(path) discover
[1.192s] Level 1:colcon.colcon_core.package_discovery:discover_packages(path) using defaults
[1.286s] Level 5:colcon.colcon_core.verb:set package 'esp_miniBot' build argument 'cmake_args' from command line to 'None'
[1.286s] Level 5:colcon.colcon_core.verb:set package 'esp_miniBot' build argument 'cmake_target' from command line to 'None'
[1.286s] Level 5:colcon.colcon_core.verb:set package 'esp_miniBot' build argument 'cmake_target_skip_unavailable' from command line to 'False'
[1.286s] Level 5:colcon.colcon_core.verb:set package 'esp_miniBot' build argument 'cmake_clean_cache' from command line to 'False'
[1.286s] Level 5:colcon.colcon_core.verb:set package 'esp_miniBot' build argument 'cmake_clean_first' from command line to 'False'
[1.286s] Level 5:colcon.colcon_core.verb:set package 'esp_miniBot' build argument 'cmake_force_configure' from command line to 'False'
[1.286s] Level 5:colcon.colcon_core.verb:set package 'esp_miniBot' build argument 'ament_cmake_args' from command line to 'None'
[1.286s] Level 5:colcon.colcon_core.verb:set package 'esp_miniBot' build argument 'catkin_cmake_args' from command line to 'None'
[1.287s] Level 5:colcon.colcon_core.verb:set package 'esp_miniBot' build argument 'catkin_skip_building_tests' from command line to 'False'
[1.287s] DEBUG:colcon.colcon_core.verb:Building package 'esp_miniBot' with the following arguments: {'ament_cmake_args': None, 'build_base': '/home/petr/ros2_ws/build/esp_miniBot', 'catkin_cmake_args': None, 'catkin_skip_building_tests': False, 'cmake_args': None, 'cmake_clean_cache': False, 'cmake_clean_first': False, 'cmake_force_configure': False, 'cmake_target': None, 'cmake_target_skip_unavailable': False, 'install_base': '/home/petr/ros2_ws/install/esp_miniBot', 'merge_install': False, 'path': '/home/petr/ros2_ws/src/esp_miniBot', 'symlink_install': False, 'test_result_base': None}
[1.287s] Level 5:colcon.colcon_core.verb:set package 'image_sender' build argument 'cmake_args' from command line to 'None'
[1.287s] Level 5:colcon.colcon_core.verb:set package 'image_sender' build argument 'cmake_target' from command line to 'None'
[1.288s] Level 5:colcon.colcon_core.verb:set package 'image_sender' build argument 'cmake_target_skip_unavailable' from command line to 'False'
[1.288s] Level 5:colcon.colcon_core.verb:set package 'image_sender' build argument 'cmake_clean_cache' from command line to 'False'
[1.288s] Level 5:colcon.colcon_core.verb:set package 'image_sender' build argument 'cmake_clean_first' from command line to 'False'
[1.288s] Level 5:colcon.colcon_core.verb:set package 'image_sender' build argument 'cmake_force_configure' from command line to 'False'
[1.288s] Level 5:colcon.colcon_core.verb:set package 'image_sender' build argument 'ament_cmake_args' from command line to 'None'
[1.288s] Level 5:colcon.colcon_core.verb:set package 'image_sender' build argument 'catkin_cmake_args' from command line to 'None'
[1.288s] Level 5:colcon.colcon_core.verb:set package 'image_sender' build argument 'catkin_skip_building_tests' from command line to 'False'
[1.288s] DEBUG:colcon.colcon_core.verb:Building package 'image_sender' with the following arguments: {'ament_cmake_args': None, 'build_base': '/home/petr/ros2_ws/build/image_sender', 'catkin_cmake_args': None, 'catkin_skip_building_tests': False, 'cmake_args': None, 'cmake_clean_cache': False, 'cmake_clean_first': False, 'cmake_force_configure': False, 'cmake_target': None, 'cmake_target_skip_unavailable': False, 'install_base': '/home/petr/ros2_ws/install/image_sender', 'merge_install': False, 'path': '/home/petr/ros2_ws/src/image_sender', 'symlink_install': False, 'test_result_base': None}
[1.288s] Level 5:colcon.colcon_core.verb:set package 'web_joystick' build argument 'cmake_args' from command line to 'None'
[1.289s] Level 5:colcon.colcon_core.verb:set package 'web_joystick' build argument 'cmake_target' from command line to 'None'
[1.289s] Level 5:colcon.colcon_core.verb:set package 'web_joystick' build argument 'cmake_target_skip_unavailable' from command line to 'False'
[1.289s] Level 5:colcon.colcon_core.verb:set package 'web_joystick' build argument 'cmake_clean_cache' from command line to 'False'
[1.289s] Level 5:colcon.colcon_core.verb:set package 'web_joystick' build argument 'cmake_clean_first' from command line to 'False'
[1.289s] Level 5:colcon.colcon_core.verb:set package 'web_joystick' build argument 'cmake_force_configure' from command line to 'False'
[1.289s] Level 5:colcon.colcon_core.verb:set package 'web_joystick' build argument 'ament_cmake_args' from command line to 'None'
[1.289s] Level 5:colcon.colcon_core.verb:set package 'web_joystick' build argument 'catkin_cmake_args' from command line to 'None'
[1.289s] Level 5:colcon.colcon_core.verb:set package 'web_joystick' build argument 'catkin_skip_building_tests' from command line to 'False'
[1.289s] DEBUG:colcon.colcon_core.verb:Building package 'web_joystick' with the following arguments: {'ament_cmake_args': None, 'build_base': '/home/petr/ros2_ws/build/web_joystick', 'catkin_cmake_args': None, 'catkin_skip_building_tests': False, 'cmake_args': None, 'cmake_clean_cache': False, 'cmake_clean_first': False, 'cmake_force_configure': False, 'cmake_target': None, 'cmake_target_skip_unavailable': False, 'install_base': '/home/petr/ros2_ws/install/web_joystick', 'merge_install': False, 'path': '/home/petr/ros2_ws/src/web_joystick', 'symlink_install': False, 'test_result_base': None}
[1.289s] INFO:colcon.colcon_core.executor:Executing jobs using 'parallel' executor
[1.322s] DEBUG:colcon.colcon_parallel_executor.executor.parallel:run_until_complete
[1.323s] INFO:colcon.colcon_ros.task.ament_python.build:Building ROS package in '/home/petr/ros2_ws/src/esp_miniBot' with build type 'ament_python'
[1.323s] Level 1:colcon.colcon_core.shell:create_environment_hook('esp_miniBot', 'ament_prefix_path')
[1.337s] INFO:colcon.colcon_core.plugin_system:Skipping extension 'colcon_core.shell.bat': Not used on non-Windows systems
[1.337s] INFO:colcon.colcon_core.shell:Creating environment hook '/home/petr/ros2_ws/install/esp_miniBot/share/esp_miniBot/hook/ament_prefix_path.ps1'
[1.338s] INFO:colcon.colcon_core.shell:Creating environment descriptor '/home/petr/ros2_ws/install/esp_miniBot/share/esp_miniBot/hook/ament_prefix_path.dsv'
[1.339s] INFO:colcon.colcon_core.shell:Creating environment hook '/home/petr/ros2_ws/install/esp_miniBot/share/esp_miniBot/hook/ament_prefix_path.sh'
[1.341s] INFO:colcon.colcon_core.shell:Skip shell extension 'powershell' for command environment: Not usable outside of PowerShell
[1.341s] DEBUG:colcon.colcon_core.shell:Skip shell extension 'dsv' for command environment
[1.387s] INFO:colcon.colcon_ros.task.ament_python.build:Building ROS package in '/home/petr/ros2_ws/src/image_sender' with build type 'ament_python'
[1.387s] Level 1:colcon.colcon_core.shell:create_environment_hook('image_sender', 'ament_prefix_path')
[1.387s] INFO:colcon.colcon_core.shell:Creating environment hook '/home/petr/ros2_ws/install/image_sender/share/image_sender/hook/ament_prefix_path.ps1'
[1.389s] INFO:colcon.colcon_core.shell:Creating environment descriptor '/home/petr/ros2_ws/install/image_sender/share/image_sender/hook/ament_prefix_path.dsv'
[1.390s] INFO:colcon.colcon_core.shell:Creating environment hook '/home/petr/ros2_ws/install/image_sender/share/image_sender/hook/ament_prefix_path.sh'
[1.391s] INFO:colcon.colcon_core.shell:Skip shell extension 'powershell' for command environment: Not usable outside of PowerShell
[1.391s] DEBUG:colcon.colcon_core.shell:Skip shell extension 'dsv' for command environment
[1.434s] INFO:colcon.colcon_ros.task.ament_python.build:Building ROS package in '/home/petr/ros2_ws/src/web_joystick' with build type 'ament_python'
[1.434s] Level 1:colcon.colcon_core.shell:create_environment_hook('web_joystick', 'ament_prefix_path')
[1.435s] INFO:colcon.colcon_core.shell:Creating environment hook '/home/petr/ros2_ws/install/web_joystick/share/web_joystick/hook/ament_prefix_path.ps1'
[1.436s] INFO:colcon.colcon_core.shell:Creating environment descriptor '/home/petr/ros2_ws/install/web_joystick/share/web_joystick/hook/ament_prefix_path.dsv'
[1.437s] INFO:colcon.colcon_core.shell:Creating environment hook '/home/petr/ros2_ws/install/web_joystick/share/web_joystick/hook/ament_prefix_path.sh'
[1.438s] INFO:colcon.colcon_core.shell:Skip shell extension 'powershell' for command environment: Not usable outside of PowerShell
[1.438s] DEBUG:colcon.colcon_core.shell:Skip shell extension 'dsv' for command environment
[2.545s] INFO:colcon.colcon_core.task.python.build:Building Python package in '/home/petr/ros2_ws/src/esp_miniBot'
[2.546s] INFO:colcon.colcon_core.shell:Skip shell extension 'powershell' for command environment: Not usable outside of PowerShell
[2.546s] DEBUG:colcon.colcon_core.shell:Skip shell extension 'dsv' for command environment
[3.656s] INFO:colcon.colcon_core.task.python.build:Building Python package in '/home/petr/ros2_ws/src/image_sender'
[3.657s] INFO:colcon.colcon_core.shell:Skip shell extension 'powershell' for command environment: Not usable outside of PowerShell
[3.657s] DEBUG:colcon.colcon_core.shell:Skip shell extension 'dsv' for command environment
[4.767s] INFO:colcon.colcon_core.task.python.build:Building Python package in '/home/petr/ros2_ws/src/web_joystick'
[4.767s] INFO:colcon.colcon_core.shell:Skip shell extension 'powershell' for command environment: Not usable outside of PowerShell
[4.767s] DEBUG:colcon.colcon_core.shell:Skip shell extension 'dsv' for command environment
[6.240s] DEBUG:colcon.colcon_core.event_handler.log_command:Invoking command in '/home/petr/ros2_ws/src/image_sender': DEBUGINFOD_URLS=https://debuginfod.archlinux.org PYTHONPATH=/home/petr/ros2_ws/build/image_sender/prefix_override:/home/petr/.local/lib/python3.11/site-packages/colcon_core/task/python/colcon_distutils_commands:/home/petr/ros2_ws/install/image_sender/lib/python3.11/site-packages:${PYTHONPATH} _=/usr/bin/env /usr/bin/python -W ignore:setup.py install is deprecated -W ignore:easy_install command is deprecated setup.py egg_info --egg-base ../../build/image_sender build --build-base /home/petr/ros2_ws/build/image_sender/build install --record /home/petr/ros2_ws/build/image_sender/install.log --single-version-externally-managed install_data
[6.260s] DEBUG:colcon.colcon_core.event_handler.log_command:Invoking command in '/home/petr/ros2_ws/src/web_joystick': DEBUGINFOD_URLS=https://debuginfod.archlinux.org PYTHONPATH=/home/petr/ros2_ws/build/web_joystick/prefix_override:/home/petr/.local/lib/python3.11/site-packages/colcon_core/task/python/colcon_distutils_commands:/home/petr/ros2_ws/install/web_joystick/lib/python3.11/site-packages:${PYTHONPATH} _=/usr/bin/env /usr/bin/python -W ignore:setup.py install is deprecated -W ignore:easy_install command is deprecated setup.py egg_info --egg-base ../../build/web_joystick build --build-base /home/petr/ros2_ws/build/web_joystick/build install --record /home/petr/ros2_ws/build/web_joystick/install.log --single-version-externally-managed install_data
[6.262s] DEBUG:colcon.colcon_core.event_handler.log_command:Invoking command in '/home/petr/ros2_ws/src/esp_miniBot': DEBUGINFOD_URLS=https://debuginfod.archlinux.org PYTHONPATH=/home/petr/ros2_ws/build/esp_miniBot/prefix_override:/home/petr/.local/lib/python3.11/site-packages/colcon_core/task/python/colcon_distutils_commands:/home/petr/ros2_ws/install/esp_miniBot/lib/python3.11/site-packages:${PYTHONPATH} _=/usr/bin/env /usr/bin/python -W ignore:setup.py install is deprecated -W ignore:easy_install command is deprecated setup.py egg_info --egg-base ../../build/esp_miniBot build --build-base /home/petr/ros2_ws/build/esp_miniBot/build install --record /home/petr/ros2_ws/build/esp_miniBot/install.log --single-version-externally-managed install_data
[7.495s] DEBUG:colcon.colcon_core.event_handler.log_command:Invoked command in '/home/petr/ros2_ws/src/web_joystick' returned '0': DEBUGINFOD_URLS=https://debuginfod.archlinux.org PYTHONPATH=/home/petr/ros2_ws/build/web_joystick/prefix_override:/home/petr/.local/lib/python3.11/site-packages/colcon_core/task/python/colcon_distutils_commands:/home/petr/ros2_ws/install/web_joystick/lib/python3.11/site-packages:${PYTHONPATH} _=/usr/bin/env /usr/bin/python -W ignore:setup.py install is deprecated -W ignore:easy_install command is deprecated setup.py egg_info --egg-base ../../build/web_joystick build --build-base /home/petr/ros2_ws/build/web_joystick/build install --record /home/petr/ros2_ws/build/web_joystick/install.log --single-version-externally-managed install_data
[7.510s] Level 1:colcon.colcon_core.environment:checking '/home/petr/ros2_ws/install/web_joystick' for CMake module files
[7.511s] Level 1:colcon.colcon_core.environment:checking '/home/petr/ros2_ws/install/web_joystick' for CMake config files
[7.512s] Level 1:colcon.colcon_core.environment:checking '/home/petr/ros2_ws/install/web_joystick/lib'
[7.512s] Level 1:colcon.colcon_core.environment:checking '/home/petr/ros2_ws/install/web_joystick/bin'
[7.512s] Level 1:colcon.colcon_core.environment:checking '/home/petr/ros2_ws/install/web_joystick/lib/pkgconfig/web_joystick.pc'
[7.513s] Level 1:colcon.colcon_core.environment:checking '/home/petr/ros2_ws/install/web_joystick/lib/python3.11/site-packages'
[7.513s] Level 1:colcon.colcon_core.shell:create_environment_hook('web_joystick', 'pythonpath')
[7.513s] INFO:colcon.colcon_core.shell:Creating environment hook '/home/petr/ros2_ws/install/web_joystick/share/web_joystick/hook/pythonpath.ps1'
[7.514s] INFO:colcon.colcon_core.shell:Creating environment descriptor '/home/petr/ros2_ws/install/web_joystick/share/web_joystick/hook/pythonpath.dsv'
[7.515s] INFO:colcon.colcon_core.shell:Creating environment hook '/home/petr/ros2_ws/install/web_joystick/share/web_joystick/hook/pythonpath.sh'
[7.517s] Level 1:colcon.colcon_core.environment:checking '/home/petr/ros2_ws/install/web_joystick/bin'
[7.517s] Level 1:colcon.colcon_core.environment:create_environment_scripts_only(web_joystick)
[7.517s] INFO:colcon.colcon_core.shell:Creating package script '/home/petr/ros2_ws/install/web_joystick/share/web_joystick/package.ps1'
[7.519s] INFO:colcon.colcon_core.shell:Creating package descriptor '/home/petr/ros2_ws/install/web_joystick/share/web_joystick/package.dsv'
[7.520s] INFO:colcon.colcon_core.shell:Creating package script '/home/petr/ros2_ws/install/web_joystick/share/web_joystick/package.sh'
[7.522s] INFO:colcon.colcon_core.shell:Creating package script '/home/petr/ros2_ws/install/web_joystick/share/web_joystick/package.bash'
[7.523s] INFO:colcon.colcon_core.shell:Creating package script '/home/petr/ros2_ws/install/web_joystick/share/web_joystick/package.zsh'
[7.525s] Level 1:colcon.colcon_core.environment:create_file_with_runtime_dependencies(/home/petr/ros2_ws/install/web_joystick/share/colcon-core/packages/web_joystick)
[7.527s] Level 1:colcon.colcon_core.environment:checking '/home/petr/ros2_ws/install/esp_miniBot' for CMake module files
[7.529s] Level 1:colcon.colcon_core.environment:checking '/home/petr/ros2_ws/install/esp_miniBot' for CMake config files
[7.529s] DEBUG:colcon.colcon_core.event_handler.log_command:Invoked command in '/home/petr/ros2_ws/src/esp_miniBot' returned '0': DEBUGINFOD_URLS=https://debuginfod.archlinux.org PYTHONPATH=/home/petr/ros2_ws/build/esp_miniBot/prefix_override:/home/petr/.local/lib/python3.11/site-packages/colcon_core/task/python/colcon_distutils_commands:/home/petr/ros2_ws/install/esp_miniBot/lib/python3.11/site-packages:${PYTHONPATH} _=/usr/bin/env /usr/bin/python -W ignore:setup.py install is deprecated -W ignore:easy_install command is deprecated setup.py egg_info --egg-base ../../build/esp_miniBot build --build-base /home/petr/ros2_ws/build/esp_miniBot/build install --record /home/petr/ros2_ws/build/esp_miniBot/install.log --single-version-externally-managed install_data
[7.530s] Level 1:colcon.colcon_core.environment:checking '/home/petr/ros2_ws/install/esp_miniBot/lib'
[7.530s] Level 1:colcon.colcon_core.environment:checking '/home/petr/ros2_ws/install/esp_miniBot/bin'
[7.531s] Level 1:colcon.colcon_core.environment:checking '/home/petr/ros2_ws/install/esp_miniBot/lib/pkgconfig/esp_miniBot.pc'
[7.531s] Level 1:colcon.colcon_core.environment:checking '/home/petr/ros2_ws/install/esp_miniBot/lib/python3.11/site-packages'
[7.531s] Level 1:colcon.colcon_core.shell:create_environment_hook('esp_miniBot', 'pythonpath')
[7.532s] INFO:colcon.colcon_core.shell:Creating environment hook '/home/petr/ros2_ws/install/esp_miniBot/share/esp_miniBot/hook/pythonpath.ps1'
[7.532s] INFO:colcon.colcon_core.shell:Creating environment descriptor '/home/petr/ros2_ws/install/esp_miniBot/share/esp_miniBot/hook/pythonpath.dsv'
[7.533s] INFO:colcon.colcon_core.shell:Creating environment hook '/home/petr/ros2_ws/install/esp_miniBot/share/esp_miniBot/hook/pythonpath.sh'
[7.534s] Level 1:colcon.colcon_core.environment:checking '/home/petr/ros2_ws/install/esp_miniBot/bin'
[7.534s] Level 1:colcon.colcon_core.environment:create_environment_scripts_only(esp_miniBot)
[7.535s] INFO:colcon.colcon_core.shell:Creating package script '/home/petr/ros2_ws/install/esp_miniBot/share/esp_miniBot/package.ps1'
[7.536s] INFO:colcon.colcon_core.shell:Creating package descriptor '/home/petr/ros2_ws/install/esp_miniBot/share/esp_miniBot/package.dsv'
[7.537s] INFO:colcon.colcon_core.shell:Creating package script '/home/petr/ros2_ws/install/esp_miniBot/share/esp_miniBot/package.sh'
[7.538s] INFO:colcon.colcon_core.shell:Creating package script '/home/petr/ros2_ws/install/esp_miniBot/share/esp_miniBot/package.bash'
[7.539s] INFO:colcon.colcon_core.shell:Creating package script '/home/petr/ros2_ws/install/esp_miniBot/share/esp_miniBot/package.zsh'
[7.539s] Level 1:colcon.colcon_core.environment:create_file_with_runtime_dependencies(/home/petr/ros2_ws/install/esp_miniBot/share/colcon-core/packages/esp_miniBot)
[7.541s] Level 1:colcon.colcon_core.environment:checking '/home/petr/ros2_ws/install/image_sender' for CMake module files
[7.542s] DEBUG:colcon.colcon_core.event_handler.log_command:Invoked command in '/home/petr/ros2_ws/src/image_sender' returned '0': DEBUGINFOD_URLS=https://debuginfod.archlinux.org PYTHONPATH=/home/petr/ros2_ws/build/image_sender/prefix_override:/home/petr/.local/lib/python3.11/site-packages/colcon_core/task/python/colcon_distutils_commands:/home/petr/ros2_ws/install/image_sender/lib/python3.11/site-packages:${PYTHONPATH} _=/usr/bin/env /usr/bin/python -W ignore:setup.py install is deprecated -W ignore:easy_install command is deprecated setup.py egg_info --egg-base ../../build/image_sender build --build-base /home/petr/ros2_ws/build/image_sender/build install --record /home/petr/ros2_ws/build/image_sender/install.log --single-version-externally-managed install_data
[7.543s] Level 1:colcon.colcon_core.environment:checking '/home/petr/ros2_ws/install/image_sender' for CMake config files
[7.548s] Level 1:colcon.colcon_core.environment:checking '/home/petr/ros2_ws/install/image_sender/lib'
[7.548s] Level 1:colcon.colcon_core.environment:checking '/home/petr/ros2_ws/install/image_sender/bin'
[7.549s] Level 1:colcon.colcon_core.environment:checking '/home/petr/ros2_ws/install/image_sender/lib/pkgconfig/image_sender.pc'
[7.549s] Level 1:colcon.colcon_core.environment:checking '/home/petr/ros2_ws/install/image_sender/lib/python3.11/site-packages'
[7.549s] Level 1:colcon.colcon_core.shell:create_environment_hook('image_sender', 'pythonpath')
[7.549s] INFO:colcon.colcon_core.shell:Creating environment hook '/home/petr/ros2_ws/install/image_sender/share/image_sender/hook/pythonpath.ps1'
[7.550s] INFO:colcon.colcon_core.shell:Creating environment descriptor '/home/petr/ros2_ws/install/image_sender/share/image_sender/hook/pythonpath.dsv'
[7.551s] INFO:colcon.colcon_core.shell:Creating environment hook '/home/petr/ros2_ws/install/image_sender/share/image_sender/hook/pythonpath.sh'
[7.552s] Level 1:colcon.colcon_core.environment:checking '/home/petr/ros2_ws/install/image_sender/bin'
[7.552s] Level 1:colcon.colcon_core.environment:create_environment_scripts_only(image_sender)
[7.553s] INFO:colcon.colcon_core.shell:Creating package script '/home/petr/ros2_ws/install/image_sender/share/image_sender/package.ps1'
[7.554s] INFO:colcon.colcon_core.shell:Creating package descriptor '/home/petr/ros2_ws/install/image_sender/share/image_sender/package.dsv'
[7.555s] INFO:colcon.colcon_core.shell:Creating package script '/home/petr/ros2_ws/install/image_sender/share/image_sender/package.sh'
[7.556s] INFO:colcon.colcon_core.shell:Creating package script '/home/petr/ros2_ws/install/image_sender/share/image_sender/package.bash'
[7.556s] INFO:colcon.colcon_core.shell:Creating package script '/home/petr/ros2_ws/install/image_sender/share/image_sender/package.zsh'
[7.557s] Level 1:colcon.colcon_core.environment:create_file_with_runtime_dependencies(/home/petr/ros2_ws/install/image_sender/share/colcon-core/packages/image_sender)
[7.558s] DEBUG:colcon.colcon_parallel_executor.executor.parallel:closing loop
[7.558s] DEBUG:colcon.colcon_parallel_executor.executor.parallel:loop closed
[7.558s] DEBUG:colcon.colcon_parallel_executor.executor.parallel:run_until_complete finished with '0'
[7.558s] DEBUG:colcon.colcon_core.event_reactor:joining thread
[7.571s] INFO:colcon.colcon_core.plugin_system:Skipping extension 'colcon_notification.desktop_notification.notify2': 'notify2' not found
[7.572s] INFO:colcon.colcon_core.plugin_system:Skipping extension 'colcon_notification.desktop_notification.terminal_notifier': Not used on non-Darwin systems
[7.572s] INFO:colcon.colcon_core.plugin_system:Skipping extension 'colcon_notification.desktop_notification.win32': Not used on non-Windows systems
[7.572s] INFO:colcon.colcon_notification.desktop_notification:Sending desktop notification using 'notify_send'
[7.591s] DEBUG:colcon.colcon_core.event_reactor:joined thread
[7.592s] INFO:colcon.colcon_core.shell:Creating prefix script '/home/petr/ros2_ws/install/local_setup.ps1'
[7.594s] INFO:colcon.colcon_core.shell:Creating prefix util module '/home/petr/ros2_ws/install/_local_setup_util_ps1.py'
[7.597s] INFO:colcon.colcon_core.shell:Creating prefix chain script '/home/petr/ros2_ws/install/setup.ps1'
[7.620s] INFO:colcon.colcon_core.shell:Creating prefix script '/home/petr/ros2_ws/install/local_setup.sh'
[7.622s] INFO:colcon.colcon_core.shell:Creating prefix util module '/home/petr/ros2_ws/install/_local_setup_util_sh.py'
[7.623s] INFO:colcon.colcon_core.shell:Creating prefix chain script '/home/petr/ros2_ws/install/setup.sh'
[7.646s] INFO:colcon.colcon_core.shell:Creating prefix script '/home/petr/ros2_ws/install/local_setup.bash'
[7.646s] INFO:colcon.colcon_core.shell:Creating prefix chain script '/home/petr/ros2_ws/install/setup.bash'
[7.667s] INFO:colcon.colcon_core.shell:Creating prefix script '/home/petr/ros2_ws/install/local_setup.zsh'
[7.668s] INFO:colcon.colcon_core.shell:Creating prefix chain script '/home/petr/ros2_ws/install/setup.zsh'
