running egg_info
writing ../../build/esp32_bridge/esp32_bridge.egg-info/PKG-INFO
writing dependency_links to ../../build/esp32_bridge/esp32_bridge.egg-info/dependency_links.txt
writing entry points to ../../build/esp32_bridge/esp32_bridge.egg-info/entry_points.txt
writing requirements to ../../build/esp32_bridge/esp32_bridge.egg-info/requires.txt
writing top-level names to ../../build/esp32_bridge/esp32_bridge.egg-info/top_level.txt
reading manifest file '../../build/esp32_bridge/esp32_bridge.egg-info/SOURCES.txt'
writing manifest file '../../build/esp32_bridge/esp32_bridge.egg-info/SOURCES.txt'
running build
running build_py
running install
running install_lib
creating /run/media/petr/5328350c-c733-4a2b-be90-55e5afb96d13/ros2_ws/install/esp32_bridge/lib/python3.11/site-packages/esp32_bridge
copying /run/media/petr/5328350c-c733-4a2b-be90-55e5afb96d13/ros2_ws/build/esp32_bridge/build/lib/esp32_bridge/__init__.py -> /run/media/petr/5328350c-c733-4a2b-be90-55e5afb96d13/ros2_ws/install/esp32_bridge/lib/python3.11/site-packages/esp32_bridge
copying /run/media/petr/5328350c-c733-4a2b-be90-55e5afb96d13/ros2_ws/build/esp32_bridge/build/lib/esp32_bridge/bridge_node.py -> /run/media/petr/5328350c-c733-4a2b-be90-55e5afb96d13/ros2_ws/install/esp32_bridge/lib/python3.11/site-packages/esp32_bridge
byte-compiling /run/media/petr/5328350c-c733-4a2b-be90-55e5afb96d13/ros2_ws/install/esp32_bridge/lib/python3.11/site-packages/esp32_bridge/__init__.py to __init__.cpython-311.pyc
byte-compiling /run/media/petr/5328350c-c733-4a2b-be90-55e5afb96d13/ros2_ws/install/esp32_bridge/lib/python3.11/site-packages/esp32_bridge/bridge_node.py to bridge_node.cpython-311.pyc
running install_data
running install_egg_info
Copying ../../build/esp32_bridge/esp32_bridge.egg-info to /run/media/petr/5328350c-c733-4a2b-be90-55e5afb96d13/ros2_ws/install/esp32_bridge/lib/python3.11/site-packages/esp32_bridge-0.0.0-py3.11.egg-info
running install_scripts
Installing esp32_bridge script to /run/media/petr/5328350c-c733-4a2b-be90-55e5afb96d13/ros2_ws/install/esp32_bridge/lib/esp32_bridge
writing list of installed files to '/run/media/petr/5328350c-c733-4a2b-be90-55e5afb96d13/ros2_ws/build/esp32_bridge/install.log'
