[7.152s] Invoking command in '/mnt/ros2_ws/src/esp_miniBot': DEBUGINFOD_URLS=https://debuginfod.archlinux.org PYTHONPATH=/mnt/ros2_ws/build/esp_miniBot/prefix_override:/home/petr/.local/lib/python3.11/site-packages/colcon_core/task/python/colcon_distutils_commands:/mnt/ros2_ws/install/esp_miniBot/lib/python3.11/site-packages:${PYTHONPATH} _=/usr/bin/env /usr/bin/python -W ignore:setup.py install is deprecated -W ignore:easy_install command is deprecated setup.py egg_info --egg-base ../../build/esp_miniBot build --build-base /mnt/ros2_ws/build/esp_miniBot/build install --record /mnt/ros2_ws/build/esp_miniBot/install.log --single-version-externally-managed install_data
[8.142s] running egg_info
[8.142s] writing ../../build/esp_miniBot/esp_miniBot.egg-info/PKG-INFO
[8.146s] writing dependency_links to ../../build/esp_miniBot/esp_miniBot.egg-info/dependency_links.txt
[8.158s] writing entry points to ../../build/esp_miniBot/esp_miniBot.egg-info/entry_points.txt
[8.158s] writing requirements to ../../build/esp_miniBot/esp_miniBot.egg-info/requires.txt
[8.159s] writing top-level names to ../../build/esp_miniBot/esp_miniBot.egg-info/top_level.txt
[8.163s] reading manifest file '../../build/esp_miniBot/esp_miniBot.egg-info/SOURCES.txt'
[8.169s] writing manifest file '../../build/esp_miniBot/esp_miniBot.egg-info/SOURCES.txt'
[8.180s] running build
[8.180s] running build_py
[8.200s] copying esp_miniBot/mp3_file_read.py -> /mnt/ros2_ws/build/esp_miniBot/build/lib/esp_miniBot
[8.201s] running install
[8.201s] running install_lib
[8.205s] copying /mnt/ros2_ws/build/esp_miniBot/build/lib/esp_miniBot/music_stream.py -> /mnt/ros2_ws/install/esp_miniBot/lib/python3.11/site-packages/esp_miniBot
[8.207s] copying /mnt/ros2_ws/build/esp_miniBot/build/lib/esp_miniBot/mp3_file_read.py -> /mnt/ros2_ws/install/esp_miniBot/lib/python3.11/site-packages/esp_miniBot
[8.213s] byte-compiling /mnt/ros2_ws/install/esp_miniBot/lib/python3.11/site-packages/esp_miniBot/music_stream.py to music_stream.cpython-311.pyc
[8.215s] byte-compiling /mnt/ros2_ws/install/esp_miniBot/lib/python3.11/site-packages/esp_miniBot/mp3_file_read.py to mp3_file_read.cpython-311.pyc
[8.220s] running install_data
[8.220s] running install_egg_info
[8.228s] removing '/mnt/ros2_ws/install/esp_miniBot/lib/python3.11/site-packages/esp_miniBot-0.0.0-py3.11.egg-info' (and everything under it)
[8.229s] Copying ../../build/esp_miniBot/esp_miniBot.egg-info to /mnt/ros2_ws/install/esp_miniBot/lib/python3.11/site-packages/esp_miniBot-0.0.0-py3.11.egg-info
[8.232s] running install_scripts
[8.322s] Installing read_mp3 script to /mnt/ros2_ws/install/esp_miniBot/lib/esp_miniBot
[8.323s] Installing send_music script to /mnt/ros2_ws/install/esp_miniBot/lib/esp_miniBot
[8.329s] Installing send_speed script to /mnt/ros2_ws/install/esp_miniBot/lib/esp_miniBot
[8.334s] writing list of installed files to '/mnt/ros2_ws/build/esp_miniBot/install.log'
[8.451s] Invoked command in '/mnt/ros2_ws/src/esp_miniBot' returned '0': DEBUGINFOD_URLS=https://debuginfod.archlinux.org PYTHONPATH=/mnt/ros2_ws/build/esp_miniBot/prefix_override:/home/petr/.local/lib/python3.11/site-packages/colcon_core/task/python/colcon_distutils_commands:/mnt/ros2_ws/install/esp_miniBot/lib/python3.11/site-packages:${PYTHONPATH} _=/usr/bin/env /usr/bin/python -W ignore:setup.py install is deprecated -W ignore:easy_install command is deprecated setup.py egg_info --egg-base ../../build/esp_miniBot build --build-base /mnt/ros2_ws/build/esp_miniBot/build install --record /mnt/ros2_ws/build/esp_miniBot/install.log --single-version-externally-managed install_data
