running egg_info
creating ../build/esp_miniBot/esp_miniBot.egg-info
writing ../build/esp_miniBot/esp_miniBot.egg-info/PKG-INFO
writing dependency_links to ../build/esp_miniBot/esp_miniBot.egg-info/dependency_links.txt
writing entry points to ../build/esp_miniBot/esp_miniBot.egg-info/entry_points.txt
writing requirements to ../build/esp_miniBot/esp_miniBot.egg-info/requires.txt
writing top-level names to ../build/esp_miniBot/esp_miniBot.egg-info/top_level.txt
writing manifest file '../build/esp_miniBot/esp_miniBot.egg-info/SOURCES.txt'
reading manifest file '../build/esp_miniBot/esp_miniBot.egg-info/SOURCES.txt'
writing manifest file '../build/esp_miniBot/esp_miniBot.egg-info/SOURCES.txt'
running build
running build_py
creating /home/petr/ros2_ws/src/build/esp_miniBot/build
creating /home/petr/ros2_ws/src/build/esp_miniBot/build/lib
creating /home/petr/ros2_ws/src/build/esp_miniBot/build/lib/esp_miniBot
copying esp_miniBot/__init__.py -> /home/petr/ros2_ws/src/build/esp_miniBot/build/lib/esp_miniBot
copying esp_miniBot/music_stream.py -> /home/petr/ros2_ws/src/build/esp_miniBot/build/lib/esp_miniBot
copying esp_miniBot/mp3_file_read.py -> /home/petr/ros2_ws/src/build/esp_miniBot/build/lib/esp_miniBot
running install
running install_lib
creating /home/petr/ros2_ws/src/install/esp_miniBot/lib/python3.11/site-packages/esp_miniBot
copying /home/petr/ros2_ws/src/build/esp_miniBot/build/lib/esp_miniBot/__init__.py -> /home/petr/ros2_ws/src/install/esp_miniBot/lib/python3.11/site-packages/esp_miniBot
copying /home/petr/ros2_ws/src/build/esp_miniBot/build/lib/esp_miniBot/music_stream.py -> /home/petr/ros2_ws/src/install/esp_miniBot/lib/python3.11/site-packages/esp_miniBot
copying /home/petr/ros2_ws/src/build/esp_miniBot/build/lib/esp_miniBot/mp3_file_read.py -> /home/petr/ros2_ws/src/install/esp_miniBot/lib/python3.11/site-packages/esp_miniBot
byte-compiling /home/petr/ros2_ws/src/install/esp_miniBot/lib/python3.11/site-packages/esp_miniBot/__init__.py to __init__.cpython-311.pyc
byte-compiling /home/petr/ros2_ws/src/install/esp_miniBot/lib/python3.11/site-packages/esp_miniBot/music_stream.py to music_stream.cpython-311.pyc
byte-compiling /home/petr/ros2_ws/src/install/esp_miniBot/lib/python3.11/site-packages/esp_miniBot/mp3_file_read.py to mp3_file_read.cpython-311.pyc
running install_data
creating /home/petr/ros2_ws/src/install/esp_miniBot/share/ament_index
creating /home/petr/ros2_ws/src/install/esp_miniBot/share/ament_index/resource_index
creating /home/petr/ros2_ws/src/install/esp_miniBot/share/ament_index/resource_index/packages
copying resource/esp_miniBot -> /home/petr/ros2_ws/src/install/esp_miniBot/share/ament_index/resource_index/packages
copying package.xml -> /home/petr/ros2_ws/src/install/esp_miniBot/share/esp_miniBot
running install_egg_info
Copying ../build/esp_miniBot/esp_miniBot.egg-info to /home/petr/ros2_ws/src/install/esp_miniBot/lib/python3.11/site-packages/esp_miniBot-0.0.0-py3.11.egg-info
running install_scripts
Installing read_mp3 script to /home/petr/ros2_ws/src/install/esp_miniBot/lib/esp_miniBot
Installing send_music script to /home/petr/ros2_ws/src/install/esp_miniBot/lib/esp_miniBot
writing list of installed files to '/home/petr/ros2_ws/src/build/esp_miniBot/install.log'
