[3.585s] Invoking command in '/home/petr/ros2_ws/src/esp_miniBot': DEBUGINFOD_URLS=https://debuginfod.archlinux.org PYTHONPATH=/home/petr/ros2_ws/src/build/esp_miniBot/prefix_override:/home/petr/.local/lib/python3.11/site-packages/colcon_core/task/python/colcon_distutils_commands:/home/petr/ros2_ws/src/install/esp_miniBot/lib/python3.11/site-packages:${PYTHONPATH} _=/usr/bin/env /usr/bin/python -W ignore:setup.py install is deprecated -W ignore:easy_install command is deprecated setup.py egg_info --egg-base ../build/esp_miniBot build --build-base /home/petr/ros2_ws/src/build/esp_miniBot/build install --record /home/petr/ros2_ws/src/build/esp_miniBot/install.log --single-version-externally-managed install_data
[4.568s] running egg_info
[4.570s] creating ../build/esp_miniBot/esp_miniBot.egg-info
[4.570s] writing ../build/esp_miniBot/esp_miniBot.egg-info/PKG-INFO
[4.570s] writing dependency_links to ../build/esp_miniBot/esp_miniBot.egg-info/dependency_links.txt
[4.570s] writing entry points to ../build/esp_miniBot/esp_miniBot.egg-info/entry_points.txt
[4.571s] writing requirements to ../build/esp_miniBot/esp_miniBot.egg-info/requires.txt
[4.572s] writing top-level names to ../build/esp_miniBot/esp_miniBot.egg-info/top_level.txt
[4.572s] writing manifest file '../build/esp_miniBot/esp_miniBot.egg-info/SOURCES.txt'
[4.575s] reading manifest file '../build/esp_miniBot/esp_miniBot.egg-info/SOURCES.txt'
[4.577s] writing manifest file '../build/esp_miniBot/esp_miniBot.egg-info/SOURCES.txt'
[4.577s] running build
[4.577s] running build_py
[4.577s] creating /home/petr/ros2_ws/src/build/esp_miniBot/build
[4.577s] creating /home/petr/ros2_ws/src/build/esp_miniBot/build/lib
[4.578s] creating /home/petr/ros2_ws/src/build/esp_miniBot/build/lib/esp_miniBot
[4.578s] copying esp_miniBot/__init__.py -> /home/petr/ros2_ws/src/build/esp_miniBot/build/lib/esp_miniBot
[4.578s] copying esp_miniBot/music_stream.py -> /home/petr/ros2_ws/src/build/esp_miniBot/build/lib/esp_miniBot
[4.579s] copying esp_miniBot/mp3_file_read.py -> /home/petr/ros2_ws/src/build/esp_miniBot/build/lib/esp_miniBot
[4.579s] running install
[4.580s] running install_lib
[4.581s] creating /home/petr/ros2_ws/src/install/esp_miniBot/lib/python3.11/site-packages/esp_miniBot
[4.582s] copying /home/petr/ros2_ws/src/build/esp_miniBot/build/lib/esp_miniBot/__init__.py -> /home/petr/ros2_ws/src/install/esp_miniBot/lib/python3.11/site-packages/esp_miniBot
[4.582s] copying /home/petr/ros2_ws/src/build/esp_miniBot/build/lib/esp_miniBot/music_stream.py -> /home/petr/ros2_ws/src/install/esp_miniBot/lib/python3.11/site-packages/esp_miniBot
[4.582s] copying /home/petr/ros2_ws/src/build/esp_miniBot/build/lib/esp_miniBot/mp3_file_read.py -> /home/petr/ros2_ws/src/install/esp_miniBot/lib/python3.11/site-packages/esp_miniBot
[4.589s] byte-compiling /home/petr/ros2_ws/src/install/esp_miniBot/lib/python3.11/site-packages/esp_miniBot/__init__.py to __init__.cpython-311.pyc
[4.589s] byte-compiling /home/petr/ros2_ws/src/install/esp_miniBot/lib/python3.11/site-packages/esp_miniBot/music_stream.py to music_stream.cpython-311.pyc
[4.590s] byte-compiling /home/petr/ros2_ws/src/install/esp_miniBot/lib/python3.11/site-packages/esp_miniBot/mp3_file_read.py to mp3_file_read.cpython-311.pyc
[4.592s] running install_data
[4.592s] creating /home/petr/ros2_ws/src/install/esp_miniBot/share/ament_index
[4.592s] creating /home/petr/ros2_ws/src/install/esp_miniBot/share/ament_index/resource_index
[4.593s] creating /home/petr/ros2_ws/src/install/esp_miniBot/share/ament_index/resource_index/packages
[4.593s] copying resource/esp_miniBot -> /home/petr/ros2_ws/src/install/esp_miniBot/share/ament_index/resource_index/packages
[4.593s] copying package.xml -> /home/petr/ros2_ws/src/install/esp_miniBot/share/esp_miniBot
[4.593s] running install_egg_info
[4.600s] Copying ../build/esp_miniBot/esp_miniBot.egg-info to /home/petr/ros2_ws/src/install/esp_miniBot/lib/python3.11/site-packages/esp_miniBot-0.0.0-py3.11.egg-info
[4.605s] running install_scripts
[4.692s] Installing read_mp3 script to /home/petr/ros2_ws/src/install/esp_miniBot/lib/esp_miniBot
[4.693s] Installing send_music script to /home/petr/ros2_ws/src/install/esp_miniBot/lib/esp_miniBot
[4.694s] writing list of installed files to '/home/petr/ros2_ws/src/build/esp_miniBot/install.log'
[4.773s] Invoked command in '/home/petr/ros2_ws/src/esp_miniBot' returned '0': DEBUGINFOD_URLS=https://debuginfod.archlinux.org PYTHONPATH=/home/petr/ros2_ws/src/build/esp_miniBot/prefix_override:/home/petr/.local/lib/python3.11/site-packages/colcon_core/task/python/colcon_distutils_commands:/home/petr/ros2_ws/src/install/esp_miniBot/lib/python3.11/site-packages:${PYTHONPATH} _=/usr/bin/env /usr/bin/python -W ignore:setup.py install is deprecated -W ignore:easy_install command is deprecated setup.py egg_info --egg-base ../build/esp_miniBot build --build-base /home/petr/ros2_ws/src/build/esp_miniBot/build install --record /home/petr/ros2_ws/src/build/esp_miniBot/install.log --single-version-externally-managed install_data
