[0.736s] DEBUG:colcon:Command line arguments: ['/usr/bin/colcon', 'build']
[0.736s] DEBUG:colcon:Parsed command line arguments: Namespace(log_base=None, log_level=None, verb_name='build', build_base='build', install_base='install', merge_install=False, symlink_install=False, test_result_base=None, continue_on_error=False, executor='parallel', parallel_workers=6, event_handlers=None, ignore_user_meta=False, metas=['./colcon.meta'], base_paths=['.'], packages_ignore=None, packages_ignore_regex=None, paths=None, packages_up_to=None, packages_up_to_regex=None, packages_above=None, packages_above_and_dependencies=None, packages_above_depth=None, packages_select_by_dep=None, packages_skip_by_dep=None, packages_skip_up_to=None, packages_select_build_failed=False, packages_skip_build_finished=False, packages_select_test_failures=False, packages_skip_test_passed=False, packages_select=None, packages_skip=None, packages_select_regex=None, packages_skip_regex=None, packages_start=None, packages_end=None, cmake_args=None, cmake_target=None, cmake_target_skip_unavailable=False, cmake_clean_cache=False, cmake_clean_first=False, cmake_force_configure=False, ament_cmake_args=None, catkin_cmake_args=None, catkin_skip_building_tests=False, verb_parser=<colcon_defaults.argument_parser.defaults.DefaultArgumentsDecorator object at 0x7f5a373d3790>, verb_extension=<colcon_core.verb.build.BuildVerb object at 0x7f5a369c6e50>, main=<bound method BuildVerb.main of <colcon_core.verb.build.BuildVerb object at 0x7f5a369c6e50>>)
[1.182s] Level 1:colcon.colcon_core.package_discovery:discover_packages(colcon_meta) check parameters
[1.182s] Level 1:colcon.colcon_core.package_discovery:discover_packages(recursive) check parameters
[1.182s] Level 1:colcon.colcon_core.package_discovery:discover_packages(ignore) check parameters
[1.182s] Level 1:colcon.colcon_core.package_discovery:discover_packages(path) check parameters
[1.182s] Level 1:colcon.colcon_core.package_discovery:discover_packages(colcon_meta) discover
[1.182s] Level 1:colcon.colcon_core.package_discovery:discover_packages(recursive) discover
[1.182s] INFO:colcon.colcon_core.package_discovery:Crawling recursively for packages in '/home/petr/ros2_ws'
[1.183s] Level 1:colcon.colcon_core.package_identification:_identify(.) by extensions ['ignore', 'ignore_ament_install']
[1.183s] Level 1:colcon.colcon_core.package_identification:_identify(.) by extension 'ignore'
[1.183s] Level 1:colcon.colcon_core.package_identification:_identify(.) by extension 'ignore_ament_install'
[1.183s] Level 1:colcon.colcon_core.package_identification:_identify(.) by extensions ['colcon_pkg']
[1.183s] Level 1:colcon.colcon_core.package_identification:_identify(.) by extension 'colcon_pkg'
[1.183s] Level 1:colcon.colcon_core.package_identification:_identify(.) by extensions ['colcon_meta']
[1.183s] Level 1:colcon.colcon_core.package_identification:_identify(.) by extension 'colcon_meta'
[1.183s] Level 1:colcon.colcon_core.package_identification:_identify(.) by extensions ['ros']
[1.183s] Level 1:colcon.colcon_core.package_identification:_identify(.) by extension 'ros'
[1.243s] Level 1:colcon.colcon_core.package_identification:_identify(.) by extensions ['cmake', 'python']
[1.243s] Level 1:colcon.colcon_core.package_identification:_identify(.) by extension 'cmake'
[1.243s] Level 1:colcon.colcon_core.package_identification:_identify(.) by extension 'python'
[1.243s] Level 1:colcon.colcon_core.package_identification:_identify(.) by extensions ['python_setup_py']
[1.243s] Level 1:colcon.colcon_core.package_identification:_identify(.) by extension 'python_setup_py'
[1.243s] Level 1:colcon.colcon_core.package_identification:_identify(build) by extensions ['ignore', 'ignore_ament_install']
[1.243s] Level 1:colcon.colcon_core.package_identification:_identify(build) by extension 'ignore'
[1.243s] Level 1:colcon.colcon_core.package_identification:_identify(build) ignored
[1.244s] Level 1:colcon.colcon_core.package_identification:_identify(install) by extensions ['ignore', 'ignore_ament_install']
[1.244s] Level 1:colcon.colcon_core.package_identification:_identify(install) by extension 'ignore'
[1.244s] Level 1:colcon.colcon_core.package_identification:_identify(install) ignored
[1.245s] Level 1:colcon.colcon_core.package_identification:_identify(log) by extensions ['ignore', 'ignore_ament_install']
[1.245s] Level 1:colcon.colcon_core.package_identification:_identify(log) by extension 'ignore'
[1.245s] Level 1:colcon.colcon_core.package_identification:_identify(log) ignored
[1.245s] Level 1:colcon.colcon_core.package_identification:_identify(src) by extensions ['ignore', 'ignore_ament_install']
[1.245s] Level 1:colcon.colcon_core.package_identification:_identify(src) by extension 'ignore'
[1.245s] Level 1:colcon.colcon_core.package_identification:_identify(src) by extension 'ignore_ament_install'
[1.245s] Level 1:colcon.colcon_core.package_identification:_identify(src) by extensions ['colcon_pkg']
[1.245s] Level 1:colcon.colcon_core.package_identification:_identify(src) by extension 'colcon_pkg'
[1.245s] Level 1:colcon.colcon_core.package_identification:_identify(src) by extensions ['colcon_meta']
[1.245s] Level 1:colcon.colcon_core.package_identification:_identify(src) by extension 'colcon_meta'
[1.245s] Level 1:colcon.colcon_core.package_identification:_identify(src) by extensions ['ros']
[1.245s] Level 1:colcon.colcon_core.package_identification:_identify(src) by extension 'ros'
[1.246s] Level 1:colcon.colcon_core.package_identification:_identify(src) by extensions ['cmake', 'python']
[1.246s] Level 1:colcon.colcon_core.package_identification:_identify(src) by extension 'cmake'
[1.246s] Level 1:colcon.colcon_core.package_identification:_identify(src) by extension 'python'
[1.246s] Level 1:colcon.colcon_core.package_identification:_identify(src) by extensions ['python_setup_py']
[1.246s] Level 1:colcon.colcon_core.package_identification:_identify(src) by extension 'python_setup_py'
[1.246s] Level 1:colcon.colcon_core.package_identification:_identify(src/build) by extensions ['ignore', 'ignore_ament_install']
[1.246s] Level 1:colcon.colcon_core.package_identification:_identify(src/build) by extension 'ignore'
[1.246s] Level 1:colcon.colcon_core.package_identification:_identify(src/build) ignored
[1.246s] Level 1:colcon.colcon_core.package_identification:_identify(src/esp_miniBot) by extensions ['ignore', 'ignore_ament_install']
[1.247s] Level 1:colcon.colcon_core.package_identification:_identify(src/esp_miniBot) by extension 'ignore'
[1.247s] Level 1:colcon.colcon_core.package_identification:_identify(src/esp_miniBot) by extension 'ignore_ament_install'
[1.247s] Level 1:colcon.colcon_core.package_identification:_identify(src/esp_miniBot) by extensions ['colcon_pkg']
[1.247s] Level 1:colcon.colcon_core.package_identification:_identify(src/esp_miniBot) by extension 'colcon_pkg'
[1.247s] Level 1:colcon.colcon_core.package_identification:_identify(src/esp_miniBot) by extensions ['colcon_meta']
[1.247s] Level 1:colcon.colcon_core.package_identification:_identify(src/esp_miniBot) by extension 'colcon_meta'
[1.247s] Level 1:colcon.colcon_core.package_identification:_identify(src/esp_miniBot) by extensions ['ros']
[1.247s] Level 1:colcon.colcon_core.package_identification:_identify(src/esp_miniBot) by extension 'ros'
[1.252s] DEBUG:colcon.colcon_core.package_identification:Package 'src/esp_miniBot' with type 'ros.ament_python' and name 'esp_miniBot'
[1.252s] Level 1:colcon.colcon_core.package_identification:_identify(src/image_sender) by extensions ['ignore', 'ignore_ament_install']
[1.252s] Level 1:colcon.colcon_core.package_identification:_identify(src/image_sender) by extension 'ignore'
[1.252s] Level 1:colcon.colcon_core.package_identification:_identify(src/image_sender) by extension 'ignore_ament_install'
[1.252s] Level 1:colcon.colcon_core.package_identification:_identify(src/image_sender) by extensions ['colcon_pkg']
[1.253s] Level 1:colcon.colcon_core.package_identification:_identify(src/image_sender) by extension 'colcon_pkg'
[1.253s] Level 1:colcon.colcon_core.package_identification:_identify(src/image_sender) by extensions ['colcon_meta']
[1.253s] Level 1:colcon.colcon_core.package_identification:_identify(src/image_sender) by extension 'colcon_meta'
[1.253s] Level 1:colcon.colcon_core.package_identification:_identify(src/image_sender) by extensions ['ros']
[1.253s] Level 1:colcon.colcon_core.package_identification:_identify(src/image_sender) by extension 'ros'
[1.254s] DEBUG:colcon.colcon_core.package_identification:Package 'src/image_sender' with type 'ros.ament_python' and name 'image_sender'
[1.254s] Level 1:colcon.colcon_core.package_identification:_identify(src/install) by extensions ['ignore', 'ignore_ament_install']
[1.255s] Level 1:colcon.colcon_core.package_identification:_identify(src/install) by extension 'ignore'
[1.255s] Level 1:colcon.colcon_core.package_identification:_identify(src/install) ignored
[1.255s] Level 1:colcon.colcon_core.package_identification:_identify(src/log) by extensions ['ignore', 'ignore_ament_install']
[1.255s] Level 1:colcon.colcon_core.package_identification:_identify(src/log) by extension 'ignore'
[1.255s] Level 1:colcon.colcon_core.package_identification:_identify(src/log) ignored
[1.255s] Level 1:colcon.colcon_core.package_identification:_identify(src/web_joystick) by extensions ['ignore', 'ignore_ament_install']
[1.255s] Level 1:colcon.colcon_core.package_identification:_identify(src/web_joystick) by extension 'ignore'
[1.255s] Level 1:colcon.colcon_core.package_identification:_identify(src/web_joystick) by extension 'ignore_ament_install'
[1.255s] Level 1:colcon.colcon_core.package_identification:_identify(src/web_joystick) by extensions ['colcon_pkg']
[1.256s] Level 1:colcon.colcon_core.package_identification:_identify(src/web_joystick) by extension 'colcon_pkg'
[1.256s] Level 1:colcon.colcon_core.package_identification:_identify(src/web_joystick) by extensions ['colcon_meta']
[1.256s] Level 1:colcon.colcon_core.package_identification:_identify(src/web_joystick) by extension 'colcon_meta'
[1.256s] Level 1:colcon.colcon_core.package_identification:_identify(src/web_joystick) by extensions ['ros']
[1.256s] Level 1:colcon.colcon_core.package_identification:_identify(src/web_joystick) by extension 'ros'
[1.257s] DEBUG:colcon.colcon_core.package_identification:Package 'src/web_joystick' with type 'ros.ament_python' and name 'web_joystick'
[1.257s] Level 1:colcon.colcon_core.package_identification:_identify(sus) by extensions ['ignore', 'ignore_ament_install']
[1.257s] Level 1:colcon.colcon_core.package_identification:_identify(sus) by extension 'ignore'
[1.257s] Level 1:colcon.colcon_core.package_identification:_identify(sus) by extension 'ignore_ament_install'
[1.257s] Level 1:colcon.colcon_core.package_identification:_identify(sus) by extensions ['colcon_pkg']
[1.258s] Level 1:colcon.colcon_core.package_identification:_identify(sus) by extension 'colcon_pkg'
[1.258s] Level 1:colcon.colcon_core.package_identification:_identify(sus) by extensions ['colcon_meta']
[1.258s] Level 1:colcon.colcon_core.package_identification:_identify(sus) by extension 'colcon_meta'
[1.258s] Level 1:colcon.colcon_core.package_identification:_identify(sus) by extensions ['ros']
[1.258s] Level 1:colcon.colcon_core.package_identification:_identify(sus) by extension 'ros'
[1.258s] Level 1:colcon.colcon_core.package_identification:_identify(sus) by extensions ['cmake', 'python']
[1.258s] Level 1:colcon.colcon_core.package_identification:_identify(sus) by extension 'cmake'
[1.258s] Level 1:colcon.colcon_core.package_identification:_identify(sus) by extension 'python'
[1.258s] Level 1:colcon.colcon_core.package_identification:_identify(sus) by extensions ['python_setup_py']
[1.258s] Level 1:colcon.colcon_core.package_identification:_identify(sus) by extension 'python_setup_py'
[1.258s] Level 1:colcon.colcon_core.package_identification:_identify(sus/mikro_ros_bot-main) by extensions ['ignore', 'ignore_ament_install']
[1.258s] Level 1:colcon.colcon_core.package_identification:_identify(sus/mikro_ros_bot-main) by extension 'ignore'
[1.259s] Level 1:colcon.colcon_core.package_identification:_identify(sus/mikro_ros_bot-main) by extension 'ignore_ament_install'
[1.259s] Level 1:colcon.colcon_core.package_identification:_identify(sus/mikro_ros_bot-main) by extensions ['colcon_pkg']
[1.259s] Level 1:colcon.colcon_core.package_identification:_identify(sus/mikro_ros_bot-main) by extension 'colcon_pkg'
[1.259s] Level 1:colcon.colcon_core.package_identification:_identify(sus/mikro_ros_bot-main) by extensions ['colcon_meta']
[1.259s] Level 1:colcon.colcon_core.package_identification:_identify(sus/mikro_ros_bot-main) by extension 'colcon_meta'
[1.259s] Level 1:colcon.colcon_core.package_identification:_identify(sus/mikro_ros_bot-main) by extensions ['ros']
[1.259s] Level 1:colcon.colcon_core.package_identification:_identify(sus/mikro_ros_bot-main) by extension 'ros'
[1.259s] Level 1:colcon.colcon_core.package_identification:_identify(sus/mikro_ros_bot-main) by extensions ['cmake', 'python']
[1.260s] Level 1:colcon.colcon_core.package_identification:_identify(sus/mikro_ros_bot-main) by extension 'cmake'
[1.260s] Level 1:colcon.colcon_core.package_identification:_identify(sus/mikro_ros_bot-main) by extension 'python'
[1.260s] Level 1:colcon.colcon_core.package_identification:_identify(sus/mikro_ros_bot-main) by extensions ['python_setup_py']
[1.260s] Level 1:colcon.colcon_core.package_identification:_identify(sus/mikro_ros_bot-main) by extension 'python_setup_py'
[1.260s] Level 1:colcon.colcon_core.package_identification:_identify(sus/mikro_ros_bot-main/mikro_soft) by extensions ['ignore', 'ignore_ament_install']
[1.260s] Level 1:colcon.colcon_core.package_identification:_identify(sus/mikro_ros_bot-main/mikro_soft) by extension 'ignore'
[1.260s] Level 1:colcon.colcon_core.package_identification:_identify(sus/mikro_ros_bot-main/mikro_soft) by extension 'ignore_ament_install'
[1.260s] Level 1:colcon.colcon_core.package_identification:_identify(sus/mikro_ros_bot-main/mikro_soft) by extensions ['colcon_pkg']
[1.260s] Level 1:colcon.colcon_core.package_identification:_identify(sus/mikro_ros_bot-main/mikro_soft) by extension 'colcon_pkg'
[1.260s] Level 1:colcon.colcon_core.package_identification:_identify(sus/mikro_ros_bot-main/mikro_soft) by extensions ['colcon_meta']
[1.260s] Level 1:colcon.colcon_core.package_identification:_identify(sus/mikro_ros_bot-main/mikro_soft) by extension 'colcon_meta'
[1.260s] Level 1:colcon.colcon_core.package_identification:_identify(sus/mikro_ros_bot-main/mikro_soft) by extensions ['ros']
[1.261s] Level 1:colcon.colcon_core.package_identification:_identify(sus/mikro_ros_bot-main/mikro_soft) by extension 'ros'
[1.261s] Level 1:colcon.colcon_core.package_identification:_identify(sus/mikro_ros_bot-main/mikro_soft) by extensions ['cmake', 'python']
[1.261s] Level 1:colcon.colcon_core.package_identification:_identify(sus/mikro_ros_bot-main/mikro_soft) by extension 'cmake'
[1.261s] Level 1:colcon.colcon_core.package_identification:_identify(sus/mikro_ros_bot-main/mikro_soft) by extension 'python'
[1.261s] Level 1:colcon.colcon_core.package_identification:_identify(sus/mikro_ros_bot-main/mikro_soft) by extensions ['python_setup_py']
[1.261s] Level 1:colcon.colcon_core.package_identification:_identify(sus/mikro_ros_bot-main/mikro_soft) by extension 'python_setup_py'
[1.261s] Level 1:colcon.colcon_core.package_identification:_identify(sus/mikro_ros_bot-main/ros2_ws) by extensions ['ignore', 'ignore_ament_install']
[1.261s] Level 1:colcon.colcon_core.package_identification:_identify(sus/mikro_ros_bot-main/ros2_ws) by extension 'ignore'
[1.261s] Level 1:colcon.colcon_core.package_identification:_identify(sus/mikro_ros_bot-main/ros2_ws) by extension 'ignore_ament_install'
[1.261s] Level 1:colcon.colcon_core.package_identification:_identify(sus/mikro_ros_bot-main/ros2_ws) by extensions ['colcon_pkg']
[1.261s] Level 1:colcon.colcon_core.package_identification:_identify(sus/mikro_ros_bot-main/ros2_ws) by extension 'colcon_pkg'
[1.262s] Level 1:colcon.colcon_core.package_identification:_identify(sus/mikro_ros_bot-main/ros2_ws) by extensions ['colcon_meta']
[1.262s] Level 1:colcon.colcon_core.package_identification:_identify(sus/mikro_ros_bot-main/ros2_ws) by extension 'colcon_meta'
[1.262s] Level 1:colcon.colcon_core.package_identification:_identify(sus/mikro_ros_bot-main/ros2_ws) by extensions ['ros']
[1.262s] Level 1:colcon.colcon_core.package_identification:_identify(sus/mikro_ros_bot-main/ros2_ws) by extension 'ros'
[1.262s] Level 1:colcon.colcon_core.package_identification:_identify(sus/mikro_ros_bot-main/ros2_ws) by extensions ['cmake', 'python']
[1.262s] Level 1:colcon.colcon_core.package_identification:_identify(sus/mikro_ros_bot-main/ros2_ws) by extension 'cmake'
[1.262s] Level 1:colcon.colcon_core.package_identification:_identify(sus/mikro_ros_bot-main/ros2_ws) by extension 'python'
[1.262s] Level 1:colcon.colcon_core.package_identification:_identify(sus/mikro_ros_bot-main/ros2_ws) by extensions ['python_setup_py']
[1.262s] Level 1:colcon.colcon_core.package_identification:_identify(sus/mikro_ros_bot-main/ros2_ws) by extension 'python_setup_py'
[1.263s] Level 1:colcon.colcon_core.package_identification:_identify(sus/mikro_ros_bot-main/ros2_ws/src) by extensions ['ignore', 'ignore_ament_install']
[1.263s] Level 1:colcon.colcon_core.package_identification:_identify(sus/mikro_ros_bot-main/ros2_ws/src) by extension 'ignore'
[1.263s] Level 1:colcon.colcon_core.package_identification:_identify(sus/mikro_ros_bot-main/ros2_ws/src) by extension 'ignore_ament_install'
[1.263s] Level 1:colcon.colcon_core.package_identification:_identify(sus/mikro_ros_bot-main/ros2_ws/src) by extensions ['colcon_pkg']
[1.263s] Level 1:colcon.colcon_core.package_identification:_identify(sus/mikro_ros_bot-main/ros2_ws/src) by extension 'colcon_pkg'
[1.263s] Level 1:colcon.colcon_core.package_identification:_identify(sus/mikro_ros_bot-main/ros2_ws/src) by extensions ['colcon_meta']
[1.263s] Level 1:colcon.colcon_core.package_identification:_identify(sus/mikro_ros_bot-main/ros2_ws/src) by extension 'colcon_meta'
[1.263s] Level 1:colcon.colcon_core.package_identification:_identify(sus/mikro_ros_bot-main/ros2_ws/src) by extensions ['ros']
[1.263s] Level 1:colcon.colcon_core.package_identification:_identify(sus/mikro_ros_bot-main/ros2_ws/src) by extension 'ros'
[1.263s] Level 1:colcon.colcon_core.package_identification:_identify(sus/mikro_ros_bot-main/ros2_ws/src) by extensions ['cmake', 'python']
[1.263s] Level 1:colcon.colcon_core.package_identification:_identify(sus/mikro_ros_bot-main/ros2_ws/src) by extension 'cmake'
[1.263s] Level 1:colcon.colcon_core.package_identification:_identify(sus/mikro_ros_bot-main/ros2_ws/src) by extension 'python'
[1.264s] Level 1:colcon.colcon_core.package_identification:_identify(sus/mikro_ros_bot-main/ros2_ws/src) by extensions ['python_setup_py']
[1.264s] Level 1:colcon.colcon_core.package_identification:_identify(sus/mikro_ros_bot-main/ros2_ws/src) by extension 'python_setup_py'
[1.264s] Level 1:colcon.colcon_core.package_identification:_identify(sus/mikro_ros_bot-main/ros2_ws/src/esp_talker) by extensions ['ignore', 'ignore_ament_install']
[1.264s] Level 1:colcon.colcon_core.package_identification:_identify(sus/mikro_ros_bot-main/ros2_ws/src/esp_talker) by extension 'ignore'
[1.264s] Level 1:colcon.colcon_core.package_identification:_identify(sus/mikro_ros_bot-main/ros2_ws/src/esp_talker) by extension 'ignore_ament_install'
[1.264s] Level 1:colcon.colcon_core.package_identification:_identify(sus/mikro_ros_bot-main/ros2_ws/src/esp_talker) by extensions ['colcon_pkg']
[1.264s] Level 1:colcon.colcon_core.package_identification:_identify(sus/mikro_ros_bot-main/ros2_ws/src/esp_talker) by extension 'colcon_pkg'
[1.264s] Level 1:colcon.colcon_core.package_identification:_identify(sus/mikro_ros_bot-main/ros2_ws/src/esp_talker) by extensions ['colcon_meta']
[1.264s] Level 1:colcon.colcon_core.package_identification:_identify(sus/mikro_ros_bot-main/ros2_ws/src/esp_talker) by extension 'colcon_meta'
[1.264s] Level 1:colcon.colcon_core.package_identification:_identify(sus/mikro_ros_bot-main/ros2_ws/src/esp_talker) by extensions ['ros']
[1.264s] Level 1:colcon.colcon_core.package_identification:_identify(sus/mikro_ros_bot-main/ros2_ws/src/esp_talker) by extension 'ros'
[1.266s] DEBUG:colcon.colcon_core.package_identification:Package 'sus/mikro_ros_bot-main/ros2_ws/src/esp_talker' with type 'ros.ament_python' and name 'esp_talker'
[1.267s] Level 1:colcon.colcon_core.package_identification:_identify(sus/mikro_ros_bot-main/ros2_ws/src/launcher) by extensions ['ignore', 'ignore_ament_install']
[1.267s] Level 1:colcon.colcon_core.package_identification:_identify(sus/mikro_ros_bot-main/ros2_ws/src/launcher) by extension 'ignore'
[1.267s] Level 1:colcon.colcon_core.package_identification:_identify(sus/mikro_ros_bot-main/ros2_ws/src/launcher) by extension 'ignore_ament_install'
[1.267s] Level 1:colcon.colcon_core.package_identification:_identify(sus/mikro_ros_bot-main/ros2_ws/src/launcher) by extensions ['colcon_pkg']
[1.267s] Level 1:colcon.colcon_core.package_identification:_identify(sus/mikro_ros_bot-main/ros2_ws/src/launcher) by extension 'colcon_pkg'
[1.267s] Level 1:colcon.colcon_core.package_identification:_identify(sus/mikro_ros_bot-main/ros2_ws/src/launcher) by extensions ['colcon_meta']
[1.267s] Level 1:colcon.colcon_core.package_identification:_identify(sus/mikro_ros_bot-main/ros2_ws/src/launcher) by extension 'colcon_meta'
[1.267s] Level 1:colcon.colcon_core.package_identification:_identify(sus/mikro_ros_bot-main/ros2_ws/src/launcher) by extensions ['ros']
[1.267s] Level 1:colcon.colcon_core.package_identification:_identify(sus/mikro_ros_bot-main/ros2_ws/src/launcher) by extension 'ros'
[1.268s] DEBUG:colcon.colcon_core.package_identification:Package 'sus/mikro_ros_bot-main/ros2_ws/src/launcher' with type 'ros.ament_python' and name 'launcher'
[1.268s] Level 1:colcon.colcon_core.package_identification:_identify(sus/mikro_ros_bot-main/ros2_ws/src/lidar_node) by extensions ['ignore', 'ignore_ament_install']
[1.269s] Level 1:colcon.colcon_core.package_identification:_identify(sus/mikro_ros_bot-main/ros2_ws/src/lidar_node) by extension 'ignore'
[1.269s] Level 1:colcon.colcon_core.package_identification:_identify(sus/mikro_ros_bot-main/ros2_ws/src/lidar_node) by extension 'ignore_ament_install'
[1.269s] Level 1:colcon.colcon_core.package_identification:_identify(sus/mikro_ros_bot-main/ros2_ws/src/lidar_node) by extensions ['colcon_pkg']
[1.269s] Level 1:colcon.colcon_core.package_identification:_identify(sus/mikro_ros_bot-main/ros2_ws/src/lidar_node) by extension 'colcon_pkg'
[1.269s] Level 1:colcon.colcon_core.package_identification:_identify(sus/mikro_ros_bot-main/ros2_ws/src/lidar_node) by extensions ['colcon_meta']
[1.269s] Level 1:colcon.colcon_core.package_identification:_identify(sus/mikro_ros_bot-main/ros2_ws/src/lidar_node) by extension 'colcon_meta'
[1.269s] Level 1:colcon.colcon_core.package_identification:_identify(sus/mikro_ros_bot-main/ros2_ws/src/lidar_node) by extensions ['ros']
[1.269s] Level 1:colcon.colcon_core.package_identification:_identify(sus/mikro_ros_bot-main/ros2_ws/src/lidar_node) by extension 'ros'
[1.270s] DEBUG:colcon.colcon_core.package_identification:Package 'sus/mikro_ros_bot-main/ros2_ws/src/lidar_node' with type 'ros.ament_python' and name 'lidar_node'
[1.270s] Level 1:colcon.colcon_core.package_identification:_identify(sus/mikro_ros_bot-main/test_code) by extensions ['ignore', 'ignore_ament_install']
[1.270s] Level 1:colcon.colcon_core.package_identification:_identify(sus/mikro_ros_bot-main/test_code) by extension 'ignore'
[1.270s] Level 1:colcon.colcon_core.package_identification:_identify(sus/mikro_ros_bot-main/test_code) by extension 'ignore_ament_install'
[1.270s] Level 1:colcon.colcon_core.package_identification:_identify(sus/mikro_ros_bot-main/test_code) by extensions ['colcon_pkg']
[1.271s] Level 1:colcon.colcon_core.package_identification:_identify(sus/mikro_ros_bot-main/test_code) by extension 'colcon_pkg'
[1.271s] Level 1:colcon.colcon_core.package_identification:_identify(sus/mikro_ros_bot-main/test_code) by extensions ['colcon_meta']
[1.271s] Level 1:colcon.colcon_core.package_identification:_identify(sus/mikro_ros_bot-main/test_code) by extension 'colcon_meta'
[1.271s] Level 1:colcon.colcon_core.package_identification:_identify(sus/mikro_ros_bot-main/test_code) by extensions ['ros']
[1.271s] Level 1:colcon.colcon_core.package_identification:_identify(sus/mikro_ros_bot-main/test_code) by extension 'ros'
[1.271s] Level 1:colcon.colcon_core.package_identification:_identify(sus/mikro_ros_bot-main/test_code) by extensions ['cmake', 'python']
[1.271s] Level 1:colcon.colcon_core.package_identification:_identify(sus/mikro_ros_bot-main/test_code) by extension 'cmake'
[1.271s] Level 1:colcon.colcon_core.package_identification:_identify(sus/mikro_ros_bot-main/test_code) by extension 'python'
[1.271s] Level 1:colcon.colcon_core.package_identification:_identify(sus/mikro_ros_bot-main/test_code) by extensions ['python_setup_py']
[1.271s] Level 1:colcon.colcon_core.package_identification:_identify(sus/mikro_ros_bot-main/test_code) by extension 'python_setup_py'
[1.272s] Level 1:colcon.colcon_core.package_identification:_identify(sus/mikro_ros_bot-main/test_code/encoder_test) by extensions ['ignore', 'ignore_ament_install']
[1.272s] Level 1:colcon.colcon_core.package_identification:_identify(sus/mikro_ros_bot-main/test_code/encoder_test) by extension 'ignore'
[1.272s] Level 1:colcon.colcon_core.package_identification:_identify(sus/mikro_ros_bot-main/test_code/encoder_test) by extension 'ignore_ament_install'
[1.272s] Level 1:colcon.colcon_core.package_identification:_identify(sus/mikro_ros_bot-main/test_code/encoder_test) by extensions ['colcon_pkg']
[1.272s] Level 1:colcon.colcon_core.package_identification:_identify(sus/mikro_ros_bot-main/test_code/encoder_test) by extension 'colcon_pkg'
[1.272s] Level 1:colcon.colcon_core.package_identification:_identify(sus/mikro_ros_bot-main/test_code/encoder_test) by extensions ['colcon_meta']
[1.272s] Level 1:colcon.colcon_core.package_identification:_identify(sus/mikro_ros_bot-main/test_code/encoder_test) by extension 'colcon_meta'
[1.272s] Level 1:colcon.colcon_core.package_identification:_identify(sus/mikro_ros_bot-main/test_code/encoder_test) by extensions ['ros']
[1.272s] Level 1:colcon.colcon_core.package_identification:_identify(sus/mikro_ros_bot-main/test_code/encoder_test) by extension 'ros'
[1.272s] Level 1:colcon.colcon_core.package_identification:_identify(sus/mikro_ros_bot-main/test_code/encoder_test) by extensions ['cmake', 'python']
[1.272s] Level 1:colcon.colcon_core.package_identification:_identify(sus/mikro_ros_bot-main/test_code/encoder_test) by extension 'cmake'
[1.273s] Level 1:colcon.colcon_core.package_identification:_identify(sus/mikro_ros_bot-main/test_code/encoder_test) by extension 'python'
[1.273s] Level 1:colcon.colcon_core.package_identification:_identify(sus/mikro_ros_bot-main/test_code/encoder_test) by extensions ['python_setup_py']
[1.273s] Level 1:colcon.colcon_core.package_identification:_identify(sus/mikro_ros_bot-main/test_code/encoder_test) by extension 'python_setup_py'
[1.273s] Level 1:colcon.colcon_core.package_identification:_identify(sus/mikro_ros_bot-main/test_code/inverse_odometry) by extensions ['ignore', 'ignore_ament_install']
[1.273s] Level 1:colcon.colcon_core.package_identification:_identify(sus/mikro_ros_bot-main/test_code/inverse_odometry) by extension 'ignore'
[1.273s] Level 1:colcon.colcon_core.package_identification:_identify(sus/mikro_ros_bot-main/test_code/inverse_odometry) by extension 'ignore_ament_install'
[1.273s] Level 1:colcon.colcon_core.package_identification:_identify(sus/mikro_ros_bot-main/test_code/inverse_odometry) by extensions ['colcon_pkg']
[1.273s] Level 1:colcon.colcon_core.package_identification:_identify(sus/mikro_ros_bot-main/test_code/inverse_odometry) by extension 'colcon_pkg'
[1.273s] Level 1:colcon.colcon_core.package_identification:_identify(sus/mikro_ros_bot-main/test_code/inverse_odometry) by extensions ['colcon_meta']
[1.273s] Level 1:colcon.colcon_core.package_identification:_identify(sus/mikro_ros_bot-main/test_code/inverse_odometry) by extension 'colcon_meta'
[1.273s] Level 1:colcon.colcon_core.package_identification:_identify(sus/mikro_ros_bot-main/test_code/inverse_odometry) by extensions ['ros']
[1.273s] Level 1:colcon.colcon_core.package_identification:_identify(sus/mikro_ros_bot-main/test_code/inverse_odometry) by extension 'ros'
[1.274s] Level 1:colcon.colcon_core.package_identification:_identify(sus/mikro_ros_bot-main/test_code/inverse_odometry) by extensions ['cmake', 'python']
[1.274s] Level 1:colcon.colcon_core.package_identification:_identify(sus/mikro_ros_bot-main/test_code/inverse_odometry) by extension 'cmake'
[1.274s] Level 1:colcon.colcon_core.package_identification:_identify(sus/mikro_ros_bot-main/test_code/inverse_odometry) by extension 'python'
[1.274s] Level 1:colcon.colcon_core.package_identification:_identify(sus/mikro_ros_bot-main/test_code/inverse_odometry) by extensions ['python_setup_py']
[1.274s] Level 1:colcon.colcon_core.package_identification:_identify(sus/mikro_ros_bot-main/test_code/inverse_odometry) by extension 'python_setup_py'
[1.274s] Level 1:colcon.colcon_core.package_identification:_identify(sus/mikro_ros_bot-main/test_code/inverse_odometry/invod) by extensions ['ignore', 'ignore_ament_install']
[1.274s] Level 1:colcon.colcon_core.package_identification:_identify(sus/mikro_ros_bot-main/test_code/inverse_odometry/invod) by extension 'ignore'
[1.274s] Level 1:colcon.colcon_core.package_identification:_identify(sus/mikro_ros_bot-main/test_code/inverse_odometry/invod) by extension 'ignore_ament_install'
[1.274s] Level 1:colcon.colcon_core.package_identification:_identify(sus/mikro_ros_bot-main/test_code/inverse_odometry/invod) by extensions ['colcon_pkg']
[1.274s] Level 1:colcon.colcon_core.package_identification:_identify(sus/mikro_ros_bot-main/test_code/inverse_odometry/invod) by extension 'colcon_pkg'
[1.274s] Level 1:colcon.colcon_core.package_identification:_identify(sus/mikro_ros_bot-main/test_code/inverse_odometry/invod) by extensions ['colcon_meta']
[1.275s] Level 1:colcon.colcon_core.package_identification:_identify(sus/mikro_ros_bot-main/test_code/inverse_odometry/invod) by extension 'colcon_meta'
[1.275s] Level 1:colcon.colcon_core.package_identification:_identify(sus/mikro_ros_bot-main/test_code/inverse_odometry/invod) by extensions ['ros']
[1.275s] Level 1:colcon.colcon_core.package_identification:_identify(sus/mikro_ros_bot-main/test_code/inverse_odometry/invod) by extension 'ros'
[1.275s] Level 1:colcon.colcon_core.package_identification:_identify(sus/mikro_ros_bot-main/test_code/inverse_odometry/invod) by extensions ['cmake', 'python']
[1.275s] Level 1:colcon.colcon_core.package_identification:_identify(sus/mikro_ros_bot-main/test_code/inverse_odometry/invod) by extension 'cmake'
[1.275s] Level 1:colcon.colcon_core.package_identification:_identify(sus/mikro_ros_bot-main/test_code/inverse_odometry/invod) by extension 'python'
[1.275s] Level 1:colcon.colcon_core.package_identification:_identify(sus/mikro_ros_bot-main/test_code/inverse_odometry/invod) by extensions ['python_setup_py']
[1.275s] Level 1:colcon.colcon_core.package_identification:_identify(sus/mikro_ros_bot-main/test_code/inverse_odometry/invod) by extension 'python_setup_py'
[1.275s] Level 1:colcon.colcon_core.package_identification:_identify(sus/mikro_ros_bot-main/test_code/lidar_test) by extensions ['ignore', 'ignore_ament_install']
[1.275s] Level 1:colcon.colcon_core.package_identification:_identify(sus/mikro_ros_bot-main/test_code/lidar_test) by extension 'ignore'
[1.275s] Level 1:colcon.colcon_core.package_identification:_identify(sus/mikro_ros_bot-main/test_code/lidar_test) by extension 'ignore_ament_install'
[1.276s] Level 1:colcon.colcon_core.package_identification:_identify(sus/mikro_ros_bot-main/test_code/lidar_test) by extensions ['colcon_pkg']
[1.276s] Level 1:colcon.colcon_core.package_identification:_identify(sus/mikro_ros_bot-main/test_code/lidar_test) by extension 'colcon_pkg'
[1.276s] Level 1:colcon.colcon_core.package_identification:_identify(sus/mikro_ros_bot-main/test_code/lidar_test) by extensions ['colcon_meta']
[1.276s] Level 1:colcon.colcon_core.package_identification:_identify(sus/mikro_ros_bot-main/test_code/lidar_test) by extension 'colcon_meta'
[1.276s] Level 1:colcon.colcon_core.package_identification:_identify(sus/mikro_ros_bot-main/test_code/lidar_test) by extensions ['ros']
[1.276s] Level 1:colcon.colcon_core.package_identification:_identify(sus/mikro_ros_bot-main/test_code/lidar_test) by extension 'ros'
[1.276s] Level 1:colcon.colcon_core.package_identification:_identify(sus/mikro_ros_bot-main/test_code/lidar_test) by extensions ['cmake', 'python']
[1.276s] Level 1:colcon.colcon_core.package_identification:_identify(sus/mikro_ros_bot-main/test_code/lidar_test) by extension 'cmake'
[1.276s] Level 1:colcon.colcon_core.package_identification:_identify(sus/mikro_ros_bot-main/test_code/lidar_test) by extension 'python'
[1.277s] Level 1:colcon.colcon_core.package_identification:_identify(sus/mikro_ros_bot-main/test_code/lidar_test) by extensions ['python_setup_py']
[1.277s] Level 1:colcon.colcon_core.package_identification:_identify(sus/mikro_ros_bot-main/test_code/lidar_test) by extension 'python_setup_py'
[1.277s] Level 1:colcon.colcon_core.package_identification:_identify(sus/mikro_ros_bot-main/test_code/lidar_test/lidar_read) by extensions ['ignore', 'ignore_ament_install']
[1.277s] Level 1:colcon.colcon_core.package_identification:_identify(sus/mikro_ros_bot-main/test_code/lidar_test/lidar_read) by extension 'ignore'
[1.277s] Level 1:colcon.colcon_core.package_identification:_identify(sus/mikro_ros_bot-main/test_code/lidar_test/lidar_read) by extension 'ignore_ament_install'
[1.277s] Level 1:colcon.colcon_core.package_identification:_identify(sus/mikro_ros_bot-main/test_code/lidar_test/lidar_read) by extensions ['colcon_pkg']
[1.277s] Level 1:colcon.colcon_core.package_identification:_identify(sus/mikro_ros_bot-main/test_code/lidar_test/lidar_read) by extension 'colcon_pkg'
[1.277s] Level 1:colcon.colcon_core.package_identification:_identify(sus/mikro_ros_bot-main/test_code/lidar_test/lidar_read) by extensions ['colcon_meta']
[1.277s] Level 1:colcon.colcon_core.package_identification:_identify(sus/mikro_ros_bot-main/test_code/lidar_test/lidar_read) by extension 'colcon_meta'
[1.277s] Level 1:colcon.colcon_core.package_identification:_identify(sus/mikro_ros_bot-main/test_code/lidar_test/lidar_read) by extensions ['ros']
[1.277s] Level 1:colcon.colcon_core.package_identification:_identify(sus/mikro_ros_bot-main/test_code/lidar_test/lidar_read) by extension 'ros'
[1.278s] Level 1:colcon.colcon_core.package_identification:_identify(sus/mikro_ros_bot-main/test_code/lidar_test/lidar_read) by extensions ['cmake', 'python']
[1.278s] Level 1:colcon.colcon_core.package_identification:_identify(sus/mikro_ros_bot-main/test_code/lidar_test/lidar_read) by extension 'cmake'
[1.278s] Level 1:colcon.colcon_core.package_identification:_identify(sus/mikro_ros_bot-main/test_code/lidar_test/lidar_read) by extension 'python'
[1.278s] Level 1:colcon.colcon_core.package_identification:_identify(sus/mikro_ros_bot-main/test_code/lidar_test/lidar_read) by extensions ['python_setup_py']
[1.278s] Level 1:colcon.colcon_core.package_identification:_identify(sus/mikro_ros_bot-main/test_code/lidar_test/lidar_read) by extension 'python_setup_py'
[1.278s] Level 1:colcon.colcon_core.package_identification:_identify(sus/mikro_ros_bot-main/test_code/lidar_test/ros2_ws) by extensions ['ignore', 'ignore_ament_install']
[1.278s] Level 1:colcon.colcon_core.package_identification:_identify(sus/mikro_ros_bot-main/test_code/lidar_test/ros2_ws) by extension 'ignore'
[1.278s] Level 1:colcon.colcon_core.package_identification:_identify(sus/mikro_ros_bot-main/test_code/lidar_test/ros2_ws) by extension 'ignore_ament_install'
[1.278s] Level 1:colcon.colcon_core.package_identification:_identify(sus/mikro_ros_bot-main/test_code/lidar_test/ros2_ws) by extensions ['colcon_pkg']
[1.278s] Level 1:colcon.colcon_core.package_identification:_identify(sus/mikro_ros_bot-main/test_code/lidar_test/ros2_ws) by extension 'colcon_pkg'
[1.278s] Level 1:colcon.colcon_core.package_identification:_identify(sus/mikro_ros_bot-main/test_code/lidar_test/ros2_ws) by extensions ['colcon_meta']
[1.278s] Level 1:colcon.colcon_core.package_identification:_identify(sus/mikro_ros_bot-main/test_code/lidar_test/ros2_ws) by extension 'colcon_meta'
[1.279s] Level 1:colcon.colcon_core.package_identification:_identify(sus/mikro_ros_bot-main/test_code/lidar_test/ros2_ws) by extensions ['ros']
[1.279s] Level 1:colcon.colcon_core.package_identification:_identify(sus/mikro_ros_bot-main/test_code/lidar_test/ros2_ws) by extension 'ros'
[1.279s] Level 1:colcon.colcon_core.package_identification:_identify(sus/mikro_ros_bot-main/test_code/lidar_test/ros2_ws) by extensions ['cmake', 'python']
[1.279s] Level 1:colcon.colcon_core.package_identification:_identify(sus/mikro_ros_bot-main/test_code/lidar_test/ros2_ws) by extension 'cmake'
[1.279s] Level 1:colcon.colcon_core.package_identification:_identify(sus/mikro_ros_bot-main/test_code/lidar_test/ros2_ws) by extension 'python'
[1.279s] Level 1:colcon.colcon_core.package_identification:_identify(sus/mikro_ros_bot-main/test_code/lidar_test/ros2_ws) by extensions ['python_setup_py']
[1.279s] Level 1:colcon.colcon_core.package_identification:_identify(sus/mikro_ros_bot-main/test_code/lidar_test/ros2_ws) by extension 'python_setup_py'
[1.279s] Level 1:colcon.colcon_core.package_identification:_identify(sus/mikro_ros_bot-main/test_code/lidar_test/ros2_ws/src) by extensions ['ignore', 'ignore_ament_install']
[1.280s] Level 1:colcon.colcon_core.package_identification:_identify(sus/mikro_ros_bot-main/test_code/lidar_test/ros2_ws/src) by extension 'ignore'
[1.280s] Level 1:colcon.colcon_core.package_identification:_identify(sus/mikro_ros_bot-main/test_code/lidar_test/ros2_ws/src) by extension 'ignore_ament_install'
[1.280s] Level 1:colcon.colcon_core.package_identification:_identify(sus/mikro_ros_bot-main/test_code/lidar_test/ros2_ws/src) by extensions ['colcon_pkg']
[1.280s] Level 1:colcon.colcon_core.package_identification:_identify(sus/mikro_ros_bot-main/test_code/lidar_test/ros2_ws/src) by extension 'colcon_pkg'
[1.280s] Level 1:colcon.colcon_core.package_identification:_identify(sus/mikro_ros_bot-main/test_code/lidar_test/ros2_ws/src) by extensions ['colcon_meta']
[1.280s] Level 1:colcon.colcon_core.package_identification:_identify(sus/mikro_ros_bot-main/test_code/lidar_test/ros2_ws/src) by extension 'colcon_meta'
[1.280s] Level 1:colcon.colcon_core.package_identification:_identify(sus/mikro_ros_bot-main/test_code/lidar_test/ros2_ws/src) by extensions ['ros']
[1.280s] Level 1:colcon.colcon_core.package_identification:_identify(sus/mikro_ros_bot-main/test_code/lidar_test/ros2_ws/src) by extension 'ros'
[1.280s] Level 1:colcon.colcon_core.package_identification:_identify(sus/mikro_ros_bot-main/test_code/lidar_test/ros2_ws/src) by extensions ['cmake', 'python']
[1.280s] Level 1:colcon.colcon_core.package_identification:_identify(sus/mikro_ros_bot-main/test_code/lidar_test/ros2_ws/src) by extension 'cmake'
[1.280s] Level 1:colcon.colcon_core.package_identification:_identify(sus/mikro_ros_bot-main/test_code/lidar_test/ros2_ws/src) by extension 'python'
[1.280s] Level 1:colcon.colcon_core.package_identification:_identify(sus/mikro_ros_bot-main/test_code/lidar_test/ros2_ws/src) by extensions ['python_setup_py']
[1.281s] Level 1:colcon.colcon_core.package_identification:_identify(sus/mikro_ros_bot-main/test_code/lidar_test/ros2_ws/src) by extension 'python_setup_py'
[1.281s] Level 1:colcon.colcon_core.package_identification:_identify(sus/mikro_ros_bot-main/test_code/lidar_test/ros2_ws/src/lidar_read) by extensions ['ignore', 'ignore_ament_install']
[1.281s] Level 1:colcon.colcon_core.package_identification:_identify(sus/mikro_ros_bot-main/test_code/lidar_test/ros2_ws/src/lidar_read) by extension 'ignore'
[1.281s] Level 1:colcon.colcon_core.package_identification:_identify(sus/mikro_ros_bot-main/test_code/lidar_test/ros2_ws/src/lidar_read) by extension 'ignore_ament_install'
[1.281s] Level 1:colcon.colcon_core.package_identification:_identify(sus/mikro_ros_bot-main/test_code/lidar_test/ros2_ws/src/lidar_read) by extensions ['colcon_pkg']
[1.281s] Level 1:colcon.colcon_core.package_identification:_identify(sus/mikro_ros_bot-main/test_code/lidar_test/ros2_ws/src/lidar_read) by extension 'colcon_pkg'
[1.281s] Level 1:colcon.colcon_core.package_identification:_identify(sus/mikro_ros_bot-main/test_code/lidar_test/ros2_ws/src/lidar_read) by extensions ['colcon_meta']
[1.281s] Level 1:colcon.colcon_core.package_identification:_identify(sus/mikro_ros_bot-main/test_code/lidar_test/ros2_ws/src/lidar_read) by extension 'colcon_meta'
[1.282s] Level 1:colcon.colcon_core.package_identification:_identify(sus/mikro_ros_bot-main/test_code/lidar_test/ros2_ws/src/lidar_read) by extensions ['ros']
[1.282s] Level 1:colcon.colcon_core.package_identification:_identify(sus/mikro_ros_bot-main/test_code/lidar_test/ros2_ws/src/lidar_read) by extension 'ros'
[1.283s] DEBUG:colcon.colcon_core.package_identification:Package 'sus/mikro_ros_bot-main/test_code/lidar_test/ros2_ws/src/lidar_read' with type 'ros.ament_python' and name 'lidar_read'
[1.283s] Level 1:colcon.colcon_core.package_identification:_identify(sus/mikro_ros_bot-main/test_code/montor_encoder_websocker) by extensions ['ignore', 'ignore_ament_install']
[1.283s] Level 1:colcon.colcon_core.package_identification:_identify(sus/mikro_ros_bot-main/test_code/montor_encoder_websocker) by extension 'ignore'
[1.283s] Level 1:colcon.colcon_core.package_identification:_identify(sus/mikro_ros_bot-main/test_code/montor_encoder_websocker) by extension 'ignore_ament_install'
[1.283s] Level 1:colcon.colcon_core.package_identification:_identify(sus/mikro_ros_bot-main/test_code/montor_encoder_websocker) by extensions ['colcon_pkg']
[1.283s] Level 1:colcon.colcon_core.package_identification:_identify(sus/mikro_ros_bot-main/test_code/montor_encoder_websocker) by extension 'colcon_pkg'
[1.283s] Level 1:colcon.colcon_core.package_identification:_identify(sus/mikro_ros_bot-main/test_code/montor_encoder_websocker) by extensions ['colcon_meta']
[1.283s] Level 1:colcon.colcon_core.package_identification:_identify(sus/mikro_ros_bot-main/test_code/montor_encoder_websocker) by extension 'colcon_meta'
[1.284s] Level 1:colcon.colcon_core.package_identification:_identify(sus/mikro_ros_bot-main/test_code/montor_encoder_websocker) by extensions ['ros']
[1.284s] Level 1:colcon.colcon_core.package_identification:_identify(sus/mikro_ros_bot-main/test_code/montor_encoder_websocker) by extension 'ros'
[1.284s] Level 1:colcon.colcon_core.package_identification:_identify(sus/mikro_ros_bot-main/test_code/montor_encoder_websocker) by extensions ['cmake', 'python']
[1.284s] Level 1:colcon.colcon_core.package_identification:_identify(sus/mikro_ros_bot-main/test_code/montor_encoder_websocker) by extension 'cmake'
[1.284s] Level 1:colcon.colcon_core.package_identification:_identify(sus/mikro_ros_bot-main/test_code/montor_encoder_websocker) by extension 'python'
[1.284s] Level 1:colcon.colcon_core.package_identification:_identify(sus/mikro_ros_bot-main/test_code/montor_encoder_websocker) by extensions ['python_setup_py']
[1.284s] Level 1:colcon.colcon_core.package_identification:_identify(sus/mikro_ros_bot-main/test_code/montor_encoder_websocker) by extension 'python_setup_py'
[1.284s] Level 1:colcon.colcon_core.package_identification:_identify(sus/mikro_ros_bot-main/test_code/montor_encoder_websocker/pcnt) by extensions ['ignore', 'ignore_ament_install']
[1.284s] Level 1:colcon.colcon_core.package_identification:_identify(sus/mikro_ros_bot-main/test_code/montor_encoder_websocker/pcnt) by extension 'ignore'
[1.284s] Level 1:colcon.colcon_core.package_identification:_identify(sus/mikro_ros_bot-main/test_code/montor_encoder_websocker/pcnt) by extension 'ignore_ament_install'
[1.284s] Level 1:colcon.colcon_core.package_identification:_identify(sus/mikro_ros_bot-main/test_code/montor_encoder_websocker/pcnt) by extensions ['colcon_pkg']
[1.285s] Level 1:colcon.colcon_core.package_identification:_identify(sus/mikro_ros_bot-main/test_code/montor_encoder_websocker/pcnt) by extension 'colcon_pkg'
[1.285s] Level 1:colcon.colcon_core.package_identification:_identify(sus/mikro_ros_bot-main/test_code/montor_encoder_websocker/pcnt) by extensions ['colcon_meta']
[1.285s] Level 1:colcon.colcon_core.package_identification:_identify(sus/mikro_ros_bot-main/test_code/montor_encoder_websocker/pcnt) by extension 'colcon_meta'
[1.285s] Level 1:colcon.colcon_core.package_identification:_identify(sus/mikro_ros_bot-main/test_code/montor_encoder_websocker/pcnt) by extensions ['ros']
[1.285s] Level 1:colcon.colcon_core.package_identification:_identify(sus/mikro_ros_bot-main/test_code/montor_encoder_websocker/pcnt) by extension 'ros'
[1.285s] Level 1:colcon.colcon_core.package_identification:_identify(sus/mikro_ros_bot-main/test_code/montor_encoder_websocker/pcnt) by extensions ['cmake', 'python']
[1.285s] Level 1:colcon.colcon_core.package_identification:_identify(sus/mikro_ros_bot-main/test_code/montor_encoder_websocker/pcnt) by extension 'cmake'
[1.285s] Level 1:colcon.colcon_core.package_identification:_identify(sus/mikro_ros_bot-main/test_code/montor_encoder_websocker/pcnt) by extension 'python'
[1.285s] Level 1:colcon.colcon_core.package_identification:_identify(sus/mikro_ros_bot-main/test_code/montor_encoder_websocker/pcnt) by extensions ['python_setup_py']
[1.285s] Level 1:colcon.colcon_core.package_identification:_identify(sus/mikro_ros_bot-main/test_code/montor_encoder_websocker/pcnt) by extension 'python_setup_py'
[1.286s] Level 1:colcon.colcon_core.package_identification:_identify(sus/mikro_ros_bot-main/test_code/motor_web_test) by extensions ['ignore', 'ignore_ament_install']
[1.286s] Level 1:colcon.colcon_core.package_identification:_identify(sus/mikro_ros_bot-main/test_code/motor_web_test) by extension 'ignore'
[1.286s] Level 1:colcon.colcon_core.package_identification:_identify(sus/mikro_ros_bot-main/test_code/motor_web_test) by extension 'ignore_ament_install'
[1.286s] Level 1:colcon.colcon_core.package_identification:_identify(sus/mikro_ros_bot-main/test_code/motor_web_test) by extensions ['colcon_pkg']
[1.286s] Level 1:colcon.colcon_core.package_identification:_identify(sus/mikro_ros_bot-main/test_code/motor_web_test) by extension 'colcon_pkg'
[1.286s] Level 1:colcon.colcon_core.package_identification:_identify(sus/mikro_ros_bot-main/test_code/motor_web_test) by extensions ['colcon_meta']
[1.286s] Level 1:colcon.colcon_core.package_identification:_identify(sus/mikro_ros_bot-main/test_code/motor_web_test) by extension 'colcon_meta'
[1.286s] Level 1:colcon.colcon_core.package_identification:_identify(sus/mikro_ros_bot-main/test_code/motor_web_test) by extensions ['ros']
[1.286s] Level 1:colcon.colcon_core.package_identification:_identify(sus/mikro_ros_bot-main/test_code/motor_web_test) by extension 'ros'
[1.286s] Level 1:colcon.colcon_core.package_identification:_identify(sus/mikro_ros_bot-main/test_code/motor_web_test) by extensions ['cmake', 'python']
[1.286s] Level 1:colcon.colcon_core.package_identification:_identify(sus/mikro_ros_bot-main/test_code/motor_web_test) by extension 'cmake'
[1.287s] Level 1:colcon.colcon_core.package_identification:_identify(sus/mikro_ros_bot-main/test_code/motor_web_test) by extension 'python'
[1.287s] Level 1:colcon.colcon_core.package_identification:_identify(sus/mikro_ros_bot-main/test_code/motor_web_test) by extensions ['python_setup_py']
[1.287s] Level 1:colcon.colcon_core.package_identification:_identify(sus/mikro_ros_bot-main/test_code/motor_web_test) by extension 'python_setup_py'
[1.287s] Level 1:colcon.colcon_core.package_identification:_identify(sus/mikro_ros_bot-main/test_code/pid_star_star) by extensions ['ignore', 'ignore_ament_install']
[1.287s] Level 1:colcon.colcon_core.package_identification:_identify(sus/mikro_ros_bot-main/test_code/pid_star_star) by extension 'ignore'
[1.287s] Level 1:colcon.colcon_core.package_identification:_identify(sus/mikro_ros_bot-main/test_code/pid_star_star) by extension 'ignore_ament_install'
[1.287s] Level 1:colcon.colcon_core.package_identification:_identify(sus/mikro_ros_bot-main/test_code/pid_star_star) by extensions ['colcon_pkg']
[1.287s] Level 1:colcon.colcon_core.package_identification:_identify(sus/mikro_ros_bot-main/test_code/pid_star_star) by extension 'colcon_pkg'
[1.287s] Level 1:colcon.colcon_core.package_identification:_identify(sus/mikro_ros_bot-main/test_code/pid_star_star) by extensions ['colcon_meta']
[1.288s] Level 1:colcon.colcon_core.package_identification:_identify(sus/mikro_ros_bot-main/test_code/pid_star_star) by extension 'colcon_meta'
[1.288s] Level 1:colcon.colcon_core.package_identification:_identify(sus/mikro_ros_bot-main/test_code/pid_star_star) by extensions ['ros']
[1.288s] Level 1:colcon.colcon_core.package_identification:_identify(sus/mikro_ros_bot-main/test_code/pid_star_star) by extension 'ros'
[1.288s] Level 1:colcon.colcon_core.package_identification:_identify(sus/mikro_ros_bot-main/test_code/pid_star_star) by extensions ['cmake', 'python']
[1.288s] Level 1:colcon.colcon_core.package_identification:_identify(sus/mikro_ros_bot-main/test_code/pid_star_star) by extension 'cmake'
[1.288s] Level 1:colcon.colcon_core.package_identification:_identify(sus/mikro_ros_bot-main/test_code/pid_star_star) by extension 'python'
[1.288s] Level 1:colcon.colcon_core.package_identification:_identify(sus/mikro_ros_bot-main/test_code/pid_star_star) by extensions ['python_setup_py']
[1.288s] Level 1:colcon.colcon_core.package_identification:_identify(sus/mikro_ros_bot-main/test_code/pid_star_star) by extension 'python_setup_py'
[1.288s] Level 1:colcon.colcon_core.package_identification:_identify(sus/mikro_ros_bot-main/test_code/pid_star_star/pid) by extensions ['ignore', 'ignore_ament_install']
[1.288s] Level 1:colcon.colcon_core.package_identification:_identify(sus/mikro_ros_bot-main/test_code/pid_star_star/pid) by extension 'ignore'
[1.289s] Level 1:colcon.colcon_core.package_identification:_identify(sus/mikro_ros_bot-main/test_code/pid_star_star/pid) by extension 'ignore_ament_install'
[1.289s] Level 1:colcon.colcon_core.package_identification:_identify(sus/mikro_ros_bot-main/test_code/pid_star_star/pid) by extensions ['colcon_pkg']
[1.289s] Level 1:colcon.colcon_core.package_identification:_identify(sus/mikro_ros_bot-main/test_code/pid_star_star/pid) by extension 'colcon_pkg'
[1.289s] Level 1:colcon.colcon_core.package_identification:_identify(sus/mikro_ros_bot-main/test_code/pid_star_star/pid) by extensions ['colcon_meta']
[1.289s] Level 1:colcon.colcon_core.package_identification:_identify(sus/mikro_ros_bot-main/test_code/pid_star_star/pid) by extension 'colcon_meta'
[1.289s] Level 1:colcon.colcon_core.package_identification:_identify(sus/mikro_ros_bot-main/test_code/pid_star_star/pid) by extensions ['ros']
[1.289s] Level 1:colcon.colcon_core.package_identification:_identify(sus/mikro_ros_bot-main/test_code/pid_star_star/pid) by extension 'ros'
[1.289s] Level 1:colcon.colcon_core.package_identification:_identify(sus/mikro_ros_bot-main/test_code/pid_star_star/pid) by extensions ['cmake', 'python']
[1.289s] Level 1:colcon.colcon_core.package_identification:_identify(sus/mikro_ros_bot-main/test_code/pid_star_star/pid) by extension 'cmake'
[1.289s] Level 1:colcon.colcon_core.package_identification:_identify(sus/mikro_ros_bot-main/test_code/pid_star_star/pid) by extension 'python'
[1.289s] Level 1:colcon.colcon_core.package_identification:_identify(sus/mikro_ros_bot-main/test_code/pid_star_star/pid) by extensions ['python_setup_py']
[1.289s] Level 1:colcon.colcon_core.package_identification:_identify(sus/mikro_ros_bot-main/test_code/pid_star_star/pid) by extension 'python_setup_py'
[1.290s] Level 1:colcon.colcon_core.package_discovery:discover_packages(recursive) using defaults
[1.290s] Level 1:colcon.colcon_core.package_discovery:discover_packages(ignore) discover
[1.290s] Level 1:colcon.colcon_core.package_discovery:discover_packages(ignore) using defaults
[1.290s] Level 1:colcon.colcon_core.package_discovery:discover_packages(path) discover
[1.290s] Level 1:colcon.colcon_core.package_discovery:discover_packages(path) using defaults
[1.418s] Level 5:colcon.colcon_core.verb:set package 'esp_miniBot' build argument 'cmake_args' from command line to 'None'
[1.418s] Level 5:colcon.colcon_core.verb:set package 'esp_miniBot' build argument 'cmake_target' from command line to 'None'
[1.418s] Level 5:colcon.colcon_core.verb:set package 'esp_miniBot' build argument 'cmake_target_skip_unavailable' from command line to 'False'
[1.419s] Level 5:colcon.colcon_core.verb:set package 'esp_miniBot' build argument 'cmake_clean_cache' from command line to 'False'
[1.419s] Level 5:colcon.colcon_core.verb:set package 'esp_miniBot' build argument 'cmake_clean_first' from command line to 'False'
[1.419s] Level 5:colcon.colcon_core.verb:set package 'esp_miniBot' build argument 'cmake_force_configure' from command line to 'False'
[1.419s] Level 5:colcon.colcon_core.verb:set package 'esp_miniBot' build argument 'ament_cmake_args' from command line to 'None'
[1.419s] Level 5:colcon.colcon_core.verb:set package 'esp_miniBot' build argument 'catkin_cmake_args' from command line to 'None'
[1.419s] Level 5:colcon.colcon_core.verb:set package 'esp_miniBot' build argument 'catkin_skip_building_tests' from command line to 'False'
[1.419s] DEBUG:colcon.colcon_core.verb:Building package 'esp_miniBot' with the following arguments: {'ament_cmake_args': None, 'build_base': '/home/petr/ros2_ws/build/esp_miniBot', 'catkin_cmake_args': None, 'catkin_skip_building_tests': False, 'cmake_args': None, 'cmake_clean_cache': False, 'cmake_clean_first': False, 'cmake_force_configure': False, 'cmake_target': None, 'cmake_target_skip_unavailable': False, 'install_base': '/home/petr/ros2_ws/install/esp_miniBot', 'merge_install': False, 'path': '/home/petr/ros2_ws/src/esp_miniBot', 'symlink_install': False, 'test_result_base': None}
[1.419s] Level 5:colcon.colcon_core.verb:set package 'esp_talker' build argument 'cmake_args' from command line to 'None'
[1.420s] Level 5:colcon.colcon_core.verb:set package 'esp_talker' build argument 'cmake_target' from command line to 'None'
[1.420s] Level 5:colcon.colcon_core.verb:set package 'esp_talker' build argument 'cmake_target_skip_unavailable' from command line to 'False'
[1.420s] Level 5:colcon.colcon_core.verb:set package 'esp_talker' build argument 'cmake_clean_cache' from command line to 'False'
[1.420s] Level 5:colcon.colcon_core.verb:set package 'esp_talker' build argument 'cmake_clean_first' from command line to 'False'
[1.420s] Level 5:colcon.colcon_core.verb:set package 'esp_talker' build argument 'cmake_force_configure' from command line to 'False'
[1.420s] Level 5:colcon.colcon_core.verb:set package 'esp_talker' build argument 'ament_cmake_args' from command line to 'None'
[1.420s] Level 5:colcon.colcon_core.verb:set package 'esp_talker' build argument 'catkin_cmake_args' from command line to 'None'
[1.420s] Level 5:colcon.colcon_core.verb:set package 'esp_talker' build argument 'catkin_skip_building_tests' from command line to 'False'
[1.420s] DEBUG:colcon.colcon_core.verb:Building package 'esp_talker' with the following arguments: {'ament_cmake_args': None, 'build_base': '/home/petr/ros2_ws/build/esp_talker', 'catkin_cmake_args': None, 'catkin_skip_building_tests': False, 'cmake_args': None, 'cmake_clean_cache': False, 'cmake_clean_first': False, 'cmake_force_configure': False, 'cmake_target': None, 'cmake_target_skip_unavailable': False, 'install_base': '/home/petr/ros2_ws/install/esp_talker', 'merge_install': False, 'path': '/home/petr/ros2_ws/sus/mikro_ros_bot-main/ros2_ws/src/esp_talker', 'symlink_install': False, 'test_result_base': None}
[1.420s] Level 5:colcon.colcon_core.verb:set package 'image_sender' build argument 'cmake_args' from command line to 'None'
[1.420s] Level 5:colcon.colcon_core.verb:set package 'image_sender' build argument 'cmake_target' from command line to 'None'
[1.420s] Level 5:colcon.colcon_core.verb:set package 'image_sender' build argument 'cmake_target_skip_unavailable' from command line to 'False'
[1.421s] Level 5:colcon.colcon_core.verb:set package 'image_sender' build argument 'cmake_clean_cache' from command line to 'False'
[1.421s] Level 5:colcon.colcon_core.verb:set package 'image_sender' build argument 'cmake_clean_first' from command line to 'False'
[1.421s] Level 5:colcon.colcon_core.verb:set package 'image_sender' build argument 'cmake_force_configure' from command line to 'False'
[1.421s] Level 5:colcon.colcon_core.verb:set package 'image_sender' build argument 'ament_cmake_args' from command line to 'None'
[1.421s] Level 5:colcon.colcon_core.verb:set package 'image_sender' build argument 'catkin_cmake_args' from command line to 'None'
[1.421s] Level 5:colcon.colcon_core.verb:set package 'image_sender' build argument 'catkin_skip_building_tests' from command line to 'False'
[1.421s] DEBUG:colcon.colcon_core.verb:Building package 'image_sender' with the following arguments: {'ament_cmake_args': None, 'build_base': '/home/petr/ros2_ws/build/image_sender', 'catkin_cmake_args': None, 'catkin_skip_building_tests': False, 'cmake_args': None, 'cmake_clean_cache': False, 'cmake_clean_first': False, 'cmake_force_configure': False, 'cmake_target': None, 'cmake_target_skip_unavailable': False, 'install_base': '/home/petr/ros2_ws/install/image_sender', 'merge_install': False, 'path': '/home/petr/ros2_ws/src/image_sender', 'symlink_install': False, 'test_result_base': None}
[1.422s] Level 5:colcon.colcon_core.verb:set package 'launcher' build argument 'cmake_args' from command line to 'None'
[1.422s] Level 5:colcon.colcon_core.verb:set package 'launcher' build argument 'cmake_target' from command line to 'None'
[1.422s] Level 5:colcon.colcon_core.verb:set package 'launcher' build argument 'cmake_target_skip_unavailable' from command line to 'False'
[1.422s] Level 5:colcon.colcon_core.verb:set package 'launcher' build argument 'cmake_clean_cache' from command line to 'False'
[1.422s] Level 5:colcon.colcon_core.verb:set package 'launcher' build argument 'cmake_clean_first' from command line to 'False'
[1.422s] Level 5:colcon.colcon_core.verb:set package 'launcher' build argument 'cmake_force_configure' from command line to 'False'
[1.422s] Level 5:colcon.colcon_core.verb:set package 'launcher' build argument 'ament_cmake_args' from command line to 'None'
[1.422s] Level 5:colcon.colcon_core.verb:set package 'launcher' build argument 'catkin_cmake_args' from command line to 'None'
[1.422s] Level 5:colcon.colcon_core.verb:set package 'launcher' build argument 'catkin_skip_building_tests' from command line to 'False'
[1.422s] DEBUG:colcon.colcon_core.verb:Building package 'launcher' with the following arguments: {'ament_cmake_args': None, 'build_base': '/home/petr/ros2_ws/build/launcher', 'catkin_cmake_args': None, 'catkin_skip_building_tests': False, 'cmake_args': None, 'cmake_clean_cache': False, 'cmake_clean_first': False, 'cmake_force_configure': False, 'cmake_target': None, 'cmake_target_skip_unavailable': False, 'install_base': '/home/petr/ros2_ws/install/launcher', 'merge_install': False, 'path': '/home/petr/ros2_ws/sus/mikro_ros_bot-main/ros2_ws/src/launcher', 'symlink_install': False, 'test_result_base': None}
[1.423s] Level 5:colcon.colcon_core.verb:set package 'lidar_node' build argument 'cmake_args' from command line to 'None'
[1.423s] Level 5:colcon.colcon_core.verb:set package 'lidar_node' build argument 'cmake_target' from command line to 'None'
[1.423s] Level 5:colcon.colcon_core.verb:set package 'lidar_node' build argument 'cmake_target_skip_unavailable' from command line to 'False'
[1.423s] Level 5:colcon.colcon_core.verb:set package 'lidar_node' build argument 'cmake_clean_cache' from command line to 'False'
[1.423s] Level 5:colcon.colcon_core.verb:set package 'lidar_node' build argument 'cmake_clean_first' from command line to 'False'
[1.423s] Level 5:colcon.colcon_core.verb:set package 'lidar_node' build argument 'cmake_force_configure' from command line to 'False'
[1.423s] Level 5:colcon.colcon_core.verb:set package 'lidar_node' build argument 'ament_cmake_args' from command line to 'None'
[1.423s] Level 5:colcon.colcon_core.verb:set package 'lidar_node' build argument 'catkin_cmake_args' from command line to 'None'
[1.423s] Level 5:colcon.colcon_core.verb:set package 'lidar_node' build argument 'catkin_skip_building_tests' from command line to 'False'
[1.423s] DEBUG:colcon.colcon_core.verb:Building package 'lidar_node' with the following arguments: {'ament_cmake_args': None, 'build_base': '/home/petr/ros2_ws/build/lidar_node', 'catkin_cmake_args': None, 'catkin_skip_building_tests': False, 'cmake_args': None, 'cmake_clean_cache': False, 'cmake_clean_first': False, 'cmake_force_configure': False, 'cmake_target': None, 'cmake_target_skip_unavailable': False, 'install_base': '/home/petr/ros2_ws/install/lidar_node', 'merge_install': False, 'path': '/home/petr/ros2_ws/sus/mikro_ros_bot-main/ros2_ws/src/lidar_node', 'symlink_install': False, 'test_result_base': None}
[1.424s] Level 5:colcon.colcon_core.verb:set package 'lidar_read' build argument 'cmake_args' from command line to 'None'
[1.424s] Level 5:colcon.colcon_core.verb:set package 'lidar_read' build argument 'cmake_target' from command line to 'None'
[1.424s] Level 5:colcon.colcon_core.verb:set package 'lidar_read' build argument 'cmake_target_skip_unavailable' from command line to 'False'
[1.424s] Level 5:colcon.colcon_core.verb:set package 'lidar_read' build argument 'cmake_clean_cache' from command line to 'False'
[1.424s] Level 5:colcon.colcon_core.verb:set package 'lidar_read' build argument 'cmake_clean_first' from command line to 'False'
[1.424s] Level 5:colcon.colcon_core.verb:set package 'lidar_read' build argument 'cmake_force_configure' from command line to 'False'
[1.424s] Level 5:colcon.colcon_core.verb:set package 'lidar_read' build argument 'ament_cmake_args' from command line to 'None'
[1.424s] Level 5:colcon.colcon_core.verb:set package 'lidar_read' build argument 'catkin_cmake_args' from command line to 'None'
[1.424s] Level 5:colcon.colcon_core.verb:set package 'lidar_read' build argument 'catkin_skip_building_tests' from command line to 'False'
[1.424s] DEBUG:colcon.colcon_core.verb:Building package 'lidar_read' with the following arguments: {'ament_cmake_args': None, 'build_base': '/home/petr/ros2_ws/build/lidar_read', 'catkin_cmake_args': None, 'catkin_skip_building_tests': False, 'cmake_args': None, 'cmake_clean_cache': False, 'cmake_clean_first': False, 'cmake_force_configure': False, 'cmake_target': None, 'cmake_target_skip_unavailable': False, 'install_base': '/home/petr/ros2_ws/install/lidar_read', 'merge_install': False, 'path': '/home/petr/ros2_ws/sus/mikro_ros_bot-main/test_code/lidar_test/ros2_ws/src/lidar_read', 'symlink_install': False, 'test_result_base': None}
[1.425s] Level 5:colcon.colcon_core.verb:set package 'web_joystick' build argument 'cmake_args' from command line to 'None'
[1.425s] Level 5:colcon.colcon_core.verb:set package 'web_joystick' build argument 'cmake_target' from command line to 'None'
[1.425s] Level 5:colcon.colcon_core.verb:set package 'web_joystick' build argument 'cmake_target_skip_unavailable' from command line to 'False'
[1.425s] Level 5:colcon.colcon_core.verb:set package 'web_joystick' build argument 'cmake_clean_cache' from command line to 'False'
[1.425s] Level 5:colcon.colcon_core.verb:set package 'web_joystick' build argument 'cmake_clean_first' from command line to 'False'
[1.425s] Level 5:colcon.colcon_core.verb:set package 'web_joystick' build argument 'cmake_force_configure' from command line to 'False'
[1.425s] Level 5:colcon.colcon_core.verb:set package 'web_joystick' build argument 'ament_cmake_args' from command line to 'None'
[1.425s] Level 5:colcon.colcon_core.verb:set package 'web_joystick' build argument 'catkin_cmake_args' from command line to 'None'
[1.425s] Level 5:colcon.colcon_core.verb:set package 'web_joystick' build argument 'catkin_skip_building_tests' from command line to 'False'
[1.425s] DEBUG:colcon.colcon_core.verb:Building package 'web_joystick' with the following arguments: {'ament_cmake_args': None, 'build_base': '/home/petr/ros2_ws/build/web_joystick', 'catkin_cmake_args': None, 'catkin_skip_building_tests': False, 'cmake_args': None, 'cmake_clean_cache': False, 'cmake_clean_first': False, 'cmake_force_configure': False, 'cmake_target': None, 'cmake_target_skip_unavailable': False, 'install_base': '/home/petr/ros2_ws/install/web_joystick', 'merge_install': False, 'path': '/home/petr/ros2_ws/src/web_joystick', 'symlink_install': False, 'test_result_base': None}
[1.425s] INFO:colcon.colcon_core.executor:Executing jobs using 'parallel' executor
[1.427s] DEBUG:colcon.colcon_parallel_executor.executor.parallel:run_until_complete
[1.428s] INFO:colcon.colcon_ros.task.ament_python.build:Building ROS package in '/home/petr/ros2_ws/src/esp_miniBot' with build type 'ament_python'
[1.428s] Level 1:colcon.colcon_core.shell:create_environment_hook('esp_miniBot', 'ament_prefix_path')
[1.441s] INFO:colcon.colcon_core.plugin_system:Skipping extension 'colcon_core.shell.bat': Not used on non-Windows systems
[1.441s] INFO:colcon.colcon_core.shell:Creating environment hook '/home/petr/ros2_ws/install/esp_miniBot/share/esp_miniBot/hook/ament_prefix_path.ps1'
[1.443s] INFO:colcon.colcon_core.shell:Creating environment descriptor '/home/petr/ros2_ws/install/esp_miniBot/share/esp_miniBot/hook/ament_prefix_path.dsv'
[1.444s] INFO:colcon.colcon_core.shell:Creating environment hook '/home/petr/ros2_ws/install/esp_miniBot/share/esp_miniBot/hook/ament_prefix_path.sh'
[1.445s] INFO:colcon.colcon_core.shell:Skip shell extension 'powershell' for command environment: Not usable outside of PowerShell
[1.445s] DEBUG:colcon.colcon_core.shell:Skip shell extension 'dsv' for command environment
[1.498s] INFO:colcon.colcon_ros.task.ament_python.build:Building ROS package in '/home/petr/ros2_ws/sus/mikro_ros_bot-main/ros2_ws/src/esp_talker' with build type 'ament_python'
[1.498s] Level 1:colcon.colcon_core.shell:create_environment_hook('esp_talker', 'ament_prefix_path')
[1.499s] INFO:colcon.colcon_core.shell:Creating environment hook '/home/petr/ros2_ws/install/esp_talker/share/esp_talker/hook/ament_prefix_path.ps1'
[1.500s] INFO:colcon.colcon_core.shell:Creating environment descriptor '/home/petr/ros2_ws/install/esp_talker/share/esp_talker/hook/ament_prefix_path.dsv'
[1.501s] INFO:colcon.colcon_core.shell:Creating environment hook '/home/petr/ros2_ws/install/esp_talker/share/esp_talker/hook/ament_prefix_path.sh'
[1.502s] INFO:colcon.colcon_core.shell:Skip shell extension 'powershell' for command environment: Not usable outside of PowerShell
[1.502s] DEBUG:colcon.colcon_core.shell:Skip shell extension 'dsv' for command environment
[1.547s] INFO:colcon.colcon_ros.task.ament_python.build:Building ROS package in '/home/petr/ros2_ws/src/image_sender' with build type 'ament_python'
[1.547s] Level 1:colcon.colcon_core.shell:create_environment_hook('image_sender', 'ament_prefix_path')
[1.547s] INFO:colcon.colcon_core.shell:Creating environment hook '/home/petr/ros2_ws/install/image_sender/share/image_sender/hook/ament_prefix_path.ps1'
[1.549s] INFO:colcon.colcon_core.shell:Creating environment descriptor '/home/petr/ros2_ws/install/image_sender/share/image_sender/hook/ament_prefix_path.dsv'
[1.549s] INFO:colcon.colcon_core.shell:Creating environment hook '/home/petr/ros2_ws/install/image_sender/share/image_sender/hook/ament_prefix_path.sh'
[1.551s] INFO:colcon.colcon_core.shell:Skip shell extension 'powershell' for command environment: Not usable outside of PowerShell
[1.551s] DEBUG:colcon.colcon_core.shell:Skip shell extension 'dsv' for command environment
[1.594s] INFO:colcon.colcon_ros.task.ament_python.build:Building ROS package in '/home/petr/ros2_ws/sus/mikro_ros_bot-main/ros2_ws/src/launcher' with build type 'ament_python'
[1.594s] Level 1:colcon.colcon_core.shell:create_environment_hook('launcher', 'ament_prefix_path')
[1.595s] INFO:colcon.colcon_core.shell:Creating environment hook '/home/petr/ros2_ws/install/launcher/share/launcher/hook/ament_prefix_path.ps1'
[1.597s] INFO:colcon.colcon_core.shell:Creating environment descriptor '/home/petr/ros2_ws/install/launcher/share/launcher/hook/ament_prefix_path.dsv'
[1.598s] INFO:colcon.colcon_core.shell:Creating environment hook '/home/petr/ros2_ws/install/launcher/share/launcher/hook/ament_prefix_path.sh'
[1.599s] INFO:colcon.colcon_core.shell:Skip shell extension 'powershell' for command environment: Not usable outside of PowerShell
[1.599s] DEBUG:colcon.colcon_core.shell:Skip shell extension 'dsv' for command environment
[1.643s] INFO:colcon.colcon_ros.task.ament_python.build:Building ROS package in '/home/petr/ros2_ws/sus/mikro_ros_bot-main/ros2_ws/src/lidar_node' with build type 'ament_python'
[1.643s] Level 1:colcon.colcon_core.shell:create_environment_hook('lidar_node', 'ament_prefix_path')
[1.644s] INFO:colcon.colcon_core.shell:Creating environment hook '/home/petr/ros2_ws/install/lidar_node/share/lidar_node/hook/ament_prefix_path.ps1'
[1.645s] INFO:colcon.colcon_core.shell:Creating environment descriptor '/home/petr/ros2_ws/install/lidar_node/share/lidar_node/hook/ament_prefix_path.dsv'
[1.646s] INFO:colcon.colcon_core.shell:Creating environment hook '/home/petr/ros2_ws/install/lidar_node/share/lidar_node/hook/ament_prefix_path.sh'
[1.647s] INFO:colcon.colcon_core.shell:Skip shell extension 'powershell' for command environment: Not usable outside of PowerShell
[1.647s] DEBUG:colcon.colcon_core.shell:Skip shell extension 'dsv' for command environment
[1.691s] INFO:colcon.colcon_ros.task.ament_python.build:Building ROS package in '/home/petr/ros2_ws/sus/mikro_ros_bot-main/test_code/lidar_test/ros2_ws/src/lidar_read' with build type 'ament_python'
[1.692s] Level 1:colcon.colcon_core.shell:create_environment_hook('lidar_read', 'ament_prefix_path')
[1.692s] INFO:colcon.colcon_core.shell:Creating environment hook '/home/petr/ros2_ws/install/lidar_read/share/lidar_read/hook/ament_prefix_path.ps1'
[1.694s] INFO:colcon.colcon_core.shell:Creating environment descriptor '/home/petr/ros2_ws/install/lidar_read/share/lidar_read/hook/ament_prefix_path.dsv'
[1.694s] INFO:colcon.colcon_core.shell:Creating environment hook '/home/petr/ros2_ws/install/lidar_read/share/lidar_read/hook/ament_prefix_path.sh'
[1.696s] INFO:colcon.colcon_core.shell:Skip shell extension 'powershell' for command environment: Not usable outside of PowerShell
[1.696s] DEBUG:colcon.colcon_core.shell:Skip shell extension 'dsv' for command environment
[2.801s] INFO:colcon.colcon_core.task.python.build:Building Python package in '/home/petr/ros2_ws/src/esp_miniBot'
[2.802s] INFO:colcon.colcon_core.shell:Skip shell extension 'powershell' for command environment: Not usable outside of PowerShell
[2.802s] DEBUG:colcon.colcon_core.shell:Skip shell extension 'dsv' for command environment
[3.936s] INFO:colcon.colcon_core.task.python.build:Building Python package in '/home/petr/ros2_ws/sus/mikro_ros_bot-main/ros2_ws/src/esp_talker'
[3.937s] INFO:colcon.colcon_core.shell:Skip shell extension 'powershell' for command environment: Not usable outside of PowerShell
[3.937s] DEBUG:colcon.colcon_core.shell:Skip shell extension 'dsv' for command environment
[5.038s] INFO:colcon.colcon_core.task.python.build:Building Python package in '/home/petr/ros2_ws/src/image_sender'
[5.039s] INFO:colcon.colcon_core.shell:Skip shell extension 'powershell' for command environment: Not usable outside of PowerShell
[5.039s] DEBUG:colcon.colcon_core.shell:Skip shell extension 'dsv' for command environment
[6.121s] INFO:colcon.colcon_core.task.python.build:Building Python package in '/home/petr/ros2_ws/sus/mikro_ros_bot-main/ros2_ws/src/launcher'
[6.122s] INFO:colcon.colcon_core.shell:Skip shell extension 'powershell' for command environment: Not usable outside of PowerShell
[6.122s] DEBUG:colcon.colcon_core.shell:Skip shell extension 'dsv' for command environment
[7.222s] INFO:colcon.colcon_core.task.python.build:Building Python package in '/home/petr/ros2_ws/sus/mikro_ros_bot-main/ros2_ws/src/lidar_node'
[7.222s] INFO:colcon.colcon_core.shell:Skip shell extension 'powershell' for command environment: Not usable outside of PowerShell
[7.222s] DEBUG:colcon.colcon_core.shell:Skip shell extension 'dsv' for command environment
[7.991s] DEBUG:colcon.colcon_parallel_executor.executor.parallel:run_until_complete was interrupted
[7.991s] DEBUG:colcon.colcon_parallel_executor.executor.parallel:run_until_complete again
[8.004s] DEBUG:colcon.colcon_parallel_executor.executor.parallel:run_until_complete finished
[8.004s] DEBUG:colcon.colcon_parallel_executor.executor.parallel:closing loop
[8.004s] DEBUG:colcon.colcon_parallel_executor.executor.parallel:loop closed
[8.004s] DEBUG:colcon.colcon_core.event_reactor:joining thread
[8.016s] INFO:colcon.colcon_core.plugin_system:Skipping extension 'colcon_notification.desktop_notification.notify2': 'notify2' not found
[8.016s] INFO:colcon.colcon_core.plugin_system:Skipping extension 'colcon_notification.desktop_notification.terminal_notifier': Not used on non-Darwin systems
[8.017s] INFO:colcon.colcon_core.plugin_system:Skipping extension 'colcon_notification.desktop_notification.win32': Not used on non-Windows systems
[8.017s] INFO:colcon.colcon_notification.desktop_notification:Sending desktop notification using 'notify_send'
[8.040s] DEBUG:colcon.colcon_core.event_reactor:joined thread
[8.041s] INFO:colcon.colcon_core.shell:Creating prefix script '/home/petr/ros2_ws/install/local_setup.ps1'
[8.043s] INFO:colcon.colcon_core.shell:Creating prefix util module '/home/petr/ros2_ws/install/_local_setup_util_ps1.py'
[8.046s] INFO:colcon.colcon_core.shell:Creating prefix chain script '/home/petr/ros2_ws/install/setup.ps1'
[8.070s] INFO:colcon.colcon_core.shell:Creating prefix script '/home/petr/ros2_ws/install/local_setup.sh'
[8.071s] INFO:colcon.colcon_core.shell:Creating prefix util module '/home/petr/ros2_ws/install/_local_setup_util_sh.py'
[8.073s] INFO:colcon.colcon_core.shell:Creating prefix chain script '/home/petr/ros2_ws/install/setup.sh'
[8.096s] INFO:colcon.colcon_core.shell:Creating prefix script '/home/petr/ros2_ws/install/local_setup.bash'
[8.097s] INFO:colcon.colcon_core.shell:Creating prefix chain script '/home/petr/ros2_ws/install/setup.bash'
[8.118s] INFO:colcon.colcon_core.shell:Creating prefix script '/home/petr/ros2_ws/install/local_setup.zsh'
[8.119s] INFO:colcon.colcon_core.shell:Creating prefix chain script '/home/petr/ros2_ws/install/setup.zsh'
