[5.763s] Invoking command in '/run/media/petr/5328350c-c733-4a2b-be90-55e5afb96d13/ros2_ws/src/image_stream': DEBUGINFOD_URLS=https://debuginfod.archlinux.org PYTHONPATH=/run/media/petr/5328350c-c733-4a2b-be90-55e5afb96d13/ros2_ws/build/image_stream/prefix_override:/home/petr/.local/lib/python3.11/site-packages/colcon_core/task/python/colcon_distutils_commands:/run/media/petr/5328350c-c733-4a2b-be90-55e5afb96d13/ros2_ws/install/image_stream/lib/python3.11/site-packages:${PYTHONPATH} _=/usr/bin/env /usr/bin/python -W ignore:setup.py install is deprecated -W ignore:easy_install command is deprecated setup.py egg_info --egg-base ../../build/image_stream build --build-base /run/media/petr/5328350c-c733-4a2b-be90-55e5afb96d13/ros2_ws/build/image_stream/build install --record /run/media/petr/5328350c-c733-4a2b-be90-55e5afb96d13/ros2_ws/build/image_stream/install.log --single-version-externally-managed install_data
[6.808s] running egg_info
[6.809s] writing ../../build/image_stream/image_stream.egg-info/PKG-INFO
[6.809s] writing dependency_links to ../../build/image_stream/image_stream.egg-info/dependency_links.txt
[6.810s] writing entry points to ../../build/image_stream/image_stream.egg-info/entry_points.txt
[6.810s] writing requirements to ../../build/image_stream/image_stream.egg-info/requires.txt
[6.810s] writing top-level names to ../../build/image_stream/image_stream.egg-info/top_level.txt
[6.814s] reading manifest file '../../build/image_stream/image_stream.egg-info/SOURCES.txt'
[6.815s] writing manifest file '../../build/image_stream/image_stream.egg-info/SOURCES.txt'
[6.817s] running build
[6.817s] running build_py
[6.819s] running install
[6.819s] running install_lib
[6.825s] running install_data
[6.826s] running install_egg_info
[6.834s] removing '/run/media/petr/5328350c-c733-4a2b-be90-55e5afb96d13/ros2_ws/install/image_stream/lib/python3.11/site-packages/image_stream-0.0.0-py3.11.egg-info' (and everything under it)
[6.834s] Copying ../../build/image_stream/image_stream.egg-info to /run/media/petr/5328350c-c733-4a2b-be90-55e5afb96d13/ros2_ws/install/image_stream/lib/python3.11/site-packages/image_stream-0.0.0-py3.11.egg-info
[6.836s] running install_scripts
[6.922s] Installing read_image script to /run/media/petr/5328350c-c733-4a2b-be90-55e5afb96d13/ros2_ws/install/image_stream/lib/image_stream
[6.998s] Installing send_image script to /run/media/petr/5328350c-c733-4a2b-be90-55e5afb96d13/ros2_ws/install/image_stream/lib/image_stream
[7.016s] writing list of installed files to '/run/media/petr/5328350c-c733-4a2b-be90-55e5afb96d13/ros2_ws/build/image_stream/install.log'
[7.098s] Invoked command in '/run/media/petr/5328350c-c733-4a2b-be90-55e5afb96d13/ros2_ws/src/image_stream' returned '0': DEBUGINFOD_URLS=https://debuginfod.archlinux.org PYTHONPATH=/run/media/petr/5328350c-c733-4a2b-be90-55e5afb96d13/ros2_ws/build/image_stream/prefix_override:/home/petr/.local/lib/python3.11/site-packages/colcon_core/task/python/colcon_distutils_commands:/run/media/petr/5328350c-c733-4a2b-be90-55e5afb96d13/ros2_ws/install/image_stream/lib/python3.11/site-packages:${PYTHONPATH} _=/usr/bin/env /usr/bin/python -W ignore:setup.py install is deprecated -W ignore:easy_install command is deprecated setup.py egg_info --egg-base ../../build/image_stream build --build-base /run/media/petr/5328350c-c733-4a2b-be90-55e5afb96d13/ros2_ws/build/image_stream/build install --record /run/media/petr/5328350c-c733-4a2b-be90-55e5afb96d13/ros2_ws/build/image_stream/install.log --single-version-externally-managed install_data
