[1.711s] Invoking command in '/mnt/ros2_ws/src/image_stream': DEBUGINFOD_URLS=https://debuginfod.ubuntu.com PYTHONPATH=/mnt/ros2_ws/build/image_stream/prefix_override:/usr/lib/python3/dist-packages/colcon_core/task/python/colcon_distutils_commands:/mnt/ros2_ws/install/image_stream/lib/python3.12/site-packages:${PYTHONPATH} /usr/bin/python3 -W ignore:setup.py install is deprecated -W ignore:easy_install command is deprecated setup.py egg_info --egg-base ../../build/image_stream build --build-base /mnt/ros2_ws/build/image_stream/build install --record /mnt/ros2_ws/build/image_stream/install.log --single-version-externally-managed install_data
[2.182s] running egg_info
[2.217s] writing ../../build/image_stream/image_stream.egg-info/PKG-INFO
[2.218s] writing dependency_links to ../../build/image_stream/image_stream.egg-info/dependency_links.txt
[2.219s] writing entry points to ../../build/image_stream/image_stream.egg-info/entry_points.txt
[2.219s] writing requirements to ../../build/image_stream/image_stream.egg-info/requires.txt
[2.219s] writing top-level names to ../../build/image_stream/image_stream.egg-info/top_level.txt
[2.291s] reading manifest file '../../build/image_stream/image_stream.egg-info/SOURCES.txt'
[2.292s] writing manifest file '../../build/image_stream/image_stream.egg-info/SOURCES.txt'
[2.292s] running build
[2.293s] running build_py
[2.294s] copying image_stream/image_to_socket_node.py -> /mnt/ros2_ws/build/image_stream/build/lib/image_stream
[2.294s] running install
[2.313s] running install_lib
[2.349s] copying /mnt/ros2_ws/build/image_stream/build/lib/image_stream/image_to_socket_node.py -> /mnt/ros2_ws/install/image_stream/lib/python3.12/site-packages/image_stream
[2.349s] byte-compiling /mnt/ros2_ws/install/image_stream/lib/python3.12/site-packages/image_stream/image_to_socket_node.py to image_to_socket_node.cpython-312.pyc
[2.351s] running install_data
[2.351s] running install_egg_info
[2.420s] removing '/mnt/ros2_ws/install/image_stream/lib/python3.12/site-packages/image_stream-0.0.0-py3.12.egg-info' (and everything under it)
[2.421s] Copying ../../build/image_stream/image_stream.egg-info to /mnt/ros2_ws/install/image_stream/lib/python3.12/site-packages/image_stream-0.0.0-py3.12.egg-info
[2.422s] running install_scripts
[2.638s] Installing read_image script to /mnt/ros2_ws/install/image_stream/lib/image_stream
[2.638s] Installing send_image script to /mnt/ros2_ws/install/image_stream/lib/image_stream
[2.639s] writing list of installed files to '/mnt/ros2_ws/build/image_stream/install.log'
[2.677s] Invoked command in '/mnt/ros2_ws/src/image_stream' returned '0': DEBUGINFOD_URLS=https://debuginfod.ubuntu.com PYTHONPATH=/mnt/ros2_ws/build/image_stream/prefix_override:/usr/lib/python3/dist-packages/colcon_core/task/python/colcon_distutils_commands:/mnt/ros2_ws/install/image_stream/lib/python3.12/site-packages:${PYTHONPATH} /usr/bin/python3 -W ignore:setup.py install is deprecated -W ignore:easy_install command is deprecated setup.py egg_info --egg-base ../../build/image_stream build --build-base /mnt/ros2_ws/build/image_stream/build install --record /mnt/ros2_ws/build/image_stream/install.log --single-version-externally-managed install_data
