[0.654s] DEBUG:colcon:Command line arguments: ['/usr/bin/colcon', 'build']
[0.654s] DEBUG:colcon:Parsed command line arguments: Namespace(log_base=None, log_level=None, verb_name='build', build_base='build', install_base='install', merge_install=False, symlink_install=False, test_result_base=None, continue_on_error=False, executor='parallel', parallel_workers=6, event_handlers=None, ignore_user_meta=False, metas=['./colcon.meta'], base_paths=['.'], packages_ignore=None, packages_ignore_regex=None, paths=None, packages_up_to=None, packages_up_to_regex=None, packages_above=None, packages_above_and_dependencies=None, packages_above_depth=None, packages_select_by_dep=None, packages_skip_by_dep=None, packages_skip_up_to=None, packages_select_build_failed=False, packages_skip_build_finished=False, packages_select_test_failures=False, packages_skip_test_passed=False, packages_select=None, packages_skip=None, packages_select_regex=None, packages_skip_regex=None, packages_start=None, packages_end=None, cmake_args=None, cmake_target=None, cmake_target_skip_unavailable=False, cmake_clean_cache=False, cmake_clean_first=False, cmake_force_configure=False, ament_cmake_args=None, catkin_cmake_args=None, catkin_skip_building_tests=False, verb_parser=<colcon_defaults.argument_parser.defaults.DefaultArgumentsDecorator object at 0x7fea56b8f250>, verb_extension=<colcon_core.verb.build.BuildVerb object at 0x7fea55fc5c50>, main=<bound method BuildVerb.main of <colcon_core.verb.build.BuildVerb object at 0x7fea55fc5c50>>)
[1.057s] Level 1:colcon.colcon_core.package_discovery:discover_packages(colcon_meta) check parameters
[1.057s] Level 1:colcon.colcon_core.package_discovery:discover_packages(recursive) check parameters
[1.057s] Level 1:colcon.colcon_core.package_discovery:discover_packages(ignore) check parameters
[1.057s] Level 1:colcon.colcon_core.package_discovery:discover_packages(path) check parameters
[1.057s] Level 1:colcon.colcon_core.package_discovery:discover_packages(colcon_meta) discover
[1.057s] Level 1:colcon.colcon_core.package_discovery:discover_packages(recursive) discover
[1.058s] INFO:colcon.colcon_core.package_discovery:Crawling recursively for packages in '/run/media/petr/5328350c-c733-4a2b-be90-55e5afb96d13/ros2_ws'
[1.058s] Level 1:colcon.colcon_core.package_identification:_identify(.) by extensions ['ignore', 'ignore_ament_install']
[1.058s] Level 1:colcon.colcon_core.package_identification:_identify(.) by extension 'ignore'
[1.058s] Level 1:colcon.colcon_core.package_identification:_identify(.) by extension 'ignore_ament_install'
[1.058s] Level 1:colcon.colcon_core.package_identification:_identify(.) by extensions ['colcon_pkg']
[1.058s] Level 1:colcon.colcon_core.package_identification:_identify(.) by extension 'colcon_pkg'
[1.058s] Level 1:colcon.colcon_core.package_identification:_identify(.) by extensions ['colcon_meta']
[1.058s] Level 1:colcon.colcon_core.package_identification:_identify(.) by extension 'colcon_meta'
[1.058s] Level 1:colcon.colcon_core.package_identification:_identify(.) by extensions ['ros']
[1.058s] Level 1:colcon.colcon_core.package_identification:_identify(.) by extension 'ros'
[1.115s] Level 1:colcon.colcon_core.package_identification:_identify(.) by extensions ['cmake', 'python']
[1.115s] Level 1:colcon.colcon_core.package_identification:_identify(.) by extension 'cmake'
[1.115s] Level 1:colcon.colcon_core.package_identification:_identify(.) by extension 'python'
[1.115s] Level 1:colcon.colcon_core.package_identification:_identify(.) by extensions ['python_setup_py']
[1.115s] Level 1:colcon.colcon_core.package_identification:_identify(.) by extension 'python_setup_py'
[1.116s] Level 1:colcon.colcon_core.package_identification:_identify(build) by extensions ['ignore', 'ignore_ament_install']
[1.116s] Level 1:colcon.colcon_core.package_identification:_identify(build) by extension 'ignore'
[1.116s] Level 1:colcon.colcon_core.package_identification:_identify(build) ignored
[1.116s] Level 1:colcon.colcon_core.package_identification:_identify(install) by extensions ['ignore', 'ignore_ament_install']
[1.116s] Level 1:colcon.colcon_core.package_identification:_identify(install) by extension 'ignore'
[1.116s] Level 1:colcon.colcon_core.package_identification:_identify(install) ignored
[1.116s] Level 1:colcon.colcon_core.package_identification:_identify(log) by extensions ['ignore', 'ignore_ament_install']
[1.116s] Level 1:colcon.colcon_core.package_identification:_identify(log) by extension 'ignore'
[1.117s] Level 1:colcon.colcon_core.package_identification:_identify(log) ignored
[1.117s] Level 1:colcon.colcon_core.package_identification:_identify(src) by extensions ['ignore', 'ignore_ament_install']
[1.117s] Level 1:colcon.colcon_core.package_identification:_identify(src) by extension 'ignore'
[1.117s] Level 1:colcon.colcon_core.package_identification:_identify(src) by extension 'ignore_ament_install'
[1.117s] Level 1:colcon.colcon_core.package_identification:_identify(src) by extensions ['colcon_pkg']
[1.117s] Level 1:colcon.colcon_core.package_identification:_identify(src) by extension 'colcon_pkg'
[1.117s] Level 1:colcon.colcon_core.package_identification:_identify(src) by extensions ['colcon_meta']
[1.117s] Level 1:colcon.colcon_core.package_identification:_identify(src) by extension 'colcon_meta'
[1.117s] Level 1:colcon.colcon_core.package_identification:_identify(src) by extensions ['ros']
[1.117s] Level 1:colcon.colcon_core.package_identification:_identify(src) by extension 'ros'
[1.117s] Level 1:colcon.colcon_core.package_identification:_identify(src) by extensions ['cmake', 'python']
[1.117s] Level 1:colcon.colcon_core.package_identification:_identify(src) by extension 'cmake'
[1.117s] Level 1:colcon.colcon_core.package_identification:_identify(src) by extension 'python'
[1.117s] Level 1:colcon.colcon_core.package_identification:_identify(src) by extensions ['python_setup_py']
[1.117s] Level 1:colcon.colcon_core.package_identification:_identify(src) by extension 'python_setup_py'
[1.118s] Level 1:colcon.colcon_core.package_identification:_identify(src/build) by extensions ['ignore', 'ignore_ament_install']
[1.118s] Level 1:colcon.colcon_core.package_identification:_identify(src/build) by extension 'ignore'
[1.118s] Level 1:colcon.colcon_core.package_identification:_identify(src/build) ignored
[1.118s] Level 1:colcon.colcon_core.package_identification:_identify(src/esp32_bridge) by extensions ['ignore', 'ignore_ament_install']
[1.118s] Level 1:colcon.colcon_core.package_identification:_identify(src/esp32_bridge) by extension 'ignore'
[1.118s] Level 1:colcon.colcon_core.package_identification:_identify(src/esp32_bridge) by extension 'ignore_ament_install'
[1.118s] Level 1:colcon.colcon_core.package_identification:_identify(src/esp32_bridge) by extensions ['colcon_pkg']
[1.118s] Level 1:colcon.colcon_core.package_identification:_identify(src/esp32_bridge) by extension 'colcon_pkg'
[1.118s] Level 1:colcon.colcon_core.package_identification:_identify(src/esp32_bridge) by extensions ['colcon_meta']
[1.118s] Level 1:colcon.colcon_core.package_identification:_identify(src/esp32_bridge) by extension 'colcon_meta'
[1.118s] Level 1:colcon.colcon_core.package_identification:_identify(src/esp32_bridge) by extensions ['ros']
[1.118s] Level 1:colcon.colcon_core.package_identification:_identify(src/esp32_bridge) by extension 'ros'
[1.123s] DEBUG:colcon.colcon_core.package_identification:Package 'src/esp32_bridge' with type 'ros.ament_python' and name 'esp32_bridge'
[1.123s] Level 1:colcon.colcon_core.package_identification:_identify(src/esp_miniBot) by extensions ['ignore', 'ignore_ament_install']
[1.123s] Level 1:colcon.colcon_core.package_identification:_identify(src/esp_miniBot) by extension 'ignore'
[1.123s] Level 1:colcon.colcon_core.package_identification:_identify(src/esp_miniBot) by extension 'ignore_ament_install'
[1.123s] Level 1:colcon.colcon_core.package_identification:_identify(src/esp_miniBot) by extensions ['colcon_pkg']
[1.123s] Level 1:colcon.colcon_core.package_identification:_identify(src/esp_miniBot) by extension 'colcon_pkg'
[1.123s] Level 1:colcon.colcon_core.package_identification:_identify(src/esp_miniBot) by extensions ['colcon_meta']
[1.123s] Level 1:colcon.colcon_core.package_identification:_identify(src/esp_miniBot) by extension 'colcon_meta'
[1.124s] Level 1:colcon.colcon_core.package_identification:_identify(src/esp_miniBot) by extensions ['ros']
[1.124s] Level 1:colcon.colcon_core.package_identification:_identify(src/esp_miniBot) by extension 'ros'
[1.125s] DEBUG:colcon.colcon_core.package_identification:Package 'src/esp_miniBot' with type 'ros.ament_python' and name 'esp_miniBot'
[1.125s] Level 1:colcon.colcon_core.package_identification:_identify(src/image_stream) by extensions ['ignore', 'ignore_ament_install']
[1.125s] Level 1:colcon.colcon_core.package_identification:_identify(src/image_stream) by extension 'ignore'
[1.125s] Level 1:colcon.colcon_core.package_identification:_identify(src/image_stream) by extension 'ignore_ament_install'
[1.125s] Level 1:colcon.colcon_core.package_identification:_identify(src/image_stream) by extensions ['colcon_pkg']
[1.125s] Level 1:colcon.colcon_core.package_identification:_identify(src/image_stream) by extension 'colcon_pkg'
[1.125s] Level 1:colcon.colcon_core.package_identification:_identify(src/image_stream) by extensions ['colcon_meta']
[1.125s] Level 1:colcon.colcon_core.package_identification:_identify(src/image_stream) by extension 'colcon_meta'
[1.125s] Level 1:colcon.colcon_core.package_identification:_identify(src/image_stream) by extensions ['ros']
[1.125s] Level 1:colcon.colcon_core.package_identification:_identify(src/image_stream) by extension 'ros'
[1.126s] DEBUG:colcon.colcon_core.package_identification:Package 'src/image_stream' with type 'ros.ament_python' and name 'image_stream'
[1.126s] Level 1:colcon.colcon_core.package_identification:_identify(src/install) by extensions ['ignore', 'ignore_ament_install']
[1.127s] Level 1:colcon.colcon_core.package_identification:_identify(src/install) by extension 'ignore'
[1.127s] Level 1:colcon.colcon_core.package_identification:_identify(src/install) ignored
[1.127s] Level 1:colcon.colcon_core.package_identification:_identify(src/log) by extensions ['ignore', 'ignore_ament_install']
[1.127s] Level 1:colcon.colcon_core.package_identification:_identify(src/log) by extension 'ignore'
[1.127s] Level 1:colcon.colcon_core.package_identification:_identify(src/log) ignored
[1.127s] Level 1:colcon.colcon_core.package_identification:_identify(src/web_joystick) by extensions ['ignore', 'ignore_ament_install']
[1.127s] Level 1:colcon.colcon_core.package_identification:_identify(src/web_joystick) by extension 'ignore'
[1.127s] Level 1:colcon.colcon_core.package_identification:_identify(src/web_joystick) by extension 'ignore_ament_install'
[1.127s] Level 1:colcon.colcon_core.package_identification:_identify(src/web_joystick) by extensions ['colcon_pkg']
[1.127s] Level 1:colcon.colcon_core.package_identification:_identify(src/web_joystick) by extension 'colcon_pkg'
[1.127s] Level 1:colcon.colcon_core.package_identification:_identify(src/web_joystick) by extensions ['colcon_meta']
[1.127s] Level 1:colcon.colcon_core.package_identification:_identify(src/web_joystick) by extension 'colcon_meta'
[1.128s] Level 1:colcon.colcon_core.package_identification:_identify(src/web_joystick) by extensions ['ros']
[1.128s] Level 1:colcon.colcon_core.package_identification:_identify(src/web_joystick) by extension 'ros'
[1.129s] DEBUG:colcon.colcon_core.package_identification:Package 'src/web_joystick' with type 'ros.ament_python' and name 'web_joystick'
[1.129s] Level 1:colcon.colcon_core.package_discovery:discover_packages(recursive) using defaults
[1.129s] Level 1:colcon.colcon_core.package_discovery:discover_packages(ignore) discover
[1.129s] Level 1:colcon.colcon_core.package_discovery:discover_packages(ignore) using defaults
[1.129s] Level 1:colcon.colcon_core.package_discovery:discover_packages(path) discover
[1.129s] Level 1:colcon.colcon_core.package_discovery:discover_packages(path) using defaults
[1.248s] Level 5:colcon.colcon_core.verb:set package 'esp32_bridge' build argument 'cmake_args' from command line to 'None'
[1.248s] Level 5:colcon.colcon_core.verb:set package 'esp32_bridge' build argument 'cmake_target' from command line to 'None'
[1.248s] Level 5:colcon.colcon_core.verb:set package 'esp32_bridge' build argument 'cmake_target_skip_unavailable' from command line to 'False'
[1.248s] Level 5:colcon.colcon_core.verb:set package 'esp32_bridge' build argument 'cmake_clean_cache' from command line to 'False'
[1.248s] Level 5:colcon.colcon_core.verb:set package 'esp32_bridge' build argument 'cmake_clean_first' from command line to 'False'
[1.248s] Level 5:colcon.colcon_core.verb:set package 'esp32_bridge' build argument 'cmake_force_configure' from command line to 'False'
[1.248s] Level 5:colcon.colcon_core.verb:set package 'esp32_bridge' build argument 'ament_cmake_args' from command line to 'None'
[1.248s] Level 5:colcon.colcon_core.verb:set package 'esp32_bridge' build argument 'catkin_cmake_args' from command line to 'None'
[1.248s] Level 5:colcon.colcon_core.verb:set package 'esp32_bridge' build argument 'catkin_skip_building_tests' from command line to 'False'
[1.248s] DEBUG:colcon.colcon_core.verb:Building package 'esp32_bridge' with the following arguments: {'ament_cmake_args': None, 'build_base': '/run/media/petr/5328350c-c733-4a2b-be90-55e5afb96d13/ros2_ws/build/esp32_bridge', 'catkin_cmake_args': None, 'catkin_skip_building_tests': False, 'cmake_args': None, 'cmake_clean_cache': False, 'cmake_clean_first': False, 'cmake_force_configure': False, 'cmake_target': None, 'cmake_target_skip_unavailable': False, 'install_base': '/run/media/petr/5328350c-c733-4a2b-be90-55e5afb96d13/ros2_ws/install/esp32_bridge', 'merge_install': False, 'path': '/run/media/petr/5328350c-c733-4a2b-be90-55e5afb96d13/ros2_ws/src/esp32_bridge', 'symlink_install': False, 'test_result_base': None}
[1.249s] Level 5:colcon.colcon_core.verb:set package 'esp_miniBot' build argument 'cmake_args' from command line to 'None'
[1.249s] Level 5:colcon.colcon_core.verb:set package 'esp_miniBot' build argument 'cmake_target' from command line to 'None'
[1.249s] Level 5:colcon.colcon_core.verb:set package 'esp_miniBot' build argument 'cmake_target_skip_unavailable' from command line to 'False'
[1.249s] Level 5:colcon.colcon_core.verb:set package 'esp_miniBot' build argument 'cmake_clean_cache' from command line to 'False'
[1.249s] Level 5:colcon.colcon_core.verb:set package 'esp_miniBot' build argument 'cmake_clean_first' from command line to 'False'
[1.249s] Level 5:colcon.colcon_core.verb:set package 'esp_miniBot' build argument 'cmake_force_configure' from command line to 'False'
[1.249s] Level 5:colcon.colcon_core.verb:set package 'esp_miniBot' build argument 'ament_cmake_args' from command line to 'None'
[1.249s] Level 5:colcon.colcon_core.verb:set package 'esp_miniBot' build argument 'catkin_cmake_args' from command line to 'None'
[1.249s] Level 5:colcon.colcon_core.verb:set package 'esp_miniBot' build argument 'catkin_skip_building_tests' from command line to 'False'
[1.249s] DEBUG:colcon.colcon_core.verb:Building package 'esp_miniBot' with the following arguments: {'ament_cmake_args': None, 'build_base': '/run/media/petr/5328350c-c733-4a2b-be90-55e5afb96d13/ros2_ws/build/esp_miniBot', 'catkin_cmake_args': None, 'catkin_skip_building_tests': False, 'cmake_args': None, 'cmake_clean_cache': False, 'cmake_clean_first': False, 'cmake_force_configure': False, 'cmake_target': None, 'cmake_target_skip_unavailable': False, 'install_base': '/run/media/petr/5328350c-c733-4a2b-be90-55e5afb96d13/ros2_ws/install/esp_miniBot', 'merge_install': False, 'path': '/run/media/petr/5328350c-c733-4a2b-be90-55e5afb96d13/ros2_ws/src/esp_miniBot', 'symlink_install': False, 'test_result_base': None}
[1.250s] Level 5:colcon.colcon_core.verb:set package 'image_stream' build argument 'cmake_args' from command line to 'None'
[1.250s] Level 5:colcon.colcon_core.verb:set package 'image_stream' build argument 'cmake_target' from command line to 'None'
[1.250s] Level 5:colcon.colcon_core.verb:set package 'image_stream' build argument 'cmake_target_skip_unavailable' from command line to 'False'
[1.250s] Level 5:colcon.colcon_core.verb:set package 'image_stream' build argument 'cmake_clean_cache' from command line to 'False'
[1.250s] Level 5:colcon.colcon_core.verb:set package 'image_stream' build argument 'cmake_clean_first' from command line to 'False'
[1.250s] Level 5:colcon.colcon_core.verb:set package 'image_stream' build argument 'cmake_force_configure' from command line to 'False'
[1.250s] Level 5:colcon.colcon_core.verb:set package 'image_stream' build argument 'ament_cmake_args' from command line to 'None'
[1.250s] Level 5:colcon.colcon_core.verb:set package 'image_stream' build argument 'catkin_cmake_args' from command line to 'None'
[1.250s] Level 5:colcon.colcon_core.verb:set package 'image_stream' build argument 'catkin_skip_building_tests' from command line to 'False'
[1.250s] DEBUG:colcon.colcon_core.verb:Building package 'image_stream' with the following arguments: {'ament_cmake_args': None, 'build_base': '/run/media/petr/5328350c-c733-4a2b-be90-55e5afb96d13/ros2_ws/build/image_stream', 'catkin_cmake_args': None, 'catkin_skip_building_tests': False, 'cmake_args': None, 'cmake_clean_cache': False, 'cmake_clean_first': False, 'cmake_force_configure': False, 'cmake_target': None, 'cmake_target_skip_unavailable': False, 'install_base': '/run/media/petr/5328350c-c733-4a2b-be90-55e5afb96d13/ros2_ws/install/image_stream', 'merge_install': False, 'path': '/run/media/petr/5328350c-c733-4a2b-be90-55e5afb96d13/ros2_ws/src/image_stream', 'symlink_install': False, 'test_result_base': None}
[1.251s] Level 5:colcon.colcon_core.verb:set package 'web_joystick' build argument 'cmake_args' from command line to 'None'
[1.251s] Level 5:colcon.colcon_core.verb:set package 'web_joystick' build argument 'cmake_target' from command line to 'None'
[1.251s] Level 5:colcon.colcon_core.verb:set package 'web_joystick' build argument 'cmake_target_skip_unavailable' from command line to 'False'
[1.251s] Level 5:colcon.colcon_core.verb:set package 'web_joystick' build argument 'cmake_clean_cache' from command line to 'False'
[1.251s] Level 5:colcon.colcon_core.verb:set package 'web_joystick' build argument 'cmake_clean_first' from command line to 'False'
[1.251s] Level 5:colcon.colcon_core.verb:set package 'web_joystick' build argument 'cmake_force_configure' from command line to 'False'
[1.251s] Level 5:colcon.colcon_core.verb:set package 'web_joystick' build argument 'ament_cmake_args' from command line to 'None'
[1.251s] Level 5:colcon.colcon_core.verb:set package 'web_joystick' build argument 'catkin_cmake_args' from command line to 'None'
[1.251s] Level 5:colcon.colcon_core.verb:set package 'web_joystick' build argument 'catkin_skip_building_tests' from command line to 'False'
[1.251s] DEBUG:colcon.colcon_core.verb:Building package 'web_joystick' with the following arguments: {'ament_cmake_args': None, 'build_base': '/run/media/petr/5328350c-c733-4a2b-be90-55e5afb96d13/ros2_ws/build/web_joystick', 'catkin_cmake_args': None, 'catkin_skip_building_tests': False, 'cmake_args': None, 'cmake_clean_cache': False, 'cmake_clean_first': False, 'cmake_force_configure': False, 'cmake_target': None, 'cmake_target_skip_unavailable': False, 'install_base': '/run/media/petr/5328350c-c733-4a2b-be90-55e5afb96d13/ros2_ws/install/web_joystick', 'merge_install': False, 'path': '/run/media/petr/5328350c-c733-4a2b-be90-55e5afb96d13/ros2_ws/src/web_joystick', 'symlink_install': False, 'test_result_base': None}
[1.252s] INFO:colcon.colcon_core.executor:Executing jobs using 'parallel' executor
[1.253s] DEBUG:colcon.colcon_parallel_executor.executor.parallel:run_until_complete
[1.254s] INFO:colcon.colcon_ros.task.ament_python.build:Building ROS package in '/run/media/petr/5328350c-c733-4a2b-be90-55e5afb96d13/ros2_ws/src/esp32_bridge' with build type 'ament_python'
[1.254s] Level 1:colcon.colcon_core.shell:create_environment_hook('esp32_bridge', 'ament_prefix_path')
[1.267s] INFO:colcon.colcon_core.plugin_system:Skipping extension 'colcon_core.shell.bat': Not used on non-Windows systems
[1.267s] INFO:colcon.colcon_core.shell:Creating environment hook '/run/media/petr/5328350c-c733-4a2b-be90-55e5afb96d13/ros2_ws/install/esp32_bridge/share/esp32_bridge/hook/ament_prefix_path.ps1'
[1.268s] INFO:colcon.colcon_core.shell:Creating environment descriptor '/run/media/petr/5328350c-c733-4a2b-be90-55e5afb96d13/ros2_ws/install/esp32_bridge/share/esp32_bridge/hook/ament_prefix_path.dsv'
[1.269s] INFO:colcon.colcon_core.shell:Creating environment hook '/run/media/petr/5328350c-c733-4a2b-be90-55e5afb96d13/ros2_ws/install/esp32_bridge/share/esp32_bridge/hook/ament_prefix_path.sh'
[1.270s] INFO:colcon.colcon_core.shell:Skip shell extension 'powershell' for command environment: Not usable outside of PowerShell
[1.270s] DEBUG:colcon.colcon_core.shell:Skip shell extension 'dsv' for command environment
[1.315s] INFO:colcon.colcon_ros.task.ament_python.build:Building ROS package in '/run/media/petr/5328350c-c733-4a2b-be90-55e5afb96d13/ros2_ws/src/esp_miniBot' with build type 'ament_python'
[1.315s] Level 1:colcon.colcon_core.shell:create_environment_hook('esp_miniBot', 'ament_prefix_path')
[1.315s] INFO:colcon.colcon_core.shell:Creating environment hook '/run/media/petr/5328350c-c733-4a2b-be90-55e5afb96d13/ros2_ws/install/esp_miniBot/share/esp_miniBot/hook/ament_prefix_path.ps1'
[1.316s] INFO:colcon.colcon_core.shell:Creating environment descriptor '/run/media/petr/5328350c-c733-4a2b-be90-55e5afb96d13/ros2_ws/install/esp_miniBot/share/esp_miniBot/hook/ament_prefix_path.dsv'
[1.319s] INFO:colcon.colcon_core.shell:Creating environment hook '/run/media/petr/5328350c-c733-4a2b-be90-55e5afb96d13/ros2_ws/install/esp_miniBot/share/esp_miniBot/hook/ament_prefix_path.sh'
[1.323s] INFO:colcon.colcon_core.shell:Skip shell extension 'powershell' for command environment: Not usable outside of PowerShell
[1.323s] DEBUG:colcon.colcon_core.shell:Skip shell extension 'dsv' for command environment
[1.366s] INFO:colcon.colcon_ros.task.ament_python.build:Building ROS package in '/run/media/petr/5328350c-c733-4a2b-be90-55e5afb96d13/ros2_ws/src/image_stream' with build type 'ament_python'
[1.367s] Level 1:colcon.colcon_core.shell:create_environment_hook('image_stream', 'ament_prefix_path')
[1.367s] INFO:colcon.colcon_core.shell:Creating environment hook '/run/media/petr/5328350c-c733-4a2b-be90-55e5afb96d13/ros2_ws/install/image_stream/share/image_stream/hook/ament_prefix_path.ps1'
[1.368s] INFO:colcon.colcon_core.shell:Creating environment descriptor '/run/media/petr/5328350c-c733-4a2b-be90-55e5afb96d13/ros2_ws/install/image_stream/share/image_stream/hook/ament_prefix_path.dsv'
[1.370s] INFO:colcon.colcon_core.shell:Creating environment hook '/run/media/petr/5328350c-c733-4a2b-be90-55e5afb96d13/ros2_ws/install/image_stream/share/image_stream/hook/ament_prefix_path.sh'
[1.375s] INFO:colcon.colcon_core.shell:Skip shell extension 'powershell' for command environment: Not usable outside of PowerShell
[1.375s] DEBUG:colcon.colcon_core.shell:Skip shell extension 'dsv' for command environment
[1.416s] INFO:colcon.colcon_ros.task.ament_python.build:Building ROS package in '/run/media/petr/5328350c-c733-4a2b-be90-55e5afb96d13/ros2_ws/src/web_joystick' with build type 'ament_python'
[1.416s] Level 1:colcon.colcon_core.shell:create_environment_hook('web_joystick', 'ament_prefix_path')
[1.416s] INFO:colcon.colcon_core.shell:Creating environment hook '/run/media/petr/5328350c-c733-4a2b-be90-55e5afb96d13/ros2_ws/install/web_joystick/share/web_joystick/hook/ament_prefix_path.ps1'
[1.417s] INFO:colcon.colcon_core.shell:Creating environment descriptor '/run/media/petr/5328350c-c733-4a2b-be90-55e5afb96d13/ros2_ws/install/web_joystick/share/web_joystick/hook/ament_prefix_path.dsv'
[1.418s] INFO:colcon.colcon_core.shell:Creating environment hook '/run/media/petr/5328350c-c733-4a2b-be90-55e5afb96d13/ros2_ws/install/web_joystick/share/web_joystick/hook/ament_prefix_path.sh'
[1.419s] INFO:colcon.colcon_core.shell:Skip shell extension 'powershell' for command environment: Not usable outside of PowerShell
[1.419s] DEBUG:colcon.colcon_core.shell:Skip shell extension 'dsv' for command environment
[2.494s] INFO:colcon.colcon_core.task.python.build:Building Python package in '/run/media/petr/5328350c-c733-4a2b-be90-55e5afb96d13/ros2_ws/src/esp32_bridge'
[2.494s] INFO:colcon.colcon_core.shell:Skip shell extension 'powershell' for command environment: Not usable outside of PowerShell
[2.494s] DEBUG:colcon.colcon_core.shell:Skip shell extension 'dsv' for command environment
[3.548s] INFO:colcon.colcon_core.task.python.build:Building Python package in '/run/media/petr/5328350c-c733-4a2b-be90-55e5afb96d13/ros2_ws/src/esp_miniBot'
[3.548s] INFO:colcon.colcon_core.shell:Skip shell extension 'powershell' for command environment: Not usable outside of PowerShell
[3.549s] DEBUG:colcon.colcon_core.shell:Skip shell extension 'dsv' for command environment
[4.593s] INFO:colcon.colcon_core.task.python.build:Building Python package in '/run/media/petr/5328350c-c733-4a2b-be90-55e5afb96d13/ros2_ws/src/image_stream'
[4.594s] INFO:colcon.colcon_core.shell:Skip shell extension 'powershell' for command environment: Not usable outside of PowerShell
[4.594s] DEBUG:colcon.colcon_core.shell:Skip shell extension 'dsv' for command environment
[5.645s] INFO:colcon.colcon_core.task.python.build:Building Python package in '/run/media/petr/5328350c-c733-4a2b-be90-55e5afb96d13/ros2_ws/src/web_joystick'
[5.645s] INFO:colcon.colcon_core.shell:Skip shell extension 'powershell' for command environment: Not usable outside of PowerShell
[5.645s] DEBUG:colcon.colcon_core.shell:Skip shell extension 'dsv' for command environment
[7.113s] DEBUG:colcon.colcon_core.event_handler.log_command:Invoking command in '/run/media/petr/5328350c-c733-4a2b-be90-55e5afb96d13/ros2_ws/src/esp32_bridge': DEBUGINFOD_URLS=https://debuginfod.archlinux.org PYTHONPATH=/run/media/petr/5328350c-c733-4a2b-be90-55e5afb96d13/ros2_ws/build/esp32_bridge/prefix_override:/home/petr/.local/lib/python3.11/site-packages/colcon_core/task/python/colcon_distutils_commands:/run/media/petr/5328350c-c733-4a2b-be90-55e5afb96d13/ros2_ws/install/esp32_bridge/lib/python3.11/site-packages:${PYTHONPATH} _=/usr/bin/env /usr/bin/python -W ignore:setup.py install is deprecated -W ignore:easy_install command is deprecated setup.py egg_info --egg-base ../../build/esp32_bridge build --build-base /run/media/petr/5328350c-c733-4a2b-be90-55e5afb96d13/ros2_ws/build/esp32_bridge/build install --record /run/media/petr/5328350c-c733-4a2b-be90-55e5afb96d13/ros2_ws/build/esp32_bridge/install.log --single-version-externally-managed install_data
[7.130s] DEBUG:colcon.colcon_core.event_handler.log_command:Invoking command in '/run/media/petr/5328350c-c733-4a2b-be90-55e5afb96d13/ros2_ws/src/image_stream': DEBUGINFOD_URLS=https://debuginfod.archlinux.org PYTHONPATH=/run/media/petr/5328350c-c733-4a2b-be90-55e5afb96d13/ros2_ws/build/image_stream/prefix_override:/home/petr/.local/lib/python3.11/site-packages/colcon_core/task/python/colcon_distutils_commands:/run/media/petr/5328350c-c733-4a2b-be90-55e5afb96d13/ros2_ws/install/image_stream/lib/python3.11/site-packages:${PYTHONPATH} _=/usr/bin/env /usr/bin/python -W ignore:setup.py install is deprecated -W ignore:easy_install command is deprecated setup.py egg_info --egg-base ../../build/image_stream build --build-base /run/media/petr/5328350c-c733-4a2b-be90-55e5afb96d13/ros2_ws/build/image_stream/build install --record /run/media/petr/5328350c-c733-4a2b-be90-55e5afb96d13/ros2_ws/build/image_stream/install.log --single-version-externally-managed install_data
[7.158s] DEBUG:colcon.colcon_core.event_handler.log_command:Invoking command in '/run/media/petr/5328350c-c733-4a2b-be90-55e5afb96d13/ros2_ws/src/esp_miniBot': DEBUGINFOD_URLS=https://debuginfod.archlinux.org PYTHONPATH=/run/media/petr/5328350c-c733-4a2b-be90-55e5afb96d13/ros2_ws/build/esp_miniBot/prefix_override:/home/petr/.local/lib/python3.11/site-packages/colcon_core/task/python/colcon_distutils_commands:/run/media/petr/5328350c-c733-4a2b-be90-55e5afb96d13/ros2_ws/install/esp_miniBot/lib/python3.11/site-packages:${PYTHONPATH} _=/usr/bin/env /usr/bin/python -W ignore:setup.py install is deprecated -W ignore:easy_install command is deprecated setup.py egg_info --egg-base ../../build/esp_miniBot build --build-base /run/media/petr/5328350c-c733-4a2b-be90-55e5afb96d13/ros2_ws/build/esp_miniBot/build install --record /run/media/petr/5328350c-c733-4a2b-be90-55e5afb96d13/ros2_ws/build/esp_miniBot/install.log --single-version-externally-managed install_data
[7.329s] DEBUG:colcon.colcon_core.event_handler.log_command:Invoking command in '/run/media/petr/5328350c-c733-4a2b-be90-55e5afb96d13/ros2_ws/src/web_joystick': DEBUGINFOD_URLS=https://debuginfod.archlinux.org PYTHONPATH=/run/media/petr/5328350c-c733-4a2b-be90-55e5afb96d13/ros2_ws/build/web_joystick/prefix_override:/home/petr/.local/lib/python3.11/site-packages/colcon_core/task/python/colcon_distutils_commands:/run/media/petr/5328350c-c733-4a2b-be90-55e5afb96d13/ros2_ws/install/web_joystick/lib/python3.11/site-packages:${PYTHONPATH} _=/usr/bin/env /usr/bin/python -W ignore:setup.py install is deprecated -W ignore:easy_install command is deprecated setup.py egg_info --egg-base ../../build/web_joystick build --build-base /run/media/petr/5328350c-c733-4a2b-be90-55e5afb96d13/ros2_ws/build/web_joystick/build install --record /run/media/petr/5328350c-c733-4a2b-be90-55e5afb96d13/ros2_ws/build/web_joystick/install.log --single-version-externally-managed install_data
[8.465s] DEBUG:colcon.colcon_core.event_handler.log_command:Invoked command in '/run/media/petr/5328350c-c733-4a2b-be90-55e5afb96d13/ros2_ws/src/image_stream' returned '0': DEBUGINFOD_URLS=https://debuginfod.archlinux.org PYTHONPATH=/run/media/petr/5328350c-c733-4a2b-be90-55e5afb96d13/ros2_ws/build/image_stream/prefix_override:/home/petr/.local/lib/python3.11/site-packages/colcon_core/task/python/colcon_distutils_commands:/run/media/petr/5328350c-c733-4a2b-be90-55e5afb96d13/ros2_ws/install/image_stream/lib/python3.11/site-packages:${PYTHONPATH} _=/usr/bin/env /usr/bin/python -W ignore:setup.py install is deprecated -W ignore:easy_install command is deprecated setup.py egg_info --egg-base ../../build/image_stream build --build-base /run/media/petr/5328350c-c733-4a2b-be90-55e5afb96d13/ros2_ws/build/image_stream/build install --record /run/media/petr/5328350c-c733-4a2b-be90-55e5afb96d13/ros2_ws/build/image_stream/install.log --single-version-externally-managed install_data
[8.478s] Level 1:colcon.colcon_core.environment:checking '/run/media/petr/5328350c-c733-4a2b-be90-55e5afb96d13/ros2_ws/install/image_stream' for CMake module files
[8.479s] Level 1:colcon.colcon_core.environment:checking '/run/media/petr/5328350c-c733-4a2b-be90-55e5afb96d13/ros2_ws/install/image_stream' for CMake config files
[8.479s] Level 1:colcon.colcon_core.shell:create_environment_hook('image_stream', 'cmake_prefix_path')
[8.480s] INFO:colcon.colcon_core.shell:Creating environment hook '/run/media/petr/5328350c-c733-4a2b-be90-55e5afb96d13/ros2_ws/install/image_stream/share/image_stream/hook/cmake_prefix_path.ps1'
[8.481s] INFO:colcon.colcon_core.shell:Creating environment descriptor '/run/media/petr/5328350c-c733-4a2b-be90-55e5afb96d13/ros2_ws/install/image_stream/share/image_stream/hook/cmake_prefix_path.dsv'
[8.488s] INFO:colcon.colcon_core.shell:Creating environment hook '/run/media/petr/5328350c-c733-4a2b-be90-55e5afb96d13/ros2_ws/install/image_stream/share/image_stream/hook/cmake_prefix_path.sh'
[8.492s] Level 1:colcon.colcon_core.environment:checking '/run/media/petr/5328350c-c733-4a2b-be90-55e5afb96d13/ros2_ws/install/image_stream/lib'
[8.493s] Level 1:colcon.colcon_core.environment:checking '/run/media/petr/5328350c-c733-4a2b-be90-55e5afb96d13/ros2_ws/install/image_stream/bin'
[8.493s] Level 1:colcon.colcon_core.environment:checking '/run/media/petr/5328350c-c733-4a2b-be90-55e5afb96d13/ros2_ws/install/image_stream/lib/pkgconfig/image_stream.pc'
[8.493s] Level 1:colcon.colcon_core.environment:checking '/run/media/petr/5328350c-c733-4a2b-be90-55e5afb96d13/ros2_ws/install/image_stream/lib/python3.11/site-packages'
[8.494s] Level 1:colcon.colcon_core.shell:create_environment_hook('image_stream', 'pythonpath')
[8.494s] INFO:colcon.colcon_core.shell:Creating environment hook '/run/media/petr/5328350c-c733-4a2b-be90-55e5afb96d13/ros2_ws/install/image_stream/share/image_stream/hook/pythonpath.ps1'
[8.499s] INFO:colcon.colcon_core.shell:Creating environment descriptor '/run/media/petr/5328350c-c733-4a2b-be90-55e5afb96d13/ros2_ws/install/image_stream/share/image_stream/hook/pythonpath.dsv'
[8.501s] INFO:colcon.colcon_core.shell:Creating environment hook '/run/media/petr/5328350c-c733-4a2b-be90-55e5afb96d13/ros2_ws/install/image_stream/share/image_stream/hook/pythonpath.sh'
[8.504s] Level 1:colcon.colcon_core.environment:checking '/run/media/petr/5328350c-c733-4a2b-be90-55e5afb96d13/ros2_ws/install/image_stream/bin'
[8.504s] Level 1:colcon.colcon_core.environment:create_environment_scripts_only(image_stream)
[8.505s] INFO:colcon.colcon_core.shell:Creating package script '/run/media/petr/5328350c-c733-4a2b-be90-55e5afb96d13/ros2_ws/install/image_stream/share/image_stream/package.ps1'
[8.509s] INFO:colcon.colcon_core.shell:Creating package descriptor '/run/media/petr/5328350c-c733-4a2b-be90-55e5afb96d13/ros2_ws/install/image_stream/share/image_stream/package.dsv'
[8.512s] INFO:colcon.colcon_core.shell:Creating package script '/run/media/petr/5328350c-c733-4a2b-be90-55e5afb96d13/ros2_ws/install/image_stream/share/image_stream/package.sh'
[8.514s] INFO:colcon.colcon_core.shell:Creating package script '/run/media/petr/5328350c-c733-4a2b-be90-55e5afb96d13/ros2_ws/install/image_stream/share/image_stream/package.bash'
[8.517s] INFO:colcon.colcon_core.shell:Creating package script '/run/media/petr/5328350c-c733-4a2b-be90-55e5afb96d13/ros2_ws/install/image_stream/share/image_stream/package.zsh'
[8.519s] Level 1:colcon.colcon_core.environment:create_file_with_runtime_dependencies(/run/media/petr/5328350c-c733-4a2b-be90-55e5afb96d13/ros2_ws/install/image_stream/share/colcon-core/packages/image_stream)
[8.533s] Level 1:colcon.colcon_core.environment:checking '/run/media/petr/5328350c-c733-4a2b-be90-55e5afb96d13/ros2_ws/install/esp32_bridge' for CMake module files
[8.535s] DEBUG:colcon.colcon_core.event_handler.log_command:Invoked command in '/run/media/petr/5328350c-c733-4a2b-be90-55e5afb96d13/ros2_ws/src/esp32_bridge' returned '0': DEBUGINFOD_URLS=https://debuginfod.archlinux.org PYTHONPATH=/run/media/petr/5328350c-c733-4a2b-be90-55e5afb96d13/ros2_ws/build/esp32_bridge/prefix_override:/home/petr/.local/lib/python3.11/site-packages/colcon_core/task/python/colcon_distutils_commands:/run/media/petr/5328350c-c733-4a2b-be90-55e5afb96d13/ros2_ws/install/esp32_bridge/lib/python3.11/site-packages:${PYTHONPATH} _=/usr/bin/env /usr/bin/python -W ignore:setup.py install is deprecated -W ignore:easy_install command is deprecated setup.py egg_info --egg-base ../../build/esp32_bridge build --build-base /run/media/petr/5328350c-c733-4a2b-be90-55e5afb96d13/ros2_ws/build/esp32_bridge/build install --record /run/media/petr/5328350c-c733-4a2b-be90-55e5afb96d13/ros2_ws/build/esp32_bridge/install.log --single-version-externally-managed install_data
[8.536s] Level 1:colcon.colcon_core.environment:checking '/run/media/petr/5328350c-c733-4a2b-be90-55e5afb96d13/ros2_ws/install/esp32_bridge' for CMake config files
[8.537s] Level 1:colcon.colcon_core.environment:checking '/run/media/petr/5328350c-c733-4a2b-be90-55e5afb96d13/ros2_ws/install/esp32_bridge/lib'
[8.537s] Level 1:colcon.colcon_core.environment:checking '/run/media/petr/5328350c-c733-4a2b-be90-55e5afb96d13/ros2_ws/install/esp32_bridge/bin'
[8.537s] Level 1:colcon.colcon_core.environment:checking '/run/media/petr/5328350c-c733-4a2b-be90-55e5afb96d13/ros2_ws/install/esp32_bridge/lib/pkgconfig/esp32_bridge.pc'
[8.538s] Level 1:colcon.colcon_core.environment:checking '/run/media/petr/5328350c-c733-4a2b-be90-55e5afb96d13/ros2_ws/install/esp32_bridge/lib/python3.11/site-packages'
[8.538s] Level 1:colcon.colcon_core.shell:create_environment_hook('esp32_bridge', 'pythonpath')
[8.538s] INFO:colcon.colcon_core.shell:Creating environment hook '/run/media/petr/5328350c-c733-4a2b-be90-55e5afb96d13/ros2_ws/install/esp32_bridge/share/esp32_bridge/hook/pythonpath.ps1'
[8.539s] INFO:colcon.colcon_core.shell:Creating environment descriptor '/run/media/petr/5328350c-c733-4a2b-be90-55e5afb96d13/ros2_ws/install/esp32_bridge/share/esp32_bridge/hook/pythonpath.dsv'
[8.542s] INFO:colcon.colcon_core.shell:Creating environment hook '/run/media/petr/5328350c-c733-4a2b-be90-55e5afb96d13/ros2_ws/install/esp32_bridge/share/esp32_bridge/hook/pythonpath.sh'
[8.547s] Level 1:colcon.colcon_core.environment:checking '/run/media/petr/5328350c-c733-4a2b-be90-55e5afb96d13/ros2_ws/install/esp32_bridge/bin'
[8.547s] Level 1:colcon.colcon_core.environment:create_environment_scripts_only(esp32_bridge)
[8.547s] INFO:colcon.colcon_core.shell:Creating package script '/run/media/petr/5328350c-c733-4a2b-be90-55e5afb96d13/ros2_ws/install/esp32_bridge/share/esp32_bridge/package.ps1'
[8.554s] INFO:colcon.colcon_core.shell:Creating package descriptor '/run/media/petr/5328350c-c733-4a2b-be90-55e5afb96d13/ros2_ws/install/esp32_bridge/share/esp32_bridge/package.dsv'
[8.566s] INFO:colcon.colcon_core.shell:Creating package script '/run/media/petr/5328350c-c733-4a2b-be90-55e5afb96d13/ros2_ws/install/esp32_bridge/share/esp32_bridge/package.sh'
[8.572s] INFO:colcon.colcon_core.shell:Creating package script '/run/media/petr/5328350c-c733-4a2b-be90-55e5afb96d13/ros2_ws/install/esp32_bridge/share/esp32_bridge/package.bash'
[8.576s] INFO:colcon.colcon_core.shell:Creating package script '/run/media/petr/5328350c-c733-4a2b-be90-55e5afb96d13/ros2_ws/install/esp32_bridge/share/esp32_bridge/package.zsh'
[8.578s] Level 1:colcon.colcon_core.environment:create_file_with_runtime_dependencies(/run/media/petr/5328350c-c733-4a2b-be90-55e5afb96d13/ros2_ws/install/esp32_bridge/share/colcon-core/packages/esp32_bridge)
[8.607s] Level 1:colcon.colcon_core.environment:checking '/run/media/petr/5328350c-c733-4a2b-be90-55e5afb96d13/ros2_ws/install/esp_miniBot' for CMake module files
[8.608s] DEBUG:colcon.colcon_core.event_handler.log_command:Invoked command in '/run/media/petr/5328350c-c733-4a2b-be90-55e5afb96d13/ros2_ws/src/esp_miniBot' returned '0': DEBUGINFOD_URLS=https://debuginfod.archlinux.org PYTHONPATH=/run/media/petr/5328350c-c733-4a2b-be90-55e5afb96d13/ros2_ws/build/esp_miniBot/prefix_override:/home/petr/.local/lib/python3.11/site-packages/colcon_core/task/python/colcon_distutils_commands:/run/media/petr/5328350c-c733-4a2b-be90-55e5afb96d13/ros2_ws/install/esp_miniBot/lib/python3.11/site-packages:${PYTHONPATH} _=/usr/bin/env /usr/bin/python -W ignore:setup.py install is deprecated -W ignore:easy_install command is deprecated setup.py egg_info --egg-base ../../build/esp_miniBot build --build-base /run/media/petr/5328350c-c733-4a2b-be90-55e5afb96d13/ros2_ws/build/esp_miniBot/build install --record /run/media/petr/5328350c-c733-4a2b-be90-55e5afb96d13/ros2_ws/build/esp_miniBot/install.log --single-version-externally-managed install_data
[8.609s] Level 1:colcon.colcon_core.environment:checking '/run/media/petr/5328350c-c733-4a2b-be90-55e5afb96d13/ros2_ws/install/esp_miniBot' for CMake config files
[8.610s] Level 1:colcon.colcon_core.environment:checking '/run/media/petr/5328350c-c733-4a2b-be90-55e5afb96d13/ros2_ws/install/esp_miniBot/lib'
[8.611s] Level 1:colcon.colcon_core.environment:checking '/run/media/petr/5328350c-c733-4a2b-be90-55e5afb96d13/ros2_ws/install/esp_miniBot/bin'
[8.611s] Level 1:colcon.colcon_core.environment:checking '/run/media/petr/5328350c-c733-4a2b-be90-55e5afb96d13/ros2_ws/install/esp_miniBot/lib/pkgconfig/esp_miniBot.pc'
[8.611s] Level 1:colcon.colcon_core.environment:checking '/run/media/petr/5328350c-c733-4a2b-be90-55e5afb96d13/ros2_ws/install/esp_miniBot/lib/python3.11/site-packages'
[8.611s] Level 1:colcon.colcon_core.shell:create_environment_hook('esp_miniBot', 'pythonpath')
[8.612s] INFO:colcon.colcon_core.shell:Creating environment hook '/run/media/petr/5328350c-c733-4a2b-be90-55e5afb96d13/ros2_ws/install/esp_miniBot/share/esp_miniBot/hook/pythonpath.ps1'
[8.612s] INFO:colcon.colcon_core.shell:Creating environment descriptor '/run/media/petr/5328350c-c733-4a2b-be90-55e5afb96d13/ros2_ws/install/esp_miniBot/share/esp_miniBot/hook/pythonpath.dsv'
[8.618s] INFO:colcon.colcon_core.shell:Creating environment hook '/run/media/petr/5328350c-c733-4a2b-be90-55e5afb96d13/ros2_ws/install/esp_miniBot/share/esp_miniBot/hook/pythonpath.sh'
[8.620s] Level 1:colcon.colcon_core.environment:checking '/run/media/petr/5328350c-c733-4a2b-be90-55e5afb96d13/ros2_ws/install/esp_miniBot/bin'
[8.621s] Level 1:colcon.colcon_core.environment:create_environment_scripts_only(esp_miniBot)
[8.621s] INFO:colcon.colcon_core.shell:Creating package script '/run/media/petr/5328350c-c733-4a2b-be90-55e5afb96d13/ros2_ws/install/esp_miniBot/share/esp_miniBot/package.ps1'
[8.622s] INFO:colcon.colcon_core.shell:Creating package descriptor '/run/media/petr/5328350c-c733-4a2b-be90-55e5afb96d13/ros2_ws/install/esp_miniBot/share/esp_miniBot/package.dsv'
[8.625s] INFO:colcon.colcon_core.shell:Creating package script '/run/media/petr/5328350c-c733-4a2b-be90-55e5afb96d13/ros2_ws/install/esp_miniBot/share/esp_miniBot/package.sh'
[8.628s] INFO:colcon.colcon_core.shell:Creating package script '/run/media/petr/5328350c-c733-4a2b-be90-55e5afb96d13/ros2_ws/install/esp_miniBot/share/esp_miniBot/package.bash'
[8.629s] INFO:colcon.colcon_core.shell:Creating package script '/run/media/petr/5328350c-c733-4a2b-be90-55e5afb96d13/ros2_ws/install/esp_miniBot/share/esp_miniBot/package.zsh'
[8.632s] Level 1:colcon.colcon_core.environment:create_file_with_runtime_dependencies(/run/media/petr/5328350c-c733-4a2b-be90-55e5afb96d13/ros2_ws/install/esp_miniBot/share/colcon-core/packages/esp_miniBot)
[8.636s] Level 1:colcon.colcon_core.environment:checking '/run/media/petr/5328350c-c733-4a2b-be90-55e5afb96d13/ros2_ws/install/web_joystick' for CMake module files
[8.637s] DEBUG:colcon.colcon_core.event_handler.log_command:Invoked command in '/run/media/petr/5328350c-c733-4a2b-be90-55e5afb96d13/ros2_ws/src/web_joystick' returned '0': DEBUGINFOD_URLS=https://debuginfod.archlinux.org PYTHONPATH=/run/media/petr/5328350c-c733-4a2b-be90-55e5afb96d13/ros2_ws/build/web_joystick/prefix_override:/home/petr/.local/lib/python3.11/site-packages/colcon_core/task/python/colcon_distutils_commands:/run/media/petr/5328350c-c733-4a2b-be90-55e5afb96d13/ros2_ws/install/web_joystick/lib/python3.11/site-packages:${PYTHONPATH} _=/usr/bin/env /usr/bin/python -W ignore:setup.py install is deprecated -W ignore:easy_install command is deprecated setup.py egg_info --egg-base ../../build/web_joystick build --build-base /run/media/petr/5328350c-c733-4a2b-be90-55e5afb96d13/ros2_ws/build/web_joystick/build install --record /run/media/petr/5328350c-c733-4a2b-be90-55e5afb96d13/ros2_ws/build/web_joystick/install.log --single-version-externally-managed install_data
[8.638s] Level 1:colcon.colcon_core.environment:checking '/run/media/petr/5328350c-c733-4a2b-be90-55e5afb96d13/ros2_ws/install/web_joystick' for CMake config files
[8.644s] Level 1:colcon.colcon_core.environment:checking '/run/media/petr/5328350c-c733-4a2b-be90-55e5afb96d13/ros2_ws/install/web_joystick/lib'
[8.644s] Level 1:colcon.colcon_core.environment:checking '/run/media/petr/5328350c-c733-4a2b-be90-55e5afb96d13/ros2_ws/install/web_joystick/bin'
[8.644s] Level 1:colcon.colcon_core.environment:checking '/run/media/petr/5328350c-c733-4a2b-be90-55e5afb96d13/ros2_ws/install/web_joystick/lib/pkgconfig/web_joystick.pc'
[8.644s] Level 1:colcon.colcon_core.environment:checking '/run/media/petr/5328350c-c733-4a2b-be90-55e5afb96d13/ros2_ws/install/web_joystick/lib/python3.11/site-packages'
[8.644s] Level 1:colcon.colcon_core.shell:create_environment_hook('web_joystick', 'pythonpath')
[8.645s] INFO:colcon.colcon_core.shell:Creating environment hook '/run/media/petr/5328350c-c733-4a2b-be90-55e5afb96d13/ros2_ws/install/web_joystick/share/web_joystick/hook/pythonpath.ps1'
[8.645s] INFO:colcon.colcon_core.shell:Creating environment descriptor '/run/media/petr/5328350c-c733-4a2b-be90-55e5afb96d13/ros2_ws/install/web_joystick/share/web_joystick/hook/pythonpath.dsv'
[8.649s] INFO:colcon.colcon_core.shell:Creating environment hook '/run/media/petr/5328350c-c733-4a2b-be90-55e5afb96d13/ros2_ws/install/web_joystick/share/web_joystick/hook/pythonpath.sh'
[8.651s] Level 1:colcon.colcon_core.environment:checking '/run/media/petr/5328350c-c733-4a2b-be90-55e5afb96d13/ros2_ws/install/web_joystick/bin'
[8.652s] Level 1:colcon.colcon_core.environment:create_environment_scripts_only(web_joystick)
[8.652s] INFO:colcon.colcon_core.shell:Creating package script '/run/media/petr/5328350c-c733-4a2b-be90-55e5afb96d13/ros2_ws/install/web_joystick/share/web_joystick/package.ps1'
[8.655s] INFO:colcon.colcon_core.shell:Creating package descriptor '/run/media/petr/5328350c-c733-4a2b-be90-55e5afb96d13/ros2_ws/install/web_joystick/share/web_joystick/package.dsv'
[8.659s] INFO:colcon.colcon_core.shell:Creating package script '/run/media/petr/5328350c-c733-4a2b-be90-55e5afb96d13/ros2_ws/install/web_joystick/share/web_joystick/package.sh'
[8.661s] INFO:colcon.colcon_core.shell:Creating package script '/run/media/petr/5328350c-c733-4a2b-be90-55e5afb96d13/ros2_ws/install/web_joystick/share/web_joystick/package.bash'
[8.663s] INFO:colcon.colcon_core.shell:Creating package script '/run/media/petr/5328350c-c733-4a2b-be90-55e5afb96d13/ros2_ws/install/web_joystick/share/web_joystick/package.zsh'
[8.667s] Level 1:colcon.colcon_core.environment:create_file_with_runtime_dependencies(/run/media/petr/5328350c-c733-4a2b-be90-55e5afb96d13/ros2_ws/install/web_joystick/share/colcon-core/packages/web_joystick)
[8.671s] DEBUG:colcon.colcon_parallel_executor.executor.parallel:closing loop
[8.672s] DEBUG:colcon.colcon_parallel_executor.executor.parallel:loop closed
[8.672s] DEBUG:colcon.colcon_parallel_executor.executor.parallel:run_until_complete finished with '0'
[8.672s] DEBUG:colcon.colcon_core.event_reactor:joining thread
[8.685s] INFO:colcon.colcon_core.plugin_system:Skipping extension 'colcon_notification.desktop_notification.notify2': 'notify2' not found
[8.685s] INFO:colcon.colcon_core.plugin_system:Skipping extension 'colcon_notification.desktop_notification.terminal_notifier': Not used on non-Darwin systems
[8.685s] INFO:colcon.colcon_core.plugin_system:Skipping extension 'colcon_notification.desktop_notification.win32': Not used on non-Windows systems
[8.685s] INFO:colcon.colcon_notification.desktop_notification:Sending desktop notification using 'notify_send'
[8.705s] DEBUG:colcon.colcon_core.event_reactor:joined thread
[8.705s] INFO:colcon.colcon_core.shell:Creating prefix script '/run/media/petr/5328350c-c733-4a2b-be90-55e5afb96d13/ros2_ws/install/local_setup.ps1'
[8.707s] INFO:colcon.colcon_core.shell:Creating prefix util module '/run/media/petr/5328350c-c733-4a2b-be90-55e5afb96d13/ros2_ws/install/_local_setup_util_ps1.py'
[8.713s] INFO:colcon.colcon_core.shell:Creating prefix chain script '/run/media/petr/5328350c-c733-4a2b-be90-55e5afb96d13/ros2_ws/install/setup.ps1'
[8.735s] INFO:colcon.colcon_core.shell:Creating prefix script '/run/media/petr/5328350c-c733-4a2b-be90-55e5afb96d13/ros2_ws/install/local_setup.sh'
[8.737s] INFO:colcon.colcon_core.shell:Creating prefix util module '/run/media/petr/5328350c-c733-4a2b-be90-55e5afb96d13/ros2_ws/install/_local_setup_util_sh.py'
[8.739s] INFO:colcon.colcon_core.shell:Creating prefix chain script '/run/media/petr/5328350c-c733-4a2b-be90-55e5afb96d13/ros2_ws/install/setup.sh'
[8.759s] INFO:colcon.colcon_core.shell:Creating prefix script '/run/media/petr/5328350c-c733-4a2b-be90-55e5afb96d13/ros2_ws/install/local_setup.bash'
[8.759s] INFO:colcon.colcon_core.shell:Creating prefix chain script '/run/media/petr/5328350c-c733-4a2b-be90-55e5afb96d13/ros2_ws/install/setup.bash'
[8.779s] INFO:colcon.colcon_core.shell:Creating prefix script '/run/media/petr/5328350c-c733-4a2b-be90-55e5afb96d13/ros2_ws/install/local_setup.zsh'
[8.781s] INFO:colcon.colcon_core.shell:Creating prefix chain script '/run/media/petr/5328350c-c733-4a2b-be90-55e5afb96d13/ros2_ws/install/setup.zsh'
