[0.713s] DEBUG:colcon:Command line arguments: ['/usr/bin/colcon', 'build', '--packages-select', 'image_stream']
[0.714s] DEBUG:colcon:Parsed command line arguments: Namespace(log_base=None, log_level=None, verb_name='build', build_base='build', install_base='install', merge_install=False, symlink_install=False, test_result_base=None, continue_on_error=False, executor='parallel', parallel_workers=6, event_handlers=None, ignore_user_meta=False, metas=['./colcon.meta'], base_paths=['.'], packages_ignore=None, packages_ignore_regex=None, paths=None, packages_up_to=None, packages_up_to_regex=None, packages_above=None, packages_above_and_dependencies=None, packages_above_depth=None, packages_select_by_dep=None, packages_skip_by_dep=None, packages_skip_up_to=None, packages_select_build_failed=False, packages_skip_build_finished=False, packages_select_test_failures=False, packages_skip_test_passed=False, packages_select=['image_stream'], packages_skip=None, packages_select_regex=None, packages_skip_regex=None, packages_start=None, packages_end=None, cmake_args=None, cmake_target=None, cmake_target_skip_unavailable=False, cmake_clean_cache=False, cmake_clean_first=False, cmake_force_configure=False, ament_cmake_args=None, catkin_cmake_args=None, catkin_skip_building_tests=False, verb_parser=<colcon_defaults.argument_parser.defaults.DefaultArgumentsDecorator object at 0x7f5d99002750>, verb_extension=<colcon_core.verb.build.BuildVerb object at 0x7f5d980d20d0>, main=<bound method BuildVerb.main of <colcon_core.verb.build.BuildVerb object at 0x7f5d980d20d0>>)
[1.152s] Level 1:colcon.colcon_core.package_discovery:discover_packages(colcon_meta) check parameters
[1.152s] Level 1:colcon.colcon_core.package_discovery:discover_packages(recursive) check parameters
[1.152s] Level 1:colcon.colcon_core.package_discovery:discover_packages(ignore) check parameters
[1.152s] Level 1:colcon.colcon_core.package_discovery:discover_packages(path) check parameters
[1.152s] Level 1:colcon.colcon_core.package_discovery:discover_packages(colcon_meta) discover
[1.152s] Level 1:colcon.colcon_core.package_discovery:discover_packages(recursive) discover
[1.152s] INFO:colcon.colcon_core.package_discovery:Crawling recursively for packages in '/home/petr/ros2_ws'
[1.153s] Level 1:colcon.colcon_core.package_identification:_identify(.) by extensions ['ignore', 'ignore_ament_install']
[1.153s] Level 1:colcon.colcon_core.package_identification:_identify(.) by extension 'ignore'
[1.153s] Level 1:colcon.colcon_core.package_identification:_identify(.) by extension 'ignore_ament_install'
[1.153s] Level 1:colcon.colcon_core.package_identification:_identify(.) by extensions ['colcon_pkg']
[1.153s] Level 1:colcon.colcon_core.package_identification:_identify(.) by extension 'colcon_pkg'
[1.153s] Level 1:colcon.colcon_core.package_identification:_identify(.) by extensions ['colcon_meta']
[1.153s] Level 1:colcon.colcon_core.package_identification:_identify(.) by extension 'colcon_meta'
[1.153s] Level 1:colcon.colcon_core.package_identification:_identify(.) by extensions ['ros']
[1.153s] Level 1:colcon.colcon_core.package_identification:_identify(.) by extension 'ros'
[1.215s] Level 1:colcon.colcon_core.package_identification:_identify(.) by extensions ['cmake', 'python']
[1.215s] Level 1:colcon.colcon_core.package_identification:_identify(.) by extension 'cmake'
[1.215s] Level 1:colcon.colcon_core.package_identification:_identify(.) by extension 'python'
[1.215s] Level 1:colcon.colcon_core.package_identification:_identify(.) by extensions ['python_setup_py']
[1.215s] Level 1:colcon.colcon_core.package_identification:_identify(.) by extension 'python_setup_py'
[1.215s] Level 1:colcon.colcon_core.package_identification:_identify(build) by extensions ['ignore', 'ignore_ament_install']
[1.215s] Level 1:colcon.colcon_core.package_identification:_identify(build) by extension 'ignore'
[1.215s] Level 1:colcon.colcon_core.package_identification:_identify(build) ignored
[1.216s] Level 1:colcon.colcon_core.package_identification:_identify(install) by extensions ['ignore', 'ignore_ament_install']
[1.216s] Level 1:colcon.colcon_core.package_identification:_identify(install) by extension 'ignore'
[1.216s] Level 1:colcon.colcon_core.package_identification:_identify(install) ignored
[1.216s] Level 1:colcon.colcon_core.package_identification:_identify(log) by extensions ['ignore', 'ignore_ament_install']
[1.217s] Level 1:colcon.colcon_core.package_identification:_identify(log) by extension 'ignore'
[1.217s] Level 1:colcon.colcon_core.package_identification:_identify(log) ignored
[1.217s] Level 1:colcon.colcon_core.package_identification:_identify(src) by extensions ['ignore', 'ignore_ament_install']
[1.217s] Level 1:colcon.colcon_core.package_identification:_identify(src) by extension 'ignore'
[1.217s] Level 1:colcon.colcon_core.package_identification:_identify(src) by extension 'ignore_ament_install'
[1.217s] Level 1:colcon.colcon_core.package_identification:_identify(src) by extensions ['colcon_pkg']
[1.217s] Level 1:colcon.colcon_core.package_identification:_identify(src) by extension 'colcon_pkg'
[1.217s] Level 1:colcon.colcon_core.package_identification:_identify(src) by extensions ['colcon_meta']
[1.217s] Level 1:colcon.colcon_core.package_identification:_identify(src) by extension 'colcon_meta'
[1.217s] Level 1:colcon.colcon_core.package_identification:_identify(src) by extensions ['ros']
[1.217s] Level 1:colcon.colcon_core.package_identification:_identify(src) by extension 'ros'
[1.218s] Level 1:colcon.colcon_core.package_identification:_identify(src) by extensions ['cmake', 'python']
[1.218s] Level 1:colcon.colcon_core.package_identification:_identify(src) by extension 'cmake'
[1.218s] Level 1:colcon.colcon_core.package_identification:_identify(src) by extension 'python'
[1.218s] Level 1:colcon.colcon_core.package_identification:_identify(src) by extensions ['python_setup_py']
[1.218s] Level 1:colcon.colcon_core.package_identification:_identify(src) by extension 'python_setup_py'
[1.218s] Level 1:colcon.colcon_core.package_identification:_identify(src/build) by extensions ['ignore', 'ignore_ament_install']
[1.218s] Level 1:colcon.colcon_core.package_identification:_identify(src/build) by extension 'ignore'
[1.218s] Level 1:colcon.colcon_core.package_identification:_identify(src/build) ignored
[1.218s] Level 1:colcon.colcon_core.package_identification:_identify(src/esp_miniBot) by extensions ['ignore', 'ignore_ament_install']
[1.218s] Level 1:colcon.colcon_core.package_identification:_identify(src/esp_miniBot) by extension 'ignore'
[1.218s] Level 1:colcon.colcon_core.package_identification:_identify(src/esp_miniBot) by extension 'ignore_ament_install'
[1.219s] Level 1:colcon.colcon_core.package_identification:_identify(src/esp_miniBot) by extensions ['colcon_pkg']
[1.219s] Level 1:colcon.colcon_core.package_identification:_identify(src/esp_miniBot) by extension 'colcon_pkg'
[1.219s] Level 1:colcon.colcon_core.package_identification:_identify(src/esp_miniBot) by extensions ['colcon_meta']
[1.219s] Level 1:colcon.colcon_core.package_identification:_identify(src/esp_miniBot) by extension 'colcon_meta'
[1.219s] Level 1:colcon.colcon_core.package_identification:_identify(src/esp_miniBot) by extensions ['ros']
[1.219s] Level 1:colcon.colcon_core.package_identification:_identify(src/esp_miniBot) by extension 'ros'
[1.223s] DEBUG:colcon.colcon_core.package_identification:Package 'src/esp_miniBot' with type 'ros.ament_python' and name 'esp_miniBot'
[1.223s] Level 1:colcon.colcon_core.package_identification:_identify(src/image_stream) by extensions ['ignore', 'ignore_ament_install']
[1.224s] Level 1:colcon.colcon_core.package_identification:_identify(src/image_stream) by extension 'ignore'
[1.224s] Level 1:colcon.colcon_core.package_identification:_identify(src/image_stream) by extension 'ignore_ament_install'
[1.224s] Level 1:colcon.colcon_core.package_identification:_identify(src/image_stream) by extensions ['colcon_pkg']
[1.224s] Level 1:colcon.colcon_core.package_identification:_identify(src/image_stream) by extension 'colcon_pkg'
[1.224s] Level 1:colcon.colcon_core.package_identification:_identify(src/image_stream) by extensions ['colcon_meta']
[1.224s] Level 1:colcon.colcon_core.package_identification:_identify(src/image_stream) by extension 'colcon_meta'
[1.224s] Level 1:colcon.colcon_core.package_identification:_identify(src/image_stream) by extensions ['ros']
[1.224s] Level 1:colcon.colcon_core.package_identification:_identify(src/image_stream) by extension 'ros'
[1.225s] DEBUG:colcon.colcon_core.package_identification:Package 'src/image_stream' with type 'ros.ament_python' and name 'image_stream'
[1.226s] Level 1:colcon.colcon_core.package_identification:_identify(src/install) by extensions ['ignore', 'ignore_ament_install']
[1.226s] Level 1:colcon.colcon_core.package_identification:_identify(src/install) by extension 'ignore'
[1.226s] Level 1:colcon.colcon_core.package_identification:_identify(src/install) ignored
[1.226s] Level 1:colcon.colcon_core.package_identification:_identify(src/log) by extensions ['ignore', 'ignore_ament_install']
[1.226s] Level 1:colcon.colcon_core.package_identification:_identify(src/log) by extension 'ignore'
[1.226s] Level 1:colcon.colcon_core.package_identification:_identify(src/log) ignored
[1.226s] Level 1:colcon.colcon_core.package_identification:_identify(src/web_joystick) by extensions ['ignore', 'ignore_ament_install']
[1.226s] Level 1:colcon.colcon_core.package_identification:_identify(src/web_joystick) by extension 'ignore'
[1.226s] Level 1:colcon.colcon_core.package_identification:_identify(src/web_joystick) by extension 'ignore_ament_install'
[1.226s] Level 1:colcon.colcon_core.package_identification:_identify(src/web_joystick) by extensions ['colcon_pkg']
[1.227s] Level 1:colcon.colcon_core.package_identification:_identify(src/web_joystick) by extension 'colcon_pkg'
[1.227s] Level 1:colcon.colcon_core.package_identification:_identify(src/web_joystick) by extensions ['colcon_meta']
[1.227s] Level 1:colcon.colcon_core.package_identification:_identify(src/web_joystick) by extension 'colcon_meta'
[1.227s] Level 1:colcon.colcon_core.package_identification:_identify(src/web_joystick) by extensions ['ros']
[1.227s] Level 1:colcon.colcon_core.package_identification:_identify(src/web_joystick) by extension 'ros'
[1.228s] DEBUG:colcon.colcon_core.package_identification:Package 'src/web_joystick' with type 'ros.ament_python' and name 'web_joystick'
[1.228s] Level 1:colcon.colcon_core.package_discovery:discover_packages(recursive) using defaults
[1.228s] Level 1:colcon.colcon_core.package_discovery:discover_packages(ignore) discover
[1.228s] Level 1:colcon.colcon_core.package_discovery:discover_packages(ignore) using defaults
[1.228s] Level 1:colcon.colcon_core.package_discovery:discover_packages(path) discover
[1.228s] Level 1:colcon.colcon_core.package_discovery:discover_packages(path) using defaults
[1.355s] INFO:colcon.colcon_core.package_selection:Skipping not selected package 'esp_miniBot' in 'src/esp_miniBot'
[1.355s] INFO:colcon.colcon_core.package_selection:Skipping not selected package 'web_joystick' in 'src/web_joystick'
[1.355s] Level 5:colcon.colcon_core.verb:set package 'image_stream' build argument 'cmake_args' from command line to 'None'
[1.355s] Level 5:colcon.colcon_core.verb:set package 'image_stream' build argument 'cmake_target' from command line to 'None'
[1.355s] Level 5:colcon.colcon_core.verb:set package 'image_stream' build argument 'cmake_target_skip_unavailable' from command line to 'False'
[1.355s] Level 5:colcon.colcon_core.verb:set package 'image_stream' build argument 'cmake_clean_cache' from command line to 'False'
[1.355s] Level 5:colcon.colcon_core.verb:set package 'image_stream' build argument 'cmake_clean_first' from command line to 'False'
[1.355s] Level 5:colcon.colcon_core.verb:set package 'image_stream' build argument 'cmake_force_configure' from command line to 'False'
[1.356s] Level 5:colcon.colcon_core.verb:set package 'image_stream' build argument 'ament_cmake_args' from command line to 'None'
[1.356s] Level 5:colcon.colcon_core.verb:set package 'image_stream' build argument 'catkin_cmake_args' from command line to 'None'
[1.356s] Level 5:colcon.colcon_core.verb:set package 'image_stream' build argument 'catkin_skip_building_tests' from command line to 'False'
[1.356s] DEBUG:colcon.colcon_core.verb:Building package 'image_stream' with the following arguments: {'ament_cmake_args': None, 'build_base': '/home/petr/ros2_ws/build/image_stream', 'catkin_cmake_args': None, 'catkin_skip_building_tests': False, 'cmake_args': None, 'cmake_clean_cache': False, 'cmake_clean_first': False, 'cmake_force_configure': False, 'cmake_target': None, 'cmake_target_skip_unavailable': False, 'install_base': '/home/petr/ros2_ws/install/image_stream', 'merge_install': False, 'path': '/home/petr/ros2_ws/src/image_stream', 'symlink_install': False, 'test_result_base': None}
[1.356s] INFO:colcon.colcon_core.executor:Executing jobs using 'parallel' executor
[1.358s] DEBUG:colcon.colcon_parallel_executor.executor.parallel:run_until_complete
[1.359s] INFO:colcon.colcon_ros.task.ament_python.build:Building ROS package in '/home/petr/ros2_ws/src/image_stream' with build type 'ament_python'
[1.359s] Level 1:colcon.colcon_core.shell:create_environment_hook('image_stream', 'ament_prefix_path')
[1.372s] INFO:colcon.colcon_core.plugin_system:Skipping extension 'colcon_core.shell.bat': Not used on non-Windows systems
[1.372s] INFO:colcon.colcon_core.shell:Creating environment hook '/home/petr/ros2_ws/install/image_stream/share/image_stream/hook/ament_prefix_path.ps1'
[1.374s] INFO:colcon.colcon_core.shell:Creating environment descriptor '/home/petr/ros2_ws/install/image_stream/share/image_stream/hook/ament_prefix_path.dsv'
[1.375s] INFO:colcon.colcon_core.shell:Creating environment hook '/home/petr/ros2_ws/install/image_stream/share/image_stream/hook/ament_prefix_path.sh'
[1.376s] INFO:colcon.colcon_core.shell:Skip shell extension 'powershell' for command environment: Not usable outside of PowerShell
[1.376s] DEBUG:colcon.colcon_core.shell:Skip shell extension 'dsv' for command environment
[2.534s] INFO:colcon.colcon_core.task.python.build:Building Python package in '/home/petr/ros2_ws/src/image_stream'
[2.535s] INFO:colcon.colcon_core.shell:Skip shell extension 'powershell' for command environment: Not usable outside of PowerShell
[2.535s] DEBUG:colcon.colcon_core.shell:Skip shell extension 'dsv' for command environment
[3.990s] DEBUG:colcon.colcon_core.event_handler.log_command:Invoking command in '/home/petr/ros2_ws/src/image_stream': DEBUGINFOD_URLS=https://debuginfod.archlinux.org PYTHONPATH=/home/petr/ros2_ws/build/image_stream/prefix_override:/home/petr/.local/lib/python3.11/site-packages/colcon_core/task/python/colcon_distutils_commands:/home/petr/ros2_ws/install/image_stream/lib/python3.11/site-packages:${PYTHONPATH} _=/usr/bin/env /usr/bin/python -W ignore:setup.py install is deprecated -W ignore:easy_install command is deprecated setup.py egg_info --egg-base ../../build/image_stream build --build-base /home/petr/ros2_ws/build/image_stream/build install --record /home/petr/ros2_ws/build/image_stream/install.log --single-version-externally-managed install_data
[5.220s] DEBUG:colcon.colcon_core.event_handler.log_command:Invoked command in '/home/petr/ros2_ws/src/image_stream' returned '0': DEBUGINFOD_URLS=https://debuginfod.archlinux.org PYTHONPATH=/home/petr/ros2_ws/build/image_stream/prefix_override:/home/petr/.local/lib/python3.11/site-packages/colcon_core/task/python/colcon_distutils_commands:/home/petr/ros2_ws/install/image_stream/lib/python3.11/site-packages:${PYTHONPATH} _=/usr/bin/env /usr/bin/python -W ignore:setup.py install is deprecated -W ignore:easy_install command is deprecated setup.py egg_info --egg-base ../../build/image_stream build --build-base /home/petr/ros2_ws/build/image_stream/build install --record /home/petr/ros2_ws/build/image_stream/install.log --single-version-externally-managed install_data
[5.234s] Level 1:colcon.colcon_core.environment:checking '/home/petr/ros2_ws/install/image_stream' for CMake module files
[5.235s] Level 1:colcon.colcon_core.environment:checking '/home/petr/ros2_ws/install/image_stream' for CMake config files
[5.235s] Level 1:colcon.colcon_core.shell:create_environment_hook('image_stream', 'cmake_prefix_path')
[5.236s] INFO:colcon.colcon_core.shell:Creating environment hook '/home/petr/ros2_ws/install/image_stream/share/image_stream/hook/cmake_prefix_path.ps1'
[5.237s] INFO:colcon.colcon_core.shell:Creating environment descriptor '/home/petr/ros2_ws/install/image_stream/share/image_stream/hook/cmake_prefix_path.dsv'
[5.238s] INFO:colcon.colcon_core.shell:Creating environment hook '/home/petr/ros2_ws/install/image_stream/share/image_stream/hook/cmake_prefix_path.sh'
[5.239s] Level 1:colcon.colcon_core.environment:checking '/home/petr/ros2_ws/install/image_stream/lib'
[5.239s] Level 1:colcon.colcon_core.environment:checking '/home/petr/ros2_ws/install/image_stream/bin'
[5.239s] Level 1:colcon.colcon_core.environment:checking '/home/petr/ros2_ws/install/image_stream/lib/pkgconfig/image_stream.pc'
[5.240s] Level 1:colcon.colcon_core.environment:checking '/home/petr/ros2_ws/install/image_stream/lib/python3.11/site-packages'
[5.240s] Level 1:colcon.colcon_core.shell:create_environment_hook('image_stream', 'pythonpath')
[5.240s] INFO:colcon.colcon_core.shell:Creating environment hook '/home/petr/ros2_ws/install/image_stream/share/image_stream/hook/pythonpath.ps1'
[5.241s] INFO:colcon.colcon_core.shell:Creating environment descriptor '/home/petr/ros2_ws/install/image_stream/share/image_stream/hook/pythonpath.dsv'
[5.242s] INFO:colcon.colcon_core.shell:Creating environment hook '/home/petr/ros2_ws/install/image_stream/share/image_stream/hook/pythonpath.sh'
[5.243s] Level 1:colcon.colcon_core.environment:checking '/home/petr/ros2_ws/install/image_stream/bin'
[5.243s] Level 1:colcon.colcon_core.environment:create_environment_scripts_only(image_stream)
[5.244s] INFO:colcon.colcon_core.shell:Creating package script '/home/petr/ros2_ws/install/image_stream/share/image_stream/package.ps1'
[5.245s] INFO:colcon.colcon_core.shell:Creating package descriptor '/home/petr/ros2_ws/install/image_stream/share/image_stream/package.dsv'
[5.247s] INFO:colcon.colcon_core.shell:Creating package script '/home/petr/ros2_ws/install/image_stream/share/image_stream/package.sh'
[5.248s] INFO:colcon.colcon_core.shell:Creating package script '/home/petr/ros2_ws/install/image_stream/share/image_stream/package.bash'
[5.249s] INFO:colcon.colcon_core.shell:Creating package script '/home/petr/ros2_ws/install/image_stream/share/image_stream/package.zsh'
[5.250s] Level 1:colcon.colcon_core.environment:create_file_with_runtime_dependencies(/home/petr/ros2_ws/install/image_stream/share/colcon-core/packages/image_stream)
[5.251s] DEBUG:colcon.colcon_parallel_executor.executor.parallel:closing loop
[5.251s] DEBUG:colcon.colcon_parallel_executor.executor.parallel:loop closed
[5.252s] DEBUG:colcon.colcon_parallel_executor.executor.parallel:run_until_complete finished with '0'
[5.252s] DEBUG:colcon.colcon_core.event_reactor:joining thread
[5.265s] INFO:colcon.colcon_core.plugin_system:Skipping extension 'colcon_notification.desktop_notification.notify2': 'notify2' not found
[5.266s] INFO:colcon.colcon_core.plugin_system:Skipping extension 'colcon_notification.desktop_notification.terminal_notifier': Not used on non-Darwin systems
[5.266s] INFO:colcon.colcon_core.plugin_system:Skipping extension 'colcon_notification.desktop_notification.win32': Not used on non-Windows systems
[5.266s] INFO:colcon.colcon_notification.desktop_notification:Sending desktop notification using 'notify_send'
[5.285s] DEBUG:colcon.colcon_core.event_reactor:joined thread
[5.285s] INFO:colcon.colcon_core.shell:Creating prefix script '/home/petr/ros2_ws/install/local_setup.ps1'
[5.287s] INFO:colcon.colcon_core.shell:Creating prefix util module '/home/petr/ros2_ws/install/_local_setup_util_ps1.py'
[5.290s] INFO:colcon.colcon_core.shell:Creating prefix chain script '/home/petr/ros2_ws/install/setup.ps1'
[5.314s] INFO:colcon.colcon_core.shell:Creating prefix script '/home/petr/ros2_ws/install/local_setup.sh'
[5.316s] INFO:colcon.colcon_core.shell:Creating prefix util module '/home/petr/ros2_ws/install/_local_setup_util_sh.py'
[5.318s] INFO:colcon.colcon_core.shell:Creating prefix chain script '/home/petr/ros2_ws/install/setup.sh'
[5.342s] INFO:colcon.colcon_core.shell:Creating prefix script '/home/petr/ros2_ws/install/local_setup.bash'
[5.343s] INFO:colcon.colcon_core.shell:Creating prefix chain script '/home/petr/ros2_ws/install/setup.bash'
[5.366s] INFO:colcon.colcon_core.shell:Creating prefix script '/home/petr/ros2_ws/install/local_setup.zsh'
[5.367s] INFO:colcon.colcon_core.shell:Creating prefix chain script '/home/petr/ros2_ws/install/setup.zsh'
