-- The C compiler identification is GNU 15.1.1
-- The CXX compiler identification is GNU 15.1.1
-- Detecting C compiler ABI info
-- Detecting C compiler ABI info - done
-- Check for working C compiler: /usr/bin/cc - skipped
-- Detecting C compile features
-- Detecting C compile features - done
-- Detecting CXX compiler ABI info
-- Detecting CXX compiler ABI info - done
-- Check for working CXX compiler: /usr/bin/c++ - skipped
-- Detecting CXX compile features
-- Detecting CXX compile features - done
-- Found ament_cmake: 2.5.4 (/home/petr/ros2_jazzy/install/ament_cmake/share/ament_cmake/cmake)
-- Found Python3: /usr/bin/python3 (found version "3.11.11") found components: Interpreter
-- Found ament_lint_auto: 0.17.2 (/home/petr/ros2_jazzy/install/ament_lint_auto/share/ament_lint_auto/cmake)
-- Added test 'flake8' to check Python code syntax and style conventions
-- Configured 'flake8' exclude dirs and/or files: 
-- Added test 'lint_cmake' to check CMake code style
-- Added test 'pep257' to check Python code against some of the docstring style conventions in PEP 257
-- Added test 'xmllint' to check XML markup files
-- Configuring done (6.7s)
-- Generating done (0.0s)
-- Build files have been written to: /home/petr/ros2_ws/build/image_stream
-- Install configuration: ""
-- Installing: /home/petr/ros2_ws/install/image_stream/share/ament_index/resource_index/package_run_dependencies/image_stream
-- Installing: /home/petr/ros2_ws/install/image_stream/share/ament_index/resource_index/parent_prefix_path/image_stream
-- Installing: /home/petr/ros2_ws/install/image_stream/share/image_stream/environment/ament_prefix_path.sh
-- Installing: /home/petr/ros2_ws/install/image_stream/share/image_stream/environment/ament_prefix_path.dsv
-- Installing: /home/petr/ros2_ws/install/image_stream/share/image_stream/environment/path.sh
-- Installing: /home/petr/ros2_ws/install/image_stream/share/image_stream/environment/path.dsv
-- Installing: /home/petr/ros2_ws/install/image_stream/share/image_stream/local_setup.bash
-- Installing: /home/petr/ros2_ws/install/image_stream/share/image_stream/local_setup.sh
-- Installing: /home/petr/ros2_ws/install/image_stream/share/image_stream/local_setup.zsh
-- Installing: /home/petr/ros2_ws/install/image_stream/share/image_stream/local_setup.dsv
-- Installing: /home/petr/ros2_ws/install/image_stream/share/image_stream/package.dsv
-- Installing: /home/petr/ros2_ws/install/image_stream/share/ament_index/resource_index/packages/image_stream
-- Installing: /home/petr/ros2_ws/install/image_stream/share/image_stream/cmake/image_streamConfig.cmake
-- Installing: /home/petr/ros2_ws/install/image_stream/share/image_stream/cmake/image_streamConfig-version.cmake
-- Installing: /home/petr/ros2_ws/install/image_stream/share/image_stream/package.xml
