[3.831s] Invoking command in '/home/petr/ros2_ws/src/image_sender': DEBUGINFOD_URLS=https://debuginfod.archlinux.org PYTHONPATH=/home/petr/ros2_ws/build/image_sender/prefix_override:/home/petr/.local/lib/python3.11/site-packages/colcon_core/task/python/colcon_distutils_commands:/home/petr/ros2_ws/install/image_sender/lib/python3.11/site-packages:${PYTHONPATH} _=/usr/bin/env /usr/bin/python -W ignore:setup.py install is deprecated -W ignore:easy_install command is deprecated setup.py egg_info --egg-base ../../build/image_sender build --build-base /home/petr/ros2_ws/build/image_sender/build install --record /home/petr/ros2_ws/build/image_sender/install.log --single-version-externally-managed install_data
[4.881s] running egg_info
[4.883s] writing ../../build/image_sender/image_sender.egg-info/PKG-INFO
[4.884s] writing dependency_links to ../../build/image_sender/image_sender.egg-info/dependency_links.txt
[4.884s] writing entry points to ../../build/image_sender/image_sender.egg-info/entry_points.txt
[4.885s] writing requirements to ../../build/image_sender/image_sender.egg-info/requires.txt
[4.885s] writing top-level names to ../../build/image_sender/image_sender.egg-info/top_level.txt
[4.889s] reading manifest file '../../build/image_sender/image_sender.egg-info/SOURCES.txt'
[4.891s] writing manifest file '../../build/image_sender/image_sender.egg-info/SOURCES.txt'
[4.891s] running build
[4.891s] running build_py
[4.892s] running install
[4.893s] running install_lib
[4.902s] running install_data
[4.902s] running install_egg_info
[4.910s] removing '/home/petr/ros2_ws/install/image_sender/lib/python3.11/site-packages/image_sender-0.0.0-py3.11.egg-info' (and everything under it)
[4.911s] Copying ../../build/image_sender/image_sender.egg-info to /home/petr/ros2_ws/install/image_sender/lib/python3.11/site-packages/image_sender-0.0.0-py3.11.egg-info
[4.914s] running install_scripts
[5.007s] Installing read_jpg script to /home/petr/ros2_ws/install/image_sender/lib/image_sender
[5.007s] Installing send_image script to /home/petr/ros2_ws/install/image_sender/lib/image_sender
[5.008s] writing list of installed files to '/home/petr/ros2_ws/build/image_sender/install.log'
[5.121s] Invoked command in '/home/petr/ros2_ws/src/image_sender' returned '0': DEBUGINFOD_URLS=https://debuginfod.archlinux.org PYTHONPATH=/home/petr/ros2_ws/build/image_sender/prefix_override:/home/petr/.local/lib/python3.11/site-packages/colcon_core/task/python/colcon_distutils_commands:/home/petr/ros2_ws/install/image_sender/lib/python3.11/site-packages:${PYTHONPATH} _=/usr/bin/env /usr/bin/python -W ignore:setup.py install is deprecated -W ignore:easy_install command is deprecated setup.py egg_info --egg-base ../../build/image_sender build --build-base /home/petr/ros2_ws/build/image_sender/build install --record /home/petr/ros2_ws/build/image_sender/install.log --single-version-externally-managed install_data
