running egg_info
creating ../../build/image_sender/image_sender.egg-info
writing ../../build/image_sender/image_sender.egg-info/PKG-INFO
writing dependency_links to ../../build/image_sender/image_sender.egg-info/dependency_links.txt
writing entry points to ../../build/image_sender/image_sender.egg-info/entry_points.txt
writing requirements to ../../build/image_sender/image_sender.egg-info/requires.txt
writing top-level names to ../../build/image_sender/image_sender.egg-info/top_level.txt
writing manifest file '../../build/image_sender/image_sender.egg-info/SOURCES.txt'
reading manifest file '../../build/image_sender/image_sender.egg-info/SOURCES.txt'
writing manifest file '../../build/image_sender/image_sender.egg-info/SOURCES.txt'
running build
running build_py
creating /home/petr/ros2_ws/build/image_sender/build
creating /home/petr/ros2_ws/build/image_sender/build/lib
creating /home/petr/ros2_ws/build/image_sender/build/lib/image_sender
copying image_sender/__init__.py -> /home/petr/ros2_ws/build/image_sender/build/lib/image_sender
copying image_sender/image_publisher.py -> /home/petr/ros2_ws/build/image_sender/build/lib/image_sender
copying image_sender/image_sender.py -> /home/petr/ros2_ws/build/image_sender/build/lib/image_sender
running install
running install_lib
creating /home/petr/ros2_ws/install/image_sender/lib/python3.11/site-packages/image_sender
copying /home/petr/ros2_ws/build/image_sender/build/lib/image_sender/__init__.py -> /home/petr/ros2_ws/install/image_sender/lib/python3.11/site-packages/image_sender
copying /home/petr/ros2_ws/build/image_sender/build/lib/image_sender/image_publisher.py -> /home/petr/ros2_ws/install/image_sender/lib/python3.11/site-packages/image_sender
copying /home/petr/ros2_ws/build/image_sender/build/lib/image_sender/image_sender.py -> /home/petr/ros2_ws/install/image_sender/lib/python3.11/site-packages/image_sender
byte-compiling /home/petr/ros2_ws/install/image_sender/lib/python3.11/site-packages/image_sender/__init__.py to __init__.cpython-311.pyc
byte-compiling /home/petr/ros2_ws/install/image_sender/lib/python3.11/site-packages/image_sender/image_publisher.py to image_publisher.cpython-311.pyc
byte-compiling /home/petr/ros2_ws/install/image_sender/lib/python3.11/site-packages/image_sender/image_sender.py to image_sender.cpython-311.pyc
running install_data
creating /home/petr/ros2_ws/install/image_sender/share/ament_index
creating /home/petr/ros2_ws/install/image_sender/share/ament_index/resource_index
creating /home/petr/ros2_ws/install/image_sender/share/ament_index/resource_index/packages
copying resource/image_sender -> /home/petr/ros2_ws/install/image_sender/share/ament_index/resource_index/packages
copying package.xml -> /home/petr/ros2_ws/install/image_sender/share/image_sender
running install_egg_info
Copying ../../build/image_sender/image_sender.egg-info to /home/petr/ros2_ws/install/image_sender/lib/python3.11/site-packages/image_sender-0.0.0-py3.11.egg-info
running install_scripts
Installing read_jpg script to /home/petr/ros2_ws/install/image_sender/lib/image_sender
Installing send_image script to /home/petr/ros2_ws/install/image_sender/lib/image_sender
writing list of installed files to '/home/petr/ros2_ws/build/image_sender/install.log'
