[3.463s] Invoking command in '/home/petr/ros2_ws/src/image_sender': DEBUGINFOD_URLS=https://debuginfod.archlinux.org PYTHONPATH=/home/petr/ros2_ws/build/image_sender/prefix_override:/home/petr/.local/lib/python3.11/site-packages/colcon_core/task/python/colcon_distutils_commands:/home/petr/ros2_ws/install/image_sender/lib/python3.11/site-packages:${PYTHONPATH} _=/usr/bin/env /usr/bin/python -W ignore:setup.py install is deprecated -W ignore:easy_install command is deprecated setup.py egg_info --egg-base ../../build/image_sender build --build-base /home/petr/ros2_ws/build/image_sender/build install --record /home/petr/ros2_ws/build/image_sender/install.log --single-version-externally-managed install_data
[4.445s] running egg_info
[4.445s] creating ../../build/image_sender/image_sender.egg-info
[4.446s] writing ../../build/image_sender/image_sender.egg-info/PKG-INFO
[4.447s] writing dependency_links to ../../build/image_sender/image_sender.egg-info/dependency_links.txt
[4.447s] writing entry points to ../../build/image_sender/image_sender.egg-info/entry_points.txt
[4.447s] writing requirements to ../../build/image_sender/image_sender.egg-info/requires.txt
[4.448s] writing top-level names to ../../build/image_sender/image_sender.egg-info/top_level.txt
[4.449s] writing manifest file '../../build/image_sender/image_sender.egg-info/SOURCES.txt'
[4.452s] reading manifest file '../../build/image_sender/image_sender.egg-info/SOURCES.txt'
[4.453s] writing manifest file '../../build/image_sender/image_sender.egg-info/SOURCES.txt'
[4.453s] running build
[4.453s] running build_py
[4.454s] creating /home/petr/ros2_ws/build/image_sender/build
[4.454s] creating /home/petr/ros2_ws/build/image_sender/build/lib
[4.454s] creating /home/petr/ros2_ws/build/image_sender/build/lib/image_sender
[4.454s] copying image_sender/__init__.py -> /home/petr/ros2_ws/build/image_sender/build/lib/image_sender
[4.454s] copying image_sender/image_publisher.py -> /home/petr/ros2_ws/build/image_sender/build/lib/image_sender
[4.455s] copying image_sender/image_sender.py -> /home/petr/ros2_ws/build/image_sender/build/lib/image_sender
[4.456s] running install
[4.456s] running install_lib
[4.458s] creating /home/petr/ros2_ws/install/image_sender/lib/python3.11/site-packages/image_sender
[4.458s] copying /home/petr/ros2_ws/build/image_sender/build/lib/image_sender/__init__.py -> /home/petr/ros2_ws/install/image_sender/lib/python3.11/site-packages/image_sender
[4.458s] copying /home/petr/ros2_ws/build/image_sender/build/lib/image_sender/image_publisher.py -> /home/petr/ros2_ws/install/image_sender/lib/python3.11/site-packages/image_sender
[4.458s] copying /home/petr/ros2_ws/build/image_sender/build/lib/image_sender/image_sender.py -> /home/petr/ros2_ws/install/image_sender/lib/python3.11/site-packages/image_sender
[4.464s] byte-compiling /home/petr/ros2_ws/install/image_sender/lib/python3.11/site-packages/image_sender/__init__.py to __init__.cpython-311.pyc
[4.464s] byte-compiling /home/petr/ros2_ws/install/image_sender/lib/python3.11/site-packages/image_sender/image_publisher.py to image_publisher.cpython-311.pyc
[4.466s] byte-compiling /home/petr/ros2_ws/install/image_sender/lib/python3.11/site-packages/image_sender/image_sender.py to image_sender.cpython-311.pyc
[4.467s] running install_data
[4.468s] creating /home/petr/ros2_ws/install/image_sender/share/ament_index
[4.468s] creating /home/petr/ros2_ws/install/image_sender/share/ament_index/resource_index
[4.468s] creating /home/petr/ros2_ws/install/image_sender/share/ament_index/resource_index/packages
[4.468s] copying resource/image_sender -> /home/petr/ros2_ws/install/image_sender/share/ament_index/resource_index/packages
[4.468s] copying package.xml -> /home/petr/ros2_ws/install/image_sender/share/image_sender
[4.468s] running install_egg_info
[4.476s] Copying ../../build/image_sender/image_sender.egg-info to /home/petr/ros2_ws/install/image_sender/lib/python3.11/site-packages/image_sender-0.0.0-py3.11.egg-info
[4.480s] running install_scripts
[4.571s] Installing read_jpg script to /home/petr/ros2_ws/install/image_sender/lib/image_sender
[4.571s] Installing send_image script to /home/petr/ros2_ws/install/image_sender/lib/image_sender
[4.572s] writing list of installed files to '/home/petr/ros2_ws/build/image_sender/install.log'
[4.648s] Invoked command in '/home/petr/ros2_ws/src/image_sender' returned '0': DEBUGINFOD_URLS=https://debuginfod.archlinux.org PYTHONPATH=/home/petr/ros2_ws/build/image_sender/prefix_override:/home/petr/.local/lib/python3.11/site-packages/colcon_core/task/python/colcon_distutils_commands:/home/petr/ros2_ws/install/image_sender/lib/python3.11/site-packages:${PYTHONPATH} _=/usr/bin/env /usr/bin/python -W ignore:setup.py install is deprecated -W ignore:easy_install command is deprecated setup.py egg_info --egg-base ../../build/image_sender build --build-base /home/petr/ros2_ws/build/image_sender/build install --record /home/petr/ros2_ws/build/image_sender/install.log --single-version-externally-managed install_data
