[0.168s] DEBUG:colcon:Command line arguments: ['/usr/bin/colcon', 'build']
[0.168s] DEBUG:colcon:Parsed command line arguments: Namespace(log_base=None, log_level=None, verb_name='build', build_base='build', install_base='install', merge_install=False, symlink_install=False, test_result_base=None, continue_on_error=False, executor='parallel', parallel_workers=6, event_handlers=None, ignore_user_meta=False, metas=['./colcon.meta'], base_paths=['.'], packages_ignore=None, packages_ignore_regex=None, paths=None, packages_up_to=None, packages_up_to_regex=None, packages_above=None, packages_above_and_dependencies=None, packages_above_depth=None, packages_select_by_dep=None, packages_skip_by_dep=None, packages_skip_up_to=None, packages_select_build_failed=False, packages_skip_build_finished=False, packages_select_test_failures=False, packages_skip_test_passed=False, packages_select=None, packages_skip=None, packages_select_regex=None, packages_skip_regex=None, packages_start=None, packages_end=None, allow_overriding=[], cmake_args=None, cmake_target=None, cmake_target_skip_unavailable=False, cmake_clean_cache=False, cmake_clean_first=False, cmake_force_configure=False, ament_cmake_args=None, catkin_cmake_args=None, catkin_skip_building_tests=False, mixin_files=None, mixin=None, verb_parser=<colcon_mixin.mixin.mixin_argument.MixinArgumentDecorator object at 0x714eb470d640>, verb_extension=<colcon_core.verb.build.BuildVerb object at 0x714eb48bd940>, main=<bound method BuildVerb.main of <colcon_core.verb.build.BuildVerb object at 0x714eb48bd940>>, mixin_verb=('build',))
[0.227s] Level 1:colcon.colcon_core.package_discovery:discover_packages(colcon_meta) check parameters
[0.227s] Level 1:colcon.colcon_core.package_discovery:discover_packages(recursive) check parameters
[0.227s] Level 1:colcon.colcon_core.package_discovery:discover_packages(ignore) check parameters
[0.227s] Level 1:colcon.colcon_core.package_discovery:discover_packages(path) check parameters
[0.227s] Level 1:colcon.colcon_core.package_discovery:discover_packages(colcon_meta) discover
[0.227s] Level 1:colcon.colcon_core.package_discovery:discover_packages(recursive) discover
[0.228s] INFO:colcon.colcon_core.package_discovery:Crawling recursively for packages in '/mnt/ros2_ws'
[0.228s] Level 1:colcon.colcon_core.package_identification:_identify(.) by extensions ['ignore', 'ignore_ament_install']
[0.228s] Level 1:colcon.colcon_core.package_identification:_identify(.) by extension 'ignore'
[0.228s] Level 1:colcon.colcon_core.package_identification:_identify(.) by extension 'ignore_ament_install'
[0.228s] Level 1:colcon.colcon_core.package_identification:_identify(.) by extensions ['colcon_pkg']
[0.228s] Level 1:colcon.colcon_core.package_identification:_identify(.) by extension 'colcon_pkg'
[0.228s] Level 1:colcon.colcon_core.package_identification:_identify(.) by extensions ['colcon_meta']
[0.228s] Level 1:colcon.colcon_core.package_identification:_identify(.) by extension 'colcon_meta'
[0.228s] Level 1:colcon.colcon_core.package_identification:_identify(.) by extensions ['ros']
[0.228s] Level 1:colcon.colcon_core.package_identification:_identify(.) by extension 'ros'
[0.268s] Level 1:colcon.colcon_core.package_identification:_identify(.) by extensions ['cmake', 'python']
[0.268s] Level 1:colcon.colcon_core.package_identification:_identify(.) by extension 'cmake'
[0.268s] Level 1:colcon.colcon_core.package_identification:_identify(.) by extension 'python'
[0.268s] Level 1:colcon.colcon_core.package_identification:_identify(.) by extensions ['python_setup_py']
[0.268s] Level 1:colcon.colcon_core.package_identification:_identify(.) by extension 'python_setup_py'
[0.269s] Level 1:colcon.colcon_core.package_identification:_identify(build) by extensions ['ignore', 'ignore_ament_install']
[0.269s] Level 1:colcon.colcon_core.package_identification:_identify(build) by extension 'ignore'
[0.269s] Level 1:colcon.colcon_core.package_identification:_identify(build) ignored
[0.269s] Level 1:colcon.colcon_core.package_identification:_identify(install) by extensions ['ignore', 'ignore_ament_install']
[0.269s] Level 1:colcon.colcon_core.package_identification:_identify(install) by extension 'ignore'
[0.269s] Level 1:colcon.colcon_core.package_identification:_identify(install) ignored
[0.269s] Level 1:colcon.colcon_core.package_identification:_identify(log) by extensions ['ignore', 'ignore_ament_install']
[0.269s] Level 1:colcon.colcon_core.package_identification:_identify(log) by extension 'ignore'
[0.270s] Level 1:colcon.colcon_core.package_identification:_identify(log) ignored
[0.270s] Level 1:colcon.colcon_core.package_identification:_identify(src) by extensions ['ignore', 'ignore_ament_install']
[0.270s] Level 1:colcon.colcon_core.package_identification:_identify(src) by extension 'ignore'
[0.270s] Level 1:colcon.colcon_core.package_identification:_identify(src) by extension 'ignore_ament_install'
[0.270s] Level 1:colcon.colcon_core.package_identification:_identify(src) by extensions ['colcon_pkg']
[0.270s] Level 1:colcon.colcon_core.package_identification:_identify(src) by extension 'colcon_pkg'
[0.270s] Level 1:colcon.colcon_core.package_identification:_identify(src) by extensions ['colcon_meta']
[0.270s] Level 1:colcon.colcon_core.package_identification:_identify(src) by extension 'colcon_meta'
[0.270s] Level 1:colcon.colcon_core.package_identification:_identify(src) by extensions ['ros']
[0.270s] Level 1:colcon.colcon_core.package_identification:_identify(src) by extension 'ros'
[0.270s] Level 1:colcon.colcon_core.package_identification:_identify(src) by extensions ['cmake', 'python']
[0.270s] Level 1:colcon.colcon_core.package_identification:_identify(src) by extension 'cmake'
[0.270s] Level 1:colcon.colcon_core.package_identification:_identify(src) by extension 'python'
[0.271s] Level 1:colcon.colcon_core.package_identification:_identify(src) by extensions ['python_setup_py']
[0.271s] Level 1:colcon.colcon_core.package_identification:_identify(src) by extension 'python_setup_py'
[0.271s] Level 1:colcon.colcon_core.package_identification:_identify(src/build) by extensions ['ignore', 'ignore_ament_install']
[0.271s] Level 1:colcon.colcon_core.package_identification:_identify(src/build) by extension 'ignore'
[0.271s] Level 1:colcon.colcon_core.package_identification:_identify(src/build) ignored
[0.271s] Level 1:colcon.colcon_core.package_identification:_identify(src/esp32_bridge) by extensions ['ignore', 'ignore_ament_install']
[0.271s] Level 1:colcon.colcon_core.package_identification:_identify(src/esp32_bridge) by extension 'ignore'
[0.271s] Level 1:colcon.colcon_core.package_identification:_identify(src/esp32_bridge) by extension 'ignore_ament_install'
[0.271s] Level 1:colcon.colcon_core.package_identification:_identify(src/esp32_bridge) by extensions ['colcon_pkg']
[0.271s] Level 1:colcon.colcon_core.package_identification:_identify(src/esp32_bridge) by extension 'colcon_pkg'
[0.271s] Level 1:colcon.colcon_core.package_identification:_identify(src/esp32_bridge) by extensions ['colcon_meta']
[0.271s] Level 1:colcon.colcon_core.package_identification:_identify(src/esp32_bridge) by extension 'colcon_meta'
[0.271s] Level 1:colcon.colcon_core.package_identification:_identify(src/esp32_bridge) by extensions ['ros']
[0.272s] Level 1:colcon.colcon_core.package_identification:_identify(src/esp32_bridge) by extension 'ros'
[0.275s] DEBUG:colcon.colcon_core.package_identification:Package 'src/esp32_bridge' with type 'ros.ament_python' and name 'esp32_bridge'
[0.275s] Level 1:colcon.colcon_core.package_identification:_identify(src/esp_miniBot) by extensions ['ignore', 'ignore_ament_install']
[0.275s] Level 1:colcon.colcon_core.package_identification:_identify(src/esp_miniBot) by extension 'ignore'
[0.275s] Level 1:colcon.colcon_core.package_identification:_identify(src/esp_miniBot) by extension 'ignore_ament_install'
[0.275s] Level 1:colcon.colcon_core.package_identification:_identify(src/esp_miniBot) by extensions ['colcon_pkg']
[0.275s] Level 1:colcon.colcon_core.package_identification:_identify(src/esp_miniBot) by extension 'colcon_pkg'
[0.275s] Level 1:colcon.colcon_core.package_identification:_identify(src/esp_miniBot) by extensions ['colcon_meta']
[0.275s] Level 1:colcon.colcon_core.package_identification:_identify(src/esp_miniBot) by extension 'colcon_meta'
[0.275s] Level 1:colcon.colcon_core.package_identification:_identify(src/esp_miniBot) by extensions ['ros']
[0.275s] Level 1:colcon.colcon_core.package_identification:_identify(src/esp_miniBot) by extension 'ros'
[0.276s] DEBUG:colcon.colcon_core.package_identification:Package 'src/esp_miniBot' with type 'ros.ament_python' and name 'esp_miniBot'
[0.276s] Level 1:colcon.colcon_core.package_identification:_identify(src/image_stream) by extensions ['ignore', 'ignore_ament_install']
[0.276s] Level 1:colcon.colcon_core.package_identification:_identify(src/image_stream) by extension 'ignore'
[0.276s] Level 1:colcon.colcon_core.package_identification:_identify(src/image_stream) by extension 'ignore_ament_install'
[0.277s] Level 1:colcon.colcon_core.package_identification:_identify(src/image_stream) by extensions ['colcon_pkg']
[0.277s] Level 1:colcon.colcon_core.package_identification:_identify(src/image_stream) by extension 'colcon_pkg'
[0.277s] Level 1:colcon.colcon_core.package_identification:_identify(src/image_stream) by extensions ['colcon_meta']
[0.277s] Level 1:colcon.colcon_core.package_identification:_identify(src/image_stream) by extension 'colcon_meta'
[0.277s] Level 1:colcon.colcon_core.package_identification:_identify(src/image_stream) by extensions ['ros']
[0.277s] Level 1:colcon.colcon_core.package_identification:_identify(src/image_stream) by extension 'ros'
[0.277s] DEBUG:colcon.colcon_core.package_identification:Package 'src/image_stream' with type 'ros.ament_python' and name 'image_stream'
[0.278s] Level 1:colcon.colcon_core.package_identification:_identify(src/install) by extensions ['ignore', 'ignore_ament_install']
[0.278s] Level 1:colcon.colcon_core.package_identification:_identify(src/install) by extension 'ignore'
[0.278s] Level 1:colcon.colcon_core.package_identification:_identify(src/install) ignored
[0.278s] Level 1:colcon.colcon_core.package_identification:_identify(src/log) by extensions ['ignore', 'ignore_ament_install']
[0.278s] Level 1:colcon.colcon_core.package_identification:_identify(src/log) by extension 'ignore'
[0.278s] Level 1:colcon.colcon_core.package_identification:_identify(src/log) ignored
[0.278s] Level 1:colcon.colcon_core.package_identification:_identify(src/web_joystick) by extensions ['ignore', 'ignore_ament_install']
[0.278s] Level 1:colcon.colcon_core.package_identification:_identify(src/web_joystick) by extension 'ignore'
[0.279s] Level 1:colcon.colcon_core.package_identification:_identify(src/web_joystick) by extension 'ignore_ament_install'
[0.279s] Level 1:colcon.colcon_core.package_identification:_identify(src/web_joystick) by extensions ['colcon_pkg']
[0.279s] Level 1:colcon.colcon_core.package_identification:_identify(src/web_joystick) by extension 'colcon_pkg'
[0.279s] Level 1:colcon.colcon_core.package_identification:_identify(src/web_joystick) by extensions ['colcon_meta']
[0.279s] Level 1:colcon.colcon_core.package_identification:_identify(src/web_joystick) by extension 'colcon_meta'
[0.279s] Level 1:colcon.colcon_core.package_identification:_identify(src/web_joystick) by extensions ['ros']
[0.279s] Level 1:colcon.colcon_core.package_identification:_identify(src/web_joystick) by extension 'ros'
[0.280s] DEBUG:colcon.colcon_core.package_identification:Package 'src/web_joystick' with type 'ros.ament_python' and name 'web_joystick'
[0.280s] Level 1:colcon.colcon_core.package_discovery:discover_packages(recursive) using defaults
[0.280s] Level 1:colcon.colcon_core.package_discovery:discover_packages(ignore) discover
[0.280s] Level 1:colcon.colcon_core.package_discovery:discover_packages(ignore) using defaults
[0.280s] Level 1:colcon.colcon_core.package_discovery:discover_packages(path) discover
[0.280s] Level 1:colcon.colcon_core.package_discovery:discover_packages(path) using defaults
[0.307s] Level 1:colcon.colcon_core.package_discovery:discover_packages(prefix_path) check parameters
[0.307s] Level 1:colcon.colcon_core.package_discovery:discover_packages(prefix_path) discover
[0.311s] DEBUG:colcon.colcon_installed_package_information.package_discovery:Found 5 installed packages in /mnt/ros2_ws/install
[0.314s] DEBUG:colcon.colcon_installed_package_information.package_discovery:Found 378 installed packages in /opt/ros/jazzy
[0.317s] Level 1:colcon.colcon_core.package_discovery:discover_packages(prefix_path) using defaults
[0.417s] Level 5:colcon.colcon_core.verb:set package 'esp32_bridge' build argument 'cmake_args' from command line to 'None'
[0.417s] Level 5:colcon.colcon_core.verb:set package 'esp32_bridge' build argument 'cmake_target' from command line to 'None'
[0.417s] Level 5:colcon.colcon_core.verb:set package 'esp32_bridge' build argument 'cmake_target_skip_unavailable' from command line to 'False'
[0.417s] Level 5:colcon.colcon_core.verb:set package 'esp32_bridge' build argument 'cmake_clean_cache' from command line to 'False'
[0.417s] Level 5:colcon.colcon_core.verb:set package 'esp32_bridge' build argument 'cmake_clean_first' from command line to 'False'
[0.417s] Level 5:colcon.colcon_core.verb:set package 'esp32_bridge' build argument 'cmake_force_configure' from command line to 'False'
[0.417s] Level 5:colcon.colcon_core.verb:set package 'esp32_bridge' build argument 'ament_cmake_args' from command line to 'None'
[0.417s] Level 5:colcon.colcon_core.verb:set package 'esp32_bridge' build argument 'catkin_cmake_args' from command line to 'None'
[0.417s] Level 5:colcon.colcon_core.verb:set package 'esp32_bridge' build argument 'catkin_skip_building_tests' from command line to 'False'
[0.418s] DEBUG:colcon.colcon_core.verb:Building package 'esp32_bridge' with the following arguments: {'ament_cmake_args': None, 'build_base': '/mnt/ros2_ws/build/esp32_bridge', 'catkin_cmake_args': None, 'catkin_skip_building_tests': False, 'cmake_args': None, 'cmake_clean_cache': False, 'cmake_clean_first': False, 'cmake_force_configure': False, 'cmake_target': None, 'cmake_target_skip_unavailable': False, 'install_base': '/mnt/ros2_ws/install/esp32_bridge', 'merge_install': False, 'path': '/mnt/ros2_ws/src/esp32_bridge', 'symlink_install': False, 'test_result_base': None}
[0.418s] Level 5:colcon.colcon_core.verb:set package 'esp_miniBot' build argument 'cmake_args' from command line to 'None'
[0.418s] Level 5:colcon.colcon_core.verb:set package 'esp_miniBot' build argument 'cmake_target' from command line to 'None'
[0.418s] Level 5:colcon.colcon_core.verb:set package 'esp_miniBot' build argument 'cmake_target_skip_unavailable' from command line to 'False'
[0.418s] Level 5:colcon.colcon_core.verb:set package 'esp_miniBot' build argument 'cmake_clean_cache' from command line to 'False'
[0.418s] Level 5:colcon.colcon_core.verb:set package 'esp_miniBot' build argument 'cmake_clean_first' from command line to 'False'
[0.418s] Level 5:colcon.colcon_core.verb:set package 'esp_miniBot' build argument 'cmake_force_configure' from command line to 'False'
[0.418s] Level 5:colcon.colcon_core.verb:set package 'esp_miniBot' build argument 'ament_cmake_args' from command line to 'None'
[0.418s] Level 5:colcon.colcon_core.verb:set package 'esp_miniBot' build argument 'catkin_cmake_args' from command line to 'None'
[0.418s] Level 5:colcon.colcon_core.verb:set package 'esp_miniBot' build argument 'catkin_skip_building_tests' from command line to 'False'
[0.418s] DEBUG:colcon.colcon_core.verb:Building package 'esp_miniBot' with the following arguments: {'ament_cmake_args': None, 'build_base': '/mnt/ros2_ws/build/esp_miniBot', 'catkin_cmake_args': None, 'catkin_skip_building_tests': False, 'cmake_args': None, 'cmake_clean_cache': False, 'cmake_clean_first': False, 'cmake_force_configure': False, 'cmake_target': None, 'cmake_target_skip_unavailable': False, 'install_base': '/mnt/ros2_ws/install/esp_miniBot', 'merge_install': False, 'path': '/mnt/ros2_ws/src/esp_miniBot', 'symlink_install': False, 'test_result_base': None}
[0.419s] Level 5:colcon.colcon_core.verb:set package 'image_stream' build argument 'cmake_args' from command line to 'None'
[0.419s] Level 5:colcon.colcon_core.verb:set package 'image_stream' build argument 'cmake_target' from command line to 'None'
[0.419s] Level 5:colcon.colcon_core.verb:set package 'image_stream' build argument 'cmake_target_skip_unavailable' from command line to 'False'
[0.419s] Level 5:colcon.colcon_core.verb:set package 'image_stream' build argument 'cmake_clean_cache' from command line to 'False'
[0.419s] Level 5:colcon.colcon_core.verb:set package 'image_stream' build argument 'cmake_clean_first' from command line to 'False'
[0.419s] Level 5:colcon.colcon_core.verb:set package 'image_stream' build argument 'cmake_force_configure' from command line to 'False'
[0.419s] Level 5:colcon.colcon_core.verb:set package 'image_stream' build argument 'ament_cmake_args' from command line to 'None'
[0.419s] Level 5:colcon.colcon_core.verb:set package 'image_stream' build argument 'catkin_cmake_args' from command line to 'None'
[0.419s] Level 5:colcon.colcon_core.verb:set package 'image_stream' build argument 'catkin_skip_building_tests' from command line to 'False'
[0.419s] DEBUG:colcon.colcon_core.verb:Building package 'image_stream' with the following arguments: {'ament_cmake_args': None, 'build_base': '/mnt/ros2_ws/build/image_stream', 'catkin_cmake_args': None, 'catkin_skip_building_tests': False, 'cmake_args': None, 'cmake_clean_cache': False, 'cmake_clean_first': False, 'cmake_force_configure': False, 'cmake_target': None, 'cmake_target_skip_unavailable': False, 'install_base': '/mnt/ros2_ws/install/image_stream', 'merge_install': False, 'path': '/mnt/ros2_ws/src/image_stream', 'symlink_install': False, 'test_result_base': None}
[0.420s] Level 5:colcon.colcon_core.verb:set package 'web_joystick' build argument 'cmake_args' from command line to 'None'
[0.420s] Level 5:colcon.colcon_core.verb:set package 'web_joystick' build argument 'cmake_target' from command line to 'None'
[0.420s] Level 5:colcon.colcon_core.verb:set package 'web_joystick' build argument 'cmake_target_skip_unavailable' from command line to 'False'
[0.420s] Level 5:colcon.colcon_core.verb:set package 'web_joystick' build argument 'cmake_clean_cache' from command line to 'False'
[0.420s] Level 5:colcon.colcon_core.verb:set package 'web_joystick' build argument 'cmake_clean_first' from command line to 'False'
[0.420s] Level 5:colcon.colcon_core.verb:set package 'web_joystick' build argument 'cmake_force_configure' from command line to 'False'
[0.420s] Level 5:colcon.colcon_core.verb:set package 'web_joystick' build argument 'ament_cmake_args' from command line to 'None'
[0.420s] Level 5:colcon.colcon_core.verb:set package 'web_joystick' build argument 'catkin_cmake_args' from command line to 'None'
[0.420s] Level 5:colcon.colcon_core.verb:set package 'web_joystick' build argument 'catkin_skip_building_tests' from command line to 'False'
[0.420s] DEBUG:colcon.colcon_core.verb:Building package 'web_joystick' with the following arguments: {'ament_cmake_args': None, 'build_base': '/mnt/ros2_ws/build/web_joystick', 'catkin_cmake_args': None, 'catkin_skip_building_tests': False, 'cmake_args': None, 'cmake_clean_cache': False, 'cmake_clean_first': False, 'cmake_force_configure': False, 'cmake_target': None, 'cmake_target_skip_unavailable': False, 'install_base': '/mnt/ros2_ws/install/web_joystick', 'merge_install': False, 'path': '/mnt/ros2_ws/src/web_joystick', 'symlink_install': False, 'test_result_base': None}
[0.420s] INFO:colcon.colcon_core.executor:Executing jobs using 'parallel' executor
[0.422s] DEBUG:colcon.colcon_parallel_executor.executor.parallel:run_until_complete
[0.422s] INFO:colcon.colcon_ros.task.ament_python.build:Building ROS package in '/mnt/ros2_ws/src/esp32_bridge' with build type 'ament_python'
[0.422s] Level 1:colcon.colcon_core.shell:create_environment_hook('esp32_bridge', 'ament_prefix_path')
[0.425s] INFO:colcon.colcon_core.plugin_system:Skipping extension 'colcon_core.shell.bat': Not used on non-Windows systems
[0.426s] INFO:colcon.colcon_core.shell:Creating environment hook '/mnt/ros2_ws/install/esp32_bridge/share/esp32_bridge/hook/ament_prefix_path.ps1'
[0.427s] INFO:colcon.colcon_core.shell:Creating environment descriptor '/mnt/ros2_ws/install/esp32_bridge/share/esp32_bridge/hook/ament_prefix_path.dsv'
[0.427s] INFO:colcon.colcon_core.shell:Creating environment hook '/mnt/ros2_ws/install/esp32_bridge/share/esp32_bridge/hook/ament_prefix_path.sh'
[0.428s] INFO:colcon.colcon_core.shell:Skip shell extension 'powershell' for command environment: Not usable outside of PowerShell
[0.428s] DEBUG:colcon.colcon_core.shell:Skip shell extension 'dsv' for command environment
[0.435s] INFO:colcon.colcon_ros.task.ament_python.build:Building ROS package in '/mnt/ros2_ws/src/esp_miniBot' with build type 'ament_python'
[0.435s] Level 1:colcon.colcon_core.shell:create_environment_hook('esp_miniBot', 'ament_prefix_path')
[0.436s] INFO:colcon.colcon_core.shell:Creating environment hook '/mnt/ros2_ws/install/esp_miniBot/share/esp_miniBot/hook/ament_prefix_path.ps1'
[0.437s] INFO:colcon.colcon_core.shell:Creating environment descriptor '/mnt/ros2_ws/install/esp_miniBot/share/esp_miniBot/hook/ament_prefix_path.dsv'
[0.437s] INFO:colcon.colcon_core.shell:Creating environment hook '/mnt/ros2_ws/install/esp_miniBot/share/esp_miniBot/hook/ament_prefix_path.sh'
[0.438s] INFO:colcon.colcon_core.shell:Skip shell extension 'powershell' for command environment: Not usable outside of PowerShell
[0.438s] DEBUG:colcon.colcon_core.shell:Skip shell extension 'dsv' for command environment
[0.445s] INFO:colcon.colcon_ros.task.ament_python.build:Building ROS package in '/mnt/ros2_ws/src/image_stream' with build type 'ament_python'
[0.445s] Level 1:colcon.colcon_core.shell:create_environment_hook('image_stream', 'ament_prefix_path')
[0.445s] INFO:colcon.colcon_core.shell:Creating environment hook '/mnt/ros2_ws/install/image_stream/share/image_stream/hook/ament_prefix_path.ps1'
[0.446s] INFO:colcon.colcon_core.shell:Creating environment descriptor '/mnt/ros2_ws/install/image_stream/share/image_stream/hook/ament_prefix_path.dsv'
[0.446s] INFO:colcon.colcon_core.shell:Creating environment hook '/mnt/ros2_ws/install/image_stream/share/image_stream/hook/ament_prefix_path.sh'
[0.447s] INFO:colcon.colcon_core.shell:Skip shell extension 'powershell' for command environment: Not usable outside of PowerShell
[0.447s] DEBUG:colcon.colcon_core.shell:Skip shell extension 'dsv' for command environment
[0.454s] INFO:colcon.colcon_ros.task.ament_python.build:Building ROS package in '/mnt/ros2_ws/src/web_joystick' with build type 'ament_python'
[0.454s] Level 1:colcon.colcon_core.shell:create_environment_hook('web_joystick', 'ament_prefix_path')
[0.454s] INFO:colcon.colcon_core.shell:Creating environment hook '/mnt/ros2_ws/install/web_joystick/share/web_joystick/hook/ament_prefix_path.ps1'
[0.455s] INFO:colcon.colcon_core.shell:Creating environment descriptor '/mnt/ros2_ws/install/web_joystick/share/web_joystick/hook/ament_prefix_path.dsv'
[0.456s] INFO:colcon.colcon_core.shell:Creating environment hook '/mnt/ros2_ws/install/web_joystick/share/web_joystick/hook/ament_prefix_path.sh'
[0.456s] INFO:colcon.colcon_core.shell:Skip shell extension 'powershell' for command environment: Not usable outside of PowerShell
[0.456s] DEBUG:colcon.colcon_core.shell:Skip shell extension 'dsv' for command environment
[0.816s] INFO:colcon.colcon_core.task.python.build:Building Python package in '/mnt/ros2_ws/src/esp32_bridge'
[0.816s] INFO:colcon.colcon_core.shell:Skip shell extension 'powershell' for command environment: Not usable outside of PowerShell
[0.816s] DEBUG:colcon.colcon_core.shell:Skip shell extension 'dsv' for command environment
[1.171s] INFO:colcon.colcon_core.task.python.build:Building Python package in '/mnt/ros2_ws/src/esp_miniBot'
[1.171s] INFO:colcon.colcon_core.shell:Skip shell extension 'powershell' for command environment: Not usable outside of PowerShell
[1.171s] DEBUG:colcon.colcon_core.shell:Skip shell extension 'dsv' for command environment
[1.719s] INFO:colcon.colcon_core.task.python.build:Building Python package in '/mnt/ros2_ws/src/image_stream'
[1.719s] INFO:colcon.colcon_core.shell:Skip shell extension 'powershell' for command environment: Not usable outside of PowerShell
[1.719s] DEBUG:colcon.colcon_core.shell:Skip shell extension 'dsv' for command environment
[2.089s] INFO:colcon.colcon_core.task.python.build:Building Python package in '/mnt/ros2_ws/src/web_joystick'
[2.090s] INFO:colcon.colcon_core.shell:Skip shell extension 'powershell' for command environment: Not usable outside of PowerShell
[2.090s] DEBUG:colcon.colcon_core.shell:Skip shell extension 'dsv' for command environment
[3.206s] DEBUG:colcon.colcon_core.event_handler.log_command:Invoking command in '/mnt/ros2_ws/src/esp_miniBot': DEBUGINFOD_URLS=https://debuginfod.ubuntu.com PYTHONPATH=/mnt/ros2_ws/build/esp_miniBot/prefix_override:/usr/lib/python3/dist-packages/colcon_core/task/python/colcon_distutils_commands:/mnt/ros2_ws/install/esp_miniBot/lib/python3.12/site-packages:${PYTHONPATH} /usr/bin/python3 -W ignore:setup.py install is deprecated -W ignore:easy_install command is deprecated setup.py egg_info --egg-base ../../build/esp_miniBot build --build-base /mnt/ros2_ws/build/esp_miniBot/build install --record /mnt/ros2_ws/build/esp_miniBot/install.log --single-version-externally-managed install_data
[3.211s] DEBUG:colcon.colcon_core.event_handler.log_command:Invoking command in '/mnt/ros2_ws/src/esp32_bridge': DEBUGINFOD_URLS=https://debuginfod.ubuntu.com PYTHONPATH=/mnt/ros2_ws/build/esp32_bridge/prefix_override:/usr/lib/python3/dist-packages/colcon_core/task/python/colcon_distutils_commands:/mnt/ros2_ws/install/esp32_bridge/lib/python3.12/site-packages:${PYTHONPATH} /usr/bin/python3 -W ignore:setup.py install is deprecated -W ignore:easy_install command is deprecated setup.py egg_info --egg-base ../../build/esp32_bridge build --build-base /mnt/ros2_ws/build/esp32_bridge/build install --record /mnt/ros2_ws/build/esp32_bridge/install.log --single-version-externally-managed install_data
[3.507s] DEBUG:colcon.colcon_core.event_handler.log_command:Invoking command in '/mnt/ros2_ws/src/image_stream': DEBUGINFOD_URLS=https://debuginfod.ubuntu.com PYTHONPATH=/mnt/ros2_ws/build/image_stream/prefix_override:/usr/lib/python3/dist-packages/colcon_core/task/python/colcon_distutils_commands:/mnt/ros2_ws/install/image_stream/lib/python3.12/site-packages:${PYTHONPATH} /usr/bin/python3 -W ignore:setup.py install is deprecated -W ignore:easy_install command is deprecated setup.py egg_info --egg-base ../../build/image_stream build --build-base /mnt/ros2_ws/build/image_stream/build install --record /mnt/ros2_ws/build/image_stream/install.log --single-version-externally-managed install_data
[3.516s] DEBUG:colcon.colcon_core.event_handler.log_command:Invoking command in '/mnt/ros2_ws/src/web_joystick': DEBUGINFOD_URLS=https://debuginfod.ubuntu.com PYTHONPATH=/mnt/ros2_ws/build/web_joystick/prefix_override:/usr/lib/python3/dist-packages/colcon_core/task/python/colcon_distutils_commands:/mnt/ros2_ws/install/web_joystick/lib/python3.12/site-packages:${PYTHONPATH} /usr/bin/python3 -W ignore:setup.py install is deprecated -W ignore:easy_install command is deprecated setup.py egg_info --egg-base ../../build/web_joystick build --build-base /mnt/ros2_ws/build/web_joystick/build install --record /mnt/ros2_ws/build/web_joystick/install.log --single-version-externally-managed install_data
[4.563s] DEBUG:colcon.colcon_core.event_handler.log_command:Invoked command in '/mnt/ros2_ws/src/esp_miniBot' returned '0': DEBUGINFOD_URLS=https://debuginfod.ubuntu.com PYTHONPATH=/mnt/ros2_ws/build/esp_miniBot/prefix_override:/usr/lib/python3/dist-packages/colcon_core/task/python/colcon_distutils_commands:/mnt/ros2_ws/install/esp_miniBot/lib/python3.12/site-packages:${PYTHONPATH} /usr/bin/python3 -W ignore:setup.py install is deprecated -W ignore:easy_install command is deprecated setup.py egg_info --egg-base ../../build/esp_miniBot build --build-base /mnt/ros2_ws/build/esp_miniBot/build install --record /mnt/ros2_ws/build/esp_miniBot/install.log --single-version-externally-managed install_data
[4.567s] Level 1:colcon.colcon_core.environment:checking '/mnt/ros2_ws/install/esp_miniBot' for CMake module files
[4.568s] Level 1:colcon.colcon_core.environment:checking '/mnt/ros2_ws/install/esp_miniBot' for CMake config files
[4.569s] Level 1:colcon.colcon_core.environment:checking '/mnt/ros2_ws/install/esp_miniBot/lib'
[4.569s] Level 1:colcon.colcon_core.environment:checking '/mnt/ros2_ws/install/esp_miniBot/bin'
[4.570s] Level 1:colcon.colcon_core.environment:checking '/mnt/ros2_ws/install/esp_miniBot/lib/pkgconfig/esp_miniBot.pc'
[4.570s] Level 1:colcon.colcon_core.environment:checking '/mnt/ros2_ws/install/esp_miniBot/lib/python3.12/site-packages'
[4.570s] Level 1:colcon.colcon_core.shell:create_environment_hook('esp_miniBot', 'pythonpath')
[4.571s] INFO:colcon.colcon_core.shell:Creating environment hook '/mnt/ros2_ws/install/esp_miniBot/share/esp_miniBot/hook/pythonpath.ps1'
[4.571s] INFO:colcon.colcon_core.shell:Creating environment descriptor '/mnt/ros2_ws/install/esp_miniBot/share/esp_miniBot/hook/pythonpath.dsv'
[4.572s] INFO:colcon.colcon_core.shell:Creating environment hook '/mnt/ros2_ws/install/esp_miniBot/share/esp_miniBot/hook/pythonpath.sh'
[4.573s] Level 1:colcon.colcon_core.environment:checking '/mnt/ros2_ws/install/esp_miniBot/bin'
[4.573s] Level 1:colcon.colcon_core.environment:create_environment_scripts_only(esp_miniBot)
[4.573s] INFO:colcon.colcon_core.shell:Creating package script '/mnt/ros2_ws/install/esp_miniBot/share/esp_miniBot/package.ps1'
[4.575s] INFO:colcon.colcon_core.shell:Creating package descriptor '/mnt/ros2_ws/install/esp_miniBot/share/esp_miniBot/package.dsv'
[4.576s] INFO:colcon.colcon_core.shell:Creating package script '/mnt/ros2_ws/install/esp_miniBot/share/esp_miniBot/package.sh'
[4.577s] INFO:colcon.colcon_core.shell:Creating package script '/mnt/ros2_ws/install/esp_miniBot/share/esp_miniBot/package.bash'
[4.578s] INFO:colcon.colcon_core.shell:Creating package script '/mnt/ros2_ws/install/esp_miniBot/share/esp_miniBot/package.zsh'
[4.580s] Level 1:colcon.colcon_core.environment:create_file_with_runtime_dependencies(/mnt/ros2_ws/install/esp_miniBot/share/colcon-core/packages/esp_miniBot)
[4.680s] Level 1:colcon.colcon_core.environment:checking '/mnt/ros2_ws/install/image_stream' for CMake module files
[4.681s] DEBUG:colcon.colcon_core.event_handler.log_command:Invoked command in '/mnt/ros2_ws/src/image_stream' returned '0': DEBUGINFOD_URLS=https://debuginfod.ubuntu.com PYTHONPATH=/mnt/ros2_ws/build/image_stream/prefix_override:/usr/lib/python3/dist-packages/colcon_core/task/python/colcon_distutils_commands:/mnt/ros2_ws/install/image_stream/lib/python3.12/site-packages:${PYTHONPATH} /usr/bin/python3 -W ignore:setup.py install is deprecated -W ignore:easy_install command is deprecated setup.py egg_info --egg-base ../../build/image_stream build --build-base /mnt/ros2_ws/build/image_stream/build install --record /mnt/ros2_ws/build/image_stream/install.log --single-version-externally-managed install_data
[4.682s] Level 1:colcon.colcon_core.environment:checking '/mnt/ros2_ws/install/image_stream' for CMake config files
[4.682s] Level 1:colcon.colcon_core.shell:create_environment_hook('image_stream', 'cmake_prefix_path')
[4.682s] INFO:colcon.colcon_core.shell:Creating environment hook '/mnt/ros2_ws/install/image_stream/share/image_stream/hook/cmake_prefix_path.ps1'
[4.683s] INFO:colcon.colcon_core.shell:Creating environment descriptor '/mnt/ros2_ws/install/image_stream/share/image_stream/hook/cmake_prefix_path.dsv'
[4.683s] INFO:colcon.colcon_core.shell:Creating environment hook '/mnt/ros2_ws/install/image_stream/share/image_stream/hook/cmake_prefix_path.sh'
[4.684s] Level 1:colcon.colcon_core.environment:checking '/mnt/ros2_ws/install/image_stream/lib'
[4.684s] Level 1:colcon.colcon_core.environment:checking '/mnt/ros2_ws/install/image_stream/bin'
[4.684s] Level 1:colcon.colcon_core.environment:checking '/mnt/ros2_ws/install/image_stream/lib/pkgconfig/image_stream.pc'
[4.685s] Level 1:colcon.colcon_core.environment:checking '/mnt/ros2_ws/install/image_stream/lib/python3.12/site-packages'
[4.685s] Level 1:colcon.colcon_core.shell:create_environment_hook('image_stream', 'pythonpath')
[4.685s] INFO:colcon.colcon_core.shell:Creating environment hook '/mnt/ros2_ws/install/image_stream/share/image_stream/hook/pythonpath.ps1'
[4.686s] INFO:colcon.colcon_core.shell:Creating environment descriptor '/mnt/ros2_ws/install/image_stream/share/image_stream/hook/pythonpath.dsv'
[4.686s] INFO:colcon.colcon_core.shell:Creating environment hook '/mnt/ros2_ws/install/image_stream/share/image_stream/hook/pythonpath.sh'
[4.687s] Level 1:colcon.colcon_core.environment:checking '/mnt/ros2_ws/install/image_stream/bin'
[4.687s] Level 1:colcon.colcon_core.environment:create_environment_scripts_only(image_stream)
[4.687s] INFO:colcon.colcon_core.shell:Creating package script '/mnt/ros2_ws/install/image_stream/share/image_stream/package.ps1'
[4.688s] INFO:colcon.colcon_core.shell:Creating package descriptor '/mnt/ros2_ws/install/image_stream/share/image_stream/package.dsv'
[4.689s] INFO:colcon.colcon_core.shell:Creating package script '/mnt/ros2_ws/install/image_stream/share/image_stream/package.sh'
[4.689s] INFO:colcon.colcon_core.shell:Creating package script '/mnt/ros2_ws/install/image_stream/share/image_stream/package.bash'
[4.690s] INFO:colcon.colcon_core.shell:Creating package script '/mnt/ros2_ws/install/image_stream/share/image_stream/package.zsh'
[4.690s] Level 1:colcon.colcon_core.environment:create_file_with_runtime_dependencies(/mnt/ros2_ws/install/image_stream/share/colcon-core/packages/image_stream)
[4.754s] Level 1:colcon.colcon_core.environment:checking '/mnt/ros2_ws/install/web_joystick' for CMake module files
[4.756s] DEBUG:colcon.colcon_core.event_handler.log_command:Invoked command in '/mnt/ros2_ws/src/web_joystick' returned '0': DEBUGINFOD_URLS=https://debuginfod.ubuntu.com PYTHONPATH=/mnt/ros2_ws/build/web_joystick/prefix_override:/usr/lib/python3/dist-packages/colcon_core/task/python/colcon_distutils_commands:/mnt/ros2_ws/install/web_joystick/lib/python3.12/site-packages:${PYTHONPATH} /usr/bin/python3 -W ignore:setup.py install is deprecated -W ignore:easy_install command is deprecated setup.py egg_info --egg-base ../../build/web_joystick build --build-base /mnt/ros2_ws/build/web_joystick/build install --record /mnt/ros2_ws/build/web_joystick/install.log --single-version-externally-managed install_data
[4.758s] Level 1:colcon.colcon_core.environment:checking '/mnt/ros2_ws/install/web_joystick' for CMake config files
[4.760s] Level 1:colcon.colcon_core.environment:checking '/mnt/ros2_ws/install/web_joystick/lib'
[4.761s] Level 1:colcon.colcon_core.environment:checking '/mnt/ros2_ws/install/web_joystick/bin'
[4.761s] Level 1:colcon.colcon_core.environment:checking '/mnt/ros2_ws/install/web_joystick/lib/pkgconfig/web_joystick.pc'
[4.762s] Level 1:colcon.colcon_core.environment:checking '/mnt/ros2_ws/install/web_joystick/lib/python3.12/site-packages'
[4.763s] Level 1:colcon.colcon_core.shell:create_environment_hook('web_joystick', 'pythonpath')
[4.763s] INFO:colcon.colcon_core.shell:Creating environment hook '/mnt/ros2_ws/install/web_joystick/share/web_joystick/hook/pythonpath.ps1'
[4.765s] INFO:colcon.colcon_core.shell:Creating environment descriptor '/mnt/ros2_ws/install/web_joystick/share/web_joystick/hook/pythonpath.dsv'
[4.766s] INFO:colcon.colcon_core.shell:Creating environment hook '/mnt/ros2_ws/install/web_joystick/share/web_joystick/hook/pythonpath.sh'
[4.768s] Level 1:colcon.colcon_core.environment:checking '/mnt/ros2_ws/install/web_joystick/bin'
[4.768s] Level 1:colcon.colcon_core.environment:create_environment_scripts_only(web_joystick)
[4.769s] INFO:colcon.colcon_core.shell:Creating package script '/mnt/ros2_ws/install/web_joystick/share/web_joystick/package.ps1'
[4.771s] INFO:colcon.colcon_core.shell:Creating package descriptor '/mnt/ros2_ws/install/web_joystick/share/web_joystick/package.dsv'
[4.773s] INFO:colcon.colcon_core.shell:Creating package script '/mnt/ros2_ws/install/web_joystick/share/web_joystick/package.sh'
[4.775s] INFO:colcon.colcon_core.shell:Creating package script '/mnt/ros2_ws/install/web_joystick/share/web_joystick/package.bash'
[4.776s] INFO:colcon.colcon_core.shell:Creating package script '/mnt/ros2_ws/install/web_joystick/share/web_joystick/package.zsh'
[4.777s] Level 1:colcon.colcon_core.environment:create_file_with_runtime_dependencies(/mnt/ros2_ws/install/web_joystick/share/colcon-core/packages/web_joystick)
[4.797s] Level 1:colcon.colcon_core.environment:checking '/mnt/ros2_ws/install/esp32_bridge' for CMake module files
[4.799s] DEBUG:colcon.colcon_core.event_handler.log_command:Invoked command in '/mnt/ros2_ws/src/esp32_bridge' returned '0': DEBUGINFOD_URLS=https://debuginfod.ubuntu.com PYTHONPATH=/mnt/ros2_ws/build/esp32_bridge/prefix_override:/usr/lib/python3/dist-packages/colcon_core/task/python/colcon_distutils_commands:/mnt/ros2_ws/install/esp32_bridge/lib/python3.12/site-packages:${PYTHONPATH} /usr/bin/python3 -W ignore:setup.py install is deprecated -W ignore:easy_install command is deprecated setup.py egg_info --egg-base ../../build/esp32_bridge build --build-base /mnt/ros2_ws/build/esp32_bridge/build install --record /mnt/ros2_ws/build/esp32_bridge/install.log --single-version-externally-managed install_data
[4.801s] Level 1:colcon.colcon_core.environment:checking '/mnt/ros2_ws/install/esp32_bridge' for CMake config files
[4.803s] Level 1:colcon.colcon_core.environment:checking '/mnt/ros2_ws/install/esp32_bridge/lib'
[4.803s] Level 1:colcon.colcon_core.environment:checking '/mnt/ros2_ws/install/esp32_bridge/bin'
[4.804s] Level 1:colcon.colcon_core.environment:checking '/mnt/ros2_ws/install/esp32_bridge/lib/pkgconfig/esp32_bridge.pc'
[4.804s] Level 1:colcon.colcon_core.environment:checking '/mnt/ros2_ws/install/esp32_bridge/lib/python3.12/site-packages'
[4.805s] Level 1:colcon.colcon_core.shell:create_environment_hook('esp32_bridge', 'pythonpath')
[4.806s] INFO:colcon.colcon_core.shell:Creating environment hook '/mnt/ros2_ws/install/esp32_bridge/share/esp32_bridge/hook/pythonpath.ps1'
[4.807s] INFO:colcon.colcon_core.shell:Creating environment descriptor '/mnt/ros2_ws/install/esp32_bridge/share/esp32_bridge/hook/pythonpath.dsv'
[4.808s] INFO:colcon.colcon_core.shell:Creating environment hook '/mnt/ros2_ws/install/esp32_bridge/share/esp32_bridge/hook/pythonpath.sh'
[4.810s] Level 1:colcon.colcon_core.environment:checking '/mnt/ros2_ws/install/esp32_bridge/bin'
[4.811s] Level 1:colcon.colcon_core.environment:create_environment_scripts_only(esp32_bridge)
[4.812s] INFO:colcon.colcon_core.shell:Creating package script '/mnt/ros2_ws/install/esp32_bridge/share/esp32_bridge/package.ps1'
[4.813s] INFO:colcon.colcon_core.shell:Creating package descriptor '/mnt/ros2_ws/install/esp32_bridge/share/esp32_bridge/package.dsv'
[4.816s] INFO:colcon.colcon_core.shell:Creating package script '/mnt/ros2_ws/install/esp32_bridge/share/esp32_bridge/package.sh'
[4.818s] INFO:colcon.colcon_core.shell:Creating package script '/mnt/ros2_ws/install/esp32_bridge/share/esp32_bridge/package.bash'
[4.819s] INFO:colcon.colcon_core.shell:Creating package script '/mnt/ros2_ws/install/esp32_bridge/share/esp32_bridge/package.zsh'
[4.820s] Level 1:colcon.colcon_core.environment:create_file_with_runtime_dependencies(/mnt/ros2_ws/install/esp32_bridge/share/colcon-core/packages/esp32_bridge)
[4.822s] DEBUG:colcon.colcon_parallel_executor.executor.parallel:closing loop
[4.822s] DEBUG:colcon.colcon_parallel_executor.executor.parallel:loop closed
[4.823s] DEBUG:colcon.colcon_parallel_executor.executor.parallel:run_until_complete finished with '0'
[4.823s] DEBUG:colcon.colcon_core.event_reactor:joining thread
[4.833s] INFO:colcon.colcon_core.plugin_system:Skipping extension 'colcon_notification.desktop_notification.terminal_notifier': Not used on non-Darwin systems
[4.833s] INFO:colcon.colcon_core.plugin_system:Skipping extension 'colcon_notification.desktop_notification.win32': Not used on non-Windows systems
[4.833s] INFO:colcon.colcon_notification.desktop_notification:Sending desktop notification using 'notify2'
[4.837s] DEBUG:colcon.colcon_core.event_reactor:joined thread
[4.837s] INFO:colcon.colcon_core.shell:Creating prefix script '/mnt/ros2_ws/install/local_setup.ps1'
[4.838s] INFO:colcon.colcon_core.shell:Creating prefix util module '/mnt/ros2_ws/install/_local_setup_util_ps1.py'
[4.840s] INFO:colcon.colcon_core.shell:Creating prefix chain script '/mnt/ros2_ws/install/setup.ps1'
[4.842s] INFO:colcon.colcon_core.shell:Creating prefix script '/mnt/ros2_ws/install/local_setup.sh'
[4.843s] INFO:colcon.colcon_core.shell:Creating prefix util module '/mnt/ros2_ws/install/_local_setup_util_sh.py'
[4.844s] INFO:colcon.colcon_core.shell:Creating prefix chain script '/mnt/ros2_ws/install/setup.sh'
[4.845s] INFO:colcon.colcon_core.shell:Creating prefix script '/mnt/ros2_ws/install/local_setup.bash'
[4.846s] INFO:colcon.colcon_core.shell:Creating prefix chain script '/mnt/ros2_ws/install/setup.bash'
[4.847s] INFO:colcon.colcon_core.shell:Creating prefix script '/mnt/ros2_ws/install/local_setup.zsh'
[4.848s] INFO:colcon.colcon_core.shell:Creating prefix chain script '/mnt/ros2_ws/install/setup.zsh'
