running egg_info
writing ../../build/image_sender/image_sender.egg-info/PKG-INFO
writing dependency_links to ../../build/image_sender/image_sender.egg-info/dependency_links.txt
writing entry points to ../../build/image_sender/image_sender.egg-info/entry_points.txt
writing requirements to ../../build/image_sender/image_sender.egg-info/requires.txt
writing top-level names to ../../build/image_sender/image_sender.egg-info/top_level.txt
reading manifest file '../../build/image_sender/image_sender.egg-info/SOURCES.txt'
writing manifest file '../../build/image_sender/image_sender.egg-info/SOURCES.txt'
running build
running build_py
running install
running install_lib
running install_data
running install_egg_info
removing '/home/petr/ros2_ws/install/image_sender/lib/python3.11/site-packages/image_sender-0.0.0-py3.11.egg-info' (and everything under it)
Copying ../../build/image_sender/image_sender.egg-info to /home/petr/ros2_ws/install/image_sender/lib/python3.11/site-packages/image_sender-0.0.0-py3.11.egg-info
running install_scripts
Installing read_jpg script to /home/petr/ros2_ws/install/image_sender/lib/image_sender
Installing send_image script to /home/petr/ros2_ws/install/image_sender/lib/image_sender
writing list of installed files to '/home/petr/ros2_ws/build/image_sender/install.log'
