[7.329s] Invoking command in '/mnt/ros2_ws/src/esp32_bridge': DEBUGINFOD_URLS=https://debuginfod.archlinux.org PYTHONPATH=/mnt/ros2_ws/build/esp32_bridge/prefix_override:/home/petr/.local/lib/python3.11/site-packages/colcon_core/task/python/colcon_distutils_commands:/mnt/ros2_ws/install/esp32_bridge/lib/python3.11/site-packages:${PYTHONPATH} _=/usr/bin/env /usr/bin/python -W ignore:setup.py install is deprecated -W ignore:easy_install command is deprecated setup.py egg_info --egg-base ../../build/esp32_bridge build --build-base /mnt/ros2_ws/build/esp32_bridge/build install --record /mnt/ros2_ws/build/esp32_bridge/install.log --single-version-externally-managed install_data
[8.340s] running egg_info
[8.341s] writing ../../build/esp32_bridge/esp32_bridge.egg-info/PKG-INFO
[8.345s] writing dependency_links to ../../build/esp32_bridge/esp32_bridge.egg-info/dependency_links.txt
[8.345s] writing entry points to ../../build/esp32_bridge/esp32_bridge.egg-info/entry_points.txt
[8.346s] writing requirements to ../../build/esp32_bridge/esp32_bridge.egg-info/requires.txt
[8.346s] writing top-level names to ../../build/esp32_bridge/esp32_bridge.egg-info/top_level.txt
[8.350s] reading manifest file '../../build/esp32_bridge/esp32_bridge.egg-info/SOURCES.txt'
[8.358s] writing manifest file '../../build/esp32_bridge/esp32_bridge.egg-info/SOURCES.txt'
[8.367s] running build
[8.367s] running build_py
[8.380s] running install
[8.380s] running install_lib
[8.390s] running install_data
[8.406s] running install_egg_info
[8.414s] removing '/mnt/ros2_ws/install/esp32_bridge/lib/python3.11/site-packages/esp32_bridge-0.0.0-py3.11.egg-info' (and everything under it)
[8.414s] Copying ../../build/esp32_bridge/esp32_bridge.egg-info to /mnt/ros2_ws/install/esp32_bridge/lib/python3.11/site-packages/esp32_bridge-0.0.0-py3.11.egg-info
[8.417s] running install_scripts
[8.506s] Installing esp32_bridge script to /mnt/ros2_ws/install/esp32_bridge/lib/esp32_bridge
[8.519s] writing list of installed files to '/mnt/ros2_ws/build/esp32_bridge/install.log'
[8.704s] Invoked command in '/mnt/ros2_ws/src/esp32_bridge' returned '0': DEBUGINFOD_URLS=https://debuginfod.archlinux.org PYTHONPATH=/mnt/ros2_ws/build/esp32_bridge/prefix_override:/home/petr/.local/lib/python3.11/site-packages/colcon_core/task/python/colcon_distutils_commands:/mnt/ros2_ws/install/esp32_bridge/lib/python3.11/site-packages:${PYTHONPATH} _=/usr/bin/env /usr/bin/python -W ignore:setup.py install is deprecated -W ignore:easy_install command is deprecated setup.py egg_info --egg-base ../../build/esp32_bridge build --build-base /mnt/ros2_ws/build/esp32_bridge/build install --record /mnt/ros2_ws/build/esp32_bridge/install.log --single-version-externally-managed install_data
