[1.410s] Invoking command in '/mnt/ros2_ws/src/esp_miniBot': DEBUGINFOD_URLS=https://debuginfod.ubuntu.com PYTHONPATH=/mnt/build/esp_miniBot/prefix_override:/usr/lib/python3/dist-packages/colcon_core/task/python/colcon_distutils_commands:/mnt/install/esp_miniBot/lib/python3.12/site-packages:${PYTHONPATH} /usr/bin/python3 -W ignore:setup.py install is deprecated -W ignore:easy_install command is deprecated setup.py egg_info --egg-base ../../../build/esp_miniBot build --build-base /mnt/build/esp_miniBot/build install --record /mnt/build/esp_miniBot/install.log --single-version-externally-managed install_data
[1.884s] running egg_info
[1.885s] creating ../../../build/esp_miniBot/esp_miniBot.egg-info
[1.923s] writing ../../../build/esp_miniBot/esp_miniBot.egg-info/PKG-INFO
[1.924s] writing dependency_links to ../../../build/esp_miniBot/esp_miniBot.egg-info/dependency_links.txt
[1.924s] writing entry points to ../../../build/esp_miniBot/esp_miniBot.egg-info/entry_points.txt
[1.925s] writing requirements to ../../../build/esp_miniBot/esp_miniBot.egg-info/requires.txt
[1.925s] writing top-level names to ../../../build/esp_miniBot/esp_miniBot.egg-info/top_level.txt
[1.925s] writing manifest file '../../../build/esp_miniBot/esp_miniBot.egg-info/SOURCES.txt'
[2.004s] reading manifest file '../../../build/esp_miniBot/esp_miniBot.egg-info/SOURCES.txt'
[2.005s] writing manifest file '../../../build/esp_miniBot/esp_miniBot.egg-info/SOURCES.txt'
[2.005s] running build
[2.005s] running build_py
[2.005s] creating /mnt/build/esp_miniBot/build
[2.006s] creating /mnt/build/esp_miniBot/build/lib
[2.006s] creating /mnt/build/esp_miniBot/build/lib/esp_miniBot
[2.006s] copying esp_miniBot/music_stream.py -> /mnt/build/esp_miniBot/build/lib/esp_miniBot
[2.006s] copying esp_miniBot/espSpeedStreamer.py -> /mnt/build/esp_miniBot/build/lib/esp_miniBot
[2.010s] copying esp_miniBot/mp3_file_read.py -> /mnt/build/esp_miniBot/build/lib/esp_miniBot
[2.010s] copying esp_miniBot/__init__.py -> /mnt/build/esp_miniBot/build/lib/esp_miniBot
[2.010s] running install
[2.023s] running install_lib
[2.062s] creating /mnt/install/esp_miniBot/lib/python3.12/site-packages/esp_miniBot
[2.063s] copying /mnt/build/esp_miniBot/build/lib/esp_miniBot/music_stream.py -> /mnt/install/esp_miniBot/lib/python3.12/site-packages/esp_miniBot
[2.063s] copying /mnt/build/esp_miniBot/build/lib/esp_miniBot/espSpeedStreamer.py -> /mnt/install/esp_miniBot/lib/python3.12/site-packages/esp_miniBot
[2.063s] copying /mnt/build/esp_miniBot/build/lib/esp_miniBot/mp3_file_read.py -> /mnt/install/esp_miniBot/lib/python3.12/site-packages/esp_miniBot
[2.063s] copying /mnt/build/esp_miniBot/build/lib/esp_miniBot/__init__.py -> /mnt/install/esp_miniBot/lib/python3.12/site-packages/esp_miniBot
[2.064s] byte-compiling /mnt/install/esp_miniBot/lib/python3.12/site-packages/esp_miniBot/music_stream.py to music_stream.cpython-312.pyc
[2.066s] byte-compiling /mnt/install/esp_miniBot/lib/python3.12/site-packages/esp_miniBot/espSpeedStreamer.py to espSpeedStreamer.cpython-312.pyc
[2.067s] byte-compiling /mnt/install/esp_miniBot/lib/python3.12/site-packages/esp_miniBot/mp3_file_read.py to mp3_file_read.cpython-312.pyc
[2.072s] byte-compiling /mnt/install/esp_miniBot/lib/python3.12/site-packages/esp_miniBot/__init__.py to __init__.cpython-312.pyc
[2.072s] running install_data
[2.072s] creating /mnt/install/esp_miniBot/share/ament_index
[2.073s] creating /mnt/install/esp_miniBot/share/ament_index/resource_index
[2.073s] creating /mnt/install/esp_miniBot/share/ament_index/resource_index/packages
[2.073s] copying resource/esp_miniBot -> /mnt/install/esp_miniBot/share/ament_index/resource_index/packages
[2.073s] copying package.xml -> /mnt/install/esp_miniBot/share/esp_miniBot
[2.074s] running install_egg_info
[2.114s] Copying ../../../build/esp_miniBot/esp_miniBot.egg-info to /mnt/install/esp_miniBot/lib/python3.12/site-packages/esp_miniBot-0.0.0-py3.12.egg-info
[2.116s] running install_scripts
[2.352s] Installing read_mp3 script to /mnt/install/esp_miniBot/lib/esp_miniBot
[2.352s] Installing send_music script to /mnt/install/esp_miniBot/lib/esp_miniBot
[2.353s] Installing send_speed script to /mnt/install/esp_miniBot/lib/esp_miniBot
[2.353s] writing list of installed files to '/mnt/build/esp_miniBot/install.log'
[2.393s] Invoked command in '/mnt/ros2_ws/src/esp_miniBot' returned '0': DEBUGINFOD_URLS=https://debuginfod.ubuntu.com PYTHONPATH=/mnt/build/esp_miniBot/prefix_override:/usr/lib/python3/dist-packages/colcon_core/task/python/colcon_distutils_commands:/mnt/install/esp_miniBot/lib/python3.12/site-packages:${PYTHONPATH} /usr/bin/python3 -W ignore:setup.py install is deprecated -W ignore:easy_install command is deprecated setup.py egg_info --egg-base ../../../build/esp_miniBot build --build-base /mnt/build/esp_miniBot/build install --record /mnt/build/esp_miniBot/install.log --single-version-externally-managed install_data
