[7.090s] Invoking command in '/mnt/ros2_ws/src/image_stream': DEBUGINFOD_URLS=https://debuginfod.archlinux.org PYTHONPATH=/mnt/ros2_ws/build/image_stream/prefix_override:/home/petr/.local/lib/python3.11/site-packages/colcon_core/task/python/colcon_distutils_commands:/mnt/ros2_ws/install/image_stream/lib/python3.11/site-packages:${PYTHONPATH} _=/usr/bin/env /usr/bin/python -W ignore:setup.py install is deprecated -W ignore:easy_install command is deprecated setup.py egg_info --egg-base ../../build/image_stream build --build-base /mnt/ros2_ws/build/image_stream/build install --record /mnt/ros2_ws/build/image_stream/install.log --single-version-externally-managed install_data
[8.056s] running egg_info
[8.056s] writing ../../build/image_stream/image_stream.egg-info/PKG-INFO
[8.061s] writing dependency_links to ../../build/image_stream/image_stream.egg-info/dependency_links.txt
[8.064s] writing entry points to ../../build/image_stream/image_stream.egg-info/entry_points.txt
[8.065s] writing requirements to ../../build/image_stream/image_stream.egg-info/requires.txt
[8.066s] writing top-level names to ../../build/image_stream/image_stream.egg-info/top_level.txt
[8.071s] reading manifest file '../../build/image_stream/image_stream.egg-info/SOURCES.txt'
[8.075s] writing manifest file '../../build/image_stream/image_stream.egg-info/SOURCES.txt'
[8.079s] running build
[8.079s] running build_py
[8.094s] running install
[8.094s] running install_lib
[8.098s] copying /mnt/ros2_ws/build/image_stream/build/lib/image_stream/image_to_socket_node.py -> /mnt/ros2_ws/install/image_stream/lib/python3.11/site-packages/image_stream
[8.126s] byte-compiling /mnt/ros2_ws/install/image_stream/lib/python3.11/site-packages/image_stream/image_to_socket_node.py to image_to_socket_node.cpython-311.pyc
[8.132s] running install_data
[8.132s] running install_egg_info
[8.140s] removing '/mnt/ros2_ws/install/image_stream/lib/python3.11/site-packages/image_stream-0.0.0-py3.11.egg-info' (and everything under it)
[8.141s] Copying ../../build/image_stream/image_stream.egg-info to /mnt/ros2_ws/install/image_stream/lib/python3.11/site-packages/image_stream-0.0.0-py3.11.egg-info
[8.147s] running install_scripts
[8.234s] Installing read_image script to /mnt/ros2_ws/install/image_stream/lib/image_stream
[8.235s] Installing send_image script to /mnt/ros2_ws/install/image_stream/lib/image_stream
[8.239s] writing list of installed files to '/mnt/ros2_ws/build/image_stream/install.log'
[8.329s] Invoked command in '/mnt/ros2_ws/src/image_stream' returned '0': DEBUGINFOD_URLS=https://debuginfod.archlinux.org PYTHONPATH=/mnt/ros2_ws/build/image_stream/prefix_override:/home/petr/.local/lib/python3.11/site-packages/colcon_core/task/python/colcon_distutils_commands:/mnt/ros2_ws/install/image_stream/lib/python3.11/site-packages:${PYTHONPATH} _=/usr/bin/env /usr/bin/python -W ignore:setup.py install is deprecated -W ignore:easy_install command is deprecated setup.py egg_info --egg-base ../../build/image_stream build --build-base /mnt/ros2_ws/build/image_stream/build install --record /mnt/ros2_ws/build/image_stream/install.log --single-version-externally-managed install_data
