[7.026s] Invoking command in '/mnt/ros2_ws/src/web_joystick': DEBUGINFOD_URLS=https://debuginfod.archlinux.org PYTHONPATH=/mnt/ros2_ws/build/web_joystick/prefix_override:/home/petr/.local/lib/python3.11/site-packages/colcon_core/task/python/colcon_distutils_commands:/mnt/ros2_ws/install/web_joystick/lib/python3.11/site-packages:${PYTHONPATH} _=/usr/bin/env /usr/bin/python -W ignore:setup.py install is deprecated -W ignore:easy_install command is deprecated setup.py egg_info --egg-base ../../build/web_joystick build --build-base /mnt/ros2_ws/build/web_joystick/build install --record /mnt/ros2_ws/build/web_joystick/install.log --single-version-externally-managed install_data
[8.026s] running egg_info
[8.027s] writing ../../build/web_joystick/web_joystick.egg-info/PKG-INFO
[8.037s] writing dependency_links to ../../build/web_joystick/web_joystick.egg-info/dependency_links.txt
[8.037s] writing entry points to ../../build/web_joystick/web_joystick.egg-info/entry_points.txt
[8.037s] writing requirements to ../../build/web_joystick/web_joystick.egg-info/requires.txt
[8.042s] writing top-level names to ../../build/web_joystick/web_joystick.egg-info/top_level.txt
[8.046s] reading manifest file '../../build/web_joystick/web_joystick.egg-info/SOURCES.txt'
[8.266s] writing manifest file '../../build/web_joystick/web_joystick.egg-info/SOURCES.txt'
[8.271s] running build
[8.271s] running build_py
[8.281s] running install
[8.281s] running install_lib
[8.299s] running install_data
[8.315s] running install_egg_info
[8.332s] removing '/mnt/ros2_ws/install/web_joystick/lib/python3.11/site-packages/web_joystick-0.0.0-py3.11.egg-info' (and everything under it)
[8.333s] Copying ../../build/web_joystick/web_joystick.egg-info to /mnt/ros2_ws/install/web_joystick/lib/python3.11/site-packages/web_joystick-0.0.0-py3.11.egg-info
[8.336s] running install_scripts
[8.436s] Installing web script to /mnt/ros2_ws/install/web_joystick/lib/web_joystick
[8.446s] writing list of installed files to '/mnt/ros2_ws/build/web_joystick/install.log'
[8.551s] Invoked command in '/mnt/ros2_ws/src/web_joystick' returned '0': DEBUGINFOD_URLS=https://debuginfod.archlinux.org PYTHONPATH=/mnt/ros2_ws/build/web_joystick/prefix_override:/home/petr/.local/lib/python3.11/site-packages/colcon_core/task/python/colcon_distutils_commands:/mnt/ros2_ws/install/web_joystick/lib/python3.11/site-packages:${PYTHONPATH} _=/usr/bin/env /usr/bin/python -W ignore:setup.py install is deprecated -W ignore:easy_install command is deprecated setup.py egg_info --egg-base ../../build/web_joystick build --build-base /mnt/ros2_ws/build/web_joystick/build install --record /mnt/ros2_ws/build/web_joystick/install.log --single-version-externally-managed install_data
