[0.710s] DEBUG:colcon:Command line arguments: ['/usr/bin/colcon', 'build']
[0.710s] DEBUG:colcon:Parsed command line arguments: Namespace(log_base=None, log_level=None, verb_name='build', build_base='build', install_base='install', merge_install=False, symlink_install=False, test_result_base=None, continue_on_error=False, executor='parallel', parallel_workers=6, event_handlers=None, ignore_user_meta=False, metas=['./colcon.meta'], base_paths=['.'], packages_ignore=None, packages_ignore_regex=None, paths=None, packages_up_to=None, packages_up_to_regex=None, packages_above=None, packages_above_and_dependencies=None, packages_above_depth=None, packages_select_by_dep=None, packages_skip_by_dep=None, packages_skip_up_to=None, packages_select_build_failed=False, packages_skip_build_finished=False, packages_select_test_failures=False, packages_skip_test_passed=False, packages_select=None, packages_skip=None, packages_select_regex=None, packages_skip_regex=None, packages_start=None, packages_end=None, cmake_args=None, cmake_target=None, cmake_target_skip_unavailable=False, cmake_clean_cache=False, cmake_clean_first=False, cmake_force_configure=False, ament_cmake_args=None, catkin_cmake_args=None, catkin_skip_building_tests=False, verb_parser=<colcon_defaults.argument_parser.defaults.DefaultArgumentsDecorator object at 0x7f1186ec1a10>, verb_extension=<colcon_core.verb.build.BuildVerb object at 0x7f1186ec1050>, main=<bound method BuildVerb.main of <colcon_core.verb.build.BuildVerb object at 0x7f1186ec1050>>)
[1.144s] Level 1:colcon.colcon_core.package_discovery:discover_packages(colcon_meta) check parameters
[1.145s] Level 1:colcon.colcon_core.package_discovery:discover_packages(recursive) check parameters
[1.145s] Level 1:colcon.colcon_core.package_discovery:discover_packages(ignore) check parameters
[1.145s] Level 1:colcon.colcon_core.package_discovery:discover_packages(path) check parameters
[1.145s] Level 1:colcon.colcon_core.package_discovery:discover_packages(colcon_meta) discover
[1.145s] Level 1:colcon.colcon_core.package_discovery:discover_packages(recursive) discover
[1.145s] INFO:colcon.colcon_core.package_discovery:Crawling recursively for packages in '/home/petr/ros2_ws'
[1.145s] Level 1:colcon.colcon_core.package_identification:_identify(.) by extensions ['ignore', 'ignore_ament_install']
[1.145s] Level 1:colcon.colcon_core.package_identification:_identify(.) by extension 'ignore'
[1.145s] Level 1:colcon.colcon_core.package_identification:_identify(.) by extension 'ignore_ament_install'
[1.145s] Level 1:colcon.colcon_core.package_identification:_identify(.) by extensions ['colcon_pkg']
[1.146s] Level 1:colcon.colcon_core.package_identification:_identify(.) by extension 'colcon_pkg'
[1.146s] Level 1:colcon.colcon_core.package_identification:_identify(.) by extensions ['colcon_meta']
[1.146s] Level 1:colcon.colcon_core.package_identification:_identify(.) by extension 'colcon_meta'
[1.146s] Level 1:colcon.colcon_core.package_identification:_identify(.) by extensions ['ros']
[1.146s] Level 1:colcon.colcon_core.package_identification:_identify(.) by extension 'ros'
[1.205s] Level 1:colcon.colcon_core.package_identification:_identify(.) by extensions ['cmake', 'python']
[1.206s] Level 1:colcon.colcon_core.package_identification:_identify(.) by extension 'cmake'
[1.206s] Level 1:colcon.colcon_core.package_identification:_identify(.) by extension 'python'
[1.206s] Level 1:colcon.colcon_core.package_identification:_identify(.) by extensions ['python_setup_py']
[1.206s] Level 1:colcon.colcon_core.package_identification:_identify(.) by extension 'python_setup_py'
[1.206s] Level 1:colcon.colcon_core.package_identification:_identify(build) by extensions ['ignore', 'ignore_ament_install']
[1.206s] Level 1:colcon.colcon_core.package_identification:_identify(build) by extension 'ignore'
[1.206s] Level 1:colcon.colcon_core.package_identification:_identify(build) ignored
[1.206s] Level 1:colcon.colcon_core.package_identification:_identify(install) by extensions ['ignore', 'ignore_ament_install']
[1.206s] Level 1:colcon.colcon_core.package_identification:_identify(install) by extension 'ignore'
[1.207s] Level 1:colcon.colcon_core.package_identification:_identify(install) ignored
[1.207s] Level 1:colcon.colcon_core.package_identification:_identify(log) by extensions ['ignore', 'ignore_ament_install']
[1.207s] Level 1:colcon.colcon_core.package_identification:_identify(log) by extension 'ignore'
[1.207s] Level 1:colcon.colcon_core.package_identification:_identify(log) ignored
[1.207s] Level 1:colcon.colcon_core.package_identification:_identify(src) by extensions ['ignore', 'ignore_ament_install']
[1.208s] Level 1:colcon.colcon_core.package_identification:_identify(src) by extension 'ignore'
[1.208s] Level 1:colcon.colcon_core.package_identification:_identify(src) by extension 'ignore_ament_install'
[1.208s] Level 1:colcon.colcon_core.package_identification:_identify(src) by extensions ['colcon_pkg']
[1.208s] Level 1:colcon.colcon_core.package_identification:_identify(src) by extension 'colcon_pkg'
[1.208s] Level 1:colcon.colcon_core.package_identification:_identify(src) by extensions ['colcon_meta']
[1.208s] Level 1:colcon.colcon_core.package_identification:_identify(src) by extension 'colcon_meta'
[1.208s] Level 1:colcon.colcon_core.package_identification:_identify(src) by extensions ['ros']
[1.208s] Level 1:colcon.colcon_core.package_identification:_identify(src) by extension 'ros'
[1.208s] Level 1:colcon.colcon_core.package_identification:_identify(src) by extensions ['cmake', 'python']
[1.208s] Level 1:colcon.colcon_core.package_identification:_identify(src) by extension 'cmake'
[1.208s] Level 1:colcon.colcon_core.package_identification:_identify(src) by extension 'python'
[1.208s] Level 1:colcon.colcon_core.package_identification:_identify(src) by extensions ['python_setup_py']
[1.209s] Level 1:colcon.colcon_core.package_identification:_identify(src) by extension 'python_setup_py'
[1.209s] Level 1:colcon.colcon_core.package_identification:_identify(src/build) by extensions ['ignore', 'ignore_ament_install']
[1.209s] Level 1:colcon.colcon_core.package_identification:_identify(src/build) by extension 'ignore'
[1.209s] Level 1:colcon.colcon_core.package_identification:_identify(src/build) ignored
[1.209s] Level 1:colcon.colcon_core.package_identification:_identify(src/esp_miniBot) by extensions ['ignore', 'ignore_ament_install']
[1.209s] Level 1:colcon.colcon_core.package_identification:_identify(src/esp_miniBot) by extension 'ignore'
[1.209s] Level 1:colcon.colcon_core.package_identification:_identify(src/esp_miniBot) by extension 'ignore_ament_install'
[1.209s] Level 1:colcon.colcon_core.package_identification:_identify(src/esp_miniBot) by extensions ['colcon_pkg']
[1.209s] Level 1:colcon.colcon_core.package_identification:_identify(src/esp_miniBot) by extension 'colcon_pkg'
[1.209s] Level 1:colcon.colcon_core.package_identification:_identify(src/esp_miniBot) by extensions ['colcon_meta']
[1.210s] Level 1:colcon.colcon_core.package_identification:_identify(src/esp_miniBot) by extension 'colcon_meta'
[1.210s] Level 1:colcon.colcon_core.package_identification:_identify(src/esp_miniBot) by extensions ['ros']
[1.210s] Level 1:colcon.colcon_core.package_identification:_identify(src/esp_miniBot) by extension 'ros'
[1.214s] DEBUG:colcon.colcon_core.package_identification:Package 'src/esp_miniBot' with type 'ros.ament_python' and name 'esp_miniBot'
[1.215s] Level 1:colcon.colcon_core.package_identification:_identify(src/image_sender) by extensions ['ignore', 'ignore_ament_install']
[1.215s] Level 1:colcon.colcon_core.package_identification:_identify(src/image_sender) by extension 'ignore'
[1.215s] Level 1:colcon.colcon_core.package_identification:_identify(src/image_sender) by extension 'ignore_ament_install'
[1.215s] Level 1:colcon.colcon_core.package_identification:_identify(src/image_sender) by extensions ['colcon_pkg']
[1.215s] Level 1:colcon.colcon_core.package_identification:_identify(src/image_sender) by extension 'colcon_pkg'
[1.215s] Level 1:colcon.colcon_core.package_identification:_identify(src/image_sender) by extensions ['colcon_meta']
[1.215s] Level 1:colcon.colcon_core.package_identification:_identify(src/image_sender) by extension 'colcon_meta'
[1.216s] Level 1:colcon.colcon_core.package_identification:_identify(src/image_sender) by extensions ['ros']
[1.216s] Level 1:colcon.colcon_core.package_identification:_identify(src/image_sender) by extension 'ros'
[1.217s] DEBUG:colcon.colcon_core.package_identification:Package 'src/image_sender' with type 'ros.ament_python' and name 'image_sender'
[1.217s] Level 1:colcon.colcon_core.package_identification:_identify(src/install) by extensions ['ignore', 'ignore_ament_install']
[1.217s] Level 1:colcon.colcon_core.package_identification:_identify(src/install) by extension 'ignore'
[1.217s] Level 1:colcon.colcon_core.package_identification:_identify(src/install) ignored
[1.217s] Level 1:colcon.colcon_core.package_identification:_identify(src/log) by extensions ['ignore', 'ignore_ament_install']
[1.217s] Level 1:colcon.colcon_core.package_identification:_identify(src/log) by extension 'ignore'
[1.218s] Level 1:colcon.colcon_core.package_identification:_identify(src/log) ignored
[1.218s] Level 1:colcon.colcon_core.package_discovery:discover_packages(recursive) using defaults
[1.218s] Level 1:colcon.colcon_core.package_discovery:discover_packages(ignore) discover
[1.218s] Level 1:colcon.colcon_core.package_discovery:discover_packages(ignore) using defaults
[1.218s] Level 1:colcon.colcon_core.package_discovery:discover_packages(path) discover
[1.218s] Level 1:colcon.colcon_core.package_discovery:discover_packages(path) using defaults
[1.312s] Level 5:colcon.colcon_core.verb:set package 'esp_miniBot' build argument 'cmake_args' from command line to 'None'
[1.312s] Level 5:colcon.colcon_core.verb:set package 'esp_miniBot' build argument 'cmake_target' from command line to 'None'
[1.312s] Level 5:colcon.colcon_core.verb:set package 'esp_miniBot' build argument 'cmake_target_skip_unavailable' from command line to 'False'
[1.312s] Level 5:colcon.colcon_core.verb:set package 'esp_miniBot' build argument 'cmake_clean_cache' from command line to 'False'
[1.312s] Level 5:colcon.colcon_core.verb:set package 'esp_miniBot' build argument 'cmake_clean_first' from command line to 'False'
[1.312s] Level 5:colcon.colcon_core.verb:set package 'esp_miniBot' build argument 'cmake_force_configure' from command line to 'False'
[1.312s] Level 5:colcon.colcon_core.verb:set package 'esp_miniBot' build argument 'ament_cmake_args' from command line to 'None'
[1.312s] Level 5:colcon.colcon_core.verb:set package 'esp_miniBot' build argument 'catkin_cmake_args' from command line to 'None'
[1.312s] Level 5:colcon.colcon_core.verb:set package 'esp_miniBot' build argument 'catkin_skip_building_tests' from command line to 'False'
[1.313s] DEBUG:colcon.colcon_core.verb:Building package 'esp_miniBot' with the following arguments: {'ament_cmake_args': None, 'build_base': '/home/petr/ros2_ws/build/esp_miniBot', 'catkin_cmake_args': None, 'catkin_skip_building_tests': False, 'cmake_args': None, 'cmake_clean_cache': False, 'cmake_clean_first': False, 'cmake_force_configure': False, 'cmake_target': None, 'cmake_target_skip_unavailable': False, 'install_base': '/home/petr/ros2_ws/install/esp_miniBot', 'merge_install': False, 'path': '/home/petr/ros2_ws/src/esp_miniBot', 'symlink_install': False, 'test_result_base': None}
[1.313s] Level 5:colcon.colcon_core.verb:set package 'image_sender' build argument 'cmake_args' from command line to 'None'
[1.313s] Level 5:colcon.colcon_core.verb:set package 'image_sender' build argument 'cmake_target' from command line to 'None'
[1.313s] Level 5:colcon.colcon_core.verb:set package 'image_sender' build argument 'cmake_target_skip_unavailable' from command line to 'False'
[1.313s] Level 5:colcon.colcon_core.verb:set package 'image_sender' build argument 'cmake_clean_cache' from command line to 'False'
[1.313s] Level 5:colcon.colcon_core.verb:set package 'image_sender' build argument 'cmake_clean_first' from command line to 'False'
[1.313s] Level 5:colcon.colcon_core.verb:set package 'image_sender' build argument 'cmake_force_configure' from command line to 'False'
[1.314s] Level 5:colcon.colcon_core.verb:set package 'image_sender' build argument 'ament_cmake_args' from command line to 'None'
[1.314s] Level 5:colcon.colcon_core.verb:set package 'image_sender' build argument 'catkin_cmake_args' from command line to 'None'
[1.314s] Level 5:colcon.colcon_core.verb:set package 'image_sender' build argument 'catkin_skip_building_tests' from command line to 'False'
[1.314s] DEBUG:colcon.colcon_core.verb:Building package 'image_sender' with the following arguments: {'ament_cmake_args': None, 'build_base': '/home/petr/ros2_ws/build/image_sender', 'catkin_cmake_args': None, 'catkin_skip_building_tests': False, 'cmake_args': None, 'cmake_clean_cache': False, 'cmake_clean_first': False, 'cmake_force_configure': False, 'cmake_target': None, 'cmake_target_skip_unavailable': False, 'install_base': '/home/petr/ros2_ws/install/image_sender', 'merge_install': False, 'path': '/home/petr/ros2_ws/src/image_sender', 'symlink_install': False, 'test_result_base': None}
[1.314s] INFO:colcon.colcon_core.executor:Executing jobs using 'parallel' executor
[1.316s] DEBUG:colcon.colcon_parallel_executor.executor.parallel:run_until_complete
[1.316s] INFO:colcon.colcon_ros.task.ament_python.build:Building ROS package in '/home/petr/ros2_ws/src/esp_miniBot' with build type 'ament_python'
[1.317s] Level 1:colcon.colcon_core.shell:create_environment_hook('esp_miniBot', 'ament_prefix_path')
[1.363s] INFO:colcon.colcon_core.plugin_system:Skipping extension 'colcon_core.shell.bat': Not used on non-Windows systems
[1.364s] INFO:colcon.colcon_core.shell:Creating environment hook '/home/petr/ros2_ws/install/esp_miniBot/share/esp_miniBot/hook/ament_prefix_path.ps1'
[1.365s] INFO:colcon.colcon_core.shell:Creating environment descriptor '/home/petr/ros2_ws/install/esp_miniBot/share/esp_miniBot/hook/ament_prefix_path.dsv'
[1.366s] INFO:colcon.colcon_core.shell:Creating environment hook '/home/petr/ros2_ws/install/esp_miniBot/share/esp_miniBot/hook/ament_prefix_path.sh'
[1.368s] INFO:colcon.colcon_core.shell:Skip shell extension 'powershell' for command environment: Not usable outside of PowerShell
[1.368s] DEBUG:colcon.colcon_core.shell:Skip shell extension 'dsv' for command environment
[1.369s] WARNING:colcon.colcon_core.prefix_path.colcon:The path '/home/petr/Documents/ros2-music-streaming/ros2_ws/install' in the environment variable COLCON_PREFIX_PATH doesn't exist
[1.388s] WARNING:colcon.colcon_ros.prefix_path.catkin:The path '/home/petr/Documents/ros2-music-streaming/ros2_ws/install/music_streaming_pkg' in the environment variable CMAKE_PREFIX_PATH doesn't exist
[1.416s] INFO:colcon.colcon_ros.task.ament_python.build:Building ROS package in '/home/petr/ros2_ws/src/image_sender' with build type 'ament_python'
[1.416s] Level 1:colcon.colcon_core.shell:create_environment_hook('image_sender', 'ament_prefix_path')
[1.417s] INFO:colcon.colcon_core.shell:Creating environment hook '/home/petr/ros2_ws/install/image_sender/share/image_sender/hook/ament_prefix_path.ps1'
[1.419s] INFO:colcon.colcon_core.shell:Creating environment descriptor '/home/petr/ros2_ws/install/image_sender/share/image_sender/hook/ament_prefix_path.dsv'
[1.419s] INFO:colcon.colcon_core.shell:Creating environment hook '/home/petr/ros2_ws/install/image_sender/share/image_sender/hook/ament_prefix_path.sh'
[1.421s] INFO:colcon.colcon_core.shell:Skip shell extension 'powershell' for command environment: Not usable outside of PowerShell
[1.421s] DEBUG:colcon.colcon_core.shell:Skip shell extension 'dsv' for command environment
[2.568s] INFO:colcon.colcon_core.task.python.build:Building Python package in '/home/petr/ros2_ws/src/esp_miniBot'
[2.568s] INFO:colcon.colcon_core.shell:Skip shell extension 'powershell' for command environment: Not usable outside of PowerShell
[2.568s] DEBUG:colcon.colcon_core.shell:Skip shell extension 'dsv' for command environment
[3.681s] INFO:colcon.colcon_core.task.python.build:Building Python package in '/home/petr/ros2_ws/src/image_sender'
[3.682s] INFO:colcon.colcon_core.shell:Skip shell extension 'powershell' for command environment: Not usable outside of PowerShell
[3.682s] DEBUG:colcon.colcon_core.shell:Skip shell extension 'dsv' for command environment
[5.182s] DEBUG:colcon.colcon_core.event_handler.log_command:Invoking command in '/home/petr/ros2_ws/src/esp_miniBot': DEBUGINFOD_URLS=https://debuginfod.archlinux.org PYTHONPATH=/home/petr/ros2_ws/build/esp_miniBot/prefix_override:/home/petr/.local/lib/python3.11/site-packages/colcon_core/task/python/colcon_distutils_commands:/home/petr/ros2_ws/install/esp_miniBot/lib/python3.11/site-packages:${PYTHONPATH} _=/usr/bin/env /usr/bin/python -W ignore:setup.py install is deprecated -W ignore:easy_install command is deprecated setup.py egg_info --egg-base ../../build/esp_miniBot build --build-base /home/petr/ros2_ws/build/esp_miniBot/build install --record /home/petr/ros2_ws/build/esp_miniBot/install.log --single-version-externally-managed install_data
[5.195s] DEBUG:colcon.colcon_core.event_handler.log_command:Invoking command in '/home/petr/ros2_ws/src/image_sender': DEBUGINFOD_URLS=https://debuginfod.archlinux.org PYTHONPATH=/home/petr/ros2_ws/build/image_sender/prefix_override:/home/petr/.local/lib/python3.11/site-packages/colcon_core/task/python/colcon_distutils_commands:/home/petr/ros2_ws/install/image_sender/lib/python3.11/site-packages:${PYTHONPATH} _=/usr/bin/env /usr/bin/python -W ignore:setup.py install is deprecated -W ignore:easy_install command is deprecated setup.py egg_info --egg-base ../../build/image_sender build --build-base /home/petr/ros2_ws/build/image_sender/build install --record /home/petr/ros2_ws/build/image_sender/install.log --single-version-externally-managed install_data
[6.409s] DEBUG:colcon.colcon_core.event_handler.log_command:Invoked command in '/home/petr/ros2_ws/src/esp_miniBot' returned '0': DEBUGINFOD_URLS=https://debuginfod.archlinux.org PYTHONPATH=/home/petr/ros2_ws/build/esp_miniBot/prefix_override:/home/petr/.local/lib/python3.11/site-packages/colcon_core/task/python/colcon_distutils_commands:/home/petr/ros2_ws/install/esp_miniBot/lib/python3.11/site-packages:${PYTHONPATH} _=/usr/bin/env /usr/bin/python -W ignore:setup.py install is deprecated -W ignore:easy_install command is deprecated setup.py egg_info --egg-base ../../build/esp_miniBot build --build-base /home/petr/ros2_ws/build/esp_miniBot/build install --record /home/petr/ros2_ws/build/esp_miniBot/install.log --single-version-externally-managed install_data
[6.420s] Level 1:colcon.colcon_core.environment:checking '/home/petr/ros2_ws/install/esp_miniBot' for CMake module files
[6.422s] Level 1:colcon.colcon_core.environment:checking '/home/petr/ros2_ws/install/esp_miniBot' for CMake config files
[6.423s] Level 1:colcon.colcon_core.environment:checking '/home/petr/ros2_ws/install/esp_miniBot/lib'
[6.424s] Level 1:colcon.colcon_core.environment:checking '/home/petr/ros2_ws/install/esp_miniBot/bin'
[6.424s] Level 1:colcon.colcon_core.environment:checking '/home/petr/ros2_ws/install/esp_miniBot/lib/pkgconfig/esp_miniBot.pc'
[6.424s] Level 1:colcon.colcon_core.environment:checking '/home/petr/ros2_ws/install/esp_miniBot/lib/python3.11/site-packages'
[6.424s] Level 1:colcon.colcon_core.shell:create_environment_hook('esp_miniBot', 'pythonpath')
[6.425s] INFO:colcon.colcon_core.shell:Creating environment hook '/home/petr/ros2_ws/install/esp_miniBot/share/esp_miniBot/hook/pythonpath.ps1'
[6.426s] INFO:colcon.colcon_core.shell:Creating environment descriptor '/home/petr/ros2_ws/install/esp_miniBot/share/esp_miniBot/hook/pythonpath.dsv'
[6.427s] INFO:colcon.colcon_core.shell:Creating environment hook '/home/petr/ros2_ws/install/esp_miniBot/share/esp_miniBot/hook/pythonpath.sh'
[6.428s] Level 1:colcon.colcon_core.environment:checking '/home/petr/ros2_ws/install/esp_miniBot/bin'
[6.428s] Level 1:colcon.colcon_core.environment:create_environment_scripts_only(esp_miniBot)
[6.429s] INFO:colcon.colcon_core.shell:Creating package script '/home/petr/ros2_ws/install/esp_miniBot/share/esp_miniBot/package.ps1'
[6.430s] INFO:colcon.colcon_core.shell:Creating package descriptor '/home/petr/ros2_ws/install/esp_miniBot/share/esp_miniBot/package.dsv'
[6.432s] INFO:colcon.colcon_core.shell:Creating package script '/home/petr/ros2_ws/install/esp_miniBot/share/esp_miniBot/package.sh'
[6.433s] INFO:colcon.colcon_core.shell:Creating package script '/home/petr/ros2_ws/install/esp_miniBot/share/esp_miniBot/package.bash'
[6.434s] INFO:colcon.colcon_core.shell:Creating package script '/home/petr/ros2_ws/install/esp_miniBot/share/esp_miniBot/package.zsh'
[6.436s] Level 1:colcon.colcon_core.environment:create_file_with_runtime_dependencies(/home/petr/ros2_ws/install/esp_miniBot/share/colcon-core/packages/esp_miniBot)
[6.461s] Level 1:colcon.colcon_core.environment:checking '/home/petr/ros2_ws/install/image_sender' for CMake module files
[6.463s] DEBUG:colcon.colcon_core.event_handler.log_command:Invoked command in '/home/petr/ros2_ws/src/image_sender' returned '0': DEBUGINFOD_URLS=https://debuginfod.archlinux.org PYTHONPATH=/home/petr/ros2_ws/build/image_sender/prefix_override:/home/petr/.local/lib/python3.11/site-packages/colcon_core/task/python/colcon_distutils_commands:/home/petr/ros2_ws/install/image_sender/lib/python3.11/site-packages:${PYTHONPATH} _=/usr/bin/env /usr/bin/python -W ignore:setup.py install is deprecated -W ignore:easy_install command is deprecated setup.py egg_info --egg-base ../../build/image_sender build --build-base /home/petr/ros2_ws/build/image_sender/build install --record /home/petr/ros2_ws/build/image_sender/install.log --single-version-externally-managed install_data
[6.463s] Level 1:colcon.colcon_core.environment:checking '/home/petr/ros2_ws/install/image_sender' for CMake config files
[6.465s] Level 1:colcon.colcon_core.environment:checking '/home/petr/ros2_ws/install/image_sender/lib'
[6.465s] Level 1:colcon.colcon_core.environment:checking '/home/petr/ros2_ws/install/image_sender/bin'
[6.465s] Level 1:colcon.colcon_core.environment:checking '/home/petr/ros2_ws/install/image_sender/lib/pkgconfig/image_sender.pc'
[6.466s] Level 1:colcon.colcon_core.environment:checking '/home/petr/ros2_ws/install/image_sender/lib/python3.11/site-packages'
[6.466s] Level 1:colcon.colcon_core.shell:create_environment_hook('image_sender', 'pythonpath')
[6.466s] INFO:colcon.colcon_core.shell:Creating environment hook '/home/petr/ros2_ws/install/image_sender/share/image_sender/hook/pythonpath.ps1'
[6.467s] INFO:colcon.colcon_core.shell:Creating environment descriptor '/home/petr/ros2_ws/install/image_sender/share/image_sender/hook/pythonpath.dsv'
[6.468s] INFO:colcon.colcon_core.shell:Creating environment hook '/home/petr/ros2_ws/install/image_sender/share/image_sender/hook/pythonpath.sh'
[6.469s] Level 1:colcon.colcon_core.environment:checking '/home/petr/ros2_ws/install/image_sender/bin'
[6.469s] Level 1:colcon.colcon_core.environment:create_environment_scripts_only(image_sender)
[6.470s] INFO:colcon.colcon_core.shell:Creating package script '/home/petr/ros2_ws/install/image_sender/share/image_sender/package.ps1'
[6.471s] INFO:colcon.colcon_core.shell:Creating package descriptor '/home/petr/ros2_ws/install/image_sender/share/image_sender/package.dsv'
[6.472s] INFO:colcon.colcon_core.shell:Creating package script '/home/petr/ros2_ws/install/image_sender/share/image_sender/package.sh'
[6.473s] INFO:colcon.colcon_core.shell:Creating package script '/home/petr/ros2_ws/install/image_sender/share/image_sender/package.bash'
[6.474s] INFO:colcon.colcon_core.shell:Creating package script '/home/petr/ros2_ws/install/image_sender/share/image_sender/package.zsh'
[6.474s] Level 1:colcon.colcon_core.environment:create_file_with_runtime_dependencies(/home/petr/ros2_ws/install/image_sender/share/colcon-core/packages/image_sender)
[6.475s] DEBUG:colcon.colcon_parallel_executor.executor.parallel:closing loop
[6.475s] DEBUG:colcon.colcon_parallel_executor.executor.parallel:loop closed
[6.475s] DEBUG:colcon.colcon_parallel_executor.executor.parallel:run_until_complete finished with '0'
[6.475s] DEBUG:colcon.colcon_core.event_reactor:joining thread
[6.489s] INFO:colcon.colcon_core.plugin_system:Skipping extension 'colcon_notification.desktop_notification.notify2': 'notify2' not found
[6.490s] INFO:colcon.colcon_core.plugin_system:Skipping extension 'colcon_notification.desktop_notification.terminal_notifier': Not used on non-Darwin systems
[6.490s] INFO:colcon.colcon_core.plugin_system:Skipping extension 'colcon_notification.desktop_notification.win32': Not used on non-Windows systems
[6.490s] INFO:colcon.colcon_notification.desktop_notification:Sending desktop notification using 'notify_send'
[6.509s] DEBUG:colcon.colcon_core.event_reactor:joined thread
[6.510s] INFO:colcon.colcon_core.shell:Creating prefix script '/home/petr/ros2_ws/install/local_setup.ps1'
[6.511s] INFO:colcon.colcon_core.shell:Creating prefix util module '/home/petr/ros2_ws/install/_local_setup_util_ps1.py'
[6.514s] INFO:colcon.colcon_core.shell:Creating prefix chain script '/home/petr/ros2_ws/install/setup.ps1'
[6.537s] INFO:colcon.colcon_core.shell:Creating prefix script '/home/petr/ros2_ws/install/local_setup.sh'
[6.539s] INFO:colcon.colcon_core.shell:Creating prefix util module '/home/petr/ros2_ws/install/_local_setup_util_sh.py'
[6.540s] INFO:colcon.colcon_core.shell:Creating prefix chain script '/home/petr/ros2_ws/install/setup.sh'
[6.562s] INFO:colcon.colcon_core.shell:Creating prefix script '/home/petr/ros2_ws/install/local_setup.bash'
[6.563s] INFO:colcon.colcon_core.shell:Creating prefix chain script '/home/petr/ros2_ws/install/setup.bash'
[6.585s] INFO:colcon.colcon_core.shell:Creating prefix script '/home/petr/ros2_ws/install/local_setup.zsh'
[6.586s] INFO:colcon.colcon_core.shell:Creating prefix chain script '/home/petr/ros2_ws/install/setup.zsh'
