/mnt/install/esp_miniBot/lib/python3.12/site-packages/esp_miniBot/music_stream.py
/mnt/install/esp_miniBot/lib/python3.12/site-packages/esp_miniBot/espSpeedStreamer.py
/mnt/install/esp_miniBot/lib/python3.12/site-packages/esp_miniBot/mp3_file_read.py
/mnt/install/esp_miniBot/lib/python3.12/site-packages/esp_miniBot/__init__.py
/mnt/install/esp_miniBot/lib/python3.12/site-packages/esp_miniBot/__pycache__/music_stream.cpython-312.pyc
/mnt/install/esp_miniBot/lib/python3.12/site-packages/esp_miniBot/__pycache__/espSpeedStreamer.cpython-312.pyc
/mnt/install/esp_miniBot/lib/python3.12/site-packages/esp_miniBot/__pycache__/mp3_file_read.cpython-312.pyc
/mnt/install/esp_miniBot/lib/python3.12/site-packages/esp_miniBot/__pycache__/__init__.cpython-312.pyc
/mnt/install/esp_miniBot/share/ament_index/resource_index/packages/esp_miniBot
/mnt/install/esp_miniBot/share/esp_miniBot/package.xml
/mnt/install/esp_miniBot/lib/python3.12/site-packages/esp_miniBot-0.0.0-py3.12.egg-info/requires.txt
/mnt/install/esp_miniBot/lib/python3.12/site-packages/esp_miniBot-0.0.0-py3.12.egg-info/top_level.txt
/mnt/install/esp_miniBot/lib/python3.12/site-packages/esp_miniBot-0.0.0-py3.12.egg-info/entry_points.txt
/mnt/install/esp_miniBot/lib/python3.12/site-packages/esp_miniBot-0.0.0-py3.12.egg-info/PKG-INFO
/mnt/install/esp_miniBot/lib/python3.12/site-packages/esp_miniBot-0.0.0-py3.12.egg-info/SOURCES.txt
/mnt/install/esp_miniBot/lib/python3.12/site-packages/esp_miniBot-0.0.0-py3.12.egg-info/zip-safe
/mnt/install/esp_miniBot/lib/python3.12/site-packages/esp_miniBot-0.0.0-py3.12.egg-info/dependency_links.txt
/mnt/install/esp_miniBot/lib/esp_miniBot/read_mp3
/mnt/install/esp_miniBot/lib/esp_miniBot/send_music
/mnt/install/esp_miniBot/lib/esp_miniBot/send_speed
