[0.780s] DEBUG:colcon:Command line arguments: ['/usr/bin/colcon', 'build']
[0.780s] DEBUG:colcon:Parsed command line arguments: Namespace(log_base=None, log_level=None, verb_name='build', build_base='build', install_base='install', merge_install=False, symlink_install=False, test_result_base=None, continue_on_error=False, executor='parallel', parallel_workers=6, event_handlers=None, ignore_user_meta=False, metas=['./colcon.meta'], base_paths=['.'], packages_ignore=None, packages_ignore_regex=None, paths=None, packages_up_to=None, packages_up_to_regex=None, packages_above=None, packages_above_and_dependencies=None, packages_above_depth=None, packages_select_by_dep=None, packages_skip_by_dep=None, packages_skip_up_to=None, packages_select_build_failed=False, packages_skip_build_finished=False, packages_select_test_failures=False, packages_skip_test_passed=False, packages_select=None, packages_skip=None, packages_select_regex=None, packages_skip_regex=None, packages_start=None, packages_end=None, cmake_args=None, cmake_target=None, cmake_target_skip_unavailable=False, cmake_clean_cache=False, cmake_clean_first=False, cmake_force_configure=False, ament_cmake_args=None, catkin_cmake_args=None, catkin_skip_building_tests=False, verb_parser=<colcon_defaults.argument_parser.defaults.DefaultArgumentsDecorator object at 0x7fd24a1676d0>, verb_extension=<colcon_core.verb.build.BuildVerb object at 0x7fd24a166c50>, main=<bound method BuildVerb.main of <colcon_core.verb.build.BuildVerb object at 0x7fd24a166c50>>)
[1.232s] Level 1:colcon.colcon_core.package_discovery:discover_packages(colcon_meta) check parameters
[1.232s] Level 1:colcon.colcon_core.package_discovery:discover_packages(recursive) check parameters
[1.232s] Level 1:colcon.colcon_core.package_discovery:discover_packages(ignore) check parameters
[1.232s] Level 1:colcon.colcon_core.package_discovery:discover_packages(path) check parameters
[1.232s] Level 1:colcon.colcon_core.package_discovery:discover_packages(colcon_meta) discover
[1.232s] Level 1:colcon.colcon_core.package_discovery:discover_packages(recursive) discover
[1.232s] INFO:colcon.colcon_core.package_discovery:Crawling recursively for packages in '/mnt/ros2_ws'
[1.232s] Level 1:colcon.colcon_core.package_identification:_identify(.) by extensions ['ignore', 'ignore_ament_install']
[1.233s] Level 1:colcon.colcon_core.package_identification:_identify(.) by extension 'ignore'
[1.233s] Level 1:colcon.colcon_core.package_identification:_identify(.) by extension 'ignore_ament_install'
[1.233s] Level 1:colcon.colcon_core.package_identification:_identify(.) by extensions ['colcon_pkg']
[1.233s] Level 1:colcon.colcon_core.package_identification:_identify(.) by extension 'colcon_pkg'
[1.233s] Level 1:colcon.colcon_core.package_identification:_identify(.) by extensions ['colcon_meta']
[1.233s] Level 1:colcon.colcon_core.package_identification:_identify(.) by extension 'colcon_meta'
[1.233s] Level 1:colcon.colcon_core.package_identification:_identify(.) by extensions ['ros']
[1.233s] Level 1:colcon.colcon_core.package_identification:_identify(.) by extension 'ros'
[1.304s] Level 1:colcon.colcon_core.package_identification:_identify(.) by extensions ['cmake', 'python']
[1.305s] Level 1:colcon.colcon_core.package_identification:_identify(.) by extension 'cmake'
[1.305s] Level 1:colcon.colcon_core.package_identification:_identify(.) by extension 'python'
[1.305s] Level 1:colcon.colcon_core.package_identification:_identify(.) by extensions ['python_setup_py']
[1.305s] Level 1:colcon.colcon_core.package_identification:_identify(.) by extension 'python_setup_py'
[1.305s] Level 1:colcon.colcon_core.package_identification:_identify(build) by extensions ['ignore', 'ignore_ament_install']
[1.305s] Level 1:colcon.colcon_core.package_identification:_identify(build) by extension 'ignore'
[1.305s] Level 1:colcon.colcon_core.package_identification:_identify(build) ignored
[1.305s] Level 1:colcon.colcon_core.package_identification:_identify(install) by extensions ['ignore', 'ignore_ament_install']
[1.306s] Level 1:colcon.colcon_core.package_identification:_identify(install) by extension 'ignore'
[1.306s] Level 1:colcon.colcon_core.package_identification:_identify(install) ignored
[1.306s] Level 1:colcon.colcon_core.package_identification:_identify(log) by extensions ['ignore', 'ignore_ament_install']
[1.306s] Level 1:colcon.colcon_core.package_identification:_identify(log) by extension 'ignore'
[1.306s] Level 1:colcon.colcon_core.package_identification:_identify(log) ignored
[1.306s] Level 1:colcon.colcon_core.package_identification:_identify(src) by extensions ['ignore', 'ignore_ament_install']
[1.306s] Level 1:colcon.colcon_core.package_identification:_identify(src) by extension 'ignore'
[1.306s] Level 1:colcon.colcon_core.package_identification:_identify(src) by extension 'ignore_ament_install'
[1.306s] Level 1:colcon.colcon_core.package_identification:_identify(src) by extensions ['colcon_pkg']
[1.307s] Level 1:colcon.colcon_core.package_identification:_identify(src) by extension 'colcon_pkg'
[1.307s] Level 1:colcon.colcon_core.package_identification:_identify(src) by extensions ['colcon_meta']
[1.307s] Level 1:colcon.colcon_core.package_identification:_identify(src) by extension 'colcon_meta'
[1.307s] Level 1:colcon.colcon_core.package_identification:_identify(src) by extensions ['ros']
[1.307s] Level 1:colcon.colcon_core.package_identification:_identify(src) by extension 'ros'
[1.307s] Level 1:colcon.colcon_core.package_identification:_identify(src) by extensions ['cmake', 'python']
[1.307s] Level 1:colcon.colcon_core.package_identification:_identify(src) by extension 'cmake'
[1.307s] Level 1:colcon.colcon_core.package_identification:_identify(src) by extension 'python'
[1.307s] Level 1:colcon.colcon_core.package_identification:_identify(src) by extensions ['python_setup_py']
[1.307s] Level 1:colcon.colcon_core.package_identification:_identify(src) by extension 'python_setup_py'
[1.308s] Level 1:colcon.colcon_core.package_identification:_identify(src/build) by extensions ['ignore', 'ignore_ament_install']
[1.309s] Level 1:colcon.colcon_core.package_identification:_identify(src/build) by extension 'ignore'
[1.309s] Level 1:colcon.colcon_core.package_identification:_identify(src/build) ignored
[1.310s] Level 1:colcon.colcon_core.package_identification:_identify(src/esp32_bridge) by extensions ['ignore', 'ignore_ament_install']
[1.311s] Level 1:colcon.colcon_core.package_identification:_identify(src/esp32_bridge) by extension 'ignore'
[1.311s] Level 1:colcon.colcon_core.package_identification:_identify(src/esp32_bridge) by extension 'ignore_ament_install'
[1.311s] Level 1:colcon.colcon_core.package_identification:_identify(src/esp32_bridge) by extensions ['colcon_pkg']
[1.311s] Level 1:colcon.colcon_core.package_identification:_identify(src/esp32_bridge) by extension 'colcon_pkg'
[1.311s] Level 1:colcon.colcon_core.package_identification:_identify(src/esp32_bridge) by extensions ['colcon_meta']
[1.311s] Level 1:colcon.colcon_core.package_identification:_identify(src/esp32_bridge) by extension 'colcon_meta'
[1.311s] Level 1:colcon.colcon_core.package_identification:_identify(src/esp32_bridge) by extensions ['ros']
[1.311s] Level 1:colcon.colcon_core.package_identification:_identify(src/esp32_bridge) by extension 'ros'
[1.318s] DEBUG:colcon.colcon_core.package_identification:Package 'src/esp32_bridge' with type 'ros.ament_python' and name 'esp32_bridge'
[1.318s] Level 1:colcon.colcon_core.package_identification:_identify(src/esp_miniBot) by extensions ['ignore', 'ignore_ament_install']
[1.318s] Level 1:colcon.colcon_core.package_identification:_identify(src/esp_miniBot) by extension 'ignore'
[1.318s] Level 1:colcon.colcon_core.package_identification:_identify(src/esp_miniBot) by extension 'ignore_ament_install'
[1.318s] Level 1:colcon.colcon_core.package_identification:_identify(src/esp_miniBot) by extensions ['colcon_pkg']
[1.318s] Level 1:colcon.colcon_core.package_identification:_identify(src/esp_miniBot) by extension 'colcon_pkg'
[1.318s] Level 1:colcon.colcon_core.package_identification:_identify(src/esp_miniBot) by extensions ['colcon_meta']
[1.319s] Level 1:colcon.colcon_core.package_identification:_identify(src/esp_miniBot) by extension 'colcon_meta'
[1.319s] Level 1:colcon.colcon_core.package_identification:_identify(src/esp_miniBot) by extensions ['ros']
[1.319s] Level 1:colcon.colcon_core.package_identification:_identify(src/esp_miniBot) by extension 'ros'
[1.321s] DEBUG:colcon.colcon_core.package_identification:Package 'src/esp_miniBot' with type 'ros.ament_python' and name 'esp_miniBot'
[1.323s] Level 1:colcon.colcon_core.package_identification:_identify(src/image_stream) by extensions ['ignore', 'ignore_ament_install']
[1.323s] Level 1:colcon.colcon_core.package_identification:_identify(src/image_stream) by extension 'ignore'
[1.323s] Level 1:colcon.colcon_core.package_identification:_identify(src/image_stream) by extension 'ignore_ament_install'
[1.323s] Level 1:colcon.colcon_core.package_identification:_identify(src/image_stream) by extensions ['colcon_pkg']
[1.323s] Level 1:colcon.colcon_core.package_identification:_identify(src/image_stream) by extension 'colcon_pkg'
[1.323s] Level 1:colcon.colcon_core.package_identification:_identify(src/image_stream) by extensions ['colcon_meta']
[1.323s] Level 1:colcon.colcon_core.package_identification:_identify(src/image_stream) by extension 'colcon_meta'
[1.323s] Level 1:colcon.colcon_core.package_identification:_identify(src/image_stream) by extensions ['ros']
[1.323s] Level 1:colcon.colcon_core.package_identification:_identify(src/image_stream) by extension 'ros'
[1.325s] DEBUG:colcon.colcon_core.package_identification:Package 'src/image_stream' with type 'ros.ament_python' and name 'image_stream'
[1.327s] Level 1:colcon.colcon_core.package_identification:_identify(src/install) by extensions ['ignore', 'ignore_ament_install']
[1.327s] Level 1:colcon.colcon_core.package_identification:_identify(src/install) by extension 'ignore'
[1.327s] Level 1:colcon.colcon_core.package_identification:_identify(src/install) ignored
[1.329s] Level 1:colcon.colcon_core.package_identification:_identify(src/log) by extensions ['ignore', 'ignore_ament_install']
[1.329s] Level 1:colcon.colcon_core.package_identification:_identify(src/log) by extension 'ignore'
[1.329s] Level 1:colcon.colcon_core.package_identification:_identify(src/log) ignored
[1.331s] Level 1:colcon.colcon_core.package_identification:_identify(src/web_joystick) by extensions ['ignore', 'ignore_ament_install']
[1.331s] Level 1:colcon.colcon_core.package_identification:_identify(src/web_joystick) by extension 'ignore'
[1.331s] Level 1:colcon.colcon_core.package_identification:_identify(src/web_joystick) by extension 'ignore_ament_install'
[1.331s] Level 1:colcon.colcon_core.package_identification:_identify(src/web_joystick) by extensions ['colcon_pkg']
[1.331s] Level 1:colcon.colcon_core.package_identification:_identify(src/web_joystick) by extension 'colcon_pkg'
[1.331s] Level 1:colcon.colcon_core.package_identification:_identify(src/web_joystick) by extensions ['colcon_meta']
[1.331s] Level 1:colcon.colcon_core.package_identification:_identify(src/web_joystick) by extension 'colcon_meta'
[1.331s] Level 1:colcon.colcon_core.package_identification:_identify(src/web_joystick) by extensions ['ros']
[1.331s] Level 1:colcon.colcon_core.package_identification:_identify(src/web_joystick) by extension 'ros'
[1.334s] DEBUG:colcon.colcon_core.package_identification:Package 'src/web_joystick' with type 'ros.ament_python' and name 'web_joystick'
[1.334s] Level 1:colcon.colcon_core.package_discovery:discover_packages(recursive) using defaults
[1.334s] Level 1:colcon.colcon_core.package_discovery:discover_packages(ignore) discover
[1.334s] Level 1:colcon.colcon_core.package_discovery:discover_packages(ignore) using defaults
[1.334s] Level 1:colcon.colcon_core.package_discovery:discover_packages(path) discover
[1.334s] Level 1:colcon.colcon_core.package_discovery:discover_packages(path) using defaults
[1.485s] Level 5:colcon.colcon_core.verb:set package 'esp32_bridge' build argument 'cmake_args' from command line to 'None'
[1.485s] Level 5:colcon.colcon_core.verb:set package 'esp32_bridge' build argument 'cmake_target' from command line to 'None'
[1.485s] Level 5:colcon.colcon_core.verb:set package 'esp32_bridge' build argument 'cmake_target_skip_unavailable' from command line to 'False'
[1.485s] Level 5:colcon.colcon_core.verb:set package 'esp32_bridge' build argument 'cmake_clean_cache' from command line to 'False'
[1.485s] Level 5:colcon.colcon_core.verb:set package 'esp32_bridge' build argument 'cmake_clean_first' from command line to 'False'
[1.485s] Level 5:colcon.colcon_core.verb:set package 'esp32_bridge' build argument 'cmake_force_configure' from command line to 'False'
[1.485s] Level 5:colcon.colcon_core.verb:set package 'esp32_bridge' build argument 'ament_cmake_args' from command line to 'None'
[1.485s] Level 5:colcon.colcon_core.verb:set package 'esp32_bridge' build argument 'catkin_cmake_args' from command line to 'None'
[1.485s] Level 5:colcon.colcon_core.verb:set package 'esp32_bridge' build argument 'catkin_skip_building_tests' from command line to 'False'
[1.485s] DEBUG:colcon.colcon_core.verb:Building package 'esp32_bridge' with the following arguments: {'ament_cmake_args': None, 'build_base': '/mnt/ros2_ws/build/esp32_bridge', 'catkin_cmake_args': None, 'catkin_skip_building_tests': False, 'cmake_args': None, 'cmake_clean_cache': False, 'cmake_clean_first': False, 'cmake_force_configure': False, 'cmake_target': None, 'cmake_target_skip_unavailable': False, 'install_base': '/mnt/ros2_ws/install/esp32_bridge', 'merge_install': False, 'path': '/mnt/ros2_ws/src/esp32_bridge', 'symlink_install': False, 'test_result_base': None}
[1.486s] Level 5:colcon.colcon_core.verb:set package 'esp_miniBot' build argument 'cmake_args' from command line to 'None'
[1.486s] Level 5:colcon.colcon_core.verb:set package 'esp_miniBot' build argument 'cmake_target' from command line to 'None'
[1.486s] Level 5:colcon.colcon_core.verb:set package 'esp_miniBot' build argument 'cmake_target_skip_unavailable' from command line to 'False'
[1.486s] Level 5:colcon.colcon_core.verb:set package 'esp_miniBot' build argument 'cmake_clean_cache' from command line to 'False'
[1.486s] Level 5:colcon.colcon_core.verb:set package 'esp_miniBot' build argument 'cmake_clean_first' from command line to 'False'
[1.486s] Level 5:colcon.colcon_core.verb:set package 'esp_miniBot' build argument 'cmake_force_configure' from command line to 'False'
[1.486s] Level 5:colcon.colcon_core.verb:set package 'esp_miniBot' build argument 'ament_cmake_args' from command line to 'None'
[1.486s] Level 5:colcon.colcon_core.verb:set package 'esp_miniBot' build argument 'catkin_cmake_args' from command line to 'None'
[1.486s] Level 5:colcon.colcon_core.verb:set package 'esp_miniBot' build argument 'catkin_skip_building_tests' from command line to 'False'
[1.486s] DEBUG:colcon.colcon_core.verb:Building package 'esp_miniBot' with the following arguments: {'ament_cmake_args': None, 'build_base': '/mnt/ros2_ws/build/esp_miniBot', 'catkin_cmake_args': None, 'catkin_skip_building_tests': False, 'cmake_args': None, 'cmake_clean_cache': False, 'cmake_clean_first': False, 'cmake_force_configure': False, 'cmake_target': None, 'cmake_target_skip_unavailable': False, 'install_base': '/mnt/ros2_ws/install/esp_miniBot', 'merge_install': False, 'path': '/mnt/ros2_ws/src/esp_miniBot', 'symlink_install': False, 'test_result_base': None}
[1.487s] Level 5:colcon.colcon_core.verb:set package 'image_stream' build argument 'cmake_args' from command line to 'None'
[1.487s] Level 5:colcon.colcon_core.verb:set package 'image_stream' build argument 'cmake_target' from command line to 'None'
[1.487s] Level 5:colcon.colcon_core.verb:set package 'image_stream' build argument 'cmake_target_skip_unavailable' from command line to 'False'
[1.487s] Level 5:colcon.colcon_core.verb:set package 'image_stream' build argument 'cmake_clean_cache' from command line to 'False'
[1.487s] Level 5:colcon.colcon_core.verb:set package 'image_stream' build argument 'cmake_clean_first' from command line to 'False'
[1.487s] Level 5:colcon.colcon_core.verb:set package 'image_stream' build argument 'cmake_force_configure' from command line to 'False'
[1.487s] Level 5:colcon.colcon_core.verb:set package 'image_stream' build argument 'ament_cmake_args' from command line to 'None'
[1.487s] Level 5:colcon.colcon_core.verb:set package 'image_stream' build argument 'catkin_cmake_args' from command line to 'None'
[1.487s] Level 5:colcon.colcon_core.verb:set package 'image_stream' build argument 'catkin_skip_building_tests' from command line to 'False'
[1.487s] DEBUG:colcon.colcon_core.verb:Building package 'image_stream' with the following arguments: {'ament_cmake_args': None, 'build_base': '/mnt/ros2_ws/build/image_stream', 'catkin_cmake_args': None, 'catkin_skip_building_tests': False, 'cmake_args': None, 'cmake_clean_cache': False, 'cmake_clean_first': False, 'cmake_force_configure': False, 'cmake_target': None, 'cmake_target_skip_unavailable': False, 'install_base': '/mnt/ros2_ws/install/image_stream', 'merge_install': False, 'path': '/mnt/ros2_ws/src/image_stream', 'symlink_install': False, 'test_result_base': None}
[1.488s] Level 5:colcon.colcon_core.verb:set package 'web_joystick' build argument 'cmake_args' from command line to 'None'
[1.488s] Level 5:colcon.colcon_core.verb:set package 'web_joystick' build argument 'cmake_target' from command line to 'None'
[1.488s] Level 5:colcon.colcon_core.verb:set package 'web_joystick' build argument 'cmake_target_skip_unavailable' from command line to 'False'
[1.488s] Level 5:colcon.colcon_core.verb:set package 'web_joystick' build argument 'cmake_clean_cache' from command line to 'False'
[1.488s] Level 5:colcon.colcon_core.verb:set package 'web_joystick' build argument 'cmake_clean_first' from command line to 'False'
[1.488s] Level 5:colcon.colcon_core.verb:set package 'web_joystick' build argument 'cmake_force_configure' from command line to 'False'
[1.488s] Level 5:colcon.colcon_core.verb:set package 'web_joystick' build argument 'ament_cmake_args' from command line to 'None'
[1.488s] Level 5:colcon.colcon_core.verb:set package 'web_joystick' build argument 'catkin_cmake_args' from command line to 'None'
[1.488s] Level 5:colcon.colcon_core.verb:set package 'web_joystick' build argument 'catkin_skip_building_tests' from command line to 'False'
[1.488s] DEBUG:colcon.colcon_core.verb:Building package 'web_joystick' with the following arguments: {'ament_cmake_args': None, 'build_base': '/mnt/ros2_ws/build/web_joystick', 'catkin_cmake_args': None, 'catkin_skip_building_tests': False, 'cmake_args': None, 'cmake_clean_cache': False, 'cmake_clean_first': False, 'cmake_force_configure': False, 'cmake_target': None, 'cmake_target_skip_unavailable': False, 'install_base': '/mnt/ros2_ws/install/web_joystick', 'merge_install': False, 'path': '/mnt/ros2_ws/src/web_joystick', 'symlink_install': False, 'test_result_base': None}
[1.488s] INFO:colcon.colcon_core.executor:Executing jobs using 'parallel' executor
[1.490s] DEBUG:colcon.colcon_parallel_executor.executor.parallel:run_until_complete
[1.490s] INFO:colcon.colcon_ros.task.ament_python.build:Building ROS package in '/mnt/ros2_ws/src/esp32_bridge' with build type 'ament_python'
[1.491s] Level 1:colcon.colcon_core.shell:create_environment_hook('esp32_bridge', 'ament_prefix_path')
[1.508s] INFO:colcon.colcon_core.plugin_system:Skipping extension 'colcon_core.shell.bat': Not used on non-Windows systems
[1.509s] INFO:colcon.colcon_core.shell:Creating environment hook '/mnt/ros2_ws/install/esp32_bridge/share/esp32_bridge/hook/ament_prefix_path.ps1'
[1.510s] INFO:colcon.colcon_core.shell:Creating environment descriptor '/mnt/ros2_ws/install/esp32_bridge/share/esp32_bridge/hook/ament_prefix_path.dsv'
[1.614s] INFO:colcon.colcon_core.shell:Creating environment hook '/mnt/ros2_ws/install/esp32_bridge/share/esp32_bridge/hook/ament_prefix_path.sh'
[1.616s] INFO:colcon.colcon_core.shell:Skip shell extension 'powershell' for command environment: Not usable outside of PowerShell
[1.616s] DEBUG:colcon.colcon_core.shell:Skip shell extension 'dsv' for command environment
[1.667s] INFO:colcon.colcon_ros.task.ament_python.build:Building ROS package in '/mnt/ros2_ws/src/esp_miniBot' with build type 'ament_python'
[1.667s] Level 1:colcon.colcon_core.shell:create_environment_hook('esp_miniBot', 'ament_prefix_path')
[1.667s] INFO:colcon.colcon_core.shell:Creating environment hook '/mnt/ros2_ws/install/esp_miniBot/share/esp_miniBot/hook/ament_prefix_path.ps1'
[1.669s] INFO:colcon.colcon_core.shell:Creating environment descriptor '/mnt/ros2_ws/install/esp_miniBot/share/esp_miniBot/hook/ament_prefix_path.dsv'
[1.671s] INFO:colcon.colcon_core.shell:Creating environment hook '/mnt/ros2_ws/install/esp_miniBot/share/esp_miniBot/hook/ament_prefix_path.sh'
[1.677s] INFO:colcon.colcon_core.shell:Skip shell extension 'powershell' for command environment: Not usable outside of PowerShell
[1.677s] DEBUG:colcon.colcon_core.shell:Skip shell extension 'dsv' for command environment
[1.721s] INFO:colcon.colcon_ros.task.ament_python.build:Building ROS package in '/mnt/ros2_ws/src/image_stream' with build type 'ament_python'
[1.721s] Level 1:colcon.colcon_core.shell:create_environment_hook('image_stream', 'ament_prefix_path')
[1.721s] INFO:colcon.colcon_core.shell:Creating environment hook '/mnt/ros2_ws/install/image_stream/share/image_stream/hook/ament_prefix_path.ps1'
[1.723s] INFO:colcon.colcon_core.shell:Creating environment descriptor '/mnt/ros2_ws/install/image_stream/share/image_stream/hook/ament_prefix_path.dsv'
[1.735s] INFO:colcon.colcon_core.shell:Creating environment hook '/mnt/ros2_ws/install/image_stream/share/image_stream/hook/ament_prefix_path.sh'
[1.738s] INFO:colcon.colcon_core.shell:Skip shell extension 'powershell' for command environment: Not usable outside of PowerShell
[1.738s] DEBUG:colcon.colcon_core.shell:Skip shell extension 'dsv' for command environment
[1.783s] INFO:colcon.colcon_ros.task.ament_python.build:Building ROS package in '/mnt/ros2_ws/src/web_joystick' with build type 'ament_python'
[1.783s] Level 1:colcon.colcon_core.shell:create_environment_hook('web_joystick', 'ament_prefix_path')
[1.783s] INFO:colcon.colcon_core.shell:Creating environment hook '/mnt/ros2_ws/install/web_joystick/share/web_joystick/hook/ament_prefix_path.ps1'
[1.786s] INFO:colcon.colcon_core.shell:Creating environment descriptor '/mnt/ros2_ws/install/web_joystick/share/web_joystick/hook/ament_prefix_path.dsv'
[1.798s] INFO:colcon.colcon_core.shell:Creating environment hook '/mnt/ros2_ws/install/web_joystick/share/web_joystick/hook/ament_prefix_path.sh'
[1.802s] INFO:colcon.colcon_core.shell:Skip shell extension 'powershell' for command environment: Not usable outside of PowerShell
[1.802s] DEBUG:colcon.colcon_core.shell:Skip shell extension 'dsv' for command environment
[3.185s] INFO:colcon.colcon_core.task.python.build:Building Python package in '/mnt/ros2_ws/src/esp32_bridge'
[3.185s] INFO:colcon.colcon_core.shell:Skip shell extension 'powershell' for command environment: Not usable outside of PowerShell
[3.185s] DEBUG:colcon.colcon_core.shell:Skip shell extension 'dsv' for command environment
[4.570s] INFO:colcon.colcon_core.task.python.build:Building Python package in '/mnt/ros2_ws/src/esp_miniBot'
[4.570s] INFO:colcon.colcon_core.shell:Skip shell extension 'powershell' for command environment: Not usable outside of PowerShell
[4.570s] DEBUG:colcon.colcon_core.shell:Skip shell extension 'dsv' for command environment
[5.665s] INFO:colcon.colcon_core.task.python.build:Building Python package in '/mnt/ros2_ws/src/image_stream'
[5.666s] INFO:colcon.colcon_core.shell:Skip shell extension 'powershell' for command environment: Not usable outside of PowerShell
[5.666s] DEBUG:colcon.colcon_core.shell:Skip shell extension 'dsv' for command environment
[6.767s] INFO:colcon.colcon_core.task.python.build:Building Python package in '/mnt/ros2_ws/src/web_joystick'
[6.767s] INFO:colcon.colcon_core.shell:Skip shell extension 'powershell' for command environment: Not usable outside of PowerShell
[6.767s] DEBUG:colcon.colcon_core.shell:Skip shell extension 'dsv' for command environment
[8.793s] DEBUG:colcon.colcon_core.event_handler.log_command:Invoking command in '/mnt/ros2_ws/src/web_joystick': DEBUGINFOD_URLS=https://debuginfod.archlinux.org PYTHONPATH=/mnt/ros2_ws/build/web_joystick/prefix_override:/home/petr/.local/lib/python3.11/site-packages/colcon_core/task/python/colcon_distutils_commands:/mnt/ros2_ws/install/web_joystick/lib/python3.11/site-packages:${PYTHONPATH} _=/usr/bin/env /usr/bin/python -W ignore:setup.py install is deprecated -W ignore:easy_install command is deprecated setup.py egg_info --egg-base ../../build/web_joystick build --build-base /mnt/ros2_ws/build/web_joystick/build install --record /mnt/ros2_ws/build/web_joystick/install.log --single-version-externally-managed install_data
[8.812s] DEBUG:colcon.colcon_core.event_handler.log_command:Invoking command in '/mnt/ros2_ws/src/image_stream': DEBUGINFOD_URLS=https://debuginfod.archlinux.org PYTHONPATH=/mnt/ros2_ws/build/image_stream/prefix_override:/home/petr/.local/lib/python3.11/site-packages/colcon_core/task/python/colcon_distutils_commands:/mnt/ros2_ws/install/image_stream/lib/python3.11/site-packages:${PYTHONPATH} _=/usr/bin/env /usr/bin/python -W ignore:setup.py install is deprecated -W ignore:easy_install command is deprecated setup.py egg_info --egg-base ../../build/image_stream build --build-base /mnt/ros2_ws/build/image_stream/build install --record /mnt/ros2_ws/build/image_stream/install.log --single-version-externally-managed install_data
[8.819s] DEBUG:colcon.colcon_core.event_handler.log_command:Invoking command in '/mnt/ros2_ws/src/esp_miniBot': DEBUGINFOD_URLS=https://debuginfod.archlinux.org PYTHONPATH=/mnt/ros2_ws/build/esp_miniBot/prefix_override:/home/petr/.local/lib/python3.11/site-packages/colcon_core/task/python/colcon_distutils_commands:/mnt/ros2_ws/install/esp_miniBot/lib/python3.11/site-packages:${PYTHONPATH} _=/usr/bin/env /usr/bin/python -W ignore:setup.py install is deprecated -W ignore:easy_install command is deprecated setup.py egg_info --egg-base ../../build/esp_miniBot build --build-base /mnt/ros2_ws/build/esp_miniBot/build install --record /mnt/ros2_ws/build/esp_miniBot/install.log --single-version-externally-managed install_data
[8.821s] DEBUG:colcon.colcon_core.event_handler.log_command:Invoking command in '/mnt/ros2_ws/src/esp32_bridge': DEBUGINFOD_URLS=https://debuginfod.archlinux.org PYTHONPATH=/mnt/ros2_ws/build/esp32_bridge/prefix_override:/home/petr/.local/lib/python3.11/site-packages/colcon_core/task/python/colcon_distutils_commands:/mnt/ros2_ws/install/esp32_bridge/lib/python3.11/site-packages:${PYTHONPATH} _=/usr/bin/env /usr/bin/python -W ignore:setup.py install is deprecated -W ignore:easy_install command is deprecated setup.py egg_info --egg-base ../../build/esp32_bridge build --build-base /mnt/ros2_ws/build/esp32_bridge/build install --record /mnt/ros2_ws/build/esp32_bridge/install.log --single-version-externally-managed install_data
[10.050s] DEBUG:colcon.colcon_core.event_handler.log_command:Invoked command in '/mnt/ros2_ws/src/image_stream' returned '0': DEBUGINFOD_URLS=https://debuginfod.archlinux.org PYTHONPATH=/mnt/ros2_ws/build/image_stream/prefix_override:/home/petr/.local/lib/python3.11/site-packages/colcon_core/task/python/colcon_distutils_commands:/mnt/ros2_ws/install/image_stream/lib/python3.11/site-packages:${PYTHONPATH} _=/usr/bin/env /usr/bin/python -W ignore:setup.py install is deprecated -W ignore:easy_install command is deprecated setup.py egg_info --egg-base ../../build/image_stream build --build-base /mnt/ros2_ws/build/image_stream/build install --record /mnt/ros2_ws/build/image_stream/install.log --single-version-externally-managed install_data
[10.069s] Level 1:colcon.colcon_core.environment:checking '/mnt/ros2_ws/install/image_stream' for CMake module files
[10.072s] Level 1:colcon.colcon_core.environment:checking '/mnt/ros2_ws/install/image_stream' for CMake config files
[10.078s] Level 1:colcon.colcon_core.shell:create_environment_hook('image_stream', 'cmake_prefix_path')
[10.078s] INFO:colcon.colcon_core.shell:Creating environment hook '/mnt/ros2_ws/install/image_stream/share/image_stream/hook/cmake_prefix_path.ps1'
[10.079s] INFO:colcon.colcon_core.shell:Creating environment descriptor '/mnt/ros2_ws/install/image_stream/share/image_stream/hook/cmake_prefix_path.dsv'
[10.085s] INFO:colcon.colcon_core.shell:Creating environment hook '/mnt/ros2_ws/install/image_stream/share/image_stream/hook/cmake_prefix_path.sh'
[10.088s] Level 1:colcon.colcon_core.environment:checking '/mnt/ros2_ws/install/image_stream/lib'
[10.089s] Level 1:colcon.colcon_core.environment:checking '/mnt/ros2_ws/install/image_stream/bin'
[10.089s] Level 1:colcon.colcon_core.environment:checking '/mnt/ros2_ws/install/image_stream/lib/pkgconfig/image_stream.pc'
[10.089s] Level 1:colcon.colcon_core.environment:checking '/mnt/ros2_ws/install/image_stream/lib/python3.11/site-packages'
[10.089s] Level 1:colcon.colcon_core.shell:create_environment_hook('image_stream', 'pythonpath')
[10.090s] INFO:colcon.colcon_core.shell:Creating environment hook '/mnt/ros2_ws/install/image_stream/share/image_stream/hook/pythonpath.ps1'
[10.092s] INFO:colcon.colcon_core.shell:Creating environment descriptor '/mnt/ros2_ws/install/image_stream/share/image_stream/hook/pythonpath.dsv'
[10.098s] INFO:colcon.colcon_core.shell:Creating environment hook '/mnt/ros2_ws/install/image_stream/share/image_stream/hook/pythonpath.sh'
[10.103s] Level 1:colcon.colcon_core.environment:checking '/mnt/ros2_ws/install/image_stream/bin'
[10.103s] Level 1:colcon.colcon_core.environment:create_environment_scripts_only(image_stream)
[10.103s] INFO:colcon.colcon_core.shell:Creating package script '/mnt/ros2_ws/install/image_stream/share/image_stream/package.ps1'
[10.105s] INFO:colcon.colcon_core.shell:Creating package descriptor '/mnt/ros2_ws/install/image_stream/share/image_stream/package.dsv'
[10.108s] INFO:colcon.colcon_core.shell:Creating package script '/mnt/ros2_ws/install/image_stream/share/image_stream/package.sh'
[10.110s] INFO:colcon.colcon_core.shell:Creating package script '/mnt/ros2_ws/install/image_stream/share/image_stream/package.bash'
[10.112s] INFO:colcon.colcon_core.shell:Creating package script '/mnt/ros2_ws/install/image_stream/share/image_stream/package.zsh'
[10.114s] Level 1:colcon.colcon_core.environment:create_file_with_runtime_dependencies(/mnt/ros2_ws/install/image_stream/share/colcon-core/packages/image_stream)
[10.117s] Level 1:colcon.colcon_core.environment:checking '/mnt/ros2_ws/install/esp_miniBot' for CMake module files
[10.118s] DEBUG:colcon.colcon_core.event_handler.log_command:Invoked command in '/mnt/ros2_ws/src/esp_miniBot' returned '0': DEBUGINFOD_URLS=https://debuginfod.archlinux.org PYTHONPATH=/mnt/ros2_ws/build/esp_miniBot/prefix_override:/home/petr/.local/lib/python3.11/site-packages/colcon_core/task/python/colcon_distutils_commands:/mnt/ros2_ws/install/esp_miniBot/lib/python3.11/site-packages:${PYTHONPATH} _=/usr/bin/env /usr/bin/python -W ignore:setup.py install is deprecated -W ignore:easy_install command is deprecated setup.py egg_info --egg-base ../../build/esp_miniBot build --build-base /mnt/ros2_ws/build/esp_miniBot/build install --record /mnt/ros2_ws/build/esp_miniBot/install.log --single-version-externally-managed install_data
[10.119s] Level 1:colcon.colcon_core.environment:checking '/mnt/ros2_ws/install/esp_miniBot' for CMake config files
[10.120s] Level 1:colcon.colcon_core.environment:checking '/mnt/ros2_ws/install/esp_miniBot/lib'
[10.120s] Level 1:colcon.colcon_core.environment:checking '/mnt/ros2_ws/install/esp_miniBot/bin'
[10.121s] Level 1:colcon.colcon_core.environment:checking '/mnt/ros2_ws/install/esp_miniBot/lib/pkgconfig/esp_miniBot.pc'
[10.121s] Level 1:colcon.colcon_core.environment:checking '/mnt/ros2_ws/install/esp_miniBot/lib/python3.11/site-packages'
[10.121s] Level 1:colcon.colcon_core.shell:create_environment_hook('esp_miniBot', 'pythonpath')
[10.121s] INFO:colcon.colcon_core.shell:Creating environment hook '/mnt/ros2_ws/install/esp_miniBot/share/esp_miniBot/hook/pythonpath.ps1'
[10.124s] INFO:colcon.colcon_core.shell:Creating environment descriptor '/mnt/ros2_ws/install/esp_miniBot/share/esp_miniBot/hook/pythonpath.dsv'
[10.126s] INFO:colcon.colcon_core.shell:Creating environment hook '/mnt/ros2_ws/install/esp_miniBot/share/esp_miniBot/hook/pythonpath.sh'
[10.128s] Level 1:colcon.colcon_core.environment:checking '/mnt/ros2_ws/install/esp_miniBot/bin'
[10.128s] Level 1:colcon.colcon_core.environment:create_environment_scripts_only(esp_miniBot)
[10.129s] INFO:colcon.colcon_core.shell:Creating package script '/mnt/ros2_ws/install/esp_miniBot/share/esp_miniBot/package.ps1'
[10.132s] INFO:colcon.colcon_core.shell:Creating package descriptor '/mnt/ros2_ws/install/esp_miniBot/share/esp_miniBot/package.dsv'
[10.136s] INFO:colcon.colcon_core.shell:Creating package script '/mnt/ros2_ws/install/esp_miniBot/share/esp_miniBot/package.sh'
[10.138s] INFO:colcon.colcon_core.shell:Creating package script '/mnt/ros2_ws/install/esp_miniBot/share/esp_miniBot/package.bash'
[10.140s] INFO:colcon.colcon_core.shell:Creating package script '/mnt/ros2_ws/install/esp_miniBot/share/esp_miniBot/package.zsh'
[10.145s] Level 1:colcon.colcon_core.environment:create_file_with_runtime_dependencies(/mnt/ros2_ws/install/esp_miniBot/share/colcon-core/packages/esp_miniBot)
[10.148s] Level 1:colcon.colcon_core.environment:checking '/mnt/ros2_ws/install/web_joystick' for CMake module files
[10.149s] Level 1:colcon.colcon_core.environment:checking '/mnt/ros2_ws/install/web_joystick' for CMake config files
[10.152s] DEBUG:colcon.colcon_core.event_handler.log_command:Invoked command in '/mnt/ros2_ws/src/web_joystick' returned '0': DEBUGINFOD_URLS=https://debuginfod.archlinux.org PYTHONPATH=/mnt/ros2_ws/build/web_joystick/prefix_override:/home/petr/.local/lib/python3.11/site-packages/colcon_core/task/python/colcon_distutils_commands:/mnt/ros2_ws/install/web_joystick/lib/python3.11/site-packages:${PYTHONPATH} _=/usr/bin/env /usr/bin/python -W ignore:setup.py install is deprecated -W ignore:easy_install command is deprecated setup.py egg_info --egg-base ../../build/web_joystick build --build-base /mnt/ros2_ws/build/web_joystick/build install --record /mnt/ros2_ws/build/web_joystick/install.log --single-version-externally-managed install_data
[10.161s] Level 1:colcon.colcon_core.environment:checking '/mnt/ros2_ws/install/web_joystick/lib'
[10.162s] Level 1:colcon.colcon_core.environment:checking '/mnt/ros2_ws/install/web_joystick/bin'
[10.162s] Level 1:colcon.colcon_core.environment:checking '/mnt/ros2_ws/install/web_joystick/lib/pkgconfig/web_joystick.pc'
[10.162s] Level 1:colcon.colcon_core.environment:checking '/mnt/ros2_ws/install/web_joystick/lib/python3.11/site-packages'
[10.162s] Level 1:colcon.colcon_core.shell:create_environment_hook('web_joystick', 'pythonpath')
[10.163s] INFO:colcon.colcon_core.shell:Creating environment hook '/mnt/ros2_ws/install/web_joystick/share/web_joystick/hook/pythonpath.ps1'
[10.163s] INFO:colcon.colcon_core.shell:Creating environment descriptor '/mnt/ros2_ws/install/web_joystick/share/web_joystick/hook/pythonpath.dsv'
[10.168s] INFO:colcon.colcon_core.shell:Creating environment hook '/mnt/ros2_ws/install/web_joystick/share/web_joystick/hook/pythonpath.sh'
[10.171s] Level 1:colcon.colcon_core.environment:checking '/mnt/ros2_ws/install/web_joystick/bin'
[10.171s] Level 1:colcon.colcon_core.environment:create_environment_scripts_only(web_joystick)
[10.171s] INFO:colcon.colcon_core.shell:Creating package script '/mnt/ros2_ws/install/web_joystick/share/web_joystick/package.ps1'
[10.177s] INFO:colcon.colcon_core.shell:Creating package descriptor '/mnt/ros2_ws/install/web_joystick/share/web_joystick/package.dsv'
[10.179s] INFO:colcon.colcon_core.shell:Creating package script '/mnt/ros2_ws/install/web_joystick/share/web_joystick/package.sh'
[10.184s] INFO:colcon.colcon_core.shell:Creating package script '/mnt/ros2_ws/install/web_joystick/share/web_joystick/package.bash'
[10.186s] INFO:colcon.colcon_core.shell:Creating package script '/mnt/ros2_ws/install/web_joystick/share/web_joystick/package.zsh'
[10.188s] Level 1:colcon.colcon_core.environment:create_file_with_runtime_dependencies(/mnt/ros2_ws/install/web_joystick/share/colcon-core/packages/web_joystick)
[10.191s] Level 1:colcon.colcon_core.environment:checking '/mnt/ros2_ws/install/esp32_bridge' for CMake module files
[10.192s] Level 1:colcon.colcon_core.environment:checking '/mnt/ros2_ws/install/esp32_bridge' for CMake config files
[10.195s] DEBUG:colcon.colcon_core.event_handler.log_command:Invoked command in '/mnt/ros2_ws/src/esp32_bridge' returned '0': DEBUGINFOD_URLS=https://debuginfod.archlinux.org PYTHONPATH=/mnt/ros2_ws/build/esp32_bridge/prefix_override:/home/petr/.local/lib/python3.11/site-packages/colcon_core/task/python/colcon_distutils_commands:/mnt/ros2_ws/install/esp32_bridge/lib/python3.11/site-packages:${PYTHONPATH} _=/usr/bin/env /usr/bin/python -W ignore:setup.py install is deprecated -W ignore:easy_install command is deprecated setup.py egg_info --egg-base ../../build/esp32_bridge build --build-base /mnt/ros2_ws/build/esp32_bridge/build install --record /mnt/ros2_ws/build/esp32_bridge/install.log --single-version-externally-managed install_data
[10.201s] Level 1:colcon.colcon_core.environment:checking '/mnt/ros2_ws/install/esp32_bridge/lib'
[10.201s] Level 1:colcon.colcon_core.environment:checking '/mnt/ros2_ws/install/esp32_bridge/bin'
[10.201s] Level 1:colcon.colcon_core.environment:checking '/mnt/ros2_ws/install/esp32_bridge/lib/pkgconfig/esp32_bridge.pc'
[10.202s] Level 1:colcon.colcon_core.environment:checking '/mnt/ros2_ws/install/esp32_bridge/lib/python3.11/site-packages'
[10.202s] Level 1:colcon.colcon_core.shell:create_environment_hook('esp32_bridge', 'pythonpath')
[10.202s] INFO:colcon.colcon_core.shell:Creating environment hook '/mnt/ros2_ws/install/esp32_bridge/share/esp32_bridge/hook/pythonpath.ps1'
[10.203s] INFO:colcon.colcon_core.shell:Creating environment descriptor '/mnt/ros2_ws/install/esp32_bridge/share/esp32_bridge/hook/pythonpath.dsv'
[10.206s] INFO:colcon.colcon_core.shell:Creating environment hook '/mnt/ros2_ws/install/esp32_bridge/share/esp32_bridge/hook/pythonpath.sh'
[10.210s] Level 1:colcon.colcon_core.environment:checking '/mnt/ros2_ws/install/esp32_bridge/bin'
[10.210s] Level 1:colcon.colcon_core.environment:create_environment_scripts_only(esp32_bridge)
[10.210s] INFO:colcon.colcon_core.shell:Creating package script '/mnt/ros2_ws/install/esp32_bridge/share/esp32_bridge/package.ps1'
[10.213s] INFO:colcon.colcon_core.shell:Creating package descriptor '/mnt/ros2_ws/install/esp32_bridge/share/esp32_bridge/package.dsv'
[10.216s] INFO:colcon.colcon_core.shell:Creating package script '/mnt/ros2_ws/install/esp32_bridge/share/esp32_bridge/package.sh'
[10.218s] INFO:colcon.colcon_core.shell:Creating package script '/mnt/ros2_ws/install/esp32_bridge/share/esp32_bridge/package.bash'
[10.220s] INFO:colcon.colcon_core.shell:Creating package script '/mnt/ros2_ws/install/esp32_bridge/share/esp32_bridge/package.zsh'
[10.223s] Level 1:colcon.colcon_core.environment:create_file_with_runtime_dependencies(/mnt/ros2_ws/install/esp32_bridge/share/colcon-core/packages/esp32_bridge)
[10.225s] DEBUG:colcon.colcon_parallel_executor.executor.parallel:closing loop
[10.226s] DEBUG:colcon.colcon_parallel_executor.executor.parallel:loop closed
[10.226s] DEBUG:colcon.colcon_parallel_executor.executor.parallel:run_until_complete finished with '0'
[10.226s] DEBUG:colcon.colcon_core.event_reactor:joining thread
[10.242s] INFO:colcon.colcon_core.plugin_system:Skipping extension 'colcon_notification.desktop_notification.notify2': 'notify2' not found
[10.242s] INFO:colcon.colcon_core.plugin_system:Skipping extension 'colcon_notification.desktop_notification.terminal_notifier': Not used on non-Darwin systems
[10.243s] INFO:colcon.colcon_core.plugin_system:Skipping extension 'colcon_notification.desktop_notification.win32': Not used on non-Windows systems
[10.243s] INFO:colcon.colcon_notification.desktop_notification:Sending desktop notification using 'notify_send'
[10.266s] DEBUG:colcon.colcon_core.event_reactor:joined thread
[10.266s] INFO:colcon.colcon_core.shell:Creating prefix script '/mnt/ros2_ws/install/local_setup.ps1'
[10.268s] INFO:colcon.colcon_core.shell:Creating prefix util module '/mnt/ros2_ws/install/_local_setup_util_ps1.py'
[10.272s] INFO:colcon.colcon_core.shell:Creating prefix chain script '/mnt/ros2_ws/install/setup.ps1'
[10.295s] INFO:colcon.colcon_core.shell:Creating prefix script '/mnt/ros2_ws/install/local_setup.sh'
[10.301s] INFO:colcon.colcon_core.shell:Creating prefix util module '/mnt/ros2_ws/install/_local_setup_util_sh.py'
[10.303s] INFO:colcon.colcon_core.shell:Creating prefix chain script '/mnt/ros2_ws/install/setup.sh'
[10.325s] INFO:colcon.colcon_core.shell:Creating prefix script '/mnt/ros2_ws/install/local_setup.bash'
[10.326s] INFO:colcon.colcon_core.shell:Creating prefix chain script '/mnt/ros2_ws/install/setup.bash'
[10.348s] INFO:colcon.colcon_core.shell:Creating prefix script '/mnt/ros2_ws/install/local_setup.zsh'
[10.349s] INFO:colcon.colcon_core.shell:Creating prefix chain script '/mnt/ros2_ws/install/setup.zsh'
