[6.537s] Invoking command in '/mnt/ros2_ws/src/web_joystick': DEBUGINFOD_URLS=https://debuginfod.archlinux.org PYTHONPATH=/mnt/ros2_ws/build/web_joystick/prefix_override:/home/petr/.local/lib/python3.11/site-packages/colcon_core/task/python/colcon_distutils_commands:/mnt/ros2_ws/install/web_joystick/lib/python3.11/site-packages:${PYTHONPATH} _=/usr/bin/env /usr/bin/python -W ignore:setup.py install is deprecated -W ignore:easy_install command is deprecated setup.py egg_info --egg-base ../../build/web_joystick build --build-base /mnt/ros2_ws/build/web_joystick/build install --record /mnt/ros2_ws/build/web_joystick/install.log --single-version-externally-managed install_data
[7.566s] running egg_info
[7.566s] writing ../../build/web_joystick/web_joystick.egg-info/PKG-INFO
[7.567s] writing dependency_links to ../../build/web_joystick/web_joystick.egg-info/dependency_links.txt
[7.569s] writing entry points to ../../build/web_joystick/web_joystick.egg-info/entry_points.txt
[7.570s] writing requirements to ../../build/web_joystick/web_joystick.egg-info/requires.txt
[7.570s] writing top-level names to ../../build/web_joystick/web_joystick.egg-info/top_level.txt
[7.581s] reading manifest file '../../build/web_joystick/web_joystick.egg-info/SOURCES.txt'
[7.602s] writing manifest file '../../build/web_joystick/web_joystick.egg-info/SOURCES.txt'
[7.602s] running build
[7.602s] running build_py
[7.603s] running install
[7.603s] running install_lib
[7.638s] running install_data
[7.638s] running install_egg_info
[7.648s] removing '/mnt/ros2_ws/install/web_joystick/lib/python3.11/site-packages/web_joystick-0.0.0-py3.11.egg-info' (and everything under it)
[7.648s] Copying ../../build/web_joystick/web_joystick.egg-info to /mnt/ros2_ws/install/web_joystick/lib/python3.11/site-packages/web_joystick-0.0.0-py3.11.egg-info
[7.651s] running install_scripts
[7.747s] Installing web script to /mnt/ros2_ws/install/web_joystick/lib/web_joystick
[7.752s] writing list of installed files to '/mnt/ros2_ws/build/web_joystick/install.log'
[7.908s] Invoked command in '/mnt/ros2_ws/src/web_joystick' returned '0': DEBUGINFOD_URLS=https://debuginfod.archlinux.org PYTHONPATH=/mnt/ros2_ws/build/web_joystick/prefix_override:/home/petr/.local/lib/python3.11/site-packages/colcon_core/task/python/colcon_distutils_commands:/mnt/ros2_ws/install/web_joystick/lib/python3.11/site-packages:${PYTHONPATH} _=/usr/bin/env /usr/bin/python -W ignore:setup.py install is deprecated -W ignore:easy_install command is deprecated setup.py egg_info --egg-base ../../build/web_joystick build --build-base /mnt/ros2_ws/build/web_joystick/build install --record /mnt/ros2_ws/build/web_joystick/install.log --single-version-externally-managed install_data
