running egg_info
writing ../../build/image_stream/image_stream.egg-info/PKG-INFO
writing dependency_links to ../../build/image_stream/image_stream.egg-info/dependency_links.txt
writing entry points to ../../build/image_stream/image_stream.egg-info/entry_points.txt
writing requirements to ../../build/image_stream/image_stream.egg-info/requires.txt
writing top-level names to ../../build/image_stream/image_stream.egg-info/top_level.txt
reading manifest file '../../build/image_stream/image_stream.egg-info/SOURCES.txt'
writing manifest file '../../build/image_stream/image_stream.egg-info/SOURCES.txt'
running build
running build_py
running install
running install_lib
running install_data
running install_egg_info
removing '/mnt/ros2_ws/install/image_stream/lib/python3.11/site-packages/image_stream-0.0.0-py3.11.egg-info' (and everything under it)
Copying ../../build/image_stream/image_stream.egg-info to /mnt/ros2_ws/install/image_stream/lib/python3.11/site-packages/image_stream-0.0.0-py3.11.egg-info
running install_scripts
Installing read_image script to /mnt/ros2_ws/install/image_stream/lib/image_stream
Installing send_image script to /mnt/ros2_ws/install/image_stream/lib/image_stream
writing list of installed files to '/mnt/ros2_ws/build/image_stream/install.log'
