[5.760s] Invoking command in '/mnt/ros2_ws/src/image_stream': DEBUGINFOD_URLS=https://debuginfod.archlinux.org PYTHONPATH=/mnt/ros2_ws/build/image_stream/prefix_override:/home/petr/.local/lib/python3.11/site-packages/colcon_core/task/python/colcon_distutils_commands:/mnt/ros2_ws/install/image_stream/lib/python3.11/site-packages:${PYTHONPATH} _=/usr/bin/env /usr/bin/python -W ignore:setup.py install is deprecated -W ignore:easy_install command is deprecated setup.py egg_info --egg-base ../../build/image_stream build --build-base /mnt/ros2_ws/build/image_stream/build install --record /mnt/ros2_ws/build/image_stream/install.log --single-version-externally-managed install_data
[6.760s] running egg_info
[6.760s] writing ../../build/image_stream/image_stream.egg-info/PKG-INFO
[6.761s] writing dependency_links to ../../build/image_stream/image_stream.egg-info/dependency_links.txt
[6.761s] writing entry points to ../../build/image_stream/image_stream.egg-info/entry_points.txt
[6.762s] writing requirements to ../../build/image_stream/image_stream.egg-info/requires.txt
[6.762s] writing top-level names to ../../build/image_stream/image_stream.egg-info/top_level.txt
[6.766s] reading manifest file '../../build/image_stream/image_stream.egg-info/SOURCES.txt'
[6.767s] writing manifest file '../../build/image_stream/image_stream.egg-info/SOURCES.txt'
[6.768s] running build
[6.769s] running build_py
[6.770s] running install
[6.770s] running install_lib
[6.774s] running install_data
[6.774s] running install_egg_info
[6.783s] removing '/mnt/ros2_ws/install/image_stream/lib/python3.11/site-packages/image_stream-0.0.0-py3.11.egg-info' (and everything under it)
[6.784s] Copying ../../build/image_stream/image_stream.egg-info to /mnt/ros2_ws/install/image_stream/lib/python3.11/site-packages/image_stream-0.0.0-py3.11.egg-info
[6.784s] running install_scripts
[6.872s] Installing read_image script to /mnt/ros2_ws/install/image_stream/lib/image_stream
[6.872s] Installing send_image script to /mnt/ros2_ws/install/image_stream/lib/image_stream
[6.872s] writing list of installed files to '/mnt/ros2_ws/build/image_stream/install.log'
[6.956s] Invoked command in '/mnt/ros2_ws/src/image_stream' returned '0': DEBUGINFOD_URLS=https://debuginfod.archlinux.org PYTHONPATH=/mnt/ros2_ws/build/image_stream/prefix_override:/home/petr/.local/lib/python3.11/site-packages/colcon_core/task/python/colcon_distutils_commands:/mnt/ros2_ws/install/image_stream/lib/python3.11/site-packages:${PYTHONPATH} _=/usr/bin/env /usr/bin/python -W ignore:setup.py install is deprecated -W ignore:easy_install command is deprecated setup.py egg_info --egg-base ../../build/image_stream build --build-base /mnt/ros2_ws/build/image_stream/build install --record /mnt/ros2_ws/build/image_stream/install.log --single-version-externally-managed install_data
