[3.499s] Invoking command in '/home/petr/ros2_ws/src/image_sender': DEBUGINFOD_URLS=https://debuginfod.archlinux.org PYTHONPATH=/home/petr/ros2_ws/src/build/image_sender/prefix_override:/home/petr/.local/lib/python3.11/site-packages/colcon_core/task/python/colcon_distutils_commands:/home/petr/ros2_ws/src/install/image_sender/lib/python3.11/site-packages:${PYTHONPATH} _=/usr/bin/env /usr/bin/python -W ignore:setup.py install is deprecated -W ignore:easy_install command is deprecated setup.py egg_info --egg-base ../build/image_sender build --build-base /home/petr/ros2_ws/src/build/image_sender/build install --record /home/petr/ros2_ws/src/build/image_sender/install.log --single-version-externally-managed install_data
[4.475s] running egg_info
[4.475s] creating ../build/image_sender/image_sender.egg-info
[4.476s] writing ../build/image_sender/image_sender.egg-info/PKG-INFO
[4.476s] writing dependency_links to ../build/image_sender/image_sender.egg-info/dependency_links.txt
[4.476s] writing entry points to ../build/image_sender/image_sender.egg-info/entry_points.txt
[4.477s] writing requirements to ../build/image_sender/image_sender.egg-info/requires.txt
[4.477s] writing top-level names to ../build/image_sender/image_sender.egg-info/top_level.txt
[4.478s] writing manifest file '../build/image_sender/image_sender.egg-info/SOURCES.txt'
[4.481s] reading manifest file '../build/image_sender/image_sender.egg-info/SOURCES.txt'
[4.482s] writing manifest file '../build/image_sender/image_sender.egg-info/SOURCES.txt'
[4.484s] running build
[4.484s] running build_py
[4.484s] creating /home/petr/ros2_ws/src/build/image_sender/build
[4.484s] creating /home/petr/ros2_ws/src/build/image_sender/build/lib
[4.484s] creating /home/petr/ros2_ws/src/build/image_sender/build/lib/image_sender
[4.484s] copying image_sender/__init__.py -> /home/petr/ros2_ws/src/build/image_sender/build/lib/image_sender
[4.484s] copying image_sender/image_publisher.py -> /home/petr/ros2_ws/src/build/image_sender/build/lib/image_sender
[4.484s] copying image_sender/image_sender.py -> /home/petr/ros2_ws/src/build/image_sender/build/lib/image_sender
[4.485s] running install
[4.485s] running install_lib
[4.486s] creating /home/petr/ros2_ws/src/install/image_sender/lib/python3.11/site-packages/image_sender
[4.487s] copying /home/petr/ros2_ws/src/build/image_sender/build/lib/image_sender/__init__.py -> /home/petr/ros2_ws/src/install/image_sender/lib/python3.11/site-packages/image_sender
[4.487s] copying /home/petr/ros2_ws/src/build/image_sender/build/lib/image_sender/image_publisher.py -> /home/petr/ros2_ws/src/install/image_sender/lib/python3.11/site-packages/image_sender
[4.488s] copying /home/petr/ros2_ws/src/build/image_sender/build/lib/image_sender/image_sender.py -> /home/petr/ros2_ws/src/install/image_sender/lib/python3.11/site-packages/image_sender
[4.493s] byte-compiling /home/petr/ros2_ws/src/install/image_sender/lib/python3.11/site-packages/image_sender/__init__.py to __init__.cpython-311.pyc
[4.494s] byte-compiling /home/petr/ros2_ws/src/install/image_sender/lib/python3.11/site-packages/image_sender/image_publisher.py to image_publisher.cpython-311.pyc
[4.495s] byte-compiling /home/petr/ros2_ws/src/install/image_sender/lib/python3.11/site-packages/image_sender/image_sender.py to image_sender.cpython-311.pyc
[4.497s] running install_data
[4.497s] creating /home/petr/ros2_ws/src/install/image_sender/share/ament_index
[4.497s] creating /home/petr/ros2_ws/src/install/image_sender/share/ament_index/resource_index
[4.497s] creating /home/petr/ros2_ws/src/install/image_sender/share/ament_index/resource_index/packages
[4.497s] copying resource/image_sender -> /home/petr/ros2_ws/src/install/image_sender/share/ament_index/resource_index/packages
[4.497s] copying package.xml -> /home/petr/ros2_ws/src/install/image_sender/share/image_sender
[4.497s] running install_egg_info
[4.506s] Copying ../build/image_sender/image_sender.egg-info to /home/petr/ros2_ws/src/install/image_sender/lib/python3.11/site-packages/image_sender-0.0.0-py3.11.egg-info
[4.510s] running install_scripts
[4.598s] Installing read_jpg script to /home/petr/ros2_ws/src/install/image_sender/lib/image_sender
[4.599s] Installing send_image script to /home/petr/ros2_ws/src/install/image_sender/lib/image_sender
[4.600s] writing list of installed files to '/home/petr/ros2_ws/src/build/image_sender/install.log'
[4.709s] Invoked command in '/home/petr/ros2_ws/src/image_sender' returned '0': DEBUGINFOD_URLS=https://debuginfod.archlinux.org PYTHONPATH=/home/petr/ros2_ws/src/build/image_sender/prefix_override:/home/petr/.local/lib/python3.11/site-packages/colcon_core/task/python/colcon_distutils_commands:/home/petr/ros2_ws/src/install/image_sender/lib/python3.11/site-packages:${PYTHONPATH} _=/usr/bin/env /usr/bin/python -W ignore:setup.py install is deprecated -W ignore:easy_install command is deprecated setup.py egg_info --egg-base ../build/image_sender build --build-base /home/petr/ros2_ws/src/build/image_sender/build install --record /home/petr/ros2_ws/src/build/image_sender/install.log --single-version-externally-managed install_data
