[2.575s] Invoking command in '/home/petr/ros2_ws/src/esp_miniBot': DEBUGINFOD_URLS=https://debuginfod.archlinux.org PYTHONPATH=/home/petr/ros2_ws/build/esp_miniBot/prefix_override:/home/petr/.local/lib/python3.11/site-packages/colcon_core/task/python/colcon_distutils_commands:/home/petr/ros2_ws/install/esp_miniBot/lib/python3.11/site-packages:${PYTHONPATH} _=/usr/bin/env /usr/bin/python -W ignore:setup.py install is deprecated -W ignore:easy_install command is deprecated setup.py egg_info --egg-base ../../build/esp_miniBot build --build-base /home/petr/ros2_ws/build/esp_miniBot/build install --record /home/petr/ros2_ws/build/esp_miniBot/install.log --single-version-externally-managed install_data
[2.844s] Traceback (most recent call last):
[2.844s]   File "/home/petr/ros2_ws/src/esp_miniBot/setup.py", line 1, in <module>
[2.844s]     from setuptools import find_packages, setup
[2.844s]   File "/home/petr/.local/lib/python3.11/site-packages/setuptools/__init__.py", line 10, in <module>
[2.844s]     import distutils.core
[2.844s]   File "/usr/lib/python3.11/distutils/core.py", line 17, in <module>
[2.844s]     from distutils.cmd import Command
[2.844s]   File "/usr/lib/python3.11/distutils/cmd.py", line 9, in <module>
[2.845s]     from distutils import util, dir_util, file_util, archive_util, dep_util
[2.845s]   File "/usr/lib/python3.11/distutils/archive_util.py", line 11, in <module>
[2.845s]     import zipfile
[2.845s]   File "/usr/lib/python3.11/zipfile.py", line 13, in <module>
[2.845s]     import shutil
[2.845s]   File "/usr/lib/python3.11/shutil.py", line 29, in <module>
[2.846s]     import lzma
[2.846s]   File "/usr/lib/python3.11/lzma.py", line 27, in <module>
[2.846s]     from _lzma import *
[2.846s] KeyboardInterrupt
[2.859s] Invoked command in '/home/petr/ros2_ws/src/esp_miniBot' returned '-2': DEBUGINFOD_URLS=https://debuginfod.archlinux.org PYTHONPATH=/home/petr/ros2_ws/build/esp_miniBot/prefix_override:/home/petr/.local/lib/python3.11/site-packages/colcon_core/task/python/colcon_distutils_commands:/home/petr/ros2_ws/install/esp_miniBot/lib/python3.11/site-packages:${PYTHONPATH} _=/usr/bin/env /usr/bin/python -W ignore:setup.py install is deprecated -W ignore:easy_install command is deprecated setup.py egg_info --egg-base ../../build/esp_miniBot build --build-base /home/petr/ros2_ws/build/esp_miniBot/build install --record /home/petr/ros2_ws/build/esp_miniBot/install.log --single-version-externally-managed install_data
