running egg_info
writing ../../build/image_stream/image_stream.egg-info/PKG-INFO
writing dependency_links to ../../build/image_stream/image_stream.egg-info/dependency_links.txt
writing entry points to ../../build/image_stream/image_stream.egg-info/entry_points.txt
writing requirements to ../../build/image_stream/image_stream.egg-info/requires.txt
writing top-level names to ../../build/image_stream/image_stream.egg-info/top_level.txt
reading manifest file '../../build/image_stream/image_stream.egg-info/SOURCES.txt'
writing manifest file '../../build/image_stream/image_stream.egg-info/SOURCES.txt'
running build
running build_py
running install
running install_lib
copying /run/media/petr/5328350c-c733-4a2b-be90-55e5afb96d13/ros2_ws/build/image_stream/build/lib/image_stream/image_to_socket_node.py -> /run/media/petr/5328350c-c733-4a2b-be90-55e5afb96d13/ros2_ws/install/image_stream/lib/python3.11/site-packages/image_stream
byte-compiling /run/media/petr/5328350c-c733-4a2b-be90-55e5afb96d13/ros2_ws/install/image_stream/lib/python3.11/site-packages/image_stream/image_to_socket_node.py to image_to_socket_node.cpython-311.pyc
running install_data
running install_egg_info
removing '/run/media/petr/5328350c-c733-4a2b-be90-55e5afb96d13/ros2_ws/install/image_stream/lib/python3.11/site-packages/image_stream-0.0.0-py3.11.egg-info' (and everything under it)
Copying ../../build/image_stream/image_stream.egg-info to /run/media/petr/5328350c-c733-4a2b-be90-55e5afb96d13/ros2_ws/install/image_stream/lib/python3.11/site-packages/image_stream-0.0.0-py3.11.egg-info
running install_scripts
Installing read_image script to /run/media/petr/5328350c-c733-4a2b-be90-55e5afb96d13/ros2_ws/install/image_stream/lib/image_stream
Installing send_image script to /run/media/petr/5328350c-c733-4a2b-be90-55e5afb96d13/ros2_ws/install/image_stream/lib/image_stream
writing list of installed files to '/run/media/petr/5328350c-c733-4a2b-be90-55e5afb96d13/ros2_ws/build/image_stream/install.log'
