[2.630s] Invoking command in '/home/petr/ros2_ws/src/image_stream': DEBUGINFOD_URLS=https://debuginfod.archlinux.org PYTHONPATH=/home/petr/ros2_ws/build/image_stream/prefix_override:/home/petr/.local/lib/python3.11/site-packages/colcon_core/task/python/colcon_distutils_commands:/home/petr/ros2_ws/install/image_stream/lib/python3.11/site-packages:${PYTHONPATH} _=/usr/bin/env /usr/bin/python -W ignore:setup.py install is deprecated -W ignore:easy_install command is deprecated setup.py egg_info --egg-base ../../build/image_stream build --build-base /home/petr/ros2_ws/build/image_stream/build install --record /home/petr/ros2_ws/build/image_stream/install.log --single-version-externally-managed install_data
[3.670s] running egg_info
[3.670s] writing ../../build/image_stream/image_stream.egg-info/PKG-INFO
[3.670s] writing dependency_links to ../../build/image_stream/image_stream.egg-info/dependency_links.txt
[3.671s] writing entry points to ../../build/image_stream/image_stream.egg-info/entry_points.txt
[3.671s] writing requirements to ../../build/image_stream/image_stream.egg-info/requires.txt
[3.672s] writing top-level names to ../../build/image_stream/image_stream.egg-info/top_level.txt
[3.675s] reading manifest file '../../build/image_stream/image_stream.egg-info/SOURCES.txt'
[3.676s] writing manifest file '../../build/image_stream/image_stream.egg-info/SOURCES.txt'
[3.677s] running build
[3.677s] running build_py
[3.677s] copying image_stream/image_to_socket_node.py -> /home/petr/ros2_ws/build/image_stream/build/lib/image_stream
[3.677s] copying image_stream/image_publisher_node.py -> /home/petr/ros2_ws/build/image_stream/build/lib/image_stream
[3.678s] running install
[3.679s] running install_lib
[3.680s] copying /home/petr/ros2_ws/build/image_stream/build/lib/image_stream/image_to_socket_node.py -> /home/petr/ros2_ws/install/image_stream/lib/python3.11/site-packages/image_stream
[3.680s] copying /home/petr/ros2_ws/build/image_stream/build/lib/image_stream/image_publisher_node.py -> /home/petr/ros2_ws/install/image_stream/lib/python3.11/site-packages/image_stream
[3.686s] byte-compiling /home/petr/ros2_ws/install/image_stream/lib/python3.11/site-packages/image_stream/image_to_socket_node.py to image_to_socket_node.cpython-311.pyc
[3.688s] byte-compiling /home/petr/ros2_ws/install/image_stream/lib/python3.11/site-packages/image_stream/image_publisher_node.py to image_publisher_node.cpython-311.pyc
[3.690s] running install_data
[3.690s] running install_egg_info
[3.698s] removing '/home/petr/ros2_ws/install/image_stream/lib/python3.11/site-packages/image_stream-0.0.0-py3.11.egg-info' (and everything under it)
[3.699s] Copying ../../build/image_stream/image_stream.egg-info to /home/petr/ros2_ws/install/image_stream/lib/python3.11/site-packages/image_stream-0.0.0-py3.11.egg-info
[3.702s] running install_scripts
[3.792s] Installing read_image script to /home/petr/ros2_ws/install/image_stream/lib/image_stream
[3.792s] Installing send_image script to /home/petr/ros2_ws/install/image_stream/lib/image_stream
[3.793s] writing list of installed files to '/home/petr/ros2_ws/build/image_stream/install.log'
[3.861s] Invoked command in '/home/petr/ros2_ws/src/image_stream' returned '0': DEBUGINFOD_URLS=https://debuginfod.archlinux.org PYTHONPATH=/home/petr/ros2_ws/build/image_stream/prefix_override:/home/petr/.local/lib/python3.11/site-packages/colcon_core/task/python/colcon_distutils_commands:/home/petr/ros2_ws/install/image_stream/lib/python3.11/site-packages:${PYTHONPATH} _=/usr/bin/env /usr/bin/python -W ignore:setup.py install is deprecated -W ignore:easy_install command is deprecated setup.py egg_info --egg-base ../../build/image_stream build --build-base /home/petr/ros2_ws/build/image_stream/build install --record /home/petr/ros2_ws/build/image_stream/install.log --single-version-externally-managed install_data
