[1.618s] Invoking command in '/mnt/ros2_ws/src/esp32_bridge': DEBUGINFOD_URLS=https://debuginfod.ubuntu.com PYTHONPATH=/mnt/ros2_ws/build/esp32_bridge/prefix_override:/usr/lib/python3/dist-packages/colcon_core/task/python/colcon_distutils_commands:/mnt/ros2_ws/install/esp32_bridge/lib/python3.12/site-packages: /usr/bin/python3 -W ignore:setup.py install is deprecated -W ignore:easy_install command is deprecated setup.py egg_info --egg-base ../../build/esp32_bridge build --build-base /mnt/ros2_ws/build/esp32_bridge/build install --record /mnt/ros2_ws/build/esp32_bridge/install.log --single-version-externally-managed install_data
[1.987s] running egg_info
[1.988s] creating ../../build/esp32_bridge/esp32_bridge.egg-info
[2.010s] writing ../../build/esp32_bridge/esp32_bridge.egg-info/PKG-INFO
[2.010s] writing dependency_links to ../../build/esp32_bridge/esp32_bridge.egg-info/dependency_links.txt
[2.011s] writing entry points to ../../build/esp32_bridge/esp32_bridge.egg-info/entry_points.txt
[2.011s] writing requirements to ../../build/esp32_bridge/esp32_bridge.egg-info/requires.txt
[2.012s] writing top-level names to ../../build/esp32_bridge/esp32_bridge.egg-info/top_level.txt
[2.012s] writing manifest file '../../build/esp32_bridge/esp32_bridge.egg-info/SOURCES.txt'
[2.068s] reading manifest file '../../build/esp32_bridge/esp32_bridge.egg-info/SOURCES.txt'
[2.069s] writing manifest file '../../build/esp32_bridge/esp32_bridge.egg-info/SOURCES.txt'
[2.069s] running build
[2.069s] running build_py
[2.070s] creating /mnt/ros2_ws/build/esp32_bridge/build
[2.070s] creating /mnt/ros2_ws/build/esp32_bridge/build/lib
[2.070s] creating /mnt/ros2_ws/build/esp32_bridge/build/lib/esp32_bridge
[2.070s] copying esp32_bridge/__init__.py -> /mnt/ros2_ws/build/esp32_bridge/build/lib/esp32_bridge
[2.071s] copying esp32_bridge/bridge_node.py -> /mnt/ros2_ws/build/esp32_bridge/build/lib/esp32_bridge
[2.071s] running install
[2.092s] running install_lib
[2.113s] creating /mnt/ros2_ws/install/esp32_bridge/lib/python3.12/site-packages/esp32_bridge
[2.115s] copying /mnt/ros2_ws/build/esp32_bridge/build/lib/esp32_bridge/__init__.py -> /mnt/ros2_ws/install/esp32_bridge/lib/python3.12/site-packages/esp32_bridge
[2.115s] copying /mnt/ros2_ws/build/esp32_bridge/build/lib/esp32_bridge/bridge_node.py -> /mnt/ros2_ws/install/esp32_bridge/lib/python3.12/site-packages/esp32_bridge
[2.115s] byte-compiling /mnt/ros2_ws/install/esp32_bridge/lib/python3.12/site-packages/esp32_bridge/__init__.py to __init__.cpython-312.pyc
[2.116s] byte-compiling /mnt/ros2_ws/install/esp32_bridge/lib/python3.12/site-packages/esp32_bridge/bridge_node.py to bridge_node.cpython-312.pyc
[2.119s] running install_data
[2.120s] creating /mnt/ros2_ws/install/esp32_bridge/share/ament_index
[2.120s] creating /mnt/ros2_ws/install/esp32_bridge/share/ament_index/resource_index
[2.120s] creating /mnt/ros2_ws/install/esp32_bridge/share/ament_index/resource_index/packages
[2.120s] copying resource/esp32_bridge -> /mnt/ros2_ws/install/esp32_bridge/share/ament_index/resource_index/packages
[2.121s] copying package.xml -> /mnt/ros2_ws/install/esp32_bridge/share/esp32_bridge
[2.121s] running install_egg_info
[2.191s] Copying ../../build/esp32_bridge/esp32_bridge.egg-info to /mnt/ros2_ws/install/esp32_bridge/lib/python3.12/site-packages/esp32_bridge-0.0.0-py3.12.egg-info
[2.192s] running install_scripts
[2.345s] Installing esp32_bridge script to /mnt/ros2_ws/install/esp32_bridge/lib/esp32_bridge
[2.346s] writing list of installed files to '/mnt/ros2_ws/build/esp32_bridge/install.log'
[2.393s] Invoked command in '/mnt/ros2_ws/src/esp32_bridge' returned '0': DEBUGINFOD_URLS=https://debuginfod.ubuntu.com PYTHONPATH=/mnt/ros2_ws/build/esp32_bridge/prefix_override:/usr/lib/python3/dist-packages/colcon_core/task/python/colcon_distutils_commands:/mnt/ros2_ws/install/esp32_bridge/lib/python3.12/site-packages: /usr/bin/python3 -W ignore:setup.py install is deprecated -W ignore:easy_install command is deprecated setup.py egg_info --egg-base ../../build/esp32_bridge build --build-base /mnt/ros2_ws/build/esp32_bridge/build install --record /mnt/ros2_ws/build/esp32_bridge/install.log --single-version-externally-managed install_data
