[2.535s] Invoking command in '/run/media/petr/5328350c-c733-4a2b-be90-55e5afb96d13/ros2_ws/src/esp_miniBot': DEBUGINFOD_URLS=https://debuginfod.archlinux.org PYTHONPATH=/run/media/petr/5328350c-c733-4a2b-be90-55e5afb96d13/ros2_ws/build/esp_miniBot/prefix_override:/home/petr/.local/lib/python3.11/site-packages/colcon_core/task/python/colcon_distutils_commands:/run/media/petr/5328350c-c733-4a2b-be90-55e5afb96d13/ros2_ws/install/esp_miniBot/lib/python3.11/site-packages:${PYTHONPATH} _=/usr/bin/env /usr/bin/python -W ignore:setup.py install is deprecated -W ignore:easy_install command is deprecated setup.py egg_info --egg-base ../../build/esp_miniBot build --build-base /run/media/petr/5328350c-c733-4a2b-be90-55e5afb96d13/ros2_ws/build/esp_miniBot/build install --record /run/media/petr/5328350c-c733-4a2b-be90-55e5afb96d13/ros2_ws/build/esp_miniBot/install.log --single-version-externally-managed install_data
[3.502s] running egg_info
[3.503s] writing ../../build/esp_miniBot/esp_miniBot.egg-info/PKG-INFO
[3.505s] writing dependency_links to ../../build/esp_miniBot/esp_miniBot.egg-info/dependency_links.txt
[3.516s] writing entry points to ../../build/esp_miniBot/esp_miniBot.egg-info/entry_points.txt
[3.520s] writing requirements to ../../build/esp_miniBot/esp_miniBot.egg-info/requires.txt
[3.524s] writing top-level names to ../../build/esp_miniBot/esp_miniBot.egg-info/top_level.txt
[3.530s] reading manifest file '../../build/esp_miniBot/esp_miniBot.egg-info/SOURCES.txt'
[3.533s] writing manifest file '../../build/esp_miniBot/esp_miniBot.egg-info/SOURCES.txt'
[3.533s] running build
[3.533s] running build_py
[3.540s] copying esp_miniBot/music_stream.py -> /run/media/petr/5328350c-c733-4a2b-be90-55e5afb96d13/ros2_ws/build/esp_miniBot/build/lib/esp_miniBot
[3.540s] copying esp_miniBot/mp3_file_read.py -> /run/media/petr/5328350c-c733-4a2b-be90-55e5afb96d13/ros2_ws/build/esp_miniBot/build/lib/esp_miniBot
[3.541s] running install
[3.541s] running install_lib
[3.544s] copying /run/media/petr/5328350c-c733-4a2b-be90-55e5afb96d13/ros2_ws/build/esp_miniBot/build/lib/esp_miniBot/music_stream.py -> /run/media/petr/5328350c-c733-4a2b-be90-55e5afb96d13/ros2_ws/install/esp_miniBot/lib/python3.11/site-packages/esp_miniBot
[3.544s] copying /run/media/petr/5328350c-c733-4a2b-be90-55e5afb96d13/ros2_ws/build/esp_miniBot/build/lib/esp_miniBot/mp3_file_read.py -> /run/media/petr/5328350c-c733-4a2b-be90-55e5afb96d13/ros2_ws/install/esp_miniBot/lib/python3.11/site-packages/esp_miniBot
[3.550s] byte-compiling /run/media/petr/5328350c-c733-4a2b-be90-55e5afb96d13/ros2_ws/install/esp_miniBot/lib/python3.11/site-packages/esp_miniBot/music_stream.py to music_stream.cpython-311.pyc
[3.552s] byte-compiling /run/media/petr/5328350c-c733-4a2b-be90-55e5afb96d13/ros2_ws/install/esp_miniBot/lib/python3.11/site-packages/esp_miniBot/mp3_file_read.py to mp3_file_read.cpython-311.pyc
[3.557s] running install_data
[3.557s] running install_egg_info
[3.565s] removing '/run/media/petr/5328350c-c733-4a2b-be90-55e5afb96d13/ros2_ws/install/esp_miniBot/lib/python3.11/site-packages/esp_miniBot-0.0.0-py3.11.egg-info' (and everything under it)
[3.566s] Copying ../../build/esp_miniBot/esp_miniBot.egg-info to /run/media/petr/5328350c-c733-4a2b-be90-55e5afb96d13/ros2_ws/install/esp_miniBot/lib/python3.11/site-packages/esp_miniBot-0.0.0-py3.11.egg-info
[3.570s] running install_scripts
[3.653s] Installing read_mp3 script to /run/media/petr/5328350c-c733-4a2b-be90-55e5afb96d13/ros2_ws/install/esp_miniBot/lib/esp_miniBot
[3.653s] Installing send_music script to /run/media/petr/5328350c-c733-4a2b-be90-55e5afb96d13/ros2_ws/install/esp_miniBot/lib/esp_miniBot
[3.658s] Installing send_speed script to /run/media/petr/5328350c-c733-4a2b-be90-55e5afb96d13/ros2_ws/install/esp_miniBot/lib/esp_miniBot
[3.662s] writing list of installed files to '/run/media/petr/5328350c-c733-4a2b-be90-55e5afb96d13/ros2_ws/build/esp_miniBot/install.log'
[3.725s] Invoked command in '/run/media/petr/5328350c-c733-4a2b-be90-55e5afb96d13/ros2_ws/src/esp_miniBot' returned '0': DEBUGINFOD_URLS=https://debuginfod.archlinux.org PYTHONPATH=/run/media/petr/5328350c-c733-4a2b-be90-55e5afb96d13/ros2_ws/build/esp_miniBot/prefix_override:/home/petr/.local/lib/python3.11/site-packages/colcon_core/task/python/colcon_distutils_commands:/run/media/petr/5328350c-c733-4a2b-be90-55e5afb96d13/ros2_ws/install/esp_miniBot/lib/python3.11/site-packages:${PYTHONPATH} _=/usr/bin/env /usr/bin/python -W ignore:setup.py install is deprecated -W ignore:easy_install command is deprecated setup.py egg_info --egg-base ../../build/esp_miniBot build --build-base /run/media/petr/5328350c-c733-4a2b-be90-55e5afb96d13/ros2_ws/build/esp_miniBot/build install --record /run/media/petr/5328350c-c733-4a2b-be90-55e5afb96d13/ros2_ws/build/esp_miniBot/install.log --single-version-externally-managed install_data
