[2.625s] Invoking command in '/home/petr/ros2_ws/src/esp_miniBot': DEBUGINFOD_URLS=https://debuginfod.archlinux.org PYTHONPATH=/home/petr/ros2_ws/build/esp_miniBot/prefix_override:/home/petr/.local/lib/python3.11/site-packages/colcon_core/task/python/colcon_distutils_commands:/home/petr/ros2_ws/install/esp_miniBot/lib/python3.11/site-packages:${PYTHONPATH} _=/usr/bin/env /usr/bin/python -W ignore:setup.py install is deprecated -W ignore:easy_install command is deprecated setup.py egg_info --egg-base ../../build/esp_miniBot build --build-base /home/petr/ros2_ws/build/esp_miniBot/build install --record /home/petr/ros2_ws/build/esp_miniBot/install.log --single-version-externally-managed install_data
[3.685s] running egg_info
[3.685s] writing ../../build/esp_miniBot/esp_miniBot.egg-info/PKG-INFO
[3.686s] writing dependency_links to ../../build/esp_miniBot/esp_miniBot.egg-info/dependency_links.txt
[3.686s] writing entry points to ../../build/esp_miniBot/esp_miniBot.egg-info/entry_points.txt
[3.687s] writing requirements to ../../build/esp_miniBot/esp_miniBot.egg-info/requires.txt
[3.687s] writing top-level names to ../../build/esp_miniBot/esp_miniBot.egg-info/top_level.txt
[3.690s] reading manifest file '../../build/esp_miniBot/esp_miniBot.egg-info/SOURCES.txt'
[3.692s] writing manifest file '../../build/esp_miniBot/esp_miniBot.egg-info/SOURCES.txt'
[3.692s] running build
[3.692s] running build_py
[3.693s] copying esp_miniBot/mp3_file_read.py -> /home/petr/ros2_ws/build/esp_miniBot/build/lib/esp_miniBot
[3.694s] running install
[3.695s] running install_lib
[3.696s] copying /home/petr/ros2_ws/build/esp_miniBot/build/lib/esp_miniBot/mp3_file_read.py -> /home/petr/ros2_ws/install/esp_miniBot/lib/python3.11/site-packages/esp_miniBot
[3.702s] byte-compiling /home/petr/ros2_ws/install/esp_miniBot/lib/python3.11/site-packages/esp_miniBot/mp3_file_read.py to mp3_file_read.cpython-311.pyc
[3.705s] running install_data
[3.706s] running install_egg_info
[3.714s] removing '/home/petr/ros2_ws/install/esp_miniBot/lib/python3.11/site-packages/esp_miniBot-0.0.0-py3.11.egg-info' (and everything under it)
[3.715s] Copying ../../build/esp_miniBot/esp_miniBot.egg-info to /home/petr/ros2_ws/install/esp_miniBot/lib/python3.11/site-packages/esp_miniBot-0.0.0-py3.11.egg-info
[3.718s] running install_scripts
[3.810s] Installing read_mp3 script to /home/petr/ros2_ws/install/esp_miniBot/lib/esp_miniBot
[3.810s] Installing send_music script to /home/petr/ros2_ws/install/esp_miniBot/lib/esp_miniBot
[3.811s] writing list of installed files to '/home/petr/ros2_ws/build/esp_miniBot/install.log'
[3.880s] Invoked command in '/home/petr/ros2_ws/src/esp_miniBot' returned '0': DEBUGINFOD_URLS=https://debuginfod.archlinux.org PYTHONPATH=/home/petr/ros2_ws/build/esp_miniBot/prefix_override:/home/petr/.local/lib/python3.11/site-packages/colcon_core/task/python/colcon_distutils_commands:/home/petr/ros2_ws/install/esp_miniBot/lib/python3.11/site-packages:${PYTHONPATH} _=/usr/bin/env /usr/bin/python -W ignore:setup.py install is deprecated -W ignore:easy_install command is deprecated setup.py egg_info --egg-base ../../build/esp_miniBot build --build-base /home/petr/ros2_ws/build/esp_miniBot/build install --record /home/petr/ros2_ws/build/esp_miniBot/install.log --single-version-externally-managed install_data
