[0.274s] DEBUG:colcon:Command line arguments: ['/usr/bin/colcon', 'build', '--packages-select', 'image_stream']
[0.274s] DEBUG:colcon:Parsed command line arguments: Namespace(log_base=None, log_level=None, verb_name='build', build_base='build', install_base='install', merge_install=False, symlink_install=False, test_result_base=None, continue_on_error=False, executor='parallel', parallel_workers=6, event_handlers=None, ignore_user_meta=False, metas=['./colcon.meta'], base_paths=['.'], packages_ignore=None, packages_ignore_regex=None, paths=None, packages_up_to=None, packages_up_to_regex=None, packages_above=None, packages_above_and_dependencies=None, packages_above_depth=None, packages_select_by_dep=None, packages_skip_by_dep=None, packages_skip_up_to=None, packages_select_build_failed=False, packages_skip_build_finished=False, packages_select_test_failures=False, packages_skip_test_passed=False, packages_select=['image_stream'], packages_skip=None, packages_select_regex=None, packages_skip_regex=None, packages_start=None, packages_end=None, allow_overriding=[], cmake_args=None, cmake_target=None, cmake_target_skip_unavailable=False, cmake_clean_cache=False, cmake_clean_first=False, cmake_force_configure=False, ament_cmake_args=None, catkin_cmake_args=None, catkin_skip_building_tests=False, mixin_files=None, mixin=None, verb_parser=<colcon_mixin.mixin.mixin_argument.MixinArgumentDecorator object at 0x709efd38a780>, verb_extension=<colcon_core.verb.build.BuildVerb object at 0x709efd94a8d0>, main=<bound method BuildVerb.main of <colcon_core.verb.build.BuildVerb object at 0x709efd94a8d0>>, mixin_verb=('build',))
[0.334s] Level 1:colcon.colcon_core.package_discovery:discover_packages(colcon_meta) check parameters
[0.334s] Level 1:colcon.colcon_core.package_discovery:discover_packages(recursive) check parameters
[0.334s] Level 1:colcon.colcon_core.package_discovery:discover_packages(ignore) check parameters
[0.334s] Level 1:colcon.colcon_core.package_discovery:discover_packages(path) check parameters
[0.334s] Level 1:colcon.colcon_core.package_discovery:discover_packages(colcon_meta) discover
[0.334s] Level 1:colcon.colcon_core.package_discovery:discover_packages(recursive) discover
[0.334s] INFO:colcon.colcon_core.package_discovery:Crawling recursively for packages in '/mnt/ros2_ws'
[0.335s] Level 1:colcon.colcon_core.package_identification:_identify(.) by extensions ['ignore', 'ignore_ament_install']
[0.335s] Level 1:colcon.colcon_core.package_identification:_identify(.) by extension 'ignore'
[0.335s] Level 1:colcon.colcon_core.package_identification:_identify(.) by extension 'ignore_ament_install'
[0.335s] Level 1:colcon.colcon_core.package_identification:_identify(.) by extensions ['colcon_pkg']
[0.335s] Level 1:colcon.colcon_core.package_identification:_identify(.) by extension 'colcon_pkg'
[0.335s] Level 1:colcon.colcon_core.package_identification:_identify(.) by extensions ['colcon_meta']
[0.335s] Level 1:colcon.colcon_core.package_identification:_identify(.) by extension 'colcon_meta'
[0.335s] Level 1:colcon.colcon_core.package_identification:_identify(.) by extensions ['ros']
[0.335s] Level 1:colcon.colcon_core.package_identification:_identify(.) by extension 'ros'
[0.375s] Level 1:colcon.colcon_core.package_identification:_identify(.) by extensions ['cmake', 'python']
[0.375s] Level 1:colcon.colcon_core.package_identification:_identify(.) by extension 'cmake'
[0.376s] Level 1:colcon.colcon_core.package_identification:_identify(.) by extension 'python'
[0.376s] Level 1:colcon.colcon_core.package_identification:_identify(.) by extensions ['python_setup_py']
[0.376s] Level 1:colcon.colcon_core.package_identification:_identify(.) by extension 'python_setup_py'
[0.376s] Level 1:colcon.colcon_core.package_identification:_identify(build) by extensions ['ignore', 'ignore_ament_install']
[0.376s] Level 1:colcon.colcon_core.package_identification:_identify(build) by extension 'ignore'
[0.376s] Level 1:colcon.colcon_core.package_identification:_identify(build) ignored
[0.376s] Level 1:colcon.colcon_core.package_identification:_identify(install) by extensions ['ignore', 'ignore_ament_install']
[0.376s] Level 1:colcon.colcon_core.package_identification:_identify(install) by extension 'ignore'
[0.376s] Level 1:colcon.colcon_core.package_identification:_identify(install) ignored
[0.377s] Level 1:colcon.colcon_core.package_identification:_identify(log) by extensions ['ignore', 'ignore_ament_install']
[0.377s] Level 1:colcon.colcon_core.package_identification:_identify(log) by extension 'ignore'
[0.377s] Level 1:colcon.colcon_core.package_identification:_identify(log) ignored
[0.377s] Level 1:colcon.colcon_core.package_identification:_identify(src) by extensions ['ignore', 'ignore_ament_install']
[0.377s] Level 1:colcon.colcon_core.package_identification:_identify(src) by extension 'ignore'
[0.377s] Level 1:colcon.colcon_core.package_identification:_identify(src) by extension 'ignore_ament_install'
[0.377s] Level 1:colcon.colcon_core.package_identification:_identify(src) by extensions ['colcon_pkg']
[0.377s] Level 1:colcon.colcon_core.package_identification:_identify(src) by extension 'colcon_pkg'
[0.377s] Level 1:colcon.colcon_core.package_identification:_identify(src) by extensions ['colcon_meta']
[0.377s] Level 1:colcon.colcon_core.package_identification:_identify(src) by extension 'colcon_meta'
[0.377s] Level 1:colcon.colcon_core.package_identification:_identify(src) by extensions ['ros']
[0.377s] Level 1:colcon.colcon_core.package_identification:_identify(src) by extension 'ros'
[0.378s] Level 1:colcon.colcon_core.package_identification:_identify(src) by extensions ['cmake', 'python']
[0.378s] Level 1:colcon.colcon_core.package_identification:_identify(src) by extension 'cmake'
[0.378s] Level 1:colcon.colcon_core.package_identification:_identify(src) by extension 'python'
[0.378s] Level 1:colcon.colcon_core.package_identification:_identify(src) by extensions ['python_setup_py']
[0.378s] Level 1:colcon.colcon_core.package_identification:_identify(src) by extension 'python_setup_py'
[0.378s] Level 1:colcon.colcon_core.package_identification:_identify(src/build) by extensions ['ignore', 'ignore_ament_install']
[0.378s] Level 1:colcon.colcon_core.package_identification:_identify(src/build) by extension 'ignore'
[0.378s] Level 1:colcon.colcon_core.package_identification:_identify(src/build) ignored
[0.378s] Level 1:colcon.colcon_core.package_identification:_identify(src/esp32_bridge) by extensions ['ignore', 'ignore_ament_install']
[0.378s] Level 1:colcon.colcon_core.package_identification:_identify(src/esp32_bridge) by extension 'ignore'
[0.378s] Level 1:colcon.colcon_core.package_identification:_identify(src/esp32_bridge) by extension 'ignore_ament_install'
[0.378s] Level 1:colcon.colcon_core.package_identification:_identify(src/esp32_bridge) by extensions ['colcon_pkg']
[0.379s] Level 1:colcon.colcon_core.package_identification:_identify(src/esp32_bridge) by extension 'colcon_pkg'
[0.379s] Level 1:colcon.colcon_core.package_identification:_identify(src/esp32_bridge) by extensions ['colcon_meta']
[0.379s] Level 1:colcon.colcon_core.package_identification:_identify(src/esp32_bridge) by extension 'colcon_meta'
[0.379s] Level 1:colcon.colcon_core.package_identification:_identify(src/esp32_bridge) by extensions ['ros']
[0.379s] Level 1:colcon.colcon_core.package_identification:_identify(src/esp32_bridge) by extension 'ros'
[0.392s] DEBUG:colcon.colcon_core.package_identification:Package 'src/esp32_bridge' with type 'ros.ament_python' and name 'esp32_bridge'
[0.393s] Level 1:colcon.colcon_core.package_identification:_identify(src/esp_miniBot) by extensions ['ignore', 'ignore_ament_install']
[0.393s] Level 1:colcon.colcon_core.package_identification:_identify(src/esp_miniBot) by extension 'ignore'
[0.393s] Level 1:colcon.colcon_core.package_identification:_identify(src/esp_miniBot) by extension 'ignore_ament_install'
[0.393s] Level 1:colcon.colcon_core.package_identification:_identify(src/esp_miniBot) by extensions ['colcon_pkg']
[0.393s] Level 1:colcon.colcon_core.package_identification:_identify(src/esp_miniBot) by extension 'colcon_pkg'
[0.393s] Level 1:colcon.colcon_core.package_identification:_identify(src/esp_miniBot) by extensions ['colcon_meta']
[0.393s] Level 1:colcon.colcon_core.package_identification:_identify(src/esp_miniBot) by extension 'colcon_meta'
[0.393s] Level 1:colcon.colcon_core.package_identification:_identify(src/esp_miniBot) by extensions ['ros']
[0.393s] Level 1:colcon.colcon_core.package_identification:_identify(src/esp_miniBot) by extension 'ros'
[0.394s] DEBUG:colcon.colcon_core.package_identification:Package 'src/esp_miniBot' with type 'ros.ament_python' and name 'esp_miniBot'
[0.394s] Level 1:colcon.colcon_core.package_identification:_identify(src/image_stream) by extensions ['ignore', 'ignore_ament_install']
[0.394s] Level 1:colcon.colcon_core.package_identification:_identify(src/image_stream) by extension 'ignore'
[0.394s] Level 1:colcon.colcon_core.package_identification:_identify(src/image_stream) by extension 'ignore_ament_install'
[0.395s] Level 1:colcon.colcon_core.package_identification:_identify(src/image_stream) by extensions ['colcon_pkg']
[0.395s] Level 1:colcon.colcon_core.package_identification:_identify(src/image_stream) by extension 'colcon_pkg'
[0.395s] Level 1:colcon.colcon_core.package_identification:_identify(src/image_stream) by extensions ['colcon_meta']
[0.395s] Level 1:colcon.colcon_core.package_identification:_identify(src/image_stream) by extension 'colcon_meta'
[0.395s] Level 1:colcon.colcon_core.package_identification:_identify(src/image_stream) by extensions ['ros']
[0.395s] Level 1:colcon.colcon_core.package_identification:_identify(src/image_stream) by extension 'ros'
[0.395s] DEBUG:colcon.colcon_core.package_identification:Package 'src/image_stream' with type 'ros.ament_python' and name 'image_stream'
[0.396s] Level 1:colcon.colcon_core.package_identification:_identify(src/install) by extensions ['ignore', 'ignore_ament_install']
[0.396s] Level 1:colcon.colcon_core.package_identification:_identify(src/install) by extension 'ignore'
[0.396s] Level 1:colcon.colcon_core.package_identification:_identify(src/install) ignored
[0.396s] Level 1:colcon.colcon_core.package_identification:_identify(src/log) by extensions ['ignore', 'ignore_ament_install']
[0.396s] Level 1:colcon.colcon_core.package_identification:_identify(src/log) by extension 'ignore'
[0.396s] Level 1:colcon.colcon_core.package_identification:_identify(src/log) ignored
[0.396s] Level 1:colcon.colcon_core.package_identification:_identify(src/web_joystick) by extensions ['ignore', 'ignore_ament_install']
[0.396s] Level 1:colcon.colcon_core.package_identification:_identify(src/web_joystick) by extension 'ignore'
[0.396s] Level 1:colcon.colcon_core.package_identification:_identify(src/web_joystick) by extension 'ignore_ament_install'
[0.396s] Level 1:colcon.colcon_core.package_identification:_identify(src/web_joystick) by extensions ['colcon_pkg']
[0.396s] Level 1:colcon.colcon_core.package_identification:_identify(src/web_joystick) by extension 'colcon_pkg'
[0.397s] Level 1:colcon.colcon_core.package_identification:_identify(src/web_joystick) by extensions ['colcon_meta']
[0.397s] Level 1:colcon.colcon_core.package_identification:_identify(src/web_joystick) by extension 'colcon_meta'
[0.397s] Level 1:colcon.colcon_core.package_identification:_identify(src/web_joystick) by extensions ['ros']
[0.397s] Level 1:colcon.colcon_core.package_identification:_identify(src/web_joystick) by extension 'ros'
[0.398s] DEBUG:colcon.colcon_core.package_identification:Package 'src/web_joystick' with type 'ros.ament_python' and name 'web_joystick'
[0.398s] Level 1:colcon.colcon_core.package_discovery:discover_packages(recursive) using defaults
[0.398s] Level 1:colcon.colcon_core.package_discovery:discover_packages(ignore) discover
[0.398s] Level 1:colcon.colcon_core.package_discovery:discover_packages(ignore) using defaults
[0.398s] Level 1:colcon.colcon_core.package_discovery:discover_packages(path) discover
[0.398s] Level 1:colcon.colcon_core.package_discovery:discover_packages(path) using defaults
[0.474s] INFO:colcon.colcon_core.package_selection:Skipping not selected package 'esp32_bridge' in 'src/esp32_bridge'
[0.474s] INFO:colcon.colcon_core.package_selection:Skipping not selected package 'esp_miniBot' in 'src/esp_miniBot'
[0.474s] INFO:colcon.colcon_core.package_selection:Skipping not selected package 'web_joystick' in 'src/web_joystick'
[0.474s] Level 1:colcon.colcon_core.package_discovery:discover_packages(prefix_path) check parameters
[0.474s] Level 1:colcon.colcon_core.package_discovery:discover_packages(prefix_path) discover
[0.477s] DEBUG:colcon.colcon_installed_package_information.package_discovery:Found 5 installed packages in /mnt/ros2_ws/install
[0.480s] DEBUG:colcon.colcon_installed_package_information.package_discovery:Found 285 installed packages in /opt/ros/jazzy
[0.481s] Level 1:colcon.colcon_core.package_discovery:discover_packages(prefix_path) using defaults
[0.568s] Level 5:colcon.colcon_core.verb:set package 'image_stream' build argument 'cmake_args' from command line to 'None'
[0.568s] Level 5:colcon.colcon_core.verb:set package 'image_stream' build argument 'cmake_target' from command line to 'None'
[0.568s] Level 5:colcon.colcon_core.verb:set package 'image_stream' build argument 'cmake_target_skip_unavailable' from command line to 'False'
[0.568s] Level 5:colcon.colcon_core.verb:set package 'image_stream' build argument 'cmake_clean_cache' from command line to 'False'
[0.568s] Level 5:colcon.colcon_core.verb:set package 'image_stream' build argument 'cmake_clean_first' from command line to 'False'
[0.568s] Level 5:colcon.colcon_core.verb:set package 'image_stream' build argument 'cmake_force_configure' from command line to 'False'
[0.568s] Level 5:colcon.colcon_core.verb:set package 'image_stream' build argument 'ament_cmake_args' from command line to 'None'
[0.568s] Level 5:colcon.colcon_core.verb:set package 'image_stream' build argument 'catkin_cmake_args' from command line to 'None'
[0.568s] Level 5:colcon.colcon_core.verb:set package 'image_stream' build argument 'catkin_skip_building_tests' from command line to 'False'
[0.568s] DEBUG:colcon.colcon_core.verb:Building package 'image_stream' with the following arguments: {'ament_cmake_args': None, 'build_base': '/mnt/ros2_ws/build/image_stream', 'catkin_cmake_args': None, 'catkin_skip_building_tests': False, 'cmake_args': None, 'cmake_clean_cache': False, 'cmake_clean_first': False, 'cmake_force_configure': False, 'cmake_target': None, 'cmake_target_skip_unavailable': False, 'install_base': '/mnt/ros2_ws/install/image_stream', 'merge_install': False, 'path': '/mnt/ros2_ws/src/image_stream', 'symlink_install': False, 'test_result_base': None}
[0.569s] INFO:colcon.colcon_core.executor:Executing jobs using 'parallel' executor
[0.570s] DEBUG:colcon.colcon_parallel_executor.executor.parallel:run_until_complete
[0.570s] INFO:colcon.colcon_ros.task.ament_python.build:Building ROS package in '/mnt/ros2_ws/src/image_stream' with build type 'ament_python'
[0.570s] Level 1:colcon.colcon_core.shell:create_environment_hook('image_stream', 'ament_prefix_path')
[0.574s] INFO:colcon.colcon_core.plugin_system:Skipping extension 'colcon_core.shell.bat': Not used on non-Windows systems
[0.574s] INFO:colcon.colcon_core.shell:Creating environment hook '/mnt/ros2_ws/install/image_stream/share/image_stream/hook/ament_prefix_path.ps1'
[0.575s] INFO:colcon.colcon_core.shell:Creating environment descriptor '/mnt/ros2_ws/install/image_stream/share/image_stream/hook/ament_prefix_path.dsv'
[0.576s] INFO:colcon.colcon_core.shell:Creating environment hook '/mnt/ros2_ws/install/image_stream/share/image_stream/hook/ament_prefix_path.sh'
[0.577s] INFO:colcon.colcon_core.shell:Skip shell extension 'powershell' for command environment: Not usable outside of PowerShell
[0.577s] DEBUG:colcon.colcon_core.shell:Skip shell extension 'dsv' for command environment
[0.932s] INFO:colcon.colcon_core.task.python.build:Building Python package in '/mnt/ros2_ws/src/image_stream'
[0.933s] INFO:colcon.colcon_core.shell:Skip shell extension 'powershell' for command environment: Not usable outside of PowerShell
[0.933s] DEBUG:colcon.colcon_core.shell:Skip shell extension 'dsv' for command environment
[2.238s] DEBUG:colcon.colcon_core.event_handler.log_command:Invoking command in '/mnt/ros2_ws/src/image_stream': DEBUGINFOD_URLS=https://debuginfod.ubuntu.com PYTHONPATH=/mnt/ros2_ws/build/image_stream/prefix_override:/usr/lib/python3/dist-packages/colcon_core/task/python/colcon_distutils_commands:/mnt/ros2_ws/install/image_stream/lib/python3.12/site-packages:${PYTHONPATH} /usr/bin/python3 -W ignore:setup.py install is deprecated -W ignore:easy_install command is deprecated setup.py egg_info --egg-base ../../build/image_stream build --build-base /mnt/ros2_ws/build/image_stream/build install --record /mnt/ros2_ws/build/image_stream/install.log --single-version-externally-managed install_data
[3.207s] DEBUG:colcon.colcon_core.event_handler.log_command:Invoked command in '/mnt/ros2_ws/src/image_stream' returned '0': DEBUGINFOD_URLS=https://debuginfod.ubuntu.com PYTHONPATH=/mnt/ros2_ws/build/image_stream/prefix_override:/usr/lib/python3/dist-packages/colcon_core/task/python/colcon_distutils_commands:/mnt/ros2_ws/install/image_stream/lib/python3.12/site-packages:${PYTHONPATH} /usr/bin/python3 -W ignore:setup.py install is deprecated -W ignore:easy_install command is deprecated setup.py egg_info --egg-base ../../build/image_stream build --build-base /mnt/ros2_ws/build/image_stream/build install --record /mnt/ros2_ws/build/image_stream/install.log --single-version-externally-managed install_data
[3.211s] Level 1:colcon.colcon_core.environment:checking '/mnt/ros2_ws/install/image_stream' for CMake module files
[3.212s] Level 1:colcon.colcon_core.environment:checking '/mnt/ros2_ws/install/image_stream' for CMake config files
[3.212s] Level 1:colcon.colcon_core.shell:create_environment_hook('image_stream', 'cmake_prefix_path')
[3.212s] INFO:colcon.colcon_core.shell:Creating environment hook '/mnt/ros2_ws/install/image_stream/share/image_stream/hook/cmake_prefix_path.ps1'
[3.213s] INFO:colcon.colcon_core.shell:Creating environment descriptor '/mnt/ros2_ws/install/image_stream/share/image_stream/hook/cmake_prefix_path.dsv'
[3.213s] INFO:colcon.colcon_core.shell:Creating environment hook '/mnt/ros2_ws/install/image_stream/share/image_stream/hook/cmake_prefix_path.sh'
[3.214s] Level 1:colcon.colcon_core.environment:checking '/mnt/ros2_ws/install/image_stream/lib'
[3.214s] Level 1:colcon.colcon_core.environment:checking '/mnt/ros2_ws/install/image_stream/bin'
[3.214s] Level 1:colcon.colcon_core.environment:checking '/mnt/ros2_ws/install/image_stream/lib/pkgconfig/image_stream.pc'
[3.215s] Level 1:colcon.colcon_core.environment:checking '/mnt/ros2_ws/install/image_stream/lib/python3.12/site-packages'
[3.215s] Level 1:colcon.colcon_core.shell:create_environment_hook('image_stream', 'pythonpath')
[3.215s] INFO:colcon.colcon_core.shell:Creating environment hook '/mnt/ros2_ws/install/image_stream/share/image_stream/hook/pythonpath.ps1'
[3.216s] INFO:colcon.colcon_core.shell:Creating environment descriptor '/mnt/ros2_ws/install/image_stream/share/image_stream/hook/pythonpath.dsv'
[3.216s] INFO:colcon.colcon_core.shell:Creating environment hook '/mnt/ros2_ws/install/image_stream/share/image_stream/hook/pythonpath.sh'
[3.217s] Level 1:colcon.colcon_core.environment:checking '/mnt/ros2_ws/install/image_stream/bin'
[3.217s] Level 1:colcon.colcon_core.environment:create_environment_scripts_only(image_stream)
[3.217s] INFO:colcon.colcon_core.shell:Creating package script '/mnt/ros2_ws/install/image_stream/share/image_stream/package.ps1'
[3.218s] INFO:colcon.colcon_core.shell:Creating package descriptor '/mnt/ros2_ws/install/image_stream/share/image_stream/package.dsv'
[3.219s] INFO:colcon.colcon_core.shell:Creating package script '/mnt/ros2_ws/install/image_stream/share/image_stream/package.sh'
[3.220s] INFO:colcon.colcon_core.shell:Creating package script '/mnt/ros2_ws/install/image_stream/share/image_stream/package.bash'
[3.221s] INFO:colcon.colcon_core.shell:Creating package script '/mnt/ros2_ws/install/image_stream/share/image_stream/package.zsh'
[3.222s] Level 1:colcon.colcon_core.environment:create_file_with_runtime_dependencies(/mnt/ros2_ws/install/image_stream/share/colcon-core/packages/image_stream)
[3.223s] DEBUG:colcon.colcon_parallel_executor.executor.parallel:closing loop
[3.223s] DEBUG:colcon.colcon_parallel_executor.executor.parallel:loop closed
[3.223s] DEBUG:colcon.colcon_parallel_executor.executor.parallel:run_until_complete finished with '0'
[3.223s] DEBUG:colcon.colcon_core.event_reactor:joining thread
[3.243s] INFO:colcon.colcon_core.plugin_system:Skipping extension 'colcon_notification.desktop_notification.terminal_notifier': Not used on non-Darwin systems
[3.243s] INFO:colcon.colcon_core.plugin_system:Skipping extension 'colcon_notification.desktop_notification.win32': Not used on non-Windows systems
[3.243s] INFO:colcon.colcon_notification.desktop_notification:Sending desktop notification using 'notify2'
[3.250s] DEBUG:colcon.colcon_core.event_reactor:joined thread
[3.251s] INFO:colcon.colcon_core.shell:Creating prefix script '/mnt/ros2_ws/install/local_setup.ps1'
[3.254s] INFO:colcon.colcon_core.shell:Creating prefix util module '/mnt/ros2_ws/install/_local_setup_util_ps1.py'
[3.260s] INFO:colcon.colcon_core.shell:Creating prefix chain script '/mnt/ros2_ws/install/setup.ps1'
[3.263s] INFO:colcon.colcon_core.shell:Creating prefix script '/mnt/ros2_ws/install/local_setup.sh'
[3.265s] INFO:colcon.colcon_core.shell:Creating prefix util module '/mnt/ros2_ws/install/_local_setup_util_sh.py'
[3.268s] INFO:colcon.colcon_core.shell:Creating prefix chain script '/mnt/ros2_ws/install/setup.sh'
[3.272s] INFO:colcon.colcon_core.shell:Creating prefix script '/mnt/ros2_ws/install/local_setup.bash'
[3.273s] INFO:colcon.colcon_core.shell:Creating prefix chain script '/mnt/ros2_ws/install/setup.bash'
[3.277s] INFO:colcon.colcon_core.shell:Creating prefix script '/mnt/ros2_ws/install/local_setup.zsh'
[3.279s] INFO:colcon.colcon_core.shell:Creating prefix chain script '/mnt/ros2_ws/install/setup.zsh'
