[2.488s] Invoking command in '/home/petr/ros2_ws/src/esp_miniBot': DEBUGINFOD_URLS=https://debuginfod.archlinux.org PYTHONPATH=/home/petr/ros2_ws/build/esp_miniBot/prefix_override:/home/petr/.local/lib/python3.11/site-packages/colcon_core/task/python/colcon_distutils_commands:/home/petr/ros2_ws/install/esp_miniBot/lib/python3.11/site-packages:${PYTHONPATH} _=/usr/bin/env /usr/bin/python -W ignore:setup.py install is deprecated -W ignore:easy_install command is deprecated setup.py egg_info --egg-base ../../build/esp_miniBot build --build-base /home/petr/ros2_ws/build/esp_miniBot/build install --record /home/petr/ros2_ws/build/esp_miniBot/install.log --single-version-externally-managed install_data
[3.473s] running egg_info
[3.473s] creating ../../build/esp_miniBot/esp_miniBot.egg-info
[3.473s] writing ../../build/esp_miniBot/esp_miniBot.egg-info/PKG-INFO
[3.474s] writing dependency_links to ../../build/esp_miniBot/esp_miniBot.egg-info/dependency_links.txt
[3.475s] writing entry points to ../../build/esp_miniBot/esp_miniBot.egg-info/entry_points.txt
[3.475s] writing requirements to ../../build/esp_miniBot/esp_miniBot.egg-info/requires.txt
[3.475s] writing top-level names to ../../build/esp_miniBot/esp_miniBot.egg-info/top_level.txt
[3.476s] writing manifest file '../../build/esp_miniBot/esp_miniBot.egg-info/SOURCES.txt'
[3.479s] reading manifest file '../../build/esp_miniBot/esp_miniBot.egg-info/SOURCES.txt'
[3.481s] writing manifest file '../../build/esp_miniBot/esp_miniBot.egg-info/SOURCES.txt'
[3.481s] running build
[3.481s] running build_py
[3.481s] creating /home/petr/ros2_ws/build/esp_miniBot/build
[3.481s] creating /home/petr/ros2_ws/build/esp_miniBot/build/lib
[3.481s] creating /home/petr/ros2_ws/build/esp_miniBot/build/lib/esp_miniBot
[3.482s] copying esp_miniBot/__init__.py -> /home/petr/ros2_ws/build/esp_miniBot/build/lib/esp_miniBot
[3.482s] copying esp_miniBot/music_stream.py -> /home/petr/ros2_ws/build/esp_miniBot/build/lib/esp_miniBot
[3.482s] copying esp_miniBot/mp3_file_read.py -> /home/petr/ros2_ws/build/esp_miniBot/build/lib/esp_miniBot
[3.482s] running install
[3.483s] running install_lib
[3.484s] creating /home/petr/ros2_ws/install/esp_miniBot/lib/python3.11/site-packages/esp_miniBot
[3.484s] copying /home/petr/ros2_ws/build/esp_miniBot/build/lib/esp_miniBot/__init__.py -> /home/petr/ros2_ws/install/esp_miniBot/lib/python3.11/site-packages/esp_miniBot
[3.484s] copying /home/petr/ros2_ws/build/esp_miniBot/build/lib/esp_miniBot/music_stream.py -> /home/petr/ros2_ws/install/esp_miniBot/lib/python3.11/site-packages/esp_miniBot
[3.484s] copying /home/petr/ros2_ws/build/esp_miniBot/build/lib/esp_miniBot/mp3_file_read.py -> /home/petr/ros2_ws/install/esp_miniBot/lib/python3.11/site-packages/esp_miniBot
[3.491s] byte-compiling /home/petr/ros2_ws/install/esp_miniBot/lib/python3.11/site-packages/esp_miniBot/__init__.py to __init__.cpython-311.pyc
[3.491s] byte-compiling /home/petr/ros2_ws/install/esp_miniBot/lib/python3.11/site-packages/esp_miniBot/music_stream.py to music_stream.cpython-311.pyc
[3.492s] byte-compiling /home/petr/ros2_ws/install/esp_miniBot/lib/python3.11/site-packages/esp_miniBot/mp3_file_read.py to mp3_file_read.cpython-311.pyc
[3.494s] running install_data
[3.494s] creating /home/petr/ros2_ws/install/esp_miniBot/share/ament_index
[3.494s] creating /home/petr/ros2_ws/install/esp_miniBot/share/ament_index/resource_index
[3.494s] creating /home/petr/ros2_ws/install/esp_miniBot/share/ament_index/resource_index/packages
[3.494s] copying resource/esp_miniBot -> /home/petr/ros2_ws/install/esp_miniBot/share/ament_index/resource_index/packages
[3.494s] copying package.xml -> /home/petr/ros2_ws/install/esp_miniBot/share/esp_miniBot
[3.495s] running install_egg_info
[3.502s] Copying ../../build/esp_miniBot/esp_miniBot.egg-info to /home/petr/ros2_ws/install/esp_miniBot/lib/python3.11/site-packages/esp_miniBot-0.0.0-py3.11.egg-info
[3.505s] running install_scripts
[3.592s] writing list of installed files to '/home/petr/ros2_ws/build/esp_miniBot/install.log'
[3.658s] Invoked command in '/home/petr/ros2_ws/src/esp_miniBot' returned '0': DEBUGINFOD_URLS=https://debuginfod.archlinux.org PYTHONPATH=/home/petr/ros2_ws/build/esp_miniBot/prefix_override:/home/petr/.local/lib/python3.11/site-packages/colcon_core/task/python/colcon_distutils_commands:/home/petr/ros2_ws/install/esp_miniBot/lib/python3.11/site-packages:${PYTHONPATH} _=/usr/bin/env /usr/bin/python -W ignore:setup.py install is deprecated -W ignore:easy_install command is deprecated setup.py egg_info --egg-base ../../build/esp_miniBot build --build-base /home/petr/ros2_ws/build/esp_miniBot/build install --record /home/petr/ros2_ws/build/esp_miniBot/install.log --single-version-externally-managed install_data
