running egg_info
creating ../../build/image_stream/image_stream.egg-info
writing ../../build/image_stream/image_stream.egg-info/PKG-INFO
writing dependency_links to ../../build/image_stream/image_stream.egg-info/dependency_links.txt
writing entry points to ../../build/image_stream/image_stream.egg-info/entry_points.txt
writing requirements to ../../build/image_stream/image_stream.egg-info/requires.txt
writing top-level names to ../../build/image_stream/image_stream.egg-info/top_level.txt
writing manifest file '../../build/image_stream/image_stream.egg-info/SOURCES.txt'
reading manifest file '../../build/image_stream/image_stream.egg-info/SOURCES.txt'
writing manifest file '../../build/image_stream/image_stream.egg-info/SOURCES.txt'
running build
running build_py
creating /home/petr/ros2_ws/build/image_stream/build
creating /home/petr/ros2_ws/build/image_stream/build/lib
creating /home/petr/ros2_ws/build/image_stream/build/lib/image_stream
copying image_stream/__init__.py -> /home/petr/ros2_ws/build/image_stream/build/lib/image_stream
running install
running install_lib
creating /home/petr/ros2_ws/install/image_stream/lib/python3.11/site-packages/image_stream
copying /home/petr/ros2_ws/build/image_stream/build/lib/image_stream/__init__.py -> /home/petr/ros2_ws/install/image_stream/lib/python3.11/site-packages/image_stream
byte-compiling /home/petr/ros2_ws/install/image_stream/lib/python3.11/site-packages/image_stream/__init__.py to __init__.cpython-311.pyc
running install_data
copying resource/image_stream -> /home/petr/ros2_ws/install/image_stream/share/ament_index/resource_index/packages
copying package.xml -> /home/petr/ros2_ws/install/image_stream/share/image_stream
running install_egg_info
Copying ../../build/image_stream/image_stream.egg-info to /home/petr/ros2_ws/install/image_stream/lib/python3.11/site-packages/image_stream-0.0.0-py3.11.egg-info
running install_scripts
writing list of installed files to '/home/petr/ros2_ws/build/image_stream/install.log'
