running egg_info
writing ../../build/web_joystick/web_joystick.egg-info/PKG-INFO
writing dependency_links to ../../build/web_joystick/web_joystick.egg-info/dependency_links.txt
writing entry points to ../../build/web_joystick/web_joystick.egg-info/entry_points.txt
writing requirements to ../../build/web_joystick/web_joystick.egg-info/requires.txt
writing top-level names to ../../build/web_joystick/web_joystick.egg-info/top_level.txt
reading manifest file '../../build/web_joystick/web_joystick.egg-info/SOURCES.txt'
writing manifest file '../../build/web_joystick/web_joystick.egg-info/SOURCES.txt'
running build
running build_py
running install
running install_lib
creating /mnt/ros2_ws/install/web_joystick/lib/python3.12/site-packages/web_joystick
copying /mnt/ros2_ws/build/web_joystick/build/lib/web_joystick/web_joystick.py -> /mnt/ros2_ws/install/web_joystick/lib/python3.12/site-packages/web_joystick
copying /mnt/ros2_ws/build/web_joystick/build/lib/web_joystick/__init__.py -> /mnt/ros2_ws/install/web_joystick/lib/python3.12/site-packages/web_joystick
byte-compiling /mnt/ros2_ws/install/web_joystick/lib/python3.12/site-packages/web_joystick/web_joystick.py to web_joystick.cpython-312.pyc
byte-compiling /mnt/ros2_ws/install/web_joystick/lib/python3.12/site-packages/web_joystick/__init__.py to __init__.cpython-312.pyc
running install_data
running install_egg_info
Copying ../../build/web_joystick/web_joystick.egg-info to /mnt/ros2_ws/install/web_joystick/lib/python3.12/site-packages/web_joystick-0.0.0-py3.12.egg-info
running install_scripts
Installing web script to /mnt/ros2_ws/install/web_joystick/lib/web_joystick
writing list of installed files to '/mnt/ros2_ws/build/web_joystick/install.log'
