[2.901s] Invoking command in '/mnt/ros2_ws/src/web_joystick': DEBUGINFOD_URLS=https://debuginfod.ubuntu.com PYTHONPATH=/mnt/ros2_ws/build/web_joystick/prefix_override:/usr/lib/python3/dist-packages/colcon_core/task/python/colcon_distutils_commands:/mnt/ros2_ws/install/web_joystick/lib/python3.12/site-packages: /usr/bin/python3 -W ignore:setup.py install is deprecated -W ignore:easy_install command is deprecated setup.py egg_info --egg-base ../../build/web_joystick build --build-base /mnt/ros2_ws/build/web_joystick/build install --record /mnt/ros2_ws/build/web_joystick/install.log --single-version-externally-managed install_data
[3.335s] running egg_info
[3.358s] writing ../../build/web_joystick/web_joystick.egg-info/PKG-INFO
[3.718s] writing dependency_links to ../../build/web_joystick/web_joystick.egg-info/dependency_links.txt
[3.743s] writing entry points to ../../build/web_joystick/web_joystick.egg-info/entry_points.txt
[3.766s] writing requirements to ../../build/web_joystick/web_joystick.egg-info/requires.txt
[3.776s] writing top-level names to ../../build/web_joystick/web_joystick.egg-info/top_level.txt
[3.836s] reading manifest file '../../build/web_joystick/web_joystick.egg-info/SOURCES.txt'
[3.838s] writing manifest file '../../build/web_joystick/web_joystick.egg-info/SOURCES.txt'
[3.839s] running build
[3.839s] running build_py
[3.846s] running install
[3.873s] running install_lib
[3.900s] creating /mnt/ros2_ws/install/web_joystick/lib/python3.12/site-packages/web_joystick
[3.901s] copying /mnt/ros2_ws/build/web_joystick/build/lib/web_joystick/web_joystick.py -> /mnt/ros2_ws/install/web_joystick/lib/python3.12/site-packages/web_joystick
[3.902s] copying /mnt/ros2_ws/build/web_joystick/build/lib/web_joystick/__init__.py -> /mnt/ros2_ws/install/web_joystick/lib/python3.12/site-packages/web_joystick
[3.903s] byte-compiling /mnt/ros2_ws/install/web_joystick/lib/python3.12/site-packages/web_joystick/web_joystick.py to web_joystick.cpython-312.pyc
[3.906s] byte-compiling /mnt/ros2_ws/install/web_joystick/lib/python3.12/site-packages/web_joystick/__init__.py to __init__.cpython-312.pyc
[3.906s] running install_data
[3.907s] running install_egg_info
[3.983s] Copying ../../build/web_joystick/web_joystick.egg-info to /mnt/ros2_ws/install/web_joystick/lib/python3.12/site-packages/web_joystick-0.0.0-py3.12.egg-info
[3.986s] running install_scripts
[4.176s] Installing web script to /mnt/ros2_ws/install/web_joystick/lib/web_joystick
[4.184s] writing list of installed files to '/mnt/ros2_ws/build/web_joystick/install.log'
[4.345s] Invoked command in '/mnt/ros2_ws/src/web_joystick' returned '0': DEBUGINFOD_URLS=https://debuginfod.ubuntu.com PYTHONPATH=/mnt/ros2_ws/build/web_joystick/prefix_override:/usr/lib/python3/dist-packages/colcon_core/task/python/colcon_distutils_commands:/mnt/ros2_ws/install/web_joystick/lib/python3.12/site-packages: /usr/bin/python3 -W ignore:setup.py install is deprecated -W ignore:easy_install command is deprecated setup.py egg_info --egg-base ../../build/web_joystick build --build-base /mnt/ros2_ws/build/web_joystick/build install --record /mnt/ros2_ws/build/web_joystick/install.log --single-version-externally-managed install_data
