[3.070s] Invoking command in '/mnt/ros2_ws/src/image_stream': DEBUGINFOD_URLS=https://debuginfod.ubuntu.com PYTHONPATH=/mnt/ros2_ws/build/image_stream/prefix_override:/usr/lib/python3/dist-packages/colcon_core/task/python/colcon_distutils_commands:/mnt/ros2_ws/install/image_stream/lib/python3.12/site-packages:${PYTHONPATH} /usr/bin/python3 -W ignore:setup.py install is deprecated -W ignore:easy_install command is deprecated setup.py egg_info --egg-base ../../build/image_stream build --build-base /mnt/ros2_ws/build/image_stream/build install --record /mnt/ros2_ws/build/image_stream/install.log --single-version-externally-managed install_data
[3.718s] running egg_info
[3.769s] writing ../../build/image_stream/image_stream.egg-info/PKG-INFO
[3.771s] writing dependency_links to ../../build/image_stream/image_stream.egg-info/dependency_links.txt
[3.771s] writing entry points to ../../build/image_stream/image_stream.egg-info/entry_points.txt
[3.771s] writing requirements to ../../build/image_stream/image_stream.egg-info/requires.txt
[3.771s] writing top-level names to ../../build/image_stream/image_stream.egg-info/top_level.txt
[3.877s] reading manifest file '../../build/image_stream/image_stream.egg-info/SOURCES.txt'
[3.882s] writing manifest file '../../build/image_stream/image_stream.egg-info/SOURCES.txt'
[3.882s] running build
[3.882s] running build_py
[3.891s] running install
[3.909s] running install_lib
[3.968s] running install_data
[3.968s] running install_egg_info
[4.027s] removing '/mnt/ros2_ws/install/image_stream/lib/python3.12/site-packages/image_stream-0.0.0-py3.12.egg-info' (and everything under it)
[4.027s] Copying ../../build/image_stream/image_stream.egg-info to /mnt/ros2_ws/install/image_stream/lib/python3.12/site-packages/image_stream-0.0.0-py3.12.egg-info
[4.032s] running install_scripts
[4.353s] Installing read_image script to /mnt/ros2_ws/install/image_stream/lib/image_stream
[4.356s] Installing send_image script to /mnt/ros2_ws/install/image_stream/lib/image_stream
[4.362s] writing list of installed files to '/mnt/ros2_ws/build/image_stream/install.log'
[4.427s] Invoked command in '/mnt/ros2_ws/src/image_stream' returned '0': DEBUGINFOD_URLS=https://debuginfod.ubuntu.com PYTHONPATH=/mnt/ros2_ws/build/image_stream/prefix_override:/usr/lib/python3/dist-packages/colcon_core/task/python/colcon_distutils_commands:/mnt/ros2_ws/install/image_stream/lib/python3.12/site-packages:${PYTHONPATH} /usr/bin/python3 -W ignore:setup.py install is deprecated -W ignore:easy_install command is deprecated setup.py egg_info --egg-base ../../build/image_stream build --build-base /mnt/ros2_ws/build/image_stream/build install --record /mnt/ros2_ws/build/image_stream/install.log --single-version-externally-managed install_data
