[1.892s] Invoking command in '/mnt/ros2_ws/src/esp_miniBot': DEBUGINFOD_URLS=https://debuginfod.ubuntu.com PYTHONPATH=/mnt/ros2_ws/build/esp_miniBot/prefix_override:/usr/lib/python3/dist-packages/colcon_core/task/python/colcon_distutils_commands:/mnt/ros2_ws/install/esp_miniBot/lib/python3.12/site-packages:${PYTHONPATH} /usr/bin/python3 -W ignore:setup.py install is deprecated -W ignore:easy_install command is deprecated setup.py egg_info --egg-base ../../build/esp_miniBot build --build-base /mnt/ros2_ws/build/esp_miniBot/build install --record /mnt/ros2_ws/build/esp_miniBot/install.log --single-version-externally-managed install_data
[2.463s] running egg_info
[2.507s] writing ../../build/esp_miniBot/esp_miniBot.egg-info/PKG-INFO
[2.514s] writing dependency_links to ../../build/esp_miniBot/esp_miniBot.egg-info/dependency_links.txt
[2.515s] writing entry points to ../../build/esp_miniBot/esp_miniBot.egg-info/entry_points.txt
[2.519s] writing requirements to ../../build/esp_miniBot/esp_miniBot.egg-info/requires.txt
[2.522s] writing top-level names to ../../build/esp_miniBot/esp_miniBot.egg-info/top_level.txt
[2.617s] reading manifest file '../../build/esp_miniBot/esp_miniBot.egg-info/SOURCES.txt'
[2.621s] writing manifest file '../../build/esp_miniBot/esp_miniBot.egg-info/SOURCES.txt'
[2.622s] running build
[2.622s] running build_py
[2.628s] copying esp_miniBot/virtual_speaker.py -> /mnt/ros2_ws/build/esp_miniBot/build/lib/esp_miniBot
[2.628s] running install
[2.645s] running install_lib
[2.692s] copying /mnt/ros2_ws/build/esp_miniBot/build/lib/esp_miniBot/virtual_speaker.py -> /mnt/ros2_ws/install/esp_miniBot/lib/python3.12/site-packages/esp_miniBot
[2.701s] byte-compiling /mnt/ros2_ws/install/esp_miniBot/lib/python3.12/site-packages/esp_miniBot/virtual_speaker.py to virtual_speaker.cpython-312.pyc
[2.707s] running install_data
[2.707s] running install_egg_info
[2.753s] removing '/mnt/ros2_ws/install/esp_miniBot/lib/python3.12/site-packages/esp_miniBot-0.0.0-py3.12.egg-info' (and everything under it)
[2.754s] Copying ../../build/esp_miniBot/esp_miniBot.egg-info to /mnt/ros2_ws/install/esp_miniBot/lib/python3.12/site-packages/esp_miniBot-0.0.0-py3.12.egg-info
[2.759s] running install_scripts
[3.032s] Installing read_mp3 script to /mnt/ros2_ws/install/esp_miniBot/lib/esp_miniBot
[3.032s] Installing send_music script to /mnt/ros2_ws/install/esp_miniBot/lib/esp_miniBot
[3.032s] Installing send_speed script to /mnt/ros2_ws/install/esp_miniBot/lib/esp_miniBot
[3.032s] Installing speaker script to /mnt/ros2_ws/install/esp_miniBot/lib/esp_miniBot
[3.033s] writing list of installed files to '/mnt/ros2_ws/build/esp_miniBot/install.log'
[3.081s] Invoked command in '/mnt/ros2_ws/src/esp_miniBot' returned '0': DEBUGINFOD_URLS=https://debuginfod.ubuntu.com PYTHONPATH=/mnt/ros2_ws/build/esp_miniBot/prefix_override:/usr/lib/python3/dist-packages/colcon_core/task/python/colcon_distutils_commands:/mnt/ros2_ws/install/esp_miniBot/lib/python3.12/site-packages:${PYTHONPATH} /usr/bin/python3 -W ignore:setup.py install is deprecated -W ignore:easy_install command is deprecated setup.py egg_info --egg-base ../../build/esp_miniBot build --build-base /mnt/ros2_ws/build/esp_miniBot/build install --record /mnt/ros2_ws/build/esp_miniBot/install.log --single-version-externally-managed install_data
