[1.661s] Invoking command in '/mnt/ros2_ws/src/image_stream': DEBUGINFOD_URLS=https://debuginfod.ubuntu.com PYTHONPATH=/mnt/ros2_ws/build/image_stream/prefix_override:/usr/lib/python3/dist-packages/colcon_core/task/python/colcon_distutils_commands:/mnt/ros2_ws/install/image_stream/lib/python3.12/site-packages:${PYTHONPATH} /usr/bin/python3 -W ignore:setup.py install is deprecated -W ignore:easy_install command is deprecated setup.py egg_info --egg-base ../../build/image_stream build --build-base /mnt/ros2_ws/build/image_stream/build install --record /mnt/ros2_ws/build/image_stream/install.log --single-version-externally-managed install_data
[2.131s] running egg_info
[2.166s] writing ../../build/image_stream/image_stream.egg-info/PKG-INFO
[2.166s] writing dependency_links to ../../build/image_stream/image_stream.egg-info/dependency_links.txt
[2.167s] writing entry points to ../../build/image_stream/image_stream.egg-info/entry_points.txt
[2.167s] writing requirements to ../../build/image_stream/image_stream.egg-info/requires.txt
[2.168s] writing top-level names to ../../build/image_stream/image_stream.egg-info/top_level.txt
[2.239s] reading manifest file '../../build/image_stream/image_stream.egg-info/SOURCES.txt'
[2.241s] writing manifest file '../../build/image_stream/image_stream.egg-info/SOURCES.txt'
[2.241s] running build
[2.242s] running build_py
[2.242s] copying image_stream/image_to_socket_node.py -> /mnt/ros2_ws/build/image_stream/build/lib/image_stream
[2.243s] running install
[2.262s] running install_lib
[2.298s] copying /mnt/ros2_ws/build/image_stream/build/lib/image_stream/image_to_socket_node.py -> /mnt/ros2_ws/install/image_stream/lib/python3.12/site-packages/image_stream
[2.298s] byte-compiling /mnt/ros2_ws/install/image_stream/lib/python3.12/site-packages/image_stream/image_to_socket_node.py to image_to_socket_node.cpython-312.pyc
[2.300s] running install_data
[2.300s] running install_egg_info
[2.369s] removing '/mnt/ros2_ws/install/image_stream/lib/python3.12/site-packages/image_stream-0.0.0-py3.12.egg-info' (and everything under it)
[2.370s] Copying ../../build/image_stream/image_stream.egg-info to /mnt/ros2_ws/install/image_stream/lib/python3.12/site-packages/image_stream-0.0.0-py3.12.egg-info
[2.371s] running install_scripts
[2.588s] Installing read_image script to /mnt/ros2_ws/install/image_stream/lib/image_stream
[2.589s] Installing send_image script to /mnt/ros2_ws/install/image_stream/lib/image_stream
[2.589s] writing list of installed files to '/mnt/ros2_ws/build/image_stream/install.log'
[2.628s] Invoked command in '/mnt/ros2_ws/src/image_stream' returned '0': DEBUGINFOD_URLS=https://debuginfod.ubuntu.com PYTHONPATH=/mnt/ros2_ws/build/image_stream/prefix_override:/usr/lib/python3/dist-packages/colcon_core/task/python/colcon_distutils_commands:/mnt/ros2_ws/install/image_stream/lib/python3.12/site-packages:${PYTHONPATH} /usr/bin/python3 -W ignore:setup.py install is deprecated -W ignore:easy_install command is deprecated setup.py egg_info --egg-base ../../build/image_stream build --build-base /mnt/ros2_ws/build/image_stream/build install --record /mnt/ros2_ws/build/image_stream/install.log --single-version-externally-managed install_data
