[5.757s] Invoking command in '/mnt/ros2_ws/src/web_joystick': DEBUGINFOD_URLS=https://debuginfod.archlinux.org PYTHONPATH=/mnt/ros2_ws/build/web_joystick/prefix_override:/home/petr/.local/lib/python3.11/site-packages/colcon_core/task/python/colcon_distutils_commands:/mnt/ros2_ws/install/web_joystick/lib/python3.11/site-packages:${PYTHONPATH} _=/usr/bin/env /usr/bin/python -W ignore:setup.py install is deprecated -W ignore:easy_install command is deprecated setup.py egg_info --egg-base ../../build/web_joystick build --build-base /mnt/ros2_ws/build/web_joystick/build install --record /mnt/ros2_ws/build/web_joystick/install.log --single-version-externally-managed install_data
[6.867s] running egg_info
[6.868s] writing ../../build/web_joystick/web_joystick.egg-info/PKG-INFO
[6.868s] writing dependency_links to ../../build/web_joystick/web_joystick.egg-info/dependency_links.txt
[6.868s] writing entry points to ../../build/web_joystick/web_joystick.egg-info/entry_points.txt
[6.868s] writing requirements to ../../build/web_joystick/web_joystick.egg-info/requires.txt
[6.868s] writing top-level names to ../../build/web_joystick/web_joystick.egg-info/top_level.txt
[6.871s] reading manifest file '../../build/web_joystick/web_joystick.egg-info/SOURCES.txt'
[6.872s] writing manifest file '../../build/web_joystick/web_joystick.egg-info/SOURCES.txt'
[6.873s] running build
[6.873s] running build_py
[6.873s] running install
[6.874s] running install_lib
[6.880s] running install_data
[6.880s] running install_egg_info
[6.890s] removing '/mnt/ros2_ws/install/web_joystick/lib/python3.11/site-packages/web_joystick-0.0.0-py3.11.egg-info' (and everything under it)
[6.890s] Copying ../../build/web_joystick/web_joystick.egg-info to /mnt/ros2_ws/install/web_joystick/lib/python3.11/site-packages/web_joystick-0.0.0-py3.11.egg-info
[6.892s] running install_scripts
[6.982s] Installing web script to /mnt/ros2_ws/install/web_joystick/lib/web_joystick
[6.982s] writing list of installed files to '/mnt/ros2_ws/build/web_joystick/install.log'
[7.057s] Invoked command in '/mnt/ros2_ws/src/web_joystick' returned '0': DEBUGINFOD_URLS=https://debuginfod.archlinux.org PYTHONPATH=/mnt/ros2_ws/build/web_joystick/prefix_override:/home/petr/.local/lib/python3.11/site-packages/colcon_core/task/python/colcon_distutils_commands:/mnt/ros2_ws/install/web_joystick/lib/python3.11/site-packages:${PYTHONPATH} _=/usr/bin/env /usr/bin/python -W ignore:setup.py install is deprecated -W ignore:easy_install command is deprecated setup.py egg_info --egg-base ../../build/web_joystick build --build-base /mnt/ros2_ws/build/web_joystick/build install --record /mnt/ros2_ws/build/web_joystick/install.log --single-version-externally-managed install_data
