[3.157s] Invoking command in '/mnt/ros2_ws/src/image_stream': DEBUGINFOD_URLS=https://debuginfod.ubuntu.com PYTHONPATH=/mnt/ros2_ws/build/image_stream/prefix_override:/usr/lib/python3/dist-packages/colcon_core/task/python/colcon_distutils_commands:/mnt/ros2_ws/install/image_stream/lib/python3.12/site-packages:${PYTHONPATH} /usr/bin/python3 -W ignore:setup.py install is deprecated -W ignore:easy_install command is deprecated setup.py egg_info --egg-base ../../build/image_stream build --build-base /mnt/ros2_ws/build/image_stream/build install --record /mnt/ros2_ws/build/image_stream/install.log --single-version-externally-managed install_data
[3.691s] running egg_info
[3.734s] writing ../../build/image_stream/image_stream.egg-info/PKG-INFO
[3.908s] writing dependency_links to ../../build/image_stream/image_stream.egg-info/dependency_links.txt
[3.909s] writing entry points to ../../build/image_stream/image_stream.egg-info/entry_points.txt
[3.926s] writing requirements to ../../build/image_stream/image_stream.egg-info/requires.txt
[3.941s] writing top-level names to ../../build/image_stream/image_stream.egg-info/top_level.txt
[4.092s] reading manifest file '../../build/image_stream/image_stream.egg-info/SOURCES.txt'
[4.095s] writing manifest file '../../build/image_stream/image_stream.egg-info/SOURCES.txt'
[4.095s] running build
[4.095s] running build_py
[4.103s] running install
[4.116s] running install_lib
[4.166s] copying /mnt/ros2_ws/build/image_stream/build/lib/image_stream/image_to_socket_node.py -> /mnt/ros2_ws/install/image_stream/lib/python3.12/site-packages/image_stream
[4.169s] byte-compiling /mnt/ros2_ws/install/image_stream/lib/python3.12/site-packages/image_stream/image_to_socket_node.py to image_to_socket_node.cpython-312.pyc
[4.171s] running install_data
[4.171s] running install_egg_info
[4.227s] removing '/mnt/ros2_ws/install/image_stream/lib/python3.12/site-packages/image_stream-0.0.0-py3.12.egg-info' (and everything under it)
[4.228s] Copying ../../build/image_stream/image_stream.egg-info to /mnt/ros2_ws/install/image_stream/lib/python3.12/site-packages/image_stream-0.0.0-py3.12.egg-info
[4.231s] running install_scripts
[4.555s] Installing read_image script to /mnt/ros2_ws/install/image_stream/lib/image_stream
[4.909s] Installing send_image script to /mnt/ros2_ws/install/image_stream/lib/image_stream
[4.929s] writing list of installed files to '/mnt/ros2_ws/build/image_stream/install.log'
[5.048s] Invoked command in '/mnt/ros2_ws/src/image_stream' returned '0': DEBUGINFOD_URLS=https://debuginfod.ubuntu.com PYTHONPATH=/mnt/ros2_ws/build/image_stream/prefix_override:/usr/lib/python3/dist-packages/colcon_core/task/python/colcon_distutils_commands:/mnt/ros2_ws/install/image_stream/lib/python3.12/site-packages:${PYTHONPATH} /usr/bin/python3 -W ignore:setup.py install is deprecated -W ignore:easy_install command is deprecated setup.py egg_info --egg-base ../../build/image_stream build --build-base /mnt/ros2_ws/build/image_stream/build install --record /mnt/ros2_ws/build/image_stream/install.log --single-version-externally-managed install_data
