[0.408s] DEBUG:colcon:Command line arguments: ['/usr/bin/colcon', 'build']
[0.409s] DEBUG:colcon:Parsed command line arguments: Namespace(log_base=None, log_level=None, verb_name='build', build_base='build', install_base='install', merge_install=False, symlink_install=False, test_result_base=None, continue_on_error=False, executor='parallel', parallel_workers=6, event_handlers=None, ignore_user_meta=False, metas=['./colcon.meta'], base_paths=['.'], packages_ignore=None, packages_ignore_regex=None, paths=None, packages_up_to=None, packages_up_to_regex=None, packages_above=None, packages_above_and_dependencies=None, packages_above_depth=None, packages_select_by_dep=None, packages_skip_by_dep=None, packages_skip_up_to=None, packages_select_build_failed=False, packages_skip_build_finished=False, packages_select_test_failures=False, packages_skip_test_passed=False, packages_select=None, packages_skip=None, packages_select_regex=None, packages_skip_regex=None, packages_start=None, packages_end=None, allow_overriding=[], cmake_args=None, cmake_target=None, cmake_target_skip_unavailable=False, cmake_clean_cache=False, cmake_clean_first=False, cmake_force_configure=False, ament_cmake_args=None, catkin_cmake_args=None, catkin_skip_building_tests=False, mixin_files=None, mixin=None, verb_parser=<colcon_mixin.mixin.mixin_argument.MixinArgumentDecorator object at 0x766458845dc0>, verb_extension=<colcon_core.verb.build.BuildVerb object at 0x7664589c5a00>, main=<bound method BuildVerb.main of <colcon_core.verb.build.BuildVerb object at 0x7664589c5a00>>, mixin_verb=('build',))
[0.507s] Level 1:colcon.colcon_core.package_discovery:discover_packages(colcon_meta) check parameters
[0.507s] Level 1:colcon.colcon_core.package_discovery:discover_packages(recursive) check parameters
[0.507s] Level 1:colcon.colcon_core.package_discovery:discover_packages(ignore) check parameters
[0.507s] Level 1:colcon.colcon_core.package_discovery:discover_packages(path) check parameters
[0.507s] Level 1:colcon.colcon_core.package_discovery:discover_packages(colcon_meta) discover
[0.507s] Level 1:colcon.colcon_core.package_discovery:discover_packages(recursive) discover
[0.507s] INFO:colcon.colcon_core.package_discovery:Crawling recursively for packages in '/mnt/ros2_ws'
[0.507s] Level 1:colcon.colcon_core.package_identification:_identify(.) by extensions ['ignore', 'ignore_ament_install']
[0.507s] Level 1:colcon.colcon_core.package_identification:_identify(.) by extension 'ignore'
[0.508s] Level 1:colcon.colcon_core.package_identification:_identify(.) by extension 'ignore_ament_install'
[0.508s] Level 1:colcon.colcon_core.package_identification:_identify(.) by extensions ['colcon_pkg']
[0.508s] Level 1:colcon.colcon_core.package_identification:_identify(.) by extension 'colcon_pkg'
[0.508s] Level 1:colcon.colcon_core.package_identification:_identify(.) by extensions ['colcon_meta']
[0.508s] Level 1:colcon.colcon_core.package_identification:_identify(.) by extension 'colcon_meta'
[0.508s] Level 1:colcon.colcon_core.package_identification:_identify(.) by extensions ['ros']
[0.508s] Level 1:colcon.colcon_core.package_identification:_identify(.) by extension 'ros'
[0.558s] Level 1:colcon.colcon_core.package_identification:_identify(.) by extensions ['cmake', 'python']
[0.558s] Level 1:colcon.colcon_core.package_identification:_identify(.) by extension 'cmake'
[0.559s] Level 1:colcon.colcon_core.package_identification:_identify(.) by extension 'python'
[0.559s] Level 1:colcon.colcon_core.package_identification:_identify(.) by extensions ['python_setup_py']
[0.559s] Level 1:colcon.colcon_core.package_identification:_identify(.) by extension 'python_setup_py'
[0.559s] Level 1:colcon.colcon_core.package_identification:_identify(build) by extensions ['ignore', 'ignore_ament_install']
[0.559s] Level 1:colcon.colcon_core.package_identification:_identify(build) by extension 'ignore'
[0.559s] Level 1:colcon.colcon_core.package_identification:_identify(build) ignored
[0.559s] Level 1:colcon.colcon_core.package_identification:_identify(install) by extensions ['ignore', 'ignore_ament_install']
[0.559s] Level 1:colcon.colcon_core.package_identification:_identify(install) by extension 'ignore'
[0.559s] Level 1:colcon.colcon_core.package_identification:_identify(install) ignored
[0.560s] Level 1:colcon.colcon_core.package_identification:_identify(log) by extensions ['ignore', 'ignore_ament_install']
[0.560s] Level 1:colcon.colcon_core.package_identification:_identify(log) by extension 'ignore'
[0.560s] Level 1:colcon.colcon_core.package_identification:_identify(log) ignored
[0.561s] Level 1:colcon.colcon_core.package_identification:_identify(src) by extensions ['ignore', 'ignore_ament_install']
[0.561s] Level 1:colcon.colcon_core.package_identification:_identify(src) by extension 'ignore'
[0.561s] Level 1:colcon.colcon_core.package_identification:_identify(src) by extension 'ignore_ament_install'
[0.561s] Level 1:colcon.colcon_core.package_identification:_identify(src) by extensions ['colcon_pkg']
[0.561s] Level 1:colcon.colcon_core.package_identification:_identify(src) by extension 'colcon_pkg'
[0.561s] Level 1:colcon.colcon_core.package_identification:_identify(src) by extensions ['colcon_meta']
[0.562s] Level 1:colcon.colcon_core.package_identification:_identify(src) by extension 'colcon_meta'
[0.562s] Level 1:colcon.colcon_core.package_identification:_identify(src) by extensions ['ros']
[0.562s] Level 1:colcon.colcon_core.package_identification:_identify(src) by extension 'ros'
[0.562s] Level 1:colcon.colcon_core.package_identification:_identify(src) by extensions ['cmake', 'python']
[0.562s] Level 1:colcon.colcon_core.package_identification:_identify(src) by extension 'cmake'
[0.562s] Level 1:colcon.colcon_core.package_identification:_identify(src) by extension 'python'
[0.562s] Level 1:colcon.colcon_core.package_identification:_identify(src) by extensions ['python_setup_py']
[0.562s] Level 1:colcon.colcon_core.package_identification:_identify(src) by extension 'python_setup_py'
[0.570s] Level 1:colcon.colcon_core.package_identification:_identify(src/build) by extensions ['ignore', 'ignore_ament_install']
[0.570s] Level 1:colcon.colcon_core.package_identification:_identify(src/build) by extension 'ignore'
[0.570s] Level 1:colcon.colcon_core.package_identification:_identify(src/build) ignored
[0.572s] Level 1:colcon.colcon_core.package_identification:_identify(src/esp32_bridge) by extensions ['ignore', 'ignore_ament_install']
[0.572s] Level 1:colcon.colcon_core.package_identification:_identify(src/esp32_bridge) by extension 'ignore'
[0.572s] Level 1:colcon.colcon_core.package_identification:_identify(src/esp32_bridge) by extension 'ignore_ament_install'
[0.572s] Level 1:colcon.colcon_core.package_identification:_identify(src/esp32_bridge) by extensions ['colcon_pkg']
[0.572s] Level 1:colcon.colcon_core.package_identification:_identify(src/esp32_bridge) by extension 'colcon_pkg'
[0.572s] Level 1:colcon.colcon_core.package_identification:_identify(src/esp32_bridge) by extensions ['colcon_meta']
[0.572s] Level 1:colcon.colcon_core.package_identification:_identify(src/esp32_bridge) by extension 'colcon_meta'
[0.572s] Level 1:colcon.colcon_core.package_identification:_identify(src/esp32_bridge) by extensions ['ros']
[0.573s] Level 1:colcon.colcon_core.package_identification:_identify(src/esp32_bridge) by extension 'ros'
[0.578s] DEBUG:colcon.colcon_core.package_identification:Package 'src/esp32_bridge' with type 'ros.ament_python' and name 'esp32_bridge'
[0.579s] Level 1:colcon.colcon_core.package_identification:_identify(src/esp_miniBot) by extensions ['ignore', 'ignore_ament_install']
[0.579s] Level 1:colcon.colcon_core.package_identification:_identify(src/esp_miniBot) by extension 'ignore'
[0.579s] Level 1:colcon.colcon_core.package_identification:_identify(src/esp_miniBot) by extension 'ignore_ament_install'
[0.579s] Level 1:colcon.colcon_core.package_identification:_identify(src/esp_miniBot) by extensions ['colcon_pkg']
[0.580s] Level 1:colcon.colcon_core.package_identification:_identify(src/esp_miniBot) by extension 'colcon_pkg'
[0.580s] Level 1:colcon.colcon_core.package_identification:_identify(src/esp_miniBot) by extensions ['colcon_meta']
[0.580s] Level 1:colcon.colcon_core.package_identification:_identify(src/esp_miniBot) by extension 'colcon_meta'
[0.580s] Level 1:colcon.colcon_core.package_identification:_identify(src/esp_miniBot) by extensions ['ros']
[0.580s] Level 1:colcon.colcon_core.package_identification:_identify(src/esp_miniBot) by extension 'ros'
[0.582s] DEBUG:colcon.colcon_core.package_identification:Package 'src/esp_miniBot' with type 'ros.ament_python' and name 'esp_miniBot'
[0.583s] Level 1:colcon.colcon_core.package_identification:_identify(src/image_stream) by extensions ['ignore', 'ignore_ament_install']
[0.583s] Level 1:colcon.colcon_core.package_identification:_identify(src/image_stream) by extension 'ignore'
[0.584s] Level 1:colcon.colcon_core.package_identification:_identify(src/image_stream) by extension 'ignore_ament_install'
[0.584s] Level 1:colcon.colcon_core.package_identification:_identify(src/image_stream) by extensions ['colcon_pkg']
[0.584s] Level 1:colcon.colcon_core.package_identification:_identify(src/image_stream) by extension 'colcon_pkg'
[0.584s] Level 1:colcon.colcon_core.package_identification:_identify(src/image_stream) by extensions ['colcon_meta']
[0.584s] Level 1:colcon.colcon_core.package_identification:_identify(src/image_stream) by extension 'colcon_meta'
[0.584s] Level 1:colcon.colcon_core.package_identification:_identify(src/image_stream) by extensions ['ros']
[0.584s] Level 1:colcon.colcon_core.package_identification:_identify(src/image_stream) by extension 'ros'
[0.586s] DEBUG:colcon.colcon_core.package_identification:Package 'src/image_stream' with type 'ros.ament_python' and name 'image_stream'
[0.587s] Level 1:colcon.colcon_core.package_identification:_identify(src/install) by extensions ['ignore', 'ignore_ament_install']
[0.587s] Level 1:colcon.colcon_core.package_identification:_identify(src/install) by extension 'ignore'
[0.587s] Level 1:colcon.colcon_core.package_identification:_identify(src/install) ignored
[0.589s] Level 1:colcon.colcon_core.package_identification:_identify(src/log) by extensions ['ignore', 'ignore_ament_install']
[0.589s] Level 1:colcon.colcon_core.package_identification:_identify(src/log) by extension 'ignore'
[0.589s] Level 1:colcon.colcon_core.package_identification:_identify(src/log) ignored
[0.591s] Level 1:colcon.colcon_core.package_identification:_identify(src/web_joystick) by extensions ['ignore', 'ignore_ament_install']
[0.591s] Level 1:colcon.colcon_core.package_identification:_identify(src/web_joystick) by extension 'ignore'
[0.591s] Level 1:colcon.colcon_core.package_identification:_identify(src/web_joystick) by extension 'ignore_ament_install'
[0.591s] Level 1:colcon.colcon_core.package_identification:_identify(src/web_joystick) by extensions ['colcon_pkg']
[0.591s] Level 1:colcon.colcon_core.package_identification:_identify(src/web_joystick) by extension 'colcon_pkg'
[0.591s] Level 1:colcon.colcon_core.package_identification:_identify(src/web_joystick) by extensions ['colcon_meta']
[0.591s] Level 1:colcon.colcon_core.package_identification:_identify(src/web_joystick) by extension 'colcon_meta'
[0.591s] Level 1:colcon.colcon_core.package_identification:_identify(src/web_joystick) by extensions ['ros']
[0.591s] Level 1:colcon.colcon_core.package_identification:_identify(src/web_joystick) by extension 'ros'
[0.594s] DEBUG:colcon.colcon_core.package_identification:Package 'src/web_joystick' with type 'ros.ament_python' and name 'web_joystick'
[0.594s] Level 1:colcon.colcon_core.package_discovery:discover_packages(recursive) using defaults
[0.594s] Level 1:colcon.colcon_core.package_discovery:discover_packages(ignore) discover
[0.594s] Level 1:colcon.colcon_core.package_discovery:discover_packages(ignore) using defaults
[0.594s] Level 1:colcon.colcon_core.package_discovery:discover_packages(path) discover
[0.594s] Level 1:colcon.colcon_core.package_discovery:discover_packages(path) using defaults
[0.644s] Level 1:colcon.colcon_core.package_discovery:discover_packages(prefix_path) check parameters
[0.644s] Level 1:colcon.colcon_core.package_discovery:discover_packages(prefix_path) discover
[0.649s] DEBUG:colcon.colcon_installed_package_information.package_discovery:Found 5 installed packages in /mnt/ros2_ws/install
[0.653s] DEBUG:colcon.colcon_installed_package_information.package_discovery:Found 378 installed packages in /opt/ros/jazzy
[0.655s] Level 1:colcon.colcon_core.package_discovery:discover_packages(prefix_path) using defaults
[0.768s] Level 5:colcon.colcon_core.verb:set package 'esp32_bridge' build argument 'cmake_args' from command line to 'None'
[0.768s] Level 5:colcon.colcon_core.verb:set package 'esp32_bridge' build argument 'cmake_target' from command line to 'None'
[0.768s] Level 5:colcon.colcon_core.verb:set package 'esp32_bridge' build argument 'cmake_target_skip_unavailable' from command line to 'False'
[0.768s] Level 5:colcon.colcon_core.verb:set package 'esp32_bridge' build argument 'cmake_clean_cache' from command line to 'False'
[0.768s] Level 5:colcon.colcon_core.verb:set package 'esp32_bridge' build argument 'cmake_clean_first' from command line to 'False'
[0.768s] Level 5:colcon.colcon_core.verb:set package 'esp32_bridge' build argument 'cmake_force_configure' from command line to 'False'
[0.768s] Level 5:colcon.colcon_core.verb:set package 'esp32_bridge' build argument 'ament_cmake_args' from command line to 'None'
[0.768s] Level 5:colcon.colcon_core.verb:set package 'esp32_bridge' build argument 'catkin_cmake_args' from command line to 'None'
[0.768s] Level 5:colcon.colcon_core.verb:set package 'esp32_bridge' build argument 'catkin_skip_building_tests' from command line to 'False'
[0.768s] DEBUG:colcon.colcon_core.verb:Building package 'esp32_bridge' with the following arguments: {'ament_cmake_args': None, 'build_base': '/mnt/ros2_ws/build/esp32_bridge', 'catkin_cmake_args': None, 'catkin_skip_building_tests': False, 'cmake_args': None, 'cmake_clean_cache': False, 'cmake_clean_first': False, 'cmake_force_configure': False, 'cmake_target': None, 'cmake_target_skip_unavailable': False, 'install_base': '/mnt/ros2_ws/install/esp32_bridge', 'merge_install': False, 'path': '/mnt/ros2_ws/src/esp32_bridge', 'symlink_install': False, 'test_result_base': None}
[0.769s] Level 5:colcon.colcon_core.verb:set package 'esp_miniBot' build argument 'cmake_args' from command line to 'None'
[0.769s] Level 5:colcon.colcon_core.verb:set package 'esp_miniBot' build argument 'cmake_target' from command line to 'None'
[0.769s] Level 5:colcon.colcon_core.verb:set package 'esp_miniBot' build argument 'cmake_target_skip_unavailable' from command line to 'False'
[0.769s] Level 5:colcon.colcon_core.verb:set package 'esp_miniBot' build argument 'cmake_clean_cache' from command line to 'False'
[0.769s] Level 5:colcon.colcon_core.verb:set package 'esp_miniBot' build argument 'cmake_clean_first' from command line to 'False'
[0.769s] Level 5:colcon.colcon_core.verb:set package 'esp_miniBot' build argument 'cmake_force_configure' from command line to 'False'
[0.769s] Level 5:colcon.colcon_core.verb:set package 'esp_miniBot' build argument 'ament_cmake_args' from command line to 'None'
[0.769s] Level 5:colcon.colcon_core.verb:set package 'esp_miniBot' build argument 'catkin_cmake_args' from command line to 'None'
[0.769s] Level 5:colcon.colcon_core.verb:set package 'esp_miniBot' build argument 'catkin_skip_building_tests' from command line to 'False'
[0.769s] DEBUG:colcon.colcon_core.verb:Building package 'esp_miniBot' with the following arguments: {'ament_cmake_args': None, 'build_base': '/mnt/ros2_ws/build/esp_miniBot', 'catkin_cmake_args': None, 'catkin_skip_building_tests': False, 'cmake_args': None, 'cmake_clean_cache': False, 'cmake_clean_first': False, 'cmake_force_configure': False, 'cmake_target': None, 'cmake_target_skip_unavailable': False, 'install_base': '/mnt/ros2_ws/install/esp_miniBot', 'merge_install': False, 'path': '/mnt/ros2_ws/src/esp_miniBot', 'symlink_install': False, 'test_result_base': None}
[0.769s] Level 5:colcon.colcon_core.verb:set package 'image_stream' build argument 'cmake_args' from command line to 'None'
[0.769s] Level 5:colcon.colcon_core.verb:set package 'image_stream' build argument 'cmake_target' from command line to 'None'
[0.770s] Level 5:colcon.colcon_core.verb:set package 'image_stream' build argument 'cmake_target_skip_unavailable' from command line to 'False'
[0.770s] Level 5:colcon.colcon_core.verb:set package 'image_stream' build argument 'cmake_clean_cache' from command line to 'False'
[0.770s] Level 5:colcon.colcon_core.verb:set package 'image_stream' build argument 'cmake_clean_first' from command line to 'False'
[0.770s] Level 5:colcon.colcon_core.verb:set package 'image_stream' build argument 'cmake_force_configure' from command line to 'False'
[0.770s] Level 5:colcon.colcon_core.verb:set package 'image_stream' build argument 'ament_cmake_args' from command line to 'None'
[0.770s] Level 5:colcon.colcon_core.verb:set package 'image_stream' build argument 'catkin_cmake_args' from command line to 'None'
[0.770s] Level 5:colcon.colcon_core.verb:set package 'image_stream' build argument 'catkin_skip_building_tests' from command line to 'False'
[0.770s] DEBUG:colcon.colcon_core.verb:Building package 'image_stream' with the following arguments: {'ament_cmake_args': None, 'build_base': '/mnt/ros2_ws/build/image_stream', 'catkin_cmake_args': None, 'catkin_skip_building_tests': False, 'cmake_args': None, 'cmake_clean_cache': False, 'cmake_clean_first': False, 'cmake_force_configure': False, 'cmake_target': None, 'cmake_target_skip_unavailable': False, 'install_base': '/mnt/ros2_ws/install/image_stream', 'merge_install': False, 'path': '/mnt/ros2_ws/src/image_stream', 'symlink_install': False, 'test_result_base': None}
[0.770s] Level 5:colcon.colcon_core.verb:set package 'web_joystick' build argument 'cmake_args' from command line to 'None'
[0.770s] Level 5:colcon.colcon_core.verb:set package 'web_joystick' build argument 'cmake_target' from command line to 'None'
[0.770s] Level 5:colcon.colcon_core.verb:set package 'web_joystick' build argument 'cmake_target_skip_unavailable' from command line to 'False'
[0.770s] Level 5:colcon.colcon_core.verb:set package 'web_joystick' build argument 'cmake_clean_cache' from command line to 'False'
[0.770s] Level 5:colcon.colcon_core.verb:set package 'web_joystick' build argument 'cmake_clean_first' from command line to 'False'
[0.770s] Level 5:colcon.colcon_core.verb:set package 'web_joystick' build argument 'cmake_force_configure' from command line to 'False'
[0.770s] Level 5:colcon.colcon_core.verb:set package 'web_joystick' build argument 'ament_cmake_args' from command line to 'None'
[0.771s] Level 5:colcon.colcon_core.verb:set package 'web_joystick' build argument 'catkin_cmake_args' from command line to 'None'
[0.771s] Level 5:colcon.colcon_core.verb:set package 'web_joystick' build argument 'catkin_skip_building_tests' from command line to 'False'
[0.771s] DEBUG:colcon.colcon_core.verb:Building package 'web_joystick' with the following arguments: {'ament_cmake_args': None, 'build_base': '/mnt/ros2_ws/build/web_joystick', 'catkin_cmake_args': None, 'catkin_skip_building_tests': False, 'cmake_args': None, 'cmake_clean_cache': False, 'cmake_clean_first': False, 'cmake_force_configure': False, 'cmake_target': None, 'cmake_target_skip_unavailable': False, 'install_base': '/mnt/ros2_ws/install/web_joystick', 'merge_install': False, 'path': '/mnt/ros2_ws/src/web_joystick', 'symlink_install': False, 'test_result_base': None}
[0.771s] INFO:colcon.colcon_core.executor:Executing jobs using 'parallel' executor
[0.772s] DEBUG:colcon.colcon_parallel_executor.executor.parallel:run_until_complete
[0.772s] INFO:colcon.colcon_ros.task.ament_python.build:Building ROS package in '/mnt/ros2_ws/src/esp32_bridge' with build type 'ament_python'
[0.772s] Level 1:colcon.colcon_core.shell:create_environment_hook('esp32_bridge', 'ament_prefix_path')
[0.779s] INFO:colcon.colcon_core.plugin_system:Skipping extension 'colcon_core.shell.bat': Not used on non-Windows systems
[0.779s] INFO:colcon.colcon_core.shell:Creating environment hook '/mnt/ros2_ws/install/esp32_bridge/share/esp32_bridge/hook/ament_prefix_path.ps1'
[0.780s] INFO:colcon.colcon_core.shell:Creating environment descriptor '/mnt/ros2_ws/install/esp32_bridge/share/esp32_bridge/hook/ament_prefix_path.dsv'
[0.783s] INFO:colcon.colcon_core.shell:Creating environment hook '/mnt/ros2_ws/install/esp32_bridge/share/esp32_bridge/hook/ament_prefix_path.sh'
[0.786s] INFO:colcon.colcon_core.shell:Skip shell extension 'powershell' for command environment: Not usable outside of PowerShell
[0.786s] DEBUG:colcon.colcon_core.shell:Skip shell extension 'dsv' for command environment
[0.795s] INFO:colcon.colcon_ros.task.ament_python.build:Building ROS package in '/mnt/ros2_ws/src/esp_miniBot' with build type 'ament_python'
[0.795s] Level 1:colcon.colcon_core.shell:create_environment_hook('esp_miniBot', 'ament_prefix_path')
[0.795s] INFO:colcon.colcon_core.shell:Creating environment hook '/mnt/ros2_ws/install/esp_miniBot/share/esp_miniBot/hook/ament_prefix_path.ps1'
[0.797s] INFO:colcon.colcon_core.shell:Creating environment descriptor '/mnt/ros2_ws/install/esp_miniBot/share/esp_miniBot/hook/ament_prefix_path.dsv'
[0.801s] INFO:colcon.colcon_core.shell:Creating environment hook '/mnt/ros2_ws/install/esp_miniBot/share/esp_miniBot/hook/ament_prefix_path.sh'
[0.803s] INFO:colcon.colcon_core.shell:Skip shell extension 'powershell' for command environment: Not usable outside of PowerShell
[0.804s] DEBUG:colcon.colcon_core.shell:Skip shell extension 'dsv' for command environment
[0.813s] INFO:colcon.colcon_ros.task.ament_python.build:Building ROS package in '/mnt/ros2_ws/src/image_stream' with build type 'ament_python'
[0.813s] Level 1:colcon.colcon_core.shell:create_environment_hook('image_stream', 'ament_prefix_path')
[0.813s] INFO:colcon.colcon_core.shell:Creating environment hook '/mnt/ros2_ws/install/image_stream/share/image_stream/hook/ament_prefix_path.ps1'
[0.815s] INFO:colcon.colcon_core.shell:Creating environment descriptor '/mnt/ros2_ws/install/image_stream/share/image_stream/hook/ament_prefix_path.dsv'
[0.819s] INFO:colcon.colcon_core.shell:Creating environment hook '/mnt/ros2_ws/install/image_stream/share/image_stream/hook/ament_prefix_path.sh'
[0.821s] INFO:colcon.colcon_core.shell:Skip shell extension 'powershell' for command environment: Not usable outside of PowerShell
[0.821s] DEBUG:colcon.colcon_core.shell:Skip shell extension 'dsv' for command environment
[0.832s] INFO:colcon.colcon_ros.task.ament_python.build:Building ROS package in '/mnt/ros2_ws/src/web_joystick' with build type 'ament_python'
[0.832s] Level 1:colcon.colcon_core.shell:create_environment_hook('web_joystick', 'ament_prefix_path')
[0.832s] INFO:colcon.colcon_core.shell:Creating environment hook '/mnt/ros2_ws/install/web_joystick/share/web_joystick/hook/ament_prefix_path.ps1'
[0.834s] INFO:colcon.colcon_core.shell:Creating environment descriptor '/mnt/ros2_ws/install/web_joystick/share/web_joystick/hook/ament_prefix_path.dsv'
[0.838s] INFO:colcon.colcon_core.shell:Creating environment hook '/mnt/ros2_ws/install/web_joystick/share/web_joystick/hook/ament_prefix_path.sh'
[0.845s] INFO:colcon.colcon_core.shell:Skip shell extension 'powershell' for command environment: Not usable outside of PowerShell
[0.845s] DEBUG:colcon.colcon_core.shell:Skip shell extension 'dsv' for command environment
[1.225s] INFO:colcon.colcon_core.task.python.build:Building Python package in '/mnt/ros2_ws/src/esp32_bridge'
[1.225s] INFO:colcon.colcon_core.shell:Skip shell extension 'powershell' for command environment: Not usable outside of PowerShell
[1.225s] DEBUG:colcon.colcon_core.shell:Skip shell extension 'dsv' for command environment
[1.603s] INFO:colcon.colcon_core.task.python.build:Building Python package in '/mnt/ros2_ws/src/esp_miniBot'
[1.603s] INFO:colcon.colcon_core.shell:Skip shell extension 'powershell' for command environment: Not usable outside of PowerShell
[1.603s] DEBUG:colcon.colcon_core.shell:Skip shell extension 'dsv' for command environment
[1.985s] INFO:colcon.colcon_core.task.python.build:Building Python package in '/mnt/ros2_ws/src/image_stream'
[1.985s] INFO:colcon.colcon_core.shell:Skip shell extension 'powershell' for command environment: Not usable outside of PowerShell
[1.985s] DEBUG:colcon.colcon_core.shell:Skip shell extension 'dsv' for command environment
[2.368s] INFO:colcon.colcon_core.task.python.build:Building Python package in '/mnt/ros2_ws/src/web_joystick'
[2.369s] INFO:colcon.colcon_core.shell:Skip shell extension 'powershell' for command environment: Not usable outside of PowerShell
[2.369s] DEBUG:colcon.colcon_core.shell:Skip shell extension 'dsv' for command environment
[3.777s] DEBUG:colcon.colcon_core.event_handler.log_command:Invoking command in '/mnt/ros2_ws/src/image_stream': DEBUGINFOD_URLS=https://debuginfod.ubuntu.com PYTHONPATH=/mnt/ros2_ws/build/image_stream/prefix_override:/usr/lib/python3/dist-packages/colcon_core/task/python/colcon_distutils_commands:/mnt/ros2_ws/install/image_stream/lib/python3.12/site-packages:${PYTHONPATH} /usr/bin/python3 -W ignore:setup.py install is deprecated -W ignore:easy_install command is deprecated setup.py egg_info --egg-base ../../build/image_stream build --build-base /mnt/ros2_ws/build/image_stream/build install --record /mnt/ros2_ws/build/image_stream/install.log --single-version-externally-managed install_data
[3.783s] DEBUG:colcon.colcon_core.event_handler.log_command:Invoking command in '/mnt/ros2_ws/src/web_joystick': DEBUGINFOD_URLS=https://debuginfod.ubuntu.com PYTHONPATH=/mnt/ros2_ws/build/web_joystick/prefix_override:/usr/lib/python3/dist-packages/colcon_core/task/python/colcon_distutils_commands:/mnt/ros2_ws/install/web_joystick/lib/python3.12/site-packages:${PYTHONPATH} /usr/bin/python3 -W ignore:setup.py install is deprecated -W ignore:easy_install command is deprecated setup.py egg_info --egg-base ../../build/web_joystick build --build-base /mnt/ros2_ws/build/web_joystick/build install --record /mnt/ros2_ws/build/web_joystick/install.log --single-version-externally-managed install_data
[3.864s] DEBUG:colcon.colcon_core.event_handler.log_command:Invoking command in '/mnt/ros2_ws/src/esp32_bridge': DEBUGINFOD_URLS=https://debuginfod.ubuntu.com PYTHONPATH=/mnt/ros2_ws/build/esp32_bridge/prefix_override:/usr/lib/python3/dist-packages/colcon_core/task/python/colcon_distutils_commands:/mnt/ros2_ws/install/esp32_bridge/lib/python3.12/site-packages:${PYTHONPATH} /usr/bin/python3 -W ignore:setup.py install is deprecated -W ignore:easy_install command is deprecated setup.py egg_info --egg-base ../../build/esp32_bridge build --build-base /mnt/ros2_ws/build/esp32_bridge/build install --record /mnt/ros2_ws/build/esp32_bridge/install.log --single-version-externally-managed install_data
[3.868s] DEBUG:colcon.colcon_core.event_handler.log_command:Invoking command in '/mnt/ros2_ws/src/esp_miniBot': DEBUGINFOD_URLS=https://debuginfod.ubuntu.com PYTHONPATH=/mnt/ros2_ws/build/esp_miniBot/prefix_override:/usr/lib/python3/dist-packages/colcon_core/task/python/colcon_distutils_commands:/mnt/ros2_ws/install/esp_miniBot/lib/python3.12/site-packages:${PYTHONPATH} /usr/bin/python3 -W ignore:setup.py install is deprecated -W ignore:easy_install command is deprecated setup.py egg_info --egg-base ../../build/esp_miniBot build --build-base /mnt/ros2_ws/build/esp_miniBot/build install --record /mnt/ros2_ws/build/esp_miniBot/install.log --single-version-externally-managed install_data
[5.302s] DEBUG:colcon.colcon_core.event_handler.log_command:Invoked command in '/mnt/ros2_ws/src/image_stream' returned '0': DEBUGINFOD_URLS=https://debuginfod.ubuntu.com PYTHONPATH=/mnt/ros2_ws/build/image_stream/prefix_override:/usr/lib/python3/dist-packages/colcon_core/task/python/colcon_distutils_commands:/mnt/ros2_ws/install/image_stream/lib/python3.12/site-packages:${PYTHONPATH} /usr/bin/python3 -W ignore:setup.py install is deprecated -W ignore:easy_install command is deprecated setup.py egg_info --egg-base ../../build/image_stream build --build-base /mnt/ros2_ws/build/image_stream/build install --record /mnt/ros2_ws/build/image_stream/install.log --single-version-externally-managed install_data
[5.313s] Level 1:colcon.colcon_core.environment:checking '/mnt/ros2_ws/install/image_stream' for CMake module files
[5.316s] Level 1:colcon.colcon_core.environment:checking '/mnt/ros2_ws/install/image_stream' for CMake config files
[5.328s] Level 1:colcon.colcon_core.shell:create_environment_hook('image_stream', 'cmake_prefix_path')
[5.329s] INFO:colcon.colcon_core.shell:Creating environment hook '/mnt/ros2_ws/install/image_stream/share/image_stream/hook/cmake_prefix_path.ps1'
[5.329s] INFO:colcon.colcon_core.shell:Creating environment descriptor '/mnt/ros2_ws/install/image_stream/share/image_stream/hook/cmake_prefix_path.dsv'
[5.336s] INFO:colcon.colcon_core.shell:Creating environment hook '/mnt/ros2_ws/install/image_stream/share/image_stream/hook/cmake_prefix_path.sh'
[5.340s] Level 1:colcon.colcon_core.environment:checking '/mnt/ros2_ws/install/image_stream/lib'
[5.340s] Level 1:colcon.colcon_core.environment:checking '/mnt/ros2_ws/install/image_stream/bin'
[5.340s] Level 1:colcon.colcon_core.environment:checking '/mnt/ros2_ws/install/image_stream/lib/pkgconfig/image_stream.pc'
[5.341s] Level 1:colcon.colcon_core.environment:checking '/mnt/ros2_ws/install/image_stream/lib/python3.12/site-packages'
[5.341s] Level 1:colcon.colcon_core.shell:create_environment_hook('image_stream', 'pythonpath')
[5.341s] INFO:colcon.colcon_core.shell:Creating environment hook '/mnt/ros2_ws/install/image_stream/share/image_stream/hook/pythonpath.ps1'
[5.343s] INFO:colcon.colcon_core.shell:Creating environment descriptor '/mnt/ros2_ws/install/image_stream/share/image_stream/hook/pythonpath.dsv'
[5.345s] INFO:colcon.colcon_core.shell:Creating environment hook '/mnt/ros2_ws/install/image_stream/share/image_stream/hook/pythonpath.sh'
[5.348s] Level 1:colcon.colcon_core.environment:checking '/mnt/ros2_ws/install/image_stream/bin'
[5.348s] Level 1:colcon.colcon_core.environment:create_environment_scripts_only(image_stream)
[5.349s] INFO:colcon.colcon_core.shell:Creating package script '/mnt/ros2_ws/install/image_stream/share/image_stream/package.ps1'
[5.351s] INFO:colcon.colcon_core.shell:Creating package descriptor '/mnt/ros2_ws/install/image_stream/share/image_stream/package.dsv'
[5.355s] INFO:colcon.colcon_core.shell:Creating package script '/mnt/ros2_ws/install/image_stream/share/image_stream/package.sh'
[5.357s] INFO:colcon.colcon_core.shell:Creating package script '/mnt/ros2_ws/install/image_stream/share/image_stream/package.bash'
[5.360s] INFO:colcon.colcon_core.shell:Creating package script '/mnt/ros2_ws/install/image_stream/share/image_stream/package.zsh'
[5.363s] Level 1:colcon.colcon_core.environment:create_file_with_runtime_dependencies(/mnt/ros2_ws/install/image_stream/share/colcon-core/packages/image_stream)
[5.365s] Level 1:colcon.colcon_core.environment:checking '/mnt/ros2_ws/install/esp32_bridge' for CMake module files
[5.366s] Level 1:colcon.colcon_core.environment:checking '/mnt/ros2_ws/install/esp32_bridge' for CMake config files
[5.368s] DEBUG:colcon.colcon_core.event_handler.log_command:Invoked command in '/mnt/ros2_ws/src/esp32_bridge' returned '0': DEBUGINFOD_URLS=https://debuginfod.ubuntu.com PYTHONPATH=/mnt/ros2_ws/build/esp32_bridge/prefix_override:/usr/lib/python3/dist-packages/colcon_core/task/python/colcon_distutils_commands:/mnt/ros2_ws/install/esp32_bridge/lib/python3.12/site-packages:${PYTHONPATH} /usr/bin/python3 -W ignore:setup.py install is deprecated -W ignore:easy_install command is deprecated setup.py egg_info --egg-base ../../build/esp32_bridge build --build-base /mnt/ros2_ws/build/esp32_bridge/build install --record /mnt/ros2_ws/build/esp32_bridge/install.log --single-version-externally-managed install_data
[5.378s] Level 1:colcon.colcon_core.environment:checking '/mnt/ros2_ws/install/esp32_bridge/lib'
[5.379s] Level 1:colcon.colcon_core.environment:checking '/mnt/ros2_ws/install/esp32_bridge/bin'
[5.379s] Level 1:colcon.colcon_core.environment:checking '/mnt/ros2_ws/install/esp32_bridge/lib/pkgconfig/esp32_bridge.pc'
[5.380s] Level 1:colcon.colcon_core.environment:checking '/mnt/ros2_ws/install/esp32_bridge/lib/python3.12/site-packages'
[5.380s] Level 1:colcon.colcon_core.shell:create_environment_hook('esp32_bridge', 'pythonpath')
[5.381s] INFO:colcon.colcon_core.shell:Creating environment hook '/mnt/ros2_ws/install/esp32_bridge/share/esp32_bridge/hook/pythonpath.ps1'
[5.382s] INFO:colcon.colcon_core.shell:Creating environment descriptor '/mnt/ros2_ws/install/esp32_bridge/share/esp32_bridge/hook/pythonpath.dsv'
[5.386s] INFO:colcon.colcon_core.shell:Creating environment hook '/mnt/ros2_ws/install/esp32_bridge/share/esp32_bridge/hook/pythonpath.sh'
[5.399s] Level 1:colcon.colcon_core.environment:checking '/mnt/ros2_ws/install/esp32_bridge/bin'
[5.400s] Level 1:colcon.colcon_core.environment:create_environment_scripts_only(esp32_bridge)
[5.401s] INFO:colcon.colcon_core.shell:Creating package script '/mnt/ros2_ws/install/esp32_bridge/share/esp32_bridge/package.ps1'
[5.412s] INFO:colcon.colcon_core.shell:Creating package descriptor '/mnt/ros2_ws/install/esp32_bridge/share/esp32_bridge/package.dsv'
[5.453s] INFO:colcon.colcon_core.shell:Creating package script '/mnt/ros2_ws/install/esp32_bridge/share/esp32_bridge/package.sh'
[5.454s] INFO:colcon.colcon_core.shell:Creating package script '/mnt/ros2_ws/install/esp32_bridge/share/esp32_bridge/package.bash'
[5.459s] INFO:colcon.colcon_core.shell:Creating package script '/mnt/ros2_ws/install/esp32_bridge/share/esp32_bridge/package.zsh'
[5.462s] Level 1:colcon.colcon_core.environment:create_file_with_runtime_dependencies(/mnt/ros2_ws/install/esp32_bridge/share/colcon-core/packages/esp32_bridge)
[5.469s] Level 1:colcon.colcon_core.environment:checking '/mnt/ros2_ws/install/esp_miniBot' for CMake module files
[5.471s] DEBUG:colcon.colcon_core.event_handler.log_command:Invoked command in '/mnt/ros2_ws/src/esp_miniBot' returned '0': DEBUGINFOD_URLS=https://debuginfod.ubuntu.com PYTHONPATH=/mnt/ros2_ws/build/esp_miniBot/prefix_override:/usr/lib/python3/dist-packages/colcon_core/task/python/colcon_distutils_commands:/mnt/ros2_ws/install/esp_miniBot/lib/python3.12/site-packages:${PYTHONPATH} /usr/bin/python3 -W ignore:setup.py install is deprecated -W ignore:easy_install command is deprecated setup.py egg_info --egg-base ../../build/esp_miniBot build --build-base /mnt/ros2_ws/build/esp_miniBot/build install --record /mnt/ros2_ws/build/esp_miniBot/install.log --single-version-externally-managed install_data
[5.473s] Level 1:colcon.colcon_core.environment:checking '/mnt/ros2_ws/install/esp_miniBot' for CMake config files
[5.476s] Level 1:colcon.colcon_core.environment:checking '/mnt/ros2_ws/install/esp_miniBot/lib'
[5.476s] Level 1:colcon.colcon_core.environment:checking '/mnt/ros2_ws/install/esp_miniBot/bin'
[5.476s] Level 1:colcon.colcon_core.environment:checking '/mnt/ros2_ws/install/esp_miniBot/lib/pkgconfig/esp_miniBot.pc'
[5.477s] Level 1:colcon.colcon_core.environment:checking '/mnt/ros2_ws/install/esp_miniBot/lib/python3.12/site-packages'
[5.478s] Level 1:colcon.colcon_core.shell:create_environment_hook('esp_miniBot', 'pythonpath')
[5.479s] INFO:colcon.colcon_core.shell:Creating environment hook '/mnt/ros2_ws/install/esp_miniBot/share/esp_miniBot/hook/pythonpath.ps1'
[5.480s] INFO:colcon.colcon_core.shell:Creating environment descriptor '/mnt/ros2_ws/install/esp_miniBot/share/esp_miniBot/hook/pythonpath.dsv'
[5.486s] INFO:colcon.colcon_core.shell:Creating environment hook '/mnt/ros2_ws/install/esp_miniBot/share/esp_miniBot/hook/pythonpath.sh'
[5.489s] Level 1:colcon.colcon_core.environment:checking '/mnt/ros2_ws/install/esp_miniBot/bin'
[5.489s] Level 1:colcon.colcon_core.environment:create_environment_scripts_only(esp_miniBot)
[5.490s] INFO:colcon.colcon_core.shell:Creating package script '/mnt/ros2_ws/install/esp_miniBot/share/esp_miniBot/package.ps1'
[5.492s] INFO:colcon.colcon_core.shell:Creating package descriptor '/mnt/ros2_ws/install/esp_miniBot/share/esp_miniBot/package.dsv'
[5.494s] INFO:colcon.colcon_core.shell:Creating package script '/mnt/ros2_ws/install/esp_miniBot/share/esp_miniBot/package.sh'
[5.495s] INFO:colcon.colcon_core.shell:Creating package script '/mnt/ros2_ws/install/esp_miniBot/share/esp_miniBot/package.bash'
[5.497s] INFO:colcon.colcon_core.shell:Creating package script '/mnt/ros2_ws/install/esp_miniBot/share/esp_miniBot/package.zsh'
[5.498s] Level 1:colcon.colcon_core.environment:create_file_with_runtime_dependencies(/mnt/ros2_ws/install/esp_miniBot/share/colcon-core/packages/esp_miniBot)
[5.500s] Level 1:colcon.colcon_core.environment:checking '/mnt/ros2_ws/install/web_joystick' for CMake module files
[5.503s] DEBUG:colcon.colcon_core.event_handler.log_command:Invoked command in '/mnt/ros2_ws/src/web_joystick' returned '0': DEBUGINFOD_URLS=https://debuginfod.ubuntu.com PYTHONPATH=/mnt/ros2_ws/build/web_joystick/prefix_override:/usr/lib/python3/dist-packages/colcon_core/task/python/colcon_distutils_commands:/mnt/ros2_ws/install/web_joystick/lib/python3.12/site-packages:${PYTHONPATH} /usr/bin/python3 -W ignore:setup.py install is deprecated -W ignore:easy_install command is deprecated setup.py egg_info --egg-base ../../build/web_joystick build --build-base /mnt/ros2_ws/build/web_joystick/build install --record /mnt/ros2_ws/build/web_joystick/install.log --single-version-externally-managed install_data
[5.505s] Level 1:colcon.colcon_core.environment:checking '/mnt/ros2_ws/install/web_joystick' for CMake config files
[5.513s] Level 1:colcon.colcon_core.environment:checking '/mnt/ros2_ws/install/web_joystick/lib'
[5.513s] Level 1:colcon.colcon_core.environment:checking '/mnt/ros2_ws/install/web_joystick/bin'
[5.514s] Level 1:colcon.colcon_core.environment:checking '/mnt/ros2_ws/install/web_joystick/lib/pkgconfig/web_joystick.pc'
[5.514s] Level 1:colcon.colcon_core.environment:checking '/mnt/ros2_ws/install/web_joystick/lib/python3.12/site-packages'
[5.515s] Level 1:colcon.colcon_core.shell:create_environment_hook('web_joystick', 'pythonpath')
[5.516s] INFO:colcon.colcon_core.shell:Creating environment hook '/mnt/ros2_ws/install/web_joystick/share/web_joystick/hook/pythonpath.ps1'
[5.517s] INFO:colcon.colcon_core.shell:Creating environment descriptor '/mnt/ros2_ws/install/web_joystick/share/web_joystick/hook/pythonpath.dsv'
[5.525s] INFO:colcon.colcon_core.shell:Creating environment hook '/mnt/ros2_ws/install/web_joystick/share/web_joystick/hook/pythonpath.sh'
[5.528s] Level 1:colcon.colcon_core.environment:checking '/mnt/ros2_ws/install/web_joystick/bin'
[5.528s] Level 1:colcon.colcon_core.environment:create_environment_scripts_only(web_joystick)
[5.529s] INFO:colcon.colcon_core.shell:Creating package script '/mnt/ros2_ws/install/web_joystick/share/web_joystick/package.ps1'
[5.532s] INFO:colcon.colcon_core.shell:Creating package descriptor '/mnt/ros2_ws/install/web_joystick/share/web_joystick/package.dsv'
[5.536s] INFO:colcon.colcon_core.shell:Creating package script '/mnt/ros2_ws/install/web_joystick/share/web_joystick/package.sh'
[5.540s] INFO:colcon.colcon_core.shell:Creating package script '/mnt/ros2_ws/install/web_joystick/share/web_joystick/package.bash'
[5.542s] INFO:colcon.colcon_core.shell:Creating package script '/mnt/ros2_ws/install/web_joystick/share/web_joystick/package.zsh'
[5.545s] Level 1:colcon.colcon_core.environment:create_file_with_runtime_dependencies(/mnt/ros2_ws/install/web_joystick/share/colcon-core/packages/web_joystick)
[5.549s] DEBUG:colcon.colcon_parallel_executor.executor.parallel:closing loop
[5.550s] DEBUG:colcon.colcon_parallel_executor.executor.parallel:loop closed
[5.550s] DEBUG:colcon.colcon_parallel_executor.executor.parallel:run_until_complete finished with '0'
[5.551s] DEBUG:colcon.colcon_core.event_reactor:joining thread
[5.573s] INFO:colcon.colcon_core.plugin_system:Skipping extension 'colcon_notification.desktop_notification.terminal_notifier': Not used on non-Darwin systems
[5.573s] INFO:colcon.colcon_core.plugin_system:Skipping extension 'colcon_notification.desktop_notification.win32': Not used on non-Windows systems
[5.573s] INFO:colcon.colcon_notification.desktop_notification:Sending desktop notification using 'notify2'
[5.639s] DEBUG:colcon.colcon_core.event_reactor:joined thread
[5.639s] INFO:colcon.colcon_core.shell:Creating prefix script '/mnt/ros2_ws/install/local_setup.ps1'
[5.641s] INFO:colcon.colcon_core.shell:Creating prefix util module '/mnt/ros2_ws/install/_local_setup_util_ps1.py'
[5.643s] INFO:colcon.colcon_core.shell:Creating prefix chain script '/mnt/ros2_ws/install/setup.ps1'
[5.645s] INFO:colcon.colcon_core.shell:Creating prefix script '/mnt/ros2_ws/install/local_setup.sh'
[5.646s] INFO:colcon.colcon_core.shell:Creating prefix util module '/mnt/ros2_ws/install/_local_setup_util_sh.py'
[5.647s] INFO:colcon.colcon_core.shell:Creating prefix chain script '/mnt/ros2_ws/install/setup.sh'
[5.650s] INFO:colcon.colcon_core.shell:Creating prefix script '/mnt/ros2_ws/install/local_setup.bash'
[5.651s] INFO:colcon.colcon_core.shell:Creating prefix chain script '/mnt/ros2_ws/install/setup.bash'
[5.653s] INFO:colcon.colcon_core.shell:Creating prefix script '/mnt/ros2_ws/install/local_setup.zsh'
[5.654s] INFO:colcon.colcon_core.shell:Creating prefix chain script '/mnt/ros2_ws/install/setup.zsh'
