[0.842s] DEBUG:colcon:Command line arguments: ['/usr/bin/colcon', 'build', '--packages-select', 'image_stream']
[0.842s] DEBUG:colcon:Parsed command line arguments: Namespace(log_base=None, log_level=None, verb_name='build', build_base='build', install_base='install', merge_install=False, symlink_install=False, test_result_base=None, continue_on_error=False, executor='parallel', parallel_workers=6, event_handlers=None, ignore_user_meta=False, metas=['./colcon.meta'], base_paths=['.'], packages_ignore=None, packages_ignore_regex=None, paths=None, packages_up_to=None, packages_up_to_regex=None, packages_above=None, packages_above_and_dependencies=None, packages_above_depth=None, packages_select_by_dep=None, packages_skip_by_dep=None, packages_skip_up_to=None, packages_select_build_failed=False, packages_skip_build_finished=False, packages_select_test_failures=False, packages_skip_test_passed=False, packages_select=['image_stream'], packages_skip=None, packages_select_regex=None, packages_skip_regex=None, packages_start=None, packages_end=None, cmake_args=None, cmake_target=None, cmake_target_skip_unavailable=False, cmake_clean_cache=False, cmake_clean_first=False, cmake_force_configure=False, ament_cmake_args=None, catkin_cmake_args=None, catkin_skip_building_tests=False, verb_parser=<colcon_defaults.argument_parser.defaults.DefaultArgumentsDecorator object at 0x7f18fdf661d0>, verb_extension=<colcon_core.verb.build.BuildVerb object at 0x7f18fdf657d0>, main=<bound method BuildVerb.main of <colcon_core.verb.build.BuildVerb object at 0x7f18fdf657d0>>)
[1.360s] Level 1:colcon.colcon_core.package_discovery:discover_packages(colcon_meta) check parameters
[1.360s] Level 1:colcon.colcon_core.package_discovery:discover_packages(recursive) check parameters
[1.361s] Level 1:colcon.colcon_core.package_discovery:discover_packages(ignore) check parameters
[1.361s] Level 1:colcon.colcon_core.package_discovery:discover_packages(path) check parameters
[1.361s] Level 1:colcon.colcon_core.package_discovery:discover_packages(colcon_meta) discover
[1.361s] Level 1:colcon.colcon_core.package_discovery:discover_packages(recursive) discover
[1.361s] INFO:colcon.colcon_core.package_discovery:Crawling recursively for packages in '/run/media/petr/5328350c-c733-4a2b-be90-55e5afb96d13/ros2_ws'
[1.361s] Level 1:colcon.colcon_core.package_identification:_identify(.) by extensions ['ignore', 'ignore_ament_install']
[1.361s] Level 1:colcon.colcon_core.package_identification:_identify(.) by extension 'ignore'
[1.361s] Level 1:colcon.colcon_core.package_identification:_identify(.) by extension 'ignore_ament_install'
[1.361s] Level 1:colcon.colcon_core.package_identification:_identify(.) by extensions ['colcon_pkg']
[1.361s] Level 1:colcon.colcon_core.package_identification:_identify(.) by extension 'colcon_pkg'
[1.361s] Level 1:colcon.colcon_core.package_identification:_identify(.) by extensions ['colcon_meta']
[1.362s] Level 1:colcon.colcon_core.package_identification:_identify(.) by extension 'colcon_meta'
[1.362s] Level 1:colcon.colcon_core.package_identification:_identify(.) by extensions ['ros']
[1.362s] Level 1:colcon.colcon_core.package_identification:_identify(.) by extension 'ros'
[1.440s] Level 1:colcon.colcon_core.package_identification:_identify(.) by extensions ['cmake', 'python']
[1.440s] Level 1:colcon.colcon_core.package_identification:_identify(.) by extension 'cmake'
[1.440s] Level 1:colcon.colcon_core.package_identification:_identify(.) by extension 'python'
[1.440s] Level 1:colcon.colcon_core.package_identification:_identify(.) by extensions ['python_setup_py']
[1.440s] Level 1:colcon.colcon_core.package_identification:_identify(.) by extension 'python_setup_py'
[1.440s] Level 1:colcon.colcon_core.package_identification:_identify(build) by extensions ['ignore', 'ignore_ament_install']
[1.440s] Level 1:colcon.colcon_core.package_identification:_identify(build) by extension 'ignore'
[1.440s] Level 1:colcon.colcon_core.package_identification:_identify(build) ignored
[1.440s] Level 1:colcon.colcon_core.package_identification:_identify(install) by extensions ['ignore', 'ignore_ament_install']
[1.441s] Level 1:colcon.colcon_core.package_identification:_identify(install) by extension 'ignore'
[1.441s] Level 1:colcon.colcon_core.package_identification:_identify(install) ignored
[1.441s] Level 1:colcon.colcon_core.package_identification:_identify(log) by extensions ['ignore', 'ignore_ament_install']
[1.441s] Level 1:colcon.colcon_core.package_identification:_identify(log) by extension 'ignore'
[1.441s] Level 1:colcon.colcon_core.package_identification:_identify(log) ignored
[1.683s] Level 1:colcon.colcon_core.package_identification:_identify(src) by extensions ['ignore', 'ignore_ament_install']
[1.684s] Level 1:colcon.colcon_core.package_identification:_identify(src) by extension 'ignore'
[1.684s] Level 1:colcon.colcon_core.package_identification:_identify(src) by extension 'ignore_ament_install'
[1.684s] Level 1:colcon.colcon_core.package_identification:_identify(src) by extensions ['colcon_pkg']
[1.684s] Level 1:colcon.colcon_core.package_identification:_identify(src) by extension 'colcon_pkg'
[1.684s] Level 1:colcon.colcon_core.package_identification:_identify(src) by extensions ['colcon_meta']
[1.684s] Level 1:colcon.colcon_core.package_identification:_identify(src) by extension 'colcon_meta'
[1.684s] Level 1:colcon.colcon_core.package_identification:_identify(src) by extensions ['ros']
[1.684s] Level 1:colcon.colcon_core.package_identification:_identify(src) by extension 'ros'
[1.684s] Level 1:colcon.colcon_core.package_identification:_identify(src) by extensions ['cmake', 'python']
[1.684s] Level 1:colcon.colcon_core.package_identification:_identify(src) by extension 'cmake'
[1.684s] Level 1:colcon.colcon_core.package_identification:_identify(src) by extension 'python'
[1.684s] Level 1:colcon.colcon_core.package_identification:_identify(src) by extensions ['python_setup_py']
[1.685s] Level 1:colcon.colcon_core.package_identification:_identify(src) by extension 'python_setup_py'
[1.686s] Level 1:colcon.colcon_core.package_identification:_identify(src/build) by extensions ['ignore', 'ignore_ament_install']
[1.686s] Level 1:colcon.colcon_core.package_identification:_identify(src/build) by extension 'ignore'
[1.687s] Level 1:colcon.colcon_core.package_identification:_identify(src/build) ignored
[1.687s] Level 1:colcon.colcon_core.package_identification:_identify(src/esp32_bridge) by extensions ['ignore', 'ignore_ament_install']
[1.688s] Level 1:colcon.colcon_core.package_identification:_identify(src/esp32_bridge) by extension 'ignore'
[1.688s] Level 1:colcon.colcon_core.package_identification:_identify(src/esp32_bridge) by extension 'ignore_ament_install'
[1.688s] Level 1:colcon.colcon_core.package_identification:_identify(src/esp32_bridge) by extensions ['colcon_pkg']
[1.688s] Level 1:colcon.colcon_core.package_identification:_identify(src/esp32_bridge) by extension 'colcon_pkg'
[1.688s] Level 1:colcon.colcon_core.package_identification:_identify(src/esp32_bridge) by extensions ['colcon_meta']
[1.688s] Level 1:colcon.colcon_core.package_identification:_identify(src/esp32_bridge) by extension 'colcon_meta'
[1.688s] Level 1:colcon.colcon_core.package_identification:_identify(src/esp32_bridge) by extensions ['ros']
[1.688s] Level 1:colcon.colcon_core.package_identification:_identify(src/esp32_bridge) by extension 'ros'
[1.695s] DEBUG:colcon.colcon_core.package_identification:Package 'src/esp32_bridge' with type 'ros.ament_python' and name 'esp32_bridge'
[1.696s] Level 1:colcon.colcon_core.package_identification:_identify(src/esp_miniBot) by extensions ['ignore', 'ignore_ament_install']
[1.696s] Level 1:colcon.colcon_core.package_identification:_identify(src/esp_miniBot) by extension 'ignore'
[1.697s] Level 1:colcon.colcon_core.package_identification:_identify(src/esp_miniBot) by extension 'ignore_ament_install'
[1.697s] Level 1:colcon.colcon_core.package_identification:_identify(src/esp_miniBot) by extensions ['colcon_pkg']
[1.697s] Level 1:colcon.colcon_core.package_identification:_identify(src/esp_miniBot) by extension 'colcon_pkg'
[1.697s] Level 1:colcon.colcon_core.package_identification:_identify(src/esp_miniBot) by extensions ['colcon_meta']
[1.697s] Level 1:colcon.colcon_core.package_identification:_identify(src/esp_miniBot) by extension 'colcon_meta'
[1.697s] Level 1:colcon.colcon_core.package_identification:_identify(src/esp_miniBot) by extensions ['ros']
[1.697s] Level 1:colcon.colcon_core.package_identification:_identify(src/esp_miniBot) by extension 'ros'
[1.701s] DEBUG:colcon.colcon_core.package_identification:Package 'src/esp_miniBot' with type 'ros.ament_python' and name 'esp_miniBot'
[1.702s] Level 1:colcon.colcon_core.package_identification:_identify(src/image_stream) by extensions ['ignore', 'ignore_ament_install']
[1.702s] Level 1:colcon.colcon_core.package_identification:_identify(src/image_stream) by extension 'ignore'
[1.702s] Level 1:colcon.colcon_core.package_identification:_identify(src/image_stream) by extension 'ignore_ament_install'
[1.702s] Level 1:colcon.colcon_core.package_identification:_identify(src/image_stream) by extensions ['colcon_pkg']
[1.702s] Level 1:colcon.colcon_core.package_identification:_identify(src/image_stream) by extension 'colcon_pkg'
[1.702s] Level 1:colcon.colcon_core.package_identification:_identify(src/image_stream) by extensions ['colcon_meta']
[1.702s] Level 1:colcon.colcon_core.package_identification:_identify(src/image_stream) by extension 'colcon_meta'
[1.702s] Level 1:colcon.colcon_core.package_identification:_identify(src/image_stream) by extensions ['ros']
[1.702s] Level 1:colcon.colcon_core.package_identification:_identify(src/image_stream) by extension 'ros'
[1.705s] DEBUG:colcon.colcon_core.package_identification:Package 'src/image_stream' with type 'ros.ament_python' and name 'image_stream'
[1.706s] Level 1:colcon.colcon_core.package_identification:_identify(src/install) by extensions ['ignore', 'ignore_ament_install']
[1.707s] Level 1:colcon.colcon_core.package_identification:_identify(src/install) by extension 'ignore'
[1.707s] Level 1:colcon.colcon_core.package_identification:_identify(src/install) ignored
[1.708s] Level 1:colcon.colcon_core.package_identification:_identify(src/log) by extensions ['ignore', 'ignore_ament_install']
[1.708s] Level 1:colcon.colcon_core.package_identification:_identify(src/log) by extension 'ignore'
[1.708s] Level 1:colcon.colcon_core.package_identification:_identify(src/log) ignored
[1.709s] Level 1:colcon.colcon_core.package_identification:_identify(src/web_joystick) by extensions ['ignore', 'ignore_ament_install']
[1.709s] Level 1:colcon.colcon_core.package_identification:_identify(src/web_joystick) by extension 'ignore'
[1.709s] Level 1:colcon.colcon_core.package_identification:_identify(src/web_joystick) by extension 'ignore_ament_install'
[1.709s] Level 1:colcon.colcon_core.package_identification:_identify(src/web_joystick) by extensions ['colcon_pkg']
[1.709s] Level 1:colcon.colcon_core.package_identification:_identify(src/web_joystick) by extension 'colcon_pkg'
[1.709s] Level 1:colcon.colcon_core.package_identification:_identify(src/web_joystick) by extensions ['colcon_meta']
[1.709s] Level 1:colcon.colcon_core.package_identification:_identify(src/web_joystick) by extension 'colcon_meta'
[1.709s] Level 1:colcon.colcon_core.package_identification:_identify(src/web_joystick) by extensions ['ros']
[1.709s] Level 1:colcon.colcon_core.package_identification:_identify(src/web_joystick) by extension 'ros'
[1.712s] DEBUG:colcon.colcon_core.package_identification:Package 'src/web_joystick' with type 'ros.ament_python' and name 'web_joystick'
[1.712s] Level 1:colcon.colcon_core.package_discovery:discover_packages(recursive) using defaults
[1.712s] Level 1:colcon.colcon_core.package_discovery:discover_packages(ignore) discover
[1.712s] Level 1:colcon.colcon_core.package_discovery:discover_packages(ignore) using defaults
[1.712s] Level 1:colcon.colcon_core.package_discovery:discover_packages(path) discover
[1.712s] Level 1:colcon.colcon_core.package_discovery:discover_packages(path) using defaults
[1.862s] INFO:colcon.colcon_core.package_selection:Skipping not selected package 'esp32_bridge' in 'src/esp32_bridge'
[1.862s] INFO:colcon.colcon_core.package_selection:Skipping not selected package 'esp_miniBot' in 'src/esp_miniBot'
[1.862s] INFO:colcon.colcon_core.package_selection:Skipping not selected package 'web_joystick' in 'src/web_joystick'
[1.862s] Level 5:colcon.colcon_core.verb:set package 'image_stream' build argument 'cmake_args' from command line to 'None'
[1.863s] Level 5:colcon.colcon_core.verb:set package 'image_stream' build argument 'cmake_target' from command line to 'None'
[1.863s] Level 5:colcon.colcon_core.verb:set package 'image_stream' build argument 'cmake_target_skip_unavailable' from command line to 'False'
[1.863s] Level 5:colcon.colcon_core.verb:set package 'image_stream' build argument 'cmake_clean_cache' from command line to 'False'
[1.863s] Level 5:colcon.colcon_core.verb:set package 'image_stream' build argument 'cmake_clean_first' from command line to 'False'
[1.863s] Level 5:colcon.colcon_core.verb:set package 'image_stream' build argument 'cmake_force_configure' from command line to 'False'
[1.863s] Level 5:colcon.colcon_core.verb:set package 'image_stream' build argument 'ament_cmake_args' from command line to 'None'
[1.863s] Level 5:colcon.colcon_core.verb:set package 'image_stream' build argument 'catkin_cmake_args' from command line to 'None'
[1.863s] Level 5:colcon.colcon_core.verb:set package 'image_stream' build argument 'catkin_skip_building_tests' from command line to 'False'
[1.863s] DEBUG:colcon.colcon_core.verb:Building package 'image_stream' with the following arguments: {'ament_cmake_args': None, 'build_base': '/run/media/petr/5328350c-c733-4a2b-be90-55e5afb96d13/ros2_ws/build/image_stream', 'catkin_cmake_args': None, 'catkin_skip_building_tests': False, 'cmake_args': None, 'cmake_clean_cache': False, 'cmake_clean_first': False, 'cmake_force_configure': False, 'cmake_target': None, 'cmake_target_skip_unavailable': False, 'install_base': '/run/media/petr/5328350c-c733-4a2b-be90-55e5afb96d13/ros2_ws/install/image_stream', 'merge_install': False, 'path': '/run/media/petr/5328350c-c733-4a2b-be90-55e5afb96d13/ros2_ws/src/image_stream', 'symlink_install': False, 'test_result_base': None}
[1.863s] INFO:colcon.colcon_core.executor:Executing jobs using 'parallel' executor
[1.865s] DEBUG:colcon.colcon_parallel_executor.executor.parallel:run_until_complete
[1.865s] INFO:colcon.colcon_ros.task.ament_python.build:Building ROS package in '/run/media/petr/5328350c-c733-4a2b-be90-55e5afb96d13/ros2_ws/src/image_stream' with build type 'ament_python'
[1.865s] Level 1:colcon.colcon_core.shell:create_environment_hook('image_stream', 'ament_prefix_path')
[1.882s] INFO:colcon.colcon_core.plugin_system:Skipping extension 'colcon_core.shell.bat': Not used on non-Windows systems
[1.882s] INFO:colcon.colcon_core.shell:Creating environment hook '/run/media/petr/5328350c-c733-4a2b-be90-55e5afb96d13/ros2_ws/install/image_stream/share/image_stream/hook/ament_prefix_path.ps1'
[1.884s] INFO:colcon.colcon_core.shell:Creating environment descriptor '/run/media/petr/5328350c-c733-4a2b-be90-55e5afb96d13/ros2_ws/install/image_stream/share/image_stream/hook/ament_prefix_path.dsv'
[1.887s] INFO:colcon.colcon_core.shell:Creating environment hook '/run/media/petr/5328350c-c733-4a2b-be90-55e5afb96d13/ros2_ws/install/image_stream/share/image_stream/hook/ament_prefix_path.sh'
[1.890s] INFO:colcon.colcon_core.shell:Skip shell extension 'powershell' for command environment: Not usable outside of PowerShell
[1.890s] DEBUG:colcon.colcon_core.shell:Skip shell extension 'dsv' for command environment
[3.272s] INFO:colcon.colcon_core.task.python.build:Building Python package in '/run/media/petr/5328350c-c733-4a2b-be90-55e5afb96d13/ros2_ws/src/image_stream'
[3.273s] INFO:colcon.colcon_core.shell:Skip shell extension 'powershell' for command environment: Not usable outside of PowerShell
[3.273s] DEBUG:colcon.colcon_core.shell:Skip shell extension 'dsv' for command environment
[5.119s] DEBUG:colcon.colcon_core.event_handler.log_command:Invoking command in '/run/media/petr/5328350c-c733-4a2b-be90-55e5afb96d13/ros2_ws/src/image_stream': DEBUGINFOD_URLS=https://debuginfod.archlinux.org PYTHONPATH=/run/media/petr/5328350c-c733-4a2b-be90-55e5afb96d13/ros2_ws/build/image_stream/prefix_override:/home/petr/.local/lib/python3.11/site-packages/colcon_core/task/python/colcon_distutils_commands:/run/media/petr/5328350c-c733-4a2b-be90-55e5afb96d13/ros2_ws/install/image_stream/lib/python3.11/site-packages:${PYTHONPATH} _=/usr/bin/env /usr/bin/python -W ignore:setup.py install is deprecated -W ignore:easy_install command is deprecated setup.py egg_info --egg-base ../../build/image_stream build --build-base /run/media/petr/5328350c-c733-4a2b-be90-55e5afb96d13/ros2_ws/build/image_stream/build install --record /run/media/petr/5328350c-c733-4a2b-be90-55e5afb96d13/ros2_ws/build/image_stream/install.log --single-version-externally-managed install_data
[6.283s] DEBUG:colcon.colcon_core.event_handler.log_command:Invoked command in '/run/media/petr/5328350c-c733-4a2b-be90-55e5afb96d13/ros2_ws/src/image_stream' returned '0': DEBUGINFOD_URLS=https://debuginfod.archlinux.org PYTHONPATH=/run/media/petr/5328350c-c733-4a2b-be90-55e5afb96d13/ros2_ws/build/image_stream/prefix_override:/home/petr/.local/lib/python3.11/site-packages/colcon_core/task/python/colcon_distutils_commands:/run/media/petr/5328350c-c733-4a2b-be90-55e5afb96d13/ros2_ws/install/image_stream/lib/python3.11/site-packages:${PYTHONPATH} _=/usr/bin/env /usr/bin/python -W ignore:setup.py install is deprecated -W ignore:easy_install command is deprecated setup.py egg_info --egg-base ../../build/image_stream build --build-base /run/media/petr/5328350c-c733-4a2b-be90-55e5afb96d13/ros2_ws/build/image_stream/build install --record /run/media/petr/5328350c-c733-4a2b-be90-55e5afb96d13/ros2_ws/build/image_stream/install.log --single-version-externally-managed install_data
[6.299s] Level 1:colcon.colcon_core.environment:checking '/run/media/petr/5328350c-c733-4a2b-be90-55e5afb96d13/ros2_ws/install/image_stream' for CMake module files
[6.301s] Level 1:colcon.colcon_core.environment:checking '/run/media/petr/5328350c-c733-4a2b-be90-55e5afb96d13/ros2_ws/install/image_stream' for CMake config files
[6.304s] Level 1:colcon.colcon_core.shell:create_environment_hook('image_stream', 'cmake_prefix_path')
[6.304s] INFO:colcon.colcon_core.shell:Creating environment hook '/run/media/petr/5328350c-c733-4a2b-be90-55e5afb96d13/ros2_ws/install/image_stream/share/image_stream/hook/cmake_prefix_path.ps1'
[6.305s] INFO:colcon.colcon_core.shell:Creating environment descriptor '/run/media/petr/5328350c-c733-4a2b-be90-55e5afb96d13/ros2_ws/install/image_stream/share/image_stream/hook/cmake_prefix_path.dsv'
[6.308s] INFO:colcon.colcon_core.shell:Creating environment hook '/run/media/petr/5328350c-c733-4a2b-be90-55e5afb96d13/ros2_ws/install/image_stream/share/image_stream/hook/cmake_prefix_path.sh'
[6.311s] Level 1:colcon.colcon_core.environment:checking '/run/media/petr/5328350c-c733-4a2b-be90-55e5afb96d13/ros2_ws/install/image_stream/lib'
[6.311s] Level 1:colcon.colcon_core.environment:checking '/run/media/petr/5328350c-c733-4a2b-be90-55e5afb96d13/ros2_ws/install/image_stream/bin'
[6.311s] Level 1:colcon.colcon_core.environment:checking '/run/media/petr/5328350c-c733-4a2b-be90-55e5afb96d13/ros2_ws/install/image_stream/lib/pkgconfig/image_stream.pc'
[6.312s] Level 1:colcon.colcon_core.environment:checking '/run/media/petr/5328350c-c733-4a2b-be90-55e5afb96d13/ros2_ws/install/image_stream/lib/python3.11/site-packages'
[6.312s] Level 1:colcon.colcon_core.shell:create_environment_hook('image_stream', 'pythonpath')
[6.312s] INFO:colcon.colcon_core.shell:Creating environment hook '/run/media/petr/5328350c-c733-4a2b-be90-55e5afb96d13/ros2_ws/install/image_stream/share/image_stream/hook/pythonpath.ps1'
[6.314s] INFO:colcon.colcon_core.shell:Creating environment descriptor '/run/media/petr/5328350c-c733-4a2b-be90-55e5afb96d13/ros2_ws/install/image_stream/share/image_stream/hook/pythonpath.dsv'
[6.318s] INFO:colcon.colcon_core.shell:Creating environment hook '/run/media/petr/5328350c-c733-4a2b-be90-55e5afb96d13/ros2_ws/install/image_stream/share/image_stream/hook/pythonpath.sh'
[6.320s] Level 1:colcon.colcon_core.environment:checking '/run/media/petr/5328350c-c733-4a2b-be90-55e5afb96d13/ros2_ws/install/image_stream/bin'
[6.321s] Level 1:colcon.colcon_core.environment:create_environment_scripts_only(image_stream)
[6.321s] INFO:colcon.colcon_core.shell:Creating package script '/run/media/petr/5328350c-c733-4a2b-be90-55e5afb96d13/ros2_ws/install/image_stream/share/image_stream/package.ps1'
[6.323s] INFO:colcon.colcon_core.shell:Creating package descriptor '/run/media/petr/5328350c-c733-4a2b-be90-55e5afb96d13/ros2_ws/install/image_stream/share/image_stream/package.dsv'
[6.327s] INFO:colcon.colcon_core.shell:Creating package script '/run/media/petr/5328350c-c733-4a2b-be90-55e5afb96d13/ros2_ws/install/image_stream/share/image_stream/package.sh'
[6.331s] INFO:colcon.colcon_core.shell:Creating package script '/run/media/petr/5328350c-c733-4a2b-be90-55e5afb96d13/ros2_ws/install/image_stream/share/image_stream/package.bash'
[6.333s] INFO:colcon.colcon_core.shell:Creating package script '/run/media/petr/5328350c-c733-4a2b-be90-55e5afb96d13/ros2_ws/install/image_stream/share/image_stream/package.zsh'
[6.335s] Level 1:colcon.colcon_core.environment:create_file_with_runtime_dependencies(/run/media/petr/5328350c-c733-4a2b-be90-55e5afb96d13/ros2_ws/install/image_stream/share/colcon-core/packages/image_stream)
[6.336s] DEBUG:colcon.colcon_parallel_executor.executor.parallel:closing loop
[6.336s] DEBUG:colcon.colcon_parallel_executor.executor.parallel:loop closed
[6.336s] DEBUG:colcon.colcon_parallel_executor.executor.parallel:run_until_complete finished with '0'
[6.337s] DEBUG:colcon.colcon_core.event_reactor:joining thread
[6.351s] INFO:colcon.colcon_core.plugin_system:Skipping extension 'colcon_notification.desktop_notification.notify2': 'notify2' not found
[6.352s] INFO:colcon.colcon_core.plugin_system:Skipping extension 'colcon_notification.desktop_notification.terminal_notifier': Not used on non-Darwin systems
[6.352s] INFO:colcon.colcon_core.plugin_system:Skipping extension 'colcon_notification.desktop_notification.win32': Not used on non-Windows systems
[6.352s] INFO:colcon.colcon_notification.desktop_notification:Sending desktop notification using 'notify_send'
[6.466s] DEBUG:colcon.colcon_core.event_reactor:joined thread
[6.467s] INFO:colcon.colcon_core.shell:Creating prefix script '/run/media/petr/5328350c-c733-4a2b-be90-55e5afb96d13/ros2_ws/install/local_setup.ps1'
[6.469s] INFO:colcon.colcon_core.shell:Creating prefix util module '/run/media/petr/5328350c-c733-4a2b-be90-55e5afb96d13/ros2_ws/install/_local_setup_util_ps1.py'
[6.472s] INFO:colcon.colcon_core.shell:Creating prefix chain script '/run/media/petr/5328350c-c733-4a2b-be90-55e5afb96d13/ros2_ws/install/setup.ps1'
[6.495s] INFO:colcon.colcon_core.shell:Creating prefix script '/run/media/petr/5328350c-c733-4a2b-be90-55e5afb96d13/ros2_ws/install/local_setup.sh'
[6.496s] INFO:colcon.colcon_core.shell:Creating prefix util module '/run/media/petr/5328350c-c733-4a2b-be90-55e5afb96d13/ros2_ws/install/_local_setup_util_sh.py'
[6.497s] INFO:colcon.colcon_core.shell:Creating prefix chain script '/run/media/petr/5328350c-c733-4a2b-be90-55e5afb96d13/ros2_ws/install/setup.sh'
[6.518s] INFO:colcon.colcon_core.shell:Creating prefix script '/run/media/petr/5328350c-c733-4a2b-be90-55e5afb96d13/ros2_ws/install/local_setup.bash'
[6.519s] INFO:colcon.colcon_core.shell:Creating prefix chain script '/run/media/petr/5328350c-c733-4a2b-be90-55e5afb96d13/ros2_ws/install/setup.bash'
[6.540s] INFO:colcon.colcon_core.shell:Creating prefix script '/run/media/petr/5328350c-c733-4a2b-be90-55e5afb96d13/ros2_ws/install/local_setup.zsh'
[6.541s] INFO:colcon.colcon_core.shell:Creating prefix chain script '/run/media/petr/5328350c-c733-4a2b-be90-55e5afb96d13/ros2_ws/install/setup.zsh'
