[2.919s] Invoking command in '/mnt/ros2_ws/src/image_stream': DEBUGINFOD_URLS=https://debuginfod.ubuntu.com PYTHONPATH=/mnt/ros2_ws/build/image_stream/prefix_override:/usr/lib/python3/dist-packages/colcon_core/task/python/colcon_distutils_commands:/mnt/ros2_ws/install/image_stream/lib/python3.12/site-packages: /usr/bin/python3 -W ignore:setup.py install is deprecated -W ignore:easy_install command is deprecated setup.py egg_info --egg-base ../../build/image_stream build --build-base /mnt/ros2_ws/build/image_stream/build install --record /mnt/ros2_ws/build/image_stream/install.log --single-version-externally-managed install_data
[3.313s] running egg_info
[3.343s] writing ../../build/image_stream/image_stream.egg-info/PKG-INFO
[3.498s] writing dependency_links to ../../build/image_stream/image_stream.egg-info/dependency_links.txt
[3.498s] writing entry points to ../../build/image_stream/image_stream.egg-info/entry_points.txt
[3.498s] writing requirements to ../../build/image_stream/image_stream.egg-info/requires.txt
[3.499s] writing top-level names to ../../build/image_stream/image_stream.egg-info/top_level.txt
[3.544s] reading manifest file '../../build/image_stream/image_stream.egg-info/SOURCES.txt'
[3.728s] writing manifest file '../../build/image_stream/image_stream.egg-info/SOURCES.txt'
[3.747s] running build
[3.747s] running build_py
[3.777s] running install
[3.835s] running install_lib
[3.863s] creating /mnt/ros2_ws/install/image_stream/lib/python3.12/site-packages/image_stream
[3.864s] copying /mnt/ros2_ws/build/image_stream/build/lib/image_stream/image_to_socket_node.py -> /mnt/ros2_ws/install/image_stream/lib/python3.12/site-packages/image_stream
[3.865s] copying /mnt/ros2_ws/build/image_stream/build/lib/image_stream/image_publisher_node.py -> /mnt/ros2_ws/install/image_stream/lib/python3.12/site-packages/image_stream
[3.868s] copying /mnt/ros2_ws/build/image_stream/build/lib/image_stream/__init__.py -> /mnt/ros2_ws/install/image_stream/lib/python3.12/site-packages/image_stream
[3.869s] byte-compiling /mnt/ros2_ws/install/image_stream/lib/python3.12/site-packages/image_stream/image_to_socket_node.py to image_to_socket_node.cpython-312.pyc
[3.869s] byte-compiling /mnt/ros2_ws/install/image_stream/lib/python3.12/site-packages/image_stream/image_publisher_node.py to image_publisher_node.cpython-312.pyc
[3.871s] byte-compiling /mnt/ros2_ws/install/image_stream/lib/python3.12/site-packages/image_stream/__init__.py to __init__.cpython-312.pyc
[3.872s] running install_data
[3.873s] running install_egg_info
[3.942s] Copying ../../build/image_stream/image_stream.egg-info to /mnt/ros2_ws/install/image_stream/lib/python3.12/site-packages/image_stream-0.0.0-py3.12.egg-info
[3.943s] running install_scripts
[4.117s] Installing read_image script to /mnt/ros2_ws/install/image_stream/lib/image_stream
[4.118s] Installing send_image script to /mnt/ros2_ws/install/image_stream/lib/image_stream
[4.127s] writing list of installed files to '/mnt/ros2_ws/build/image_stream/install.log'
[4.182s] Invoked command in '/mnt/ros2_ws/src/image_stream' returned '0': DEBUGINFOD_URLS=https://debuginfod.ubuntu.com PYTHONPATH=/mnt/ros2_ws/build/image_stream/prefix_override:/usr/lib/python3/dist-packages/colcon_core/task/python/colcon_distutils_commands:/mnt/ros2_ws/install/image_stream/lib/python3.12/site-packages: /usr/bin/python3 -W ignore:setup.py install is deprecated -W ignore:easy_install command is deprecated setup.py egg_info --egg-base ../../build/image_stream build --build-base /mnt/ros2_ws/build/image_stream/build install --record /mnt/ros2_ws/build/image_stream/install.log --single-version-externally-managed install_data
