[2.977s] Invoking command in '/mnt/ros2_ws/src/esp_miniBot': DEBUGINFOD_URLS=https://debuginfod.ubuntu.com PYTHONPATH=/mnt/ros2_ws/build/esp_miniBot/prefix_override:/usr/lib/python3/dist-packages/colcon_core/task/python/colcon_distutils_commands:/mnt/ros2_ws/install/esp_miniBot/lib/python3.12/site-packages:${PYTHONPATH} /usr/bin/python3 -W ignore:setup.py install is deprecated -W ignore:easy_install command is deprecated setup.py egg_info --egg-base ../../build/esp_miniBot build --build-base /mnt/ros2_ws/build/esp_miniBot/build install --record /mnt/ros2_ws/build/esp_miniBot/install.log --single-version-externally-managed install_data
[3.614s] running egg_info
[3.657s] writing ../../build/esp_miniBot/esp_miniBot.egg-info/PKG-INFO
[3.657s] writing dependency_links to ../../build/esp_miniBot/esp_miniBot.egg-info/dependency_links.txt
[3.657s] writing entry points to ../../build/esp_miniBot/esp_miniBot.egg-info/entry_points.txt
[3.658s] writing requirements to ../../build/esp_miniBot/esp_miniBot.egg-info/requires.txt
[3.658s] writing top-level names to ../../build/esp_miniBot/esp_miniBot.egg-info/top_level.txt
[3.762s] reading manifest file '../../build/esp_miniBot/esp_miniBot.egg-info/SOURCES.txt'
[3.764s] writing manifest file '../../build/esp_miniBot/esp_miniBot.egg-info/SOURCES.txt'
[3.764s] running build
[3.764s] running build_py
[3.765s] copying esp_miniBot/music_stream.py -> /mnt/ros2_ws/build/esp_miniBot/build/lib/esp_miniBot
[3.765s] running install
[3.797s] running install_lib
[3.848s] copying /mnt/ros2_ws/build/esp_miniBot/build/lib/esp_miniBot/music_stream.py -> /mnt/ros2_ws/install/esp_miniBot/lib/python3.12/site-packages/esp_miniBot
[3.852s] byte-compiling /mnt/ros2_ws/install/esp_miniBot/lib/python3.12/site-packages/esp_miniBot/music_stream.py to music_stream.cpython-312.pyc
[3.854s] running install_data
[3.854s] running install_egg_info
[3.954s] removing '/mnt/ros2_ws/install/esp_miniBot/lib/python3.12/site-packages/esp_miniBot-0.0.0-py3.12.egg-info' (and everything under it)
[3.954s] Copying ../../build/esp_miniBot/esp_miniBot.egg-info to /mnt/ros2_ws/install/esp_miniBot/lib/python3.12/site-packages/esp_miniBot-0.0.0-py3.12.egg-info
[3.956s] running install_scripts
[4.229s] Installing read_mp3 script to /mnt/ros2_ws/install/esp_miniBot/lib/esp_miniBot
[4.229s] Installing send_music script to /mnt/ros2_ws/install/esp_miniBot/lib/esp_miniBot
[4.230s] Installing send_speed script to /mnt/ros2_ws/install/esp_miniBot/lib/esp_miniBot
[4.230s] writing list of installed files to '/mnt/ros2_ws/build/esp_miniBot/install.log'
[4.279s] Invoked command in '/mnt/ros2_ws/src/esp_miniBot' returned '0': DEBUGINFOD_URLS=https://debuginfod.ubuntu.com PYTHONPATH=/mnt/ros2_ws/build/esp_miniBot/prefix_override:/usr/lib/python3/dist-packages/colcon_core/task/python/colcon_distutils_commands:/mnt/ros2_ws/install/esp_miniBot/lib/python3.12/site-packages:${PYTHONPATH} /usr/bin/python3 -W ignore:setup.py install is deprecated -W ignore:easy_install command is deprecated setup.py egg_info --egg-base ../../build/esp_miniBot build --build-base /mnt/ros2_ws/build/esp_miniBot/build install --record /mnt/ros2_ws/build/esp_miniBot/install.log --single-version-externally-managed install_data
