[2.603s] Invoking command in '/home/petr/ros2_ws/src/image_stream': DEBUGINFOD_URLS=https://debuginfod.archlinux.org PYTHONPATH=/home/petr/ros2_ws/build/image_stream/prefix_override:/home/petr/.local/lib/python3.11/site-packages/colcon_core/task/python/colcon_distutils_commands:/home/petr/ros2_ws/install/image_stream/lib/python3.11/site-packages:${PYTHONPATH} _=/usr/bin/env /usr/bin/python -W ignore:setup.py install is deprecated -W ignore:easy_install command is deprecated setup.py egg_info --egg-base ../../build/image_stream build --build-base /home/petr/ros2_ws/build/image_stream/build install --record /home/petr/ros2_ws/build/image_stream/install.log --single-version-externally-managed install_data
[3.645s] running egg_info
[3.646s] writing ../../build/image_stream/image_stream.egg-info/PKG-INFO
[3.646s] writing dependency_links to ../../build/image_stream/image_stream.egg-info/dependency_links.txt
[3.647s] writing entry points to ../../build/image_stream/image_stream.egg-info/entry_points.txt
[3.648s] writing requirements to ../../build/image_stream/image_stream.egg-info/requires.txt
[3.648s] writing top-level names to ../../build/image_stream/image_stream.egg-info/top_level.txt
[3.652s] reading manifest file '../../build/image_stream/image_stream.egg-info/SOURCES.txt'
[3.653s] writing manifest file '../../build/image_stream/image_stream.egg-info/SOURCES.txt'
[3.653s] running build
[3.653s] running build_py
[3.654s] running install
[3.654s] running install_lib
[3.661s] running install_data
[3.661s] running install_egg_info
[3.669s] removing '/home/petr/ros2_ws/install/image_stream/lib/python3.11/site-packages/image_stream-0.0.0-py3.11.egg-info' (and everything under it)
[3.669s] Copying ../../build/image_stream/image_stream.egg-info to /home/petr/ros2_ws/install/image_stream/lib/python3.11/site-packages/image_stream-0.0.0-py3.11.egg-info
[3.673s] running install_scripts
[3.764s] Installing read_image script to /home/petr/ros2_ws/install/image_stream/lib/image_stream
[3.766s] Installing send_image script to /home/petr/ros2_ws/install/image_stream/lib/image_stream
[3.767s] writing list of installed files to '/home/petr/ros2_ws/build/image_stream/install.log'
[3.836s] Invoked command in '/home/petr/ros2_ws/src/image_stream' returned '0': DEBUGINFOD_URLS=https://debuginfod.archlinux.org PYTHONPATH=/home/petr/ros2_ws/build/image_stream/prefix_override:/home/petr/.local/lib/python3.11/site-packages/colcon_core/task/python/colcon_distutils_commands:/home/petr/ros2_ws/install/image_stream/lib/python3.11/site-packages:${PYTHONPATH} _=/usr/bin/env /usr/bin/python -W ignore:setup.py install is deprecated -W ignore:easy_install command is deprecated setup.py egg_info --egg-base ../../build/image_stream build --build-base /home/petr/ros2_ws/build/image_stream/build install --record /home/petr/ros2_ws/build/image_stream/install.log --single-version-externally-managed install_data
