running egg_info
creating ../../build/web_joystick/web_joystick.egg-info
writing ../../build/web_joystick/web_joystick.egg-info/PKG-INFO
writing dependency_links to ../../build/web_joystick/web_joystick.egg-info/dependency_links.txt
writing entry points to ../../build/web_joystick/web_joystick.egg-info/entry_points.txt
writing requirements to ../../build/web_joystick/web_joystick.egg-info/requires.txt
writing top-level names to ../../build/web_joystick/web_joystick.egg-info/top_level.txt
writing manifest file '../../build/web_joystick/web_joystick.egg-info/SOURCES.txt'
reading manifest file '../../build/web_joystick/web_joystick.egg-info/SOURCES.txt'
writing manifest file '../../build/web_joystick/web_joystick.egg-info/SOURCES.txt'
running build
running build_py
creating /home/petr/ros2_ws/build/web_joystick/build
creating /home/petr/ros2_ws/build/web_joystick/build/lib
creating /home/petr/ros2_ws/build/web_joystick/build/lib/web_joystick
copying web_joystick/__init__.py -> /home/petr/ros2_ws/build/web_joystick/build/lib/web_joystick
copying web_joystick/web_joystick.py -> /home/petr/ros2_ws/build/web_joystick/build/lib/web_joystick
running install
running install_lib
creating /home/petr/ros2_ws/install/web_joystick/lib/python3.11/site-packages/web_joystick
copying /home/petr/ros2_ws/build/web_joystick/build/lib/web_joystick/__init__.py -> /home/petr/ros2_ws/install/web_joystick/lib/python3.11/site-packages/web_joystick
copying /home/petr/ros2_ws/build/web_joystick/build/lib/web_joystick/web_joystick.py -> /home/petr/ros2_ws/install/web_joystick/lib/python3.11/site-packages/web_joystick
byte-compiling /home/petr/ros2_ws/install/web_joystick/lib/python3.11/site-packages/web_joystick/__init__.py to __init__.cpython-311.pyc
byte-compiling /home/petr/ros2_ws/install/web_joystick/lib/python3.11/site-packages/web_joystick/web_joystick.py to web_joystick.cpython-311.pyc
running install_data
creating /home/petr/ros2_ws/install/web_joystick/share/ament_index
creating /home/petr/ros2_ws/install/web_joystick/share/ament_index/resource_index
creating /home/petr/ros2_ws/install/web_joystick/share/ament_index/resource_index/packages
copying resource/web_joystick -> /home/petr/ros2_ws/install/web_joystick/share/ament_index/resource_index/packages
copying package.xml -> /home/petr/ros2_ws/install/web_joystick/share/web_joystick
running install_egg_info
Copying ../../build/web_joystick/web_joystick.egg-info to /home/petr/ros2_ws/install/web_joystick/lib/python3.11/site-packages/web_joystick-0.0.0-py3.11.egg-info
running install_scripts
Installing web script to /home/petr/ros2_ws/install/web_joystick/lib/web_joystick
writing list of installed files to '/home/petr/ros2_ws/build/web_joystick/install.log'
