[7.101s] Invoking command in '/mnt/ros2_ws/src/image_stream': DEBUGINFOD_URLS=https://debuginfod.archlinux.org PYTHONPATH=/mnt/ros2_ws/build/image_stream/prefix_override:/home/petr/.local/lib/python3.11/site-packages/colcon_core/task/python/colcon_distutils_commands:/mnt/ros2_ws/install/image_stream/lib/python3.11/site-packages:${PYTHONPATH} _=/usr/bin/env /usr/bin/python -W ignore:setup.py install is deprecated -W ignore:easy_install command is deprecated setup.py egg_info --egg-base ../../build/image_stream build --build-base /mnt/ros2_ws/build/image_stream/build install --record /mnt/ros2_ws/build/image_stream/install.log --single-version-externally-managed install_data
[8.068s] running egg_info
[8.069s] writing ../../build/image_stream/image_stream.egg-info/PKG-INFO
[8.074s] writing dependency_links to ../../build/image_stream/image_stream.egg-info/dependency_links.txt
[8.075s] writing entry points to ../../build/image_stream/image_stream.egg-info/entry_points.txt
[8.075s] writing requirements to ../../build/image_stream/image_stream.egg-info/requires.txt
[8.075s] writing top-level names to ../../build/image_stream/image_stream.egg-info/top_level.txt
[8.079s] reading manifest file '../../build/image_stream/image_stream.egg-info/SOURCES.txt'
[8.090s] writing manifest file '../../build/image_stream/image_stream.egg-info/SOURCES.txt'
[8.309s] running build
[8.309s] running build_py
[8.323s] running install
[8.323s] running install_lib
[8.329s] copying /mnt/ros2_ws/build/image_stream/build/lib/image_stream/image_to_socket_node.py -> /mnt/ros2_ws/install/image_stream/lib/python3.11/site-packages/image_stream
[8.340s] byte-compiling /mnt/ros2_ws/install/image_stream/lib/python3.11/site-packages/image_stream/image_to_socket_node.py to image_to_socket_node.cpython-311.pyc
[8.343s] running install_data
[8.357s] running install_egg_info
[8.364s] removing '/mnt/ros2_ws/install/image_stream/lib/python3.11/site-packages/image_stream-0.0.0-py3.11.egg-info' (and everything under it)
[8.364s] Copying ../../build/image_stream/image_stream.egg-info to /mnt/ros2_ws/install/image_stream/lib/python3.11/site-packages/image_stream-0.0.0-py3.11.egg-info
[8.370s] running install_scripts
[8.455s] Installing read_image script to /mnt/ros2_ws/install/image_stream/lib/image_stream
[8.457s] Installing send_image script to /mnt/ros2_ws/install/image_stream/lib/image_stream
[8.457s] writing list of installed files to '/mnt/ros2_ws/build/image_stream/install.log'
[8.573s] Invoked command in '/mnt/ros2_ws/src/image_stream' returned '0': DEBUGINFOD_URLS=https://debuginfod.archlinux.org PYTHONPATH=/mnt/ros2_ws/build/image_stream/prefix_override:/home/petr/.local/lib/python3.11/site-packages/colcon_core/task/python/colcon_distutils_commands:/mnt/ros2_ws/install/image_stream/lib/python3.11/site-packages:${PYTHONPATH} _=/usr/bin/env /usr/bin/python -W ignore:setup.py install is deprecated -W ignore:easy_install command is deprecated setup.py egg_info --egg-base ../../build/image_stream build --build-base /mnt/ros2_ws/build/image_stream/build install --record /mnt/ros2_ws/build/image_stream/install.log --single-version-externally-managed install_data
