[2.665s] Invoking command in '/mnt/ros2_ws/src/image_stream': DEBUGINFOD_URLS=https://debuginfod.archlinux.org PYTHONPATH=/mnt/ros2_ws/build/image_stream/prefix_override:/home/petr/.local/lib/python3.11/site-packages/colcon_core/task/python/colcon_distutils_commands:/mnt/ros2_ws/install/image_stream/lib/python3.11/site-packages:${PYTHONPATH} _=/usr/bin/env /usr/bin/python -W ignore:setup.py install is deprecated -W ignore:easy_install command is deprecated setup.py egg_info --egg-base ../../build/image_stream build --build-base /mnt/ros2_ws/build/image_stream/build install --record /mnt/ros2_ws/build/image_stream/install.log --single-version-externally-managed install_data
[3.665s] running egg_info
[3.666s] writing ../../build/image_stream/image_stream.egg-info/PKG-INFO
[3.666s] writing dependency_links to ../../build/image_stream/image_stream.egg-info/dependency_links.txt
[3.667s] writing entry points to ../../build/image_stream/image_stream.egg-info/entry_points.txt
[3.667s] writing requirements to ../../build/image_stream/image_stream.egg-info/requires.txt
[3.668s] writing top-level names to ../../build/image_stream/image_stream.egg-info/top_level.txt
[3.670s] reading manifest file '../../build/image_stream/image_stream.egg-info/SOURCES.txt'
[3.676s] writing manifest file '../../build/image_stream/image_stream.egg-info/SOURCES.txt'
[3.676s] running build
[3.676s] running build_py
[3.677s] copying image_stream/image_to_socket_node.py -> /mnt/ros2_ws/build/image_stream/build/lib/image_stream
[3.677s] running install
[3.678s] running install_lib
[3.681s] copying /mnt/ros2_ws/build/image_stream/build/lib/image_stream/image_to_socket_node.py -> /mnt/ros2_ws/install/image_stream/lib/python3.11/site-packages/image_stream
[3.686s] byte-compiling /mnt/ros2_ws/install/image_stream/lib/python3.11/site-packages/image_stream/image_to_socket_node.py to image_to_socket_node.cpython-311.pyc
[3.690s] running install_data
[3.690s] running install_egg_info
[3.698s] removing '/mnt/ros2_ws/install/image_stream/lib/python3.11/site-packages/image_stream-0.0.0-py3.11.egg-info' (and everything under it)
[3.698s] Copying ../../build/image_stream/image_stream.egg-info to /mnt/ros2_ws/install/image_stream/lib/python3.11/site-packages/image_stream-0.0.0-py3.11.egg-info
[3.701s] running install_scripts
[3.788s] Installing read_image script to /mnt/ros2_ws/install/image_stream/lib/image_stream
[3.789s] Installing send_image script to /mnt/ros2_ws/install/image_stream/lib/image_stream
[3.792s] writing list of installed files to '/mnt/ros2_ws/build/image_stream/install.log'
[3.866s] Invoked command in '/mnt/ros2_ws/src/image_stream' returned '0': DEBUGINFOD_URLS=https://debuginfod.archlinux.org PYTHONPATH=/mnt/ros2_ws/build/image_stream/prefix_override:/home/petr/.local/lib/python3.11/site-packages/colcon_core/task/python/colcon_distutils_commands:/mnt/ros2_ws/install/image_stream/lib/python3.11/site-packages:${PYTHONPATH} _=/usr/bin/env /usr/bin/python -W ignore:setup.py install is deprecated -W ignore:easy_install command is deprecated setup.py egg_info --egg-base ../../build/image_stream build --build-base /mnt/ros2_ws/build/image_stream/build install --record /mnt/ros2_ws/build/image_stream/install.log --single-version-externally-managed install_data
